Log file open, 07/09/20 15:05:14
LogInit: Display: Running engine for game: TCTD
LogPlatformFile: Not using cached read wrapper
LogTaskGraph: Started task graph with 5 named threads and 14 total threads with 3 sets of task threads.
LogStats: Stats thread started at 1.763163
LogD3D11RHI: Loaded GFSDK_Aftermath_Lib.x64.dll
LogICUInternationalization: ICU TimeZone Detection - Raw Offset: -5:00, Platform Override: ''
LogPluginManager: Mounting plugin Paper2D
LogPluginManager: Mounting plugin AISupport
LogPluginManager: Mounting plugin LightPropagationVolume
LogPluginManager: Mounting plugin CameraShakePreviewer
LogPluginManager: Mounting plugin ActorLayerUtilities
LogPluginManager: Mounting plugin AnimationSharing
LogPluginManager: Mounting plugin CLionSourceCodeAccess
LogPluginManager: Mounting plugin CodeLiteSourceCodeAccess
LogPluginManager: Mounting plugin GitSourceControl
LogPluginManager: Mounting plugin KDevelopSourceCodeAccess
LogPluginManager: Mounting plugin NullSourceCodeAccess
LogPluginManager: Mounting plugin PerforceSourceControl
LogPluginManager: Mounting plugin PlasticSourceControl
LogPluginManager: Mounting plugin RiderSourceCodeAccess
LogPluginManager: Mounting plugin SubversionSourceControl
LogPluginManager: Mounting plugin UObjectPlugin
LogPluginManager: Mounting plugin VisualStudioCodeSourceCodeAccess
LogPluginManager: Mounting plugin VisualStudioSourceCodeAccess
LogPluginManager: Mounting plugin XCodeSourceCodeAccess
LogPluginManager: Mounting plugin AssetManagerEditor
LogPluginManager: Mounting plugin CryptoKeys
LogPluginManager: Mounting plugin CurveEditorTools
LogPluginManager: Mounting plugin DataValidation
LogPluginManager: Mounting plugin EditorScriptingUtilities
LogPluginManager: Mounting plugin FacialAnimation
LogPluginManager: Mounting plugin GameplayTagsEditor
LogPluginManager: Mounting plugin GeometryMode
LogPluginManager: Mounting plugin MacGraphicsSwitching
LogPluginManager: Mounting plugin MaterialAnalyzer
LogPluginManager: Mounting plugin MobileLauncherProfileWizard
LogPluginManager: Mounting plugin PluginBrowser
LogPluginManager: Mounting plugin SpeedTreeImporter
LogPluginManager: Mounting plugin DatasmithContent
LogPluginManager: Mounting plugin VariantManagerContent
LogPluginManager: Mounting plugin AlembicImporter
LogPluginManager: Mounting plugin AutomationUtils
LogPluginManager: Mounting plugin BackChannel
LogPluginManager: Mounting plugin ChaosCloth
LogPluginManager: Mounting plugin ChaosClothEditor
LogPluginManager: Mounting plugin ChaosEditor
LogPluginManager: Mounting plugin ChaosNiagara
LogPluginManager: Mounting plugin ChaosSolverPlugin
LogPluginManager: Mounting plugin CharacterAI
LogPluginManager: Mounting plugin GeometryCache
LogPluginManager: Mounting plugin GeometryCollectionPlugin
LogPluginManager: Mounting plugin GeometryProcessing
LogPluginManager: Mounting plugin PlanarCut
LogPluginManager: Mounting plugin PlatformCrypto
LogPluginManager: Mounting plugin ProxyLODPlugin
LogPluginManager: Mounting plugin SkeletalReduction
LogPluginManager: Mounting plugin Niagara
LogPluginManager: Mounting plugin MagicLeap
LogPluginManager: Mounting plugin MagicLeapLightEstimation
LogPluginManager: Mounting plugin MagicLeapMedia
LogPluginManager: Mounting plugin MagicLeapPassableWorld
LogPluginManager: Mounting plugin MLSDK
LogPluginManager: Mounting plugin AndroidMedia
LogPluginManager: Mounting plugin AvfMedia
LogPluginManager: Mounting plugin ImgMedia
LogPluginManager: Mounting plugin MediaCompositing
LogPluginManager: Mounting plugin MediaPlayerEditor
LogPluginManager: Mounting plugin WebMMedia
LogPluginManager: Mounting plugin WmfMedia
LogPluginManager: Mounting plugin MeshPainting
LogPluginManager: Mounting plugin TcpMessaging
LogPluginManager: Mounting plugin UdpMessaging
LogPluginManager: Mounting plugin ActorSequence
LogPluginManager: Mounting plugin LevelSequenceEditor
LogPluginManager: Mounting plugin MatineeToLevelSequence
LogPluginManager: Mounting plugin MovieRenderPipeline
LogPluginManager: Mounting plugin TemplateSequence
LogPluginManager: Mounting plugin NetcodeUnitTest
LogPluginManager: Mounting plugin NUTUnrealEngine4
LogPluginManager: Mounting plugin OnlineSubsystemGooglePlay
LogPluginManager: Mounting plugin OnlineSubsystemIOS
LogPluginManager: Mounting plugin OnlineSubsystem
LogPluginManager: Mounting plugin OnlineSubsystemNull
LogPluginManager: Mounting plugin OnlineSubsystemUtils
LogPluginManager: Mounting plugin LauncherChunkInstaller
LogPluginManager: Mounting plugin AndroidDeviceProfileSelector
LogPluginManager: Mounting plugin AndroidMoviePlayer
LogPluginManager: Mounting plugin AndroidPermission
LogPluginManager: Mounting plugin AppleImageUtils
LogPluginManager: Mounting plugin AppleMoviePlayer
LogPluginManager: Mounting plugin ArchVisCharacter
LogPluginManager: Mounting plugin AssetTags
LogPluginManager: Mounting plugin AudioCapture
LogPluginManager: Mounting plugin CableComponent
LogPluginManager: Mounting plugin CustomMeshComponent
LogPluginManager: Mounting plugin EditableMesh
LogPluginManager: Mounting plugin ExampleDeviceProfileSelector
LogPluginManager: Mounting plugin GoogleCloudMessaging
LogPluginManager: Mounting plugin GooglePAD
LogPluginManager: Mounting plugin IOSDeviceProfileSelector
LogPluginManager: Mounting plugin LinuxDeviceProfileSelector
LogPluginManager: Mounting plugin LocationServicesBPLibrary
LogPluginManager: Mounting plugin MobilePatchingUtils
LogPluginManager: Mounting plugin OculusVR
LogPluginManager: Mounting plugin PhysXVehicles
LogPluginManager: Mounting plugin PostSplashScreen
LogPluginManager: Mounting plugin ProceduralMeshComponent
LogPluginManager: Mounting plugin RuntimePhysXCooking
LogPluginManager: Mounting plugin SignificanceManager
LogPluginManager: Mounting plugin SoundFields
LogPluginManager: Mounting plugin SteamVR
LogPluginManager: Mounting plugin Synthesis
LogPluginManager: Mounting plugin WebMMoviePlayer
LogPluginManager: Mounting plugin WindowsMoviePlayer
LogPluginManager: Mounting plugin ScreenshotTools
LogPluginManager: Mounting plugin RiderLink
LogInit: Using libcurl 7.55.1-DEV
LogInit:  - built for x86_64-pc-win32
LogInit:  - supports SSL with OpenSSL/1.1.1
LogInit:  - supports HTTP deflate (compression) using libz 1.2.8
LogInit:  - other features:
LogInit:      CURL_VERSION_SSL
LogInit:      CURL_VERSION_LIBZ
LogInit:      CURL_VERSION_IPV6
LogInit:      CURL_VERSION_ASYNCHDNS
LogInit:      CURL_VERSION_LARGEFILE
LogInit:      CURL_VERSION_IDN
LogInit:  CurlRequestOptions (configurable via config and command line):
LogInit:  - bVerifyPeer = true  - Libcurl will verify peer certificate
LogInit:  - bUseHttpProxy = false  - Libcurl will NOT use HTTP proxy
LogInit:  - bDontReuseConnections = false  - Libcurl will reuse connections
LogInit:  - MaxHostConnections = 16  - Libcurl will limit the number of connections to a host
LogInit:  - LocalHostAddr = Default
LogInit:  - BufferSize = 65536
LogOnline: OSS: Creating online subsystem instance for: NULL
LogInit: WinSock: version 1.1 (2.2), MaxSocks=32767, MaxUdp=65467
LogOnline: OSS: TryLoadSubsystemAndSetDefault: Loaded subsystem for module [NULL]
LogInit: Build: ++UE4+Release-4.25-CL-13594126
LogInit: Engine Version: 4.25.1-13594126+++UE4+Release-4.25
LogInit: Compatible Engine Version: 4.25.0-13144385+++UE4+Release-4.25
LogInit: Net CL: 13144385
LogInit: OS: Windows 10 (Release 1903) (), CPU: AMD Ryzen 3 2200G with Radeon Vega Graphics    , GPU: NVIDIA GeForce GTX 1660 Ti
LogInit: Compiled (64-bit): Jun  2 2020 02:10:36
LogInit: Compiled with Visual C++: 19.24.28315.00
LogInit: Build Configuration: Development
LogInit: Branch Name: ++UE4+Release-4.25
LogInit: Command Line: 
LogInit: Base Directory: F:/UE_4.25/Engine/Binaries/Win64/
LogInit: Allocator: TBB
LogInit: Installed Engine Build: 1
LogDevObjectVersion: Number of dev versions registered: 26
LogDevObjectVersion:   Dev-Blueprints (B0D832E4-1F89-4F0D-ACCF-7EB736FD4AA2): 10
LogDevObjectVersion:   Dev-Build (E1C64328-A22C-4D53-A36C-8E866417BD8C): 0
LogDevObjectVersion:   Dev-Core (375EC13C-06E4-48FB-B500-84F0262A717E): 4
LogDevObjectVersion:   Dev-Editor (E4B068ED-F494-42E9-A231-DA0B2E46BB41): 38
LogDevObjectVersion:   Dev-Framework (CFFC743F-43B0-4480-9391-14DF171D2073): 37
LogDevObjectVersion:   Dev-Mobile (B02B49B5-BB20-44E9-A304-32B752E40360): 2
LogDevObjectVersion:   Dev-Networking (A4E4105C-59A1-49B5-A7C5-40C4547EDFEE): 0
LogDevObjectVersion:   Dev-Online (39C831C9-5AE6-47DC-9A44-9C173E1C8E7C): 0
LogDevObjectVersion:   Dev-Physics (78F01B33-EBEA-4F98-B9B4-84EACCB95AA2): 4
LogDevObjectVersion:   Dev-Platform (6631380F-2D4D-43E0-8009-CF276956A95A): 0
LogDevObjectVersion:   Dev-Rendering (12F88B9F-8875-4AFC-A67C-D90C383ABD29): 43
LogDevObjectVersion:   Dev-Sequencer (7B5AE74C-D270-4C10-A958-57980B212A5A): 12
LogDevObjectVersion:   Dev-VR (D7296918-1DD6-4BDD-9DE2-64A83CC13884): 3
LogDevObjectVersion:   Dev-LoadTimes (C2A15278-BFE7-4AFE-6C17-90FF531DF755): 1
LogDevObjectVersion:   Private-Geometry (6EACA3D4-40EC-4CC1-B786-8BED09428FC5): 3
LogDevObjectVersion:   Dev-AnimPhys (29E575DD-E0A3-4627-9D10-D276232CDCEA): 17
LogDevObjectVersion:   Dev-Anim (AF43A65D-7FD3-4947-9873-3E8ED9C1BB05): 7
LogDevObjectVersion:   Dev-ReflectionCapture (6B266CEC-1EC7-4B8F-A30B-E4D90942FC07): 1
LogDevObjectVersion:   Dev-Automation (0DF73D61-A23F-47EA-B727-89E90C41499A): 1
LogDevObjectVersion:   FortniteMain (601D1886-AC64-4F84-AA16-D3DE0DEAC7D6): 31
LogDevObjectVersion:   Dev-Enterprise (9DFFBCD6-494F-0158-E221-12823C92A888): 10
LogDevObjectVersion:   Dev-Niagara (F2AED0AC-9AFE-416F-8664-AA7FFA26D6FC): 1
LogDevObjectVersion:   Dev-Destruction (174F1F0B-B4C6-45A5-B13F-2EE8D0FB917D): 10
LogDevObjectVersion:   Dev-Physics-Ext (35F94A83-E258-406C-A318-09F59610247C): 37
LogDevObjectVersion:   Dev-PhysicsMaterial-Chaos (B68FC16E-8B1B-42E2-B453-215C058844FE): 1
LogDevObjectVersion:   Dev-CineCamera (B2E18506-4273-CFC2-A54E-F4BB758BBA07): 1
LogInit: Presizing for max 25165824 objects, including 0 objects not considered by GC, pre-allocating 0 bytes for permanent pool.
LogConfig: Applying CVar settings from Section [/Script/Engine.StreamingSettings] File [F:/TCTD/TCTD/Saved/Config/Windows/Engine.ini]
LogConfig: Setting CVar [[s.MinBulkDataSizeForAsyncLoading:131072]]
LogConfig: Setting CVar [[s.AsyncLoadingThreadEnabled:0]]
LogConfig: Setting CVar [[s.EventDrivenLoaderEnabled:1]]
LogConfig: Setting CVar [[s.WarnIfTimeLimitExceeded:0]]
LogConfig: Setting CVar [[s.TimeLimitExceededMultiplier:1.5]]
LogConfig: Setting CVar [[s.TimeLimitExceededMinTime:0.005]]
LogConfig: Setting CVar [[s.UseBackgroundLevelStreaming:1]]
LogConfig: Setting CVar [[s.PriorityAsyncLoadingExtraTime:15.0]]
LogConfig: Setting CVar [[s.LevelStreamingActorsUpdateTimeLimit:5.0]]
LogConfig: Setting CVar [[s.PriorityLevelStreamingActorsUpdateExtraTime:5.0]]
LogConfig: Setting CVar [[s.LevelStreamingComponentsRegistrationGranularity:10]]
LogConfig: Setting CVar [[s.UnregisterComponentsTimeLimit:1.0]]
LogConfig: Setting CVar [[s.LevelStreamingComponentsUnregistrationGranularity:5]]
LogConfig: Setting CVar [[s.FlushStreamingOnExit:1]]
LogInit: Object subsystem initialized
LogConfig: Setting CVar [[con.DebugEarlyDefault:1]]
LogConfig: Setting CVar [[r.setres:1280x720]]
[2020.07.09-19.05.15:353][  0]LogConfig: Setting CVar [[r.VSync:0]]
[2020.07.09-19.05.15:353][  0]LogConfig: Setting CVar [[r.RHICmdBypass:0]]
[2020.07.09-19.05.15:353][  0]LogConfig: Applying CVar settings from Section [/Script/Engine.RendererSettings] File [F:/TCTD/TCTD/Saved/Config/Windows/Engine.ini]
[2020.07.09-19.05.15:353][  0]LogConfig: Setting CVar [[r.GPUCrashDebugging:0]]
[2020.07.09-19.05.15:353][  0]LogConfig: Applying CVar settings from Section [/Script/Engine.RendererOverrideSettings] File [F:/TCTD/TCTD/Saved/Config/Windows/Engine.ini]
[2020.07.09-19.05.15:353][  0]LogConfig: Applying CVar settings from Section [/Script/Engine.StreamingSettings] File [F:/TCTD/TCTD/Saved/Config/Windows/Engine.ini]
[2020.07.09-19.05.15:353][  0]LogConfig: Setting CVar [[s.MinBulkDataSizeForAsyncLoading:131072]]
[2020.07.09-19.05.15:353][  0]LogConfig: Setting CVar [[s.AsyncLoadingThreadEnabled:0]]
[2020.07.09-19.05.15:353][  0]LogConfig: Setting CVar [[s.EventDrivenLoaderEnabled:1]]
[2020.07.09-19.05.15:353][  0]LogConfig: Setting CVar [[s.WarnIfTimeLimitExceeded:0]]
[2020.07.09-19.05.15:353][  0]LogConfig: Setting CVar [[s.TimeLimitExceededMultiplier:1.5]]
[2020.07.09-19.05.15:353][  0]LogConfig: Setting CVar [[s.TimeLimitExceededMinTime:0.005]]
[2020.07.09-19.05.15:353][  0]LogConfig: Setting CVar [[s.UseBackgroundLevelStreaming:1]]
[2020.07.09-19.05.15:353][  0]LogConfig: Setting CVar [[s.PriorityAsyncLoadingExtraTime:15.0]]
[2020.07.09-19.05.15:353][  0]LogConfig: Setting CVar [[s.LevelStreamingActorsUpdateTimeLimit:5.0]]
[2020.07.09-19.05.15:353][  0]LogConfig: Setting CVar [[s.PriorityLevelStreamingActorsUpdateExtraTime:5.0]]
[2020.07.09-19.05.15:353][  0]LogConfig: Setting CVar [[s.LevelStreamingComponentsRegistrationGranularity:10]]
[2020.07.09-19.05.15:353][  0]LogConfig: Setting CVar [[s.UnregisterComponentsTimeLimit:1.0]]
[2020.07.09-19.05.15:353][  0]LogConfig: Setting CVar [[s.LevelStreamingComponentsUnregistrationGranularity:5]]
[2020.07.09-19.05.15:353][  0]LogConfig: Setting CVar [[s.FlushStreamingOnExit:1]]
[2020.07.09-19.05.15:353][  0]LogConfig: Applying CVar settings from Section [/Script/Engine.GarbageCollectionSettings] File [F:/TCTD/TCTD/Saved/Config/Windows/Engine.ini]
[2020.07.09-19.05.15:353][  0]LogConfig: Setting CVar [[gc.MaxObjectsNotConsideredByGC:1]]
[2020.07.09-19.05.15:353][  0]LogConfig: Setting CVar [[gc.SizeOfPermanentObjectPool:0]]
[2020.07.09-19.05.15:353][  0]LogConfig: Setting CVar [[gc.FlushStreamingOnGC:0]]
[2020.07.09-19.05.15:353][  0]LogConfig: Setting CVar [[gc.NumRetriesBeforeForcingGC:10]]
[2020.07.09-19.05.15:353][  0]LogConfig: Setting CVar [[gc.AllowParallelGC:1]]
[2020.07.09-19.05.15:353][  0]LogConfig: Setting CVar [[gc.TimeBetweenPurgingPendingKillObjects:61.1]]
[2020.07.09-19.05.15:353][  0]LogConfig: Setting CVar [[gc.MaxObjectsInEditor:25165824]]
[2020.07.09-19.05.15:353][  0]LogConfig: Setting CVar [[gc.IncrementalBeginDestroyEnabled:1]]
[2020.07.09-19.05.15:353][  0]LogConfig: Setting CVar [[gc.CreateGCClusters:1]]
[2020.07.09-19.05.15:353][  0]LogConfig: Setting CVar [[gc.MinGCClusterSize:5]]
[2020.07.09-19.05.15:353][  0]LogConfig: Setting CVar [[gc.ActorClusteringEnabled:0]]
[2020.07.09-19.05.15:353][  0]LogConfig: Setting CVar [[gc.BlueprintClusteringEnabled:0]]
[2020.07.09-19.05.15:353][  0]LogConfig: Setting CVar [[gc.UseDisregardForGCOnDedicatedServers:0]]
[2020.07.09-19.05.15:353][  0]LogConfig: Applying CVar settings from Section [/Script/Engine.NetworkSettings] File [F:/TCTD/TCTD/Saved/Config/Windows/Engine.ini]
[2020.07.09-19.05.15:354][  0]LogConfig: Applying CVar settings from Section [/Script/UnrealEd.CookerSettings] File [F:/TCTD/TCTD/Saved/Config/Windows/Engine.ini]
[2020.07.09-19.05.15:360][  0]LogConfig: Applying CVar settings from Section [ViewDistanceQuality@3] File [F:/TCTD/TCTD/Saved/Config/Windows/Scalability.ini]
[2020.07.09-19.05.15:361][  0]LogConfig: Setting CVar [[r.SkeletalMeshLODBias:0]]
[2020.07.09-19.05.15:361][  0]LogConfig: Setting CVar [[r.ViewDistanceScale:1.0]]
[2020.07.09-19.05.15:361][  0]LogConfig: Applying CVar settings from Section [AntiAliasingQuality@3] File [F:/TCTD/TCTD/Saved/Config/Windows/Scalability.ini]
[2020.07.09-19.05.15:361][  0]LogConfig: Setting CVar [[r.PostProcessAAQuality:4]]
[2020.07.09-19.05.15:361][  0]LogConfig: Applying CVar settings from Section [ShadowQuality@3] File [F:/TCTD/TCTD/Saved/Config/Windows/Scalability.ini]
[2020.07.09-19.05.15:361][  0]LogConfig: Setting CVar [[r.LightFunctionQuality:1]]
[2020.07.09-19.05.15:361][  0]LogConfig: Setting CVar [[r.ShadowQuality:5]]
[2020.07.09-19.05.15:361][  0]LogConfig: Setting CVar [[r.Shadow.CSM.MaxCascades:10]]
[2020.07.09-19.05.15:361][  0]LogConfig: Setting CVar [[r.Shadow.MaxResolution:2048]]
[2020.07.09-19.05.15:361][  0]LogConfig: Setting CVar [[r.Shadow.MaxCSMResolution:2048]]
[2020.07.09-19.05.15:361][  0]LogConfig: Setting CVar [[r.Shadow.RadiusThreshold:0.01]]
[2020.07.09-19.05.15:361][  0]LogConfig: Setting CVar [[r.Shadow.DistanceScale:1.0]]
[2020.07.09-19.05.15:361][  0]LogConfig: Setting CVar [[r.Shadow.CSM.TransitionScale:1.0]]
[2020.07.09-19.05.15:361][  0]LogConfig: Setting CVar [[r.Shadow.PreShadowResolutionFactor:1.0]]
[2020.07.09-19.05.15:361][  0]LogConfig: Setting CVar [[r.DistanceFieldShadowing:1]]
[2020.07.09-19.05.15:361][  0]LogConfig: Setting CVar [[r.DistanceFieldAO:1]]
[2020.07.09-19.05.15:361][  0]LogConfig: Setting CVar [[r.AOQuality:2]]
[2020.07.09-19.05.15:361][  0]LogConfig: Setting CVar [[r.VolumetricFog:1]]
[2020.07.09-19.05.15:361][  0]LogConfig: Setting CVar [[r.VolumetricFog.GridPixelSize:8]]
[2020.07.09-19.05.15:361][  0]LogConfig: Setting CVar [[r.VolumetricFog.GridSizeZ:128]]
[2020.07.09-19.05.15:361][  0]LogConfig: Setting CVar [[r.VolumetricFog.HistoryMissSupersampleCount:4]]
[2020.07.09-19.05.15:361][  0]LogConfig: Setting CVar [[r.LightMaxDrawDistanceScale:1]]
[2020.07.09-19.05.15:361][  0]LogConfig: Setting CVar [[r.CapsuleShadows:1]]
[2020.07.09-19.05.15:361][  0]LogConfig: Applying CVar settings from Section [PostProcessQuality@3] File [F:/TCTD/TCTD/Saved/Config/Windows/Scalability.ini]
[2020.07.09-19.05.15:361][  0]LogConfig: Setting CVar [[r.MotionBlurQuality:4]]
[2020.07.09-19.05.15:361][  0]LogConfig: Setting CVar [[r.AmbientOcclusionMipLevelFactor:0.4]]
[2020.07.09-19.05.15:361][  0]LogConfig: Setting CVar [[r.AmbientOcclusionMaxQuality:100]]
[2020.07.09-19.05.15:361][  0]LogConfig: Setting CVar [[r.AmbientOcclusionLevels:-1]]
[2020.07.09-19.05.15:361][  0]LogConfig: Setting CVar [[r.AmbientOcclusionRadiusScale:1.0]]
[2020.07.09-19.05.15:361][  0]LogConfig: Setting CVar [[r.DepthOfFieldQuality:2]]
[2020.07.09-19.05.15:361][  0]LogConfig: Setting CVar [[r.RenderTargetPoolMin:400]]
[2020.07.09-19.05.15:361][  0]LogConfig: Setting CVar [[r.LensFlareQuality:2]]
[2020.07.09-19.05.15:361][  0]LogConfig: Setting CVar [[r.SceneColorFringeQuality:1]]
[2020.07.09-19.05.15:361][  0]LogConfig: Setting CVar [[r.EyeAdaptationQuality:2]]
[2020.07.09-19.05.15:361][  0]LogConfig: Setting CVar [[r.BloomQuality:5]]
[2020.07.09-19.05.15:361][  0]LogConfig: Setting CVar [[r.FastBlurThreshold:100]]
[2020.07.09-19.05.15:361][  0]LogConfig: Setting CVar [[r.Upscale.Quality:3]]
[2020.07.09-19.05.15:361][  0]LogConfig: Setting CVar [[r.Tonemapper.GrainQuantization:1]]
[2020.07.09-19.05.15:361][  0]LogConfig: Setting CVar [[r.LightShaftQuality:1]]
[2020.07.09-19.05.15:361][  0]LogConfig: Setting CVar [[r.Filter.SizeScale:1]]
[2020.07.09-19.05.15:361][  0]LogConfig: Setting CVar [[r.Tonemapper.Quality:5]]
[2020.07.09-19.05.15:361][  0]LogConfig: Setting CVar [[r.DOF.Gather.AccumulatorQuality:1        ; higher gathering accumulator quality]]
[2020.07.09-19.05.15:361][  0]LogConfig: Setting CVar [[r.DOF.Gather.PostfilterMethod:1          ; Median3x3 postfilering method]]
[2020.07.09-19.05.15:361][  0]LogConfig: Setting CVar [[r.DOF.Gather.EnableBokehSettings:0       ; no bokeh simulation when gathering]]
[2020.07.09-19.05.15:361][  0]LogConfig: Setting CVar [[r.DOF.Gather.RingCount:4                 ; medium number of samples when gathering]]
[2020.07.09-19.05.15:361][  0]LogConfig: Setting CVar [[r.DOF.Scatter.ForegroundCompositing:1    ; additive foreground scattering]]
[2020.07.09-19.05.15:361][  0]LogConfig: Setting CVar [[r.DOF.Scatter.BackgroundCompositing:2    ; additive background scattering]]
[2020.07.09-19.05.15:361][  0]LogConfig: Setting CVar [[r.DOF.Scatter.EnableBokehSettings:1      ; bokeh simulation when scattering]]
[2020.07.09-19.05.15:362][  0]LogConfig: Setting CVar [[r.DOF.Scatter.MaxSpriteRatio:0.1         ; only a maximum of 10% of scattered bokeh]]
[2020.07.09-19.05.15:362][  0]LogConfig: Setting CVar [[r.DOF.Recombine.Quality:1                ; cheap slight out of focus]]
[2020.07.09-19.05.15:362][  0]LogConfig: Setting CVar [[r.DOF.Recombine.EnableBokehSettings:0    ; no bokeh simulation on slight out of focus]]
[2020.07.09-19.05.15:362][  0]LogConfig: Setting CVar [[r.DOF.TemporalAAQuality:1                ; more stable temporal accumulation]]
[2020.07.09-19.05.15:362][  0]LogConfig: Setting CVar [[r.DOF.Kernel.MaxForegroundRadius:0.025]]
[2020.07.09-19.05.15:362][  0]LogConfig: Setting CVar [[r.DOF.Kernel.MaxBackgroundRadius:0.025]]
[2020.07.09-19.05.15:362][  0]LogConfig: Applying CVar settings from Section [TextureQuality@3] File [F:/TCTD/TCTD/Saved/Config/Windows/Scalability.ini]
[2020.07.09-19.05.15:362][  0]LogConfig: Setting CVar [[r.Streaming.MipBias:0]]
[2020.07.09-19.05.15:362][  0]LogConfig: Setting CVar [[r.Streaming.AmortizeCPUToGPUCopy:0]]
[2020.07.09-19.05.15:362][  0]LogConfig: Setting CVar [[r.Streaming.MaxNumTexturesToStreamPerFrame:0]]
[2020.07.09-19.05.15:362][  0]LogConfig: Setting CVar [[r.Streaming.Boost:1]]
[2020.07.09-19.05.15:362][  0]LogConfig: Setting CVar [[r.MaxAnisotropy:8]]
[2020.07.09-19.05.15:362][  0]LogConfig: Setting CVar [[r.VT.MaxAnisotropy:8]]
[2020.07.09-19.05.15:362][  0]LogConfig: Setting CVar [[r.Streaming.LimitPoolSizeToVRAM:0]]
[2020.07.09-19.05.15:362][  0]LogConfig: Setting CVar [[r.Streaming.PoolSize:1000]]
[2020.07.09-19.05.15:362][  0]LogConfig: Setting CVar [[r.Streaming.MaxEffectiveScreenSize:0]]
[2020.07.09-19.05.15:362][  0]LogConfig: Applying CVar settings from Section [EffectsQuality@3] File [F:/TCTD/TCTD/Saved/Config/Windows/Scalability.ini]
[2020.07.09-19.05.15:362][  0]LogConfig: Setting CVar [[r.TranslucencyLightingVolumeDim:64]]
[2020.07.09-19.05.15:362][  0]LogConfig: Setting CVar [[r.RefractionQuality:2]]
[2020.07.09-19.05.15:362][  0]LogConfig: Setting CVar [[r.SSR.Quality:3]]
[2020.07.09-19.05.15:362][  0]LogConfig: Setting CVar [[r.SSR.HalfResSceneColor:0]]
[2020.07.09-19.05.15:362][  0]LogConfig: Setting CVar [[r.SceneColorFormat:4]]
[2020.07.09-19.05.15:362][  0]LogConfig: Setting CVar [[r.DetailMode:2]]
[2020.07.09-19.05.15:362][  0]LogConfig: Setting CVar [[r.TranslucencyVolumeBlur:1]]
[2020.07.09-19.05.15:362][  0]LogConfig: Setting CVar [[r.MaterialQualityLevel:1 ; High quality]]
[2020.07.09-19.05.15:362][  0]LogConfig: Setting CVar [[r.SSS.Scale:1]]
[2020.07.09-19.05.15:362][  0]LogConfig: Setting CVar [[r.SSS.SampleSet:2]]
[2020.07.09-19.05.15:362][  0]LogConfig: Setting CVar [[r.SSS.Quality:1]]
[2020.07.09-19.05.15:362][  0]LogConfig: Setting CVar [[r.SSS.HalfRes:0]]
[2020.07.09-19.05.15:362][  0]LogConfig: Setting CVar [[r.SSGI.Quality:3]]
[2020.07.09-19.05.15:362][  0]LogConfig: Setting CVar [[r.EmitterSpawnRateScale:1.0]]
[2020.07.09-19.05.15:362][  0]LogConfig: Setting CVar [[r.ParticleLightQuality:2]]
[2020.07.09-19.05.15:362][  0]LogConfig: Setting CVar [[r.SkyAtmosphere.AerialPerspectiveLUT.FastApplyOnOpaque:1 ; Always have FastSkyLUT 1 in this case to avoid wrong sky]]
[2020.07.09-19.05.15:362][  0]LogConfig: Setting CVar [[r.SkyAtmosphere.AerialPerspectiveLUT.SampleCountPerSlice:1]]
[2020.07.09-19.05.15:362][  0]LogConfig: Setting CVar [[r.SkyAtmosphere.AerialPerspectiveLUT.DepthResolution:16.0]]
[2020.07.09-19.05.15:362][  0]LogConfig: Setting CVar [[r.SkyAtmosphere.FastSkyLUT:1]]
[2020.07.09-19.05.15:362][  0]LogConfig: Setting CVar [[r.SkyAtmosphere.FastSkyLUT.SampleCountMin:4.0]]
[2020.07.09-19.05.15:362][  0]LogConfig: Setting CVar [[r.SkyAtmosphere.FastSkyLUT.SampleCountMax:32.0]]
[2020.07.09-19.05.15:362][  0]LogConfig: Setting CVar [[r.SkyAtmosphere.SampleCountMin:4.0]]
[2020.07.09-19.05.15:362][  0]LogConfig: Setting CVar [[r.SkyAtmosphere.SampleCountMax:32.0]]
[2020.07.09-19.05.15:362][  0]LogConfig: Setting CVar [[r.SkyAtmosphere.TransmittanceLUT.UseSmallFormat:0]]
[2020.07.09-19.05.15:362][  0]LogConfig: Setting CVar [[r.SkyAtmosphere.TransmittanceLUT.SampleCount:10.0]]
[2020.07.09-19.05.15:362][  0]LogConfig: Setting CVar [[r.SkyAtmosphere.MultiScatteringLUT.SampleCount:15.0]]
[2020.07.09-19.05.15:362][  0]LogConfig: Applying CVar settings from Section [FoliageQuality@3] File [F:/TCTD/TCTD/Saved/Config/Windows/Scalability.ini]
[2020.07.09-19.05.15:362][  0]LogConfig: Setting CVar [[foliage.DensityScale:1.0]]
[2020.07.09-19.05.15:362][  0]LogConfig: Setting CVar [[grass.DensityScale:1.0]]
[2020.07.09-19.05.15:362][  0]LogConfig: Applying CVar settings from Section [ShadingQuality@3] File [F:/TCTD/TCTD/Saved/Config/Windows/Scalability.ini]
[2020.07.09-19.05.15:362][  0]LogConfig: Setting CVar [[r.HairStrands.SkyLighting.SampleCount:16]]
[2020.07.09-19.05.15:362][  0]LogConfig: Setting CVar [[r.HairStrands.SkyLighting.JitterIntegration:0]]
[2020.07.09-19.05.15:362][  0]LogConfig: Setting CVar [[r.HairStrands.SkyAO.SampleCount:16]]
[2020.07.09-19.05.15:362][  0]LogConfig: Setting CVar [[r.HairStrands.DeepShadow.SuperSampling:0]]
[2020.07.09-19.05.15:363][  0]LogConfig: Setting CVar [[r.HairStrands.VisibilityPPLL:0]]
[2020.07.09-19.05.15:363][  0]LogConfig: Setting CVar [[r.HairStrands.RasterizationScale:0.5]]
[2020.07.09-19.05.15:363][  0]LogConfig: Setting CVar [[r.HairStrands.VelocityRasterizationScale:1]]
[2020.07.09-19.05.15:363][  0]LogInit: Selected Device Profile: [Windows]
[2020.07.09-19.05.15:363][  0]LogInit: Applying CVar settings loaded from the selected device profile: [Windows]
[2020.07.09-19.05.15:363][  0]LogHAL: Display: Platform has ~ 31 GB [33225981952 / 34359738368 / 31], which maps to Larger [LargestMinGB=32, LargerMinGB=12, DefaultMinGB=8, SmallerMinGB=6, SmallestMinGB=0)
[2020.07.09-19.05.15:363][  0]LogInit: Going up to parent DeviceProfile []
[2020.07.09-19.05.15:363][  0]LogConfig: Applying CVar settings from Section [ViewDistanceQuality@3] File [F:/TCTD/TCTD/Saved/Config/Windows/Scalability.ini]
[2020.07.09-19.05.15:363][  0]LogConfig: Setting CVar [[r.SkeletalMeshLODBias:0]]
[2020.07.09-19.05.15:363][  0]LogConfig: Setting CVar [[r.ViewDistanceScale:1.0]]
[2020.07.09-19.05.15:363][  0]LogConfig: Applying CVar settings from Section [AntiAliasingQuality@3] File [F:/TCTD/TCTD/Saved/Config/Windows/Scalability.ini]
[2020.07.09-19.05.15:363][  0]LogConfig: Setting CVar [[r.PostProcessAAQuality:4]]
[2020.07.09-19.05.15:363][  0]LogConfig: Applying CVar settings from Section [ShadowQuality@3] File [F:/TCTD/TCTD/Saved/Config/Windows/Scalability.ini]
[2020.07.09-19.05.15:363][  0]LogConfig: Setting CVar [[r.LightFunctionQuality:1]]
[2020.07.09-19.05.15:363][  0]LogConfig: Setting CVar [[r.ShadowQuality:5]]
[2020.07.09-19.05.15:363][  0]LogConfig: Setting CVar [[r.Shadow.CSM.MaxCascades:10]]
[2020.07.09-19.05.15:363][  0]LogConfig: Setting CVar [[r.Shadow.MaxResolution:2048]]
[2020.07.09-19.05.15:363][  0]LogConfig: Setting CVar [[r.Shadow.MaxCSMResolution:2048]]
[2020.07.09-19.05.15:363][  0]LogConfig: Setting CVar [[r.Shadow.RadiusThreshold:0.01]]
[2020.07.09-19.05.15:363][  0]LogConfig: Setting CVar [[r.Shadow.DistanceScale:1.0]]
[2020.07.09-19.05.15:363][  0]LogConfig: Setting CVar [[r.Shadow.CSM.TransitionScale:1.0]]
[2020.07.09-19.05.15:363][  0]LogConfig: Setting CVar [[r.Shadow.PreShadowResolutionFactor:1.0]]
[2020.07.09-19.05.15:363][  0]LogConfig: Setting CVar [[r.DistanceFieldShadowing:1]]
[2020.07.09-19.05.15:363][  0]LogConfig: Setting CVar [[r.DistanceFieldAO:1]]
[2020.07.09-19.05.15:363][  0]LogConfig: Setting CVar [[r.AOQuality:2]]
[2020.07.09-19.05.15:363][  0]LogConfig: Setting CVar [[r.VolumetricFog:1]]
[2020.07.09-19.05.15:363][  0]LogConfig: Setting CVar [[r.VolumetricFog.GridPixelSize:8]]
[2020.07.09-19.05.15:363][  0]LogConfig: Setting CVar [[r.VolumetricFog.GridSizeZ:128]]
[2020.07.09-19.05.15:363][  0]LogConfig: Setting CVar [[r.VolumetricFog.HistoryMissSupersampleCount:4]]
[2020.07.09-19.05.15:363][  0]LogConfig: Setting CVar [[r.LightMaxDrawDistanceScale:1]]
[2020.07.09-19.05.15:363][  0]LogConfig: Setting CVar [[r.CapsuleShadows:1]]
[2020.07.09-19.05.15:363][  0]LogConfig: Applying CVar settings from Section [PostProcessQuality@3] File [F:/TCTD/TCTD/Saved/Config/Windows/Scalability.ini]
[2020.07.09-19.05.15:363][  0]LogConfig: Setting CVar [[r.MotionBlurQuality:4]]
[2020.07.09-19.05.15:363][  0]LogConfig: Setting CVar [[r.AmbientOcclusionMipLevelFactor:0.4]]
[2020.07.09-19.05.15:363][  0]LogConfig: Setting CVar [[r.AmbientOcclusionMaxQuality:100]]
[2020.07.09-19.05.15:363][  0]LogConfig: Setting CVar [[r.AmbientOcclusionLevels:-1]]
[2020.07.09-19.05.15:363][  0]LogConfig: Setting CVar [[r.AmbientOcclusionRadiusScale:1.0]]
[2020.07.09-19.05.15:363][  0]LogConfig: Setting CVar [[r.DepthOfFieldQuality:2]]
[2020.07.09-19.05.15:363][  0]LogConfig: Setting CVar [[r.RenderTargetPoolMin:400]]
[2020.07.09-19.05.15:363][  0]LogConfig: Setting CVar [[r.LensFlareQuality:2]]
[2020.07.09-19.05.15:363][  0]LogConfig: Setting CVar [[r.SceneColorFringeQuality:1]]
[2020.07.09-19.05.15:363][  0]LogConfig: Setting CVar [[r.EyeAdaptationQuality:2]]
[2020.07.09-19.05.15:363][  0]LogConfig: Setting CVar [[r.BloomQuality:5]]
[2020.07.09-19.05.15:363][  0]LogConfig: Setting CVar [[r.FastBlurThreshold:100]]
[2020.07.09-19.05.15:363][  0]LogConfig: Setting CVar [[r.Upscale.Quality:3]]
[2020.07.09-19.05.15:364][  0]LogConfig: Setting CVar [[r.Tonemapper.GrainQuantization:1]]
[2020.07.09-19.05.15:364][  0]LogConfig: Setting CVar [[r.LightShaftQuality:1]]
[2020.07.09-19.05.15:364][  0]LogConfig: Setting CVar [[r.Filter.SizeScale:1]]
[2020.07.09-19.05.15:364][  0]LogConfig: Setting CVar [[r.Tonemapper.Quality:5]]
[2020.07.09-19.05.15:364][  0]LogConfig: Setting CVar [[r.DOF.Gather.AccumulatorQuality:1        ; higher gathering accumulator quality]]
[2020.07.09-19.05.15:364][  0]LogConfig: Setting CVar [[r.DOF.Gather.PostfilterMethod:1          ; Median3x3 postfilering method]]
[2020.07.09-19.05.15:364][  0]LogConfig: Setting CVar [[r.DOF.Gather.EnableBokehSettings:0       ; no bokeh simulation when gathering]]
[2020.07.09-19.05.15:364][  0]LogConfig: Setting CVar [[r.DOF.Gather.RingCount:4                 ; medium number of samples when gathering]]
[2020.07.09-19.05.15:364][  0]LogConfig: Setting CVar [[r.DOF.Scatter.ForegroundCompositing:1    ; additive foreground scattering]]
[2020.07.09-19.05.15:364][  0]LogConfig: Setting CVar [[r.DOF.Scatter.BackgroundCompositing:2    ; additive background scattering]]
[2020.07.09-19.05.15:364][  0]LogConfig: Setting CVar [[r.DOF.Scatter.EnableBokehSettings:1      ; bokeh simulation when scattering]]
[2020.07.09-19.05.15:364][  0]LogConfig: Setting CVar [[r.DOF.Scatter.MaxSpriteRatio:0.1         ; only a maximum of 10% of scattered bokeh]]
[2020.07.09-19.05.15:364][  0]LogConfig: Setting CVar [[r.DOF.Recombine.Quality:1                ; cheap slight out of focus]]
[2020.07.09-19.05.15:364][  0]LogConfig: Setting CVar [[r.DOF.Recombine.EnableBokehSettings:0    ; no bokeh simulation on slight out of focus]]
[2020.07.09-19.05.15:364][  0]LogConfig: Setting CVar [[r.DOF.TemporalAAQuality:1                ; more stable temporal accumulation]]
[2020.07.09-19.05.15:364][  0]LogConfig: Setting CVar [[r.DOF.Kernel.MaxForegroundRadius:0.025]]
[2020.07.09-19.05.15:364][  0]LogConfig: Setting CVar [[r.DOF.Kernel.MaxBackgroundRadius:0.025]]
[2020.07.09-19.05.15:364][  0]LogConfig: Applying CVar settings from Section [TextureQuality@3] File [F:/TCTD/TCTD/Saved/Config/Windows/Scalability.ini]
[2020.07.09-19.05.15:364][  0]LogConfig: Setting CVar [[r.Streaming.MipBias:0]]
[2020.07.09-19.05.15:364][  0]LogConfig: Setting CVar [[r.Streaming.AmortizeCPUToGPUCopy:0]]
[2020.07.09-19.05.15:364][  0]LogConfig: Setting CVar [[r.Streaming.MaxNumTexturesToStreamPerFrame:0]]
[2020.07.09-19.05.15:364][  0]LogConfig: Setting CVar [[r.Streaming.Boost:1]]
[2020.07.09-19.05.15:364][  0]LogConfig: Setting CVar [[r.MaxAnisotropy:8]]
[2020.07.09-19.05.15:364][  0]LogConfig: Setting CVar [[r.VT.MaxAnisotropy:8]]
[2020.07.09-19.05.15:364][  0]LogConfig: Setting CVar [[r.Streaming.LimitPoolSizeToVRAM:0]]
[2020.07.09-19.05.15:364][  0]LogConfig: Setting CVar [[r.Streaming.PoolSize:1000]]
[2020.07.09-19.05.15:364][  0]LogConfig: Setting CVar [[r.Streaming.MaxEffectiveScreenSize:0]]
[2020.07.09-19.05.15:364][  0]LogConfig: Applying CVar settings from Section [EffectsQuality@3] File [F:/TCTD/TCTD/Saved/Config/Windows/Scalability.ini]
[2020.07.09-19.05.15:364][  0]LogConfig: Setting CVar [[r.TranslucencyLightingVolumeDim:64]]
[2020.07.09-19.05.15:364][  0]LogConfig: Setting CVar [[r.RefractionQuality:2]]
[2020.07.09-19.05.15:364][  0]LogConfig: Setting CVar [[r.SSR.Quality:3]]
[2020.07.09-19.05.15:364][  0]LogConfig: Setting CVar [[r.SSR.HalfResSceneColor:0]]
[2020.07.09-19.05.15:364][  0]LogConfig: Setting CVar [[r.SceneColorFormat:4]]
[2020.07.09-19.05.15:364][  0]LogConfig: Setting CVar [[r.DetailMode:2]]
[2020.07.09-19.05.15:364][  0]LogConfig: Setting CVar [[r.TranslucencyVolumeBlur:1]]
[2020.07.09-19.05.15:364][  0]LogConfig: Setting CVar [[r.MaterialQualityLevel:1 ; High quality]]
[2020.07.09-19.05.15:364][  0]LogConfig: Setting CVar [[r.SSS.Scale:1]]
[2020.07.09-19.05.15:364][  0]LogConfig: Setting CVar [[r.SSS.SampleSet:2]]
[2020.07.09-19.05.15:364][  0]LogConfig: Setting CVar [[r.SSS.Quality:1]]
[2020.07.09-19.05.15:364][  0]LogConfig: Setting CVar [[r.SSS.HalfRes:0]]
[2020.07.09-19.05.15:364][  0]LogConfig: Setting CVar [[r.SSGI.Quality:3]]
[2020.07.09-19.05.15:364][  0]LogConfig: Setting CVar [[r.EmitterSpawnRateScale:1.0]]
[2020.07.09-19.05.15:364][  0]LogConfig: Setting CVar [[r.ParticleLightQuality:2]]
[2020.07.09-19.05.15:364][  0]LogConfig: Setting CVar [[r.SkyAtmosphere.AerialPerspectiveLUT.FastApplyOnOpaque:1 ; Always have FastSkyLUT 1 in this case to avoid wrong sky]]
[2020.07.09-19.05.15:364][  0]LogConfig: Setting CVar [[r.SkyAtmosphere.AerialPerspectiveLUT.SampleCountPerSlice:1]]
[2020.07.09-19.05.15:364][  0]LogConfig: Setting CVar [[r.SkyAtmosphere.AerialPerspectiveLUT.DepthResolution:16.0]]
[2020.07.09-19.05.15:364][  0]LogConfig: Setting CVar [[r.SkyAtmosphere.FastSkyLUT:1]]
[2020.07.09-19.05.15:364][  0]LogConfig: Setting CVar [[r.SkyAtmosphere.FastSkyLUT.SampleCountMin:4.0]]
[2020.07.09-19.05.15:364][  0]LogConfig: Setting CVar [[r.SkyAtmosphere.FastSkyLUT.SampleCountMax:32.0]]
[2020.07.09-19.05.15:365][  0]LogConfig: Setting CVar [[r.SkyAtmosphere.SampleCountMin:4.0]]
[2020.07.09-19.05.15:365][  0]LogConfig: Setting CVar [[r.SkyAtmosphere.SampleCountMax:32.0]]
[2020.07.09-19.05.15:365][  0]LogConfig: Setting CVar [[r.SkyAtmosphere.TransmittanceLUT.UseSmallFormat:0]]
[2020.07.09-19.05.15:365][  0]LogConfig: Setting CVar [[r.SkyAtmosphere.TransmittanceLUT.SampleCount:10.0]]
[2020.07.09-19.05.15:365][  0]LogConfig: Setting CVar [[r.SkyAtmosphere.MultiScatteringLUT.SampleCount:15.0]]
[2020.07.09-19.05.15:365][  0]LogConfig: Applying CVar settings from Section [FoliageQuality@3] File [F:/TCTD/TCTD/Saved/Config/Windows/Scalability.ini]
[2020.07.09-19.05.15:365][  0]LogConfig: Setting CVar [[foliage.DensityScale:1.0]]
[2020.07.09-19.05.15:365][  0]LogConfig: Setting CVar [[grass.DensityScale:1.0]]
[2020.07.09-19.05.15:365][  0]LogConfig: Applying CVar settings from Section [ShadingQuality@3] File [F:/TCTD/TCTD/Saved/Config/Windows/Scalability.ini]
[2020.07.09-19.05.15:365][  0]LogConfig: Setting CVar [[r.HairStrands.SkyLighting.SampleCount:16]]
[2020.07.09-19.05.15:365][  0]LogConfig: Setting CVar [[r.HairStrands.SkyLighting.JitterIntegration:0]]
[2020.07.09-19.05.15:365][  0]LogConfig: Setting CVar [[r.HairStrands.SkyAO.SampleCount:16]]
[2020.07.09-19.05.15:365][  0]LogConfig: Setting CVar [[r.HairStrands.DeepShadow.SuperSampling:0]]
[2020.07.09-19.05.15:365][  0]LogConfig: Setting CVar [[r.HairStrands.VisibilityPPLL:0]]
[2020.07.09-19.05.15:365][  0]LogConfig: Setting CVar [[r.HairStrands.RasterizationScale:0.5]]
[2020.07.09-19.05.15:365][  0]LogConfig: Setting CVar [[r.HairStrands.VelocityRasterizationScale:1]]
[2020.07.09-19.05.15:365][  0]LogConfig: Applying CVar settings from Section [Startup] File [../../../Engine/Config/ConsoleVariables.ini]
[2020.07.09-19.05.15:365][  0]LogConfig: Setting CVar [[net.UseAdaptiveNetUpdateFrequency:0]]
[2020.07.09-19.05.15:365][  0]LogConfig: Setting CVar [[p.chaos.AllowCreatePhysxBodies:1]]
[2020.07.09-19.05.15:365][  0]LogConfig: Setting CVar [[fx.SkipVectorVMBackendOptimizations:1]]
[2020.07.09-19.05.15:365][  0]LogConfig: Applying CVar settings from Section [ConsoleVariables] File [F:/TCTD/TCTD/Saved/Config/Windows/Engine.ini]
[2020.07.09-19.05.15:365][  0]LogInit: Computer: DESKTOP-4CJ4ISN
[2020.07.09-19.05.15:365][  0]LogInit: User: kylej
[2020.07.09-19.05.15:365][  0]LogInit: CPU Page size=4096, Cores=4
[2020.07.09-19.05.15:365][  0]LogInit: High frequency timer resolution =10.000000 MHz
[2020.07.09-19.05.15:366][  0]LogMemory: Memory total: Physical=30.9GB (31GB approx)
[2020.07.09-19.05.15:366][  0]LogMemory: Platform Memory Stats for Windows
[2020.07.09-19.05.15:366][  0]LogMemory: Process Physical Memory: 114.03 MB used, 114.03 MB peak
[2020.07.09-19.05.15:366][  0]LogMemory: Process Virtual Memory: 103.91 MB used, 103.91 MB peak
[2020.07.09-19.05.15:366][  0]LogMemory: Physical Memory: 19696.89 MB used,  11989.87 MB free, 31686.77 MB total
[2020.07.09-19.05.15:366][  0]LogMemory: Virtual Memory: 5136.01 MB used,  134212592.00 MB free, 134217728.00 MB total
[2020.07.09-19.05.15:375][  0]LogWindows: WindowsPlatformFeatures enabled
[2020.07.09-19.05.15:440][  0]LogInit: Physics initialised using underlying interface: PhysX
[2020.07.09-19.05.15:441][  0]LogInit: Using OS detected language (en-US).
[2020.07.09-19.05.15:441][  0]LogInit: Using OS detected locale (en-US).
[2020.07.09-19.05.15:444][  0]LogTextLocalizationManager: No specific localization for 'en-US' exists, so the 'en' localization will be used.
[2020.07.09-19.05.15:706][  0]LogInit: Setting process to per monitor DPI aware
[2020.07.09-19.05.15:744][  0]LogSlate: New Slate User Created.  User Index 0, Is Virtual User: 0
[2020.07.09-19.05.15:744][  0]LogSlate: Slate User Registered.  User Index 0, Is Virtual User: 0
[2020.07.09-19.05.15:922][  0]LogHMD: Failed to initialize OpenVR with code 110
[2020.07.09-19.05.15:922][  0]LogD3D11RHI: D3D11 min allowed feature level: 11_0
[2020.07.09-19.05.15:922][  0]LogD3D11RHI: D3D11 max allowed feature level: 11_0
[2020.07.09-19.05.15:922][  0]LogD3D11RHI: D3D11 adapters:
[2020.07.09-19.05.16:028][  0]LogD3D11RHI:    0. 'NVIDIA GeForce GTX 1660 Ti' (Feature Level 11_0)
[2020.07.09-19.05.16:028][  0]LogD3D11RHI:       5991/0/15843 MB DedicatedVideo/DedicatedSystem/SharedSystem, Outputs:2, VendorId:0x10de
[2020.07.09-19.05.16:032][  0]LogD3D11RHI:    1. 'Microsoft Basic Render Driver' (Feature Level 11_0)
[2020.07.09-19.05.16:032][  0]LogD3D11RHI:       0/0/15843 MB DedicatedVideo/DedicatedSystem/SharedSystem, Outputs:0, VendorId:0x1414
[2020.07.09-19.05.16:032][  0]LogD3D11RHI: Chosen D3D11 Adapter: 0
[2020.07.09-19.05.16:051][  0]LogD3D11RHI: Creating new Direct3DDevice
[2020.07.09-19.05.16:051][  0]LogD3D11RHI:     GPU DeviceId: 0x2182 (for the marketing name, search the web for "GPU Device Id")
[2020.07.09-19.05.16:051][  0]LogWindows: EnumDisplayDevices:
[2020.07.09-19.05.16:051][  0]LogWindows:    0. 'NVIDIA GeForce GTX 1660 Ti' (P:1 D:1)
[2020.07.09-19.05.16:052][  0]LogWindows:    1. 'NVIDIA GeForce GTX 1660 Ti' (P:0 D:1)
[2020.07.09-19.05.16:052][  0]LogWindows:    2. 'NVIDIA GeForce GTX 1660 Ti' (P:0 D:0)
[2020.07.09-19.05.16:052][  0]LogWindows:    3. 'NVIDIA GeForce GTX 1660 Ti' (P:0 D:0)
[2020.07.09-19.05.16:052][  0]LogWindows: DebugString: FoundDriverCount:4 
[2020.07.09-19.05.16:053][  0]LogD3D11RHI:     Adapter Name: NVIDIA GeForce GTX 1660 Ti
[2020.07.09-19.05.16:053][  0]LogD3D11RHI:   Driver Version: 445.87 (internal:26.21.14.4587, unified:445.87)
[2020.07.09-19.05.16:053][  0]LogD3D11RHI:      Driver Date: 4-3-2020
[2020.07.09-19.05.16:053][  0]LogRHI: Texture pool is 4193 MB (70% of 5991 MB)
[2020.07.09-19.05.16:153][  0]LogD3D11RHI: RHI has support for 64 bit atomics
[2020.07.09-19.05.16:157][  0]LogD3D11RHI: [Aftermath] Enabled and primed
[2020.07.09-19.05.16:157][  0]LogD3D11RHI: Async texture creation enabled
[2020.07.09-19.05.16:157][  0]LogD3D11RHI: Array index from any shader is supported
[2020.07.09-19.05.16:165][  0]LogD3D11RHI: HDR output is supported on display 1 (NvId: 0x80061087).
[2020.07.09-19.05.16:222][  0]LogD3D11RHI: GPU Timing Frequency: 1000.000000 (Debug: 2 1)
[2020.07.09-19.05.16:888][  0]LogTargetPlatformManager: Display: Loaded TargetPlatform 'AllDesktop'
[2020.07.09-19.05.16:921][  0]LogTargetPlatformManager: Display: Loaded TargetPlatform 'Android'
[2020.07.09-19.05.16:921][  0]LogTargetPlatformManager: Display: Loaded TargetPlatform 'Android_ASTC'
[2020.07.09-19.05.16:921][  0]LogTargetPlatformManager: Display: Loaded TargetPlatform 'Android_DXT'
[2020.07.09-19.05.16:921][  0]LogTargetPlatformManager: Display: Loaded TargetPlatform 'Android_ETC2'
[2020.07.09-19.05.16:921][  0]LogTargetPlatformManager: Display: Loaded TargetPlatform 'AndroidClient'
[2020.07.09-19.05.16:921][  0]LogTargetPlatformManager: Display: Loaded TargetPlatform 'Android_ASTCClient'
[2020.07.09-19.05.16:921][  0]LogTargetPlatformManager: Display: Loaded TargetPlatform 'Android_DXTClient'
[2020.07.09-19.05.16:921][  0]LogTargetPlatformManager: Display: Loaded TargetPlatform 'Android_ETC2Client'
[2020.07.09-19.05.16:921][  0]LogTargetPlatformManager: Display: Loaded TargetPlatform 'Android_Multi'
[2020.07.09-19.05.16:921][  0]LogTargetPlatformManager: Display: Loaded TargetPlatform 'Android_MultiClient'
[2020.07.09-19.05.16:976][  0]LogTargetPlatformManager: Display: Loaded TargetPlatform 'IOSClient'
[2020.07.09-19.05.16:976][  0]LogTargetPlatformManager: Display: Loaded TargetPlatform 'IOS'
[2020.07.09-19.05.16:991][  0]LogTargetPlatformManager: Display: Loaded TargetPlatform 'Linux'
[2020.07.09-19.05.17:006][  0]LogTargetPlatformManager: Display: Loaded TargetPlatform 'LinuxNoEditor'
[2020.07.09-19.05.17:020][  0]LogTargetPlatformManager: Display: Loaded TargetPlatform 'LinuxClient'
[2020.07.09-19.05.17:034][  0]LogTargetPlatformManager: Display: Loaded TargetPlatform 'LinuxServer'
[2020.07.09-19.05.17:049][  0]LogTargetPlatformManager: Display: Loaded TargetPlatform 'LinuxAArch64NoEditor'
[2020.07.09-19.05.17:063][  0]LogTargetPlatformManager: Display: Loaded TargetPlatform 'LinuxAArch64Client'
[2020.07.09-19.05.17:080][  0]LogTargetPlatformManager: Display: Loaded TargetPlatform 'LinuxAArch64Server'
[2020.07.09-19.05.17:122][  0]LogTargetPlatformManager: Display: Loaded TargetPlatform 'Lumin'
[2020.07.09-19.05.17:122][  0]LogTargetPlatformManager: Display: Loaded TargetPlatform 'LuminClient'
[2020.07.09-19.05.17:145][  0]LogTargetPlatformManager: Display: Loaded TargetPlatform 'TVOSClient'
[2020.07.09-19.05.17:145][  0]LogTargetPlatformManager: Display: Loaded TargetPlatform 'TVOS'
[2020.07.09-19.05.17:161][  0]LogTargetPlatformManager: Display: Loaded TargetPlatform 'WindowsNoEditor'
[2020.07.09-19.05.17:176][  0]LogTargetPlatformManager: Display: Loaded TargetPlatform 'Windows'
[2020.07.09-19.05.17:191][  0]LogTargetPlatformManager: Display: Loaded TargetPlatform 'WindowsClient'
[2020.07.09-19.05.17:206][  0]LogTargetPlatformManager: Display: Loaded TargetPlatform 'WindowsServer'
[2020.07.09-19.05.17:206][  0]LogTargetPlatformManager: Display: Building Assets For Windows
[2020.07.09-19.05.17:222][  0]LogAudioDebug: Display: Lib vorbis DLL was dynamically loaded.
[2020.07.09-19.05.17:334][  0]LogShaderCompilers: Guid format shader working directory is 24 characters bigger than the processId version (../../../../TCTD/TCTD/Intermediate/Shaders/WorkingDirectory/52764/).
[2020.07.09-19.05.17:334][  0]LogShaderCompilers: Cleaned the shader compiler working directory 'C:/Users/kylej/AppData/Local/Temp/UnrealShaderWorkingDir/A0E80185485438388C6FF89B0277FF15/'.
[2020.07.09-19.05.17:334][  0]LogXGEController: Cleaning working directory: C:/Users/kylej/AppData/Local/Temp/UnrealXGEWorkingDir/
[2020.07.09-19.05.17:335][  0]LogXGEController: Cannot use XGE Controller as Incredibuild is not installed on this machine.
[2020.07.09-19.05.17:335][  0]LogShaderCompilers: Cannot use XGE Shader Compiler as Incredibuild is not installed on this machine.
[2020.07.09-19.05.17:335][  0]LogShaderCompilers: Display: Using Local Shader Compiler.
[2020.07.09-19.05.18:362][  0]LogDerivedDataCache: Display: Max Cache Size: 512 MB
[2020.07.09-19.05.18:438][  0]LogDerivedDataCache: Loaded boot cache 0.08s 75MB C:/Users/kylej/AppData/Local/UnrealEngine/4.25/DerivedDataCache/Boot.ddc.
[2020.07.09-19.05.18:438][  0]LogDerivedDataCache: Display: Loaded Boot cache: C:/Users/kylej/AppData/Local/UnrealEngine/4.25/DerivedDataCache/Boot.ddc
[2020.07.09-19.05.18:438][  0]LogDerivedDataCache: FDerivedDataBackendGraph:  Pak pak cache file ../../../../TCTD/TCTD/DerivedDataCache/DDC.ddp not found, will not use a pak cache.
[2020.07.09-19.05.18:438][  0]LogDerivedDataCache: Unable to find inner node Pak for hierarchical cache Hierarchy.
[2020.07.09-19.05.18:438][  0]LogDerivedDataCache: FDerivedDataBackendGraph:  CompressedPak pak cache file ../../../../TCTD/TCTD/DerivedDataCache/Compressed.ddp not found, will not use a pak cache.
[2020.07.09-19.05.18:438][  0]LogDerivedDataCache: Unable to find inner node CompressedPak for hierarchical cache Hierarchy.
[2020.07.09-19.05.18:452][  0]LogDerivedDataCache: Display: Pak cache opened for reading ../../../Engine/DerivedDataCache/Compressed.ddp.
[2020.07.09-19.05.18:452][  0]LogDerivedDataCache: FDerivedDataBackendGraph:  EnterprisePak pak cache file ../../../Enterprise/DerivedDataCache/Compressed.ddp not found, will not use a pak cache.
[2020.07.09-19.05.18:452][  0]LogDerivedDataCache: Unable to find inner node EnterprisePak for hierarchical cache Hierarchy.
[2020.07.09-19.05.18:461][  0]LogDerivedDataCache: Using Local data cache path C:/Users/kylej/AppData/Local/UnrealEngine/Common/DerivedDataCache: Writable
[2020.07.09-19.05.18:461][  0]LogDerivedDataCache: Shared data cache path not found in *engine.ini, will not use an Shared cache.
[2020.07.09-19.05.18:461][  0]LogDerivedDataCache: Unable to find inner node Shared for hierarchical cache Hierarchy.
[2020.07.09-19.05.18:522][  0]LogSlate: Using FreeType 2.10.0
[2020.07.09-19.05.18:523][  0]LogSlate: SlateFontServices - WITH_FREETYPE: 1, WITH_HARFBUZZ: 1
[2020.07.09-19.05.18:559][  0]LogAssetRegistry: FAssetRegistry took 0.0040 seconds to start up
[2020.07.09-19.05.18:867][  0]LogInit: Selected Device Profile: [Windows]
[2020.07.09-19.05.19:019][  0]LogMeshReduction: Using QuadricMeshReduction for automatic static mesh reduction
[2020.07.09-19.05.19:019][  0]LogMeshReduction: Using SimplygonMeshReduction for automatic skeletal mesh reduction
[2020.07.09-19.05.19:019][  0]LogMeshReduction: Using ProxyLODMeshReduction for automatic mesh merging
[2020.07.09-19.05.19:019][  0]LogMeshReduction: No distributed automatic mesh merging module available
[2020.07.09-19.05.19:019][  0]LogMeshMerging: No distributed automatic mesh merging module available
[2020.07.09-19.05.19:045][  0]LogNetVersion: TCTD 1.0.0, NetCL: 13144385, EngineNetVer: 14, GameNetVer: 0 (Checksum: 3815092598)
[2020.07.09-19.05.19:660][  0]LogAISub: UAISubsystem::UAISubsystem AISubsystem (0000015473B58280), frame # 0
[2020.07.09-19.05.19:660][  0]LogAISub: UAISubsystem::UAISubsystem AIPerceptionSystem (0000015473AA91C0), frame # 0
[2020.07.09-19.05.19:662][  0]LogAISub: UAISubsystem::UAISubsystem EnvQueryManager (0000015473AF9E00), frame # 0
[2020.07.09-19.05.19:777][  0]LogPackageLocalizationCache: Processed 19 localized package path(s) for 1 prioritized culture(s) in 0.062648 seconds
[2020.07.09-19.05.19:785][  0]LogUObjectArray: 15917 objects as part of root set at end of initial load.
[2020.07.09-19.05.19:785][  0]LogUObjectAllocator: 3965568 out of 0 bytes used by permanent object pool.
[2020.07.09-19.05.19:785][  0]LogUObjectArray: CloseDisregardForGC: 0/0 objects in disregard for GC pool
[2020.07.09-19.05.20:383][  0]LogTcpMessaging: Initializing TcpMessaging bridge
[2020.07.09-19.05.20:391][  0]LogUdpMessaging: Initializing bridge on interface 0.0.0.0:0 to multicast group 230.0.0.1:6666.
[2020.07.09-19.05.20:483][  0]FLogRiderLinkModule: INIT START
[2020.07.09-19.05.20:483][  0]FLogRiderLinkModule: INIT FINISH
[2020.07.09-19.05.20:579][  0]SourceControl: Source control is disabled
[2020.07.09-19.05.20:579][  0]SourceControl: Source control is disabled
[2020.07.09-19.05.20:585][  0]SourceControl: Source control is disabled
[2020.07.09-19.05.20:591][  0]SourceControl: Source control is disabled
[2020.07.09-19.05.20:603][  0]SourceControl: Source control is disabled
[2020.07.09-19.05.21:023][  0]LogAndroidPermission: UAndroidPermissionCallbackProxy::GetInstance
[2020.07.09-19.05.21:063][  0]LogAudioCaptureCore: Display: No Audio Capture implementations found. Audio input will be silent.
[2020.07.09-19.05.21:063][  0]LogAudioCaptureCore: Display: No Audio Capture implementations found. Audio input will be silent.
[2020.07.09-19.05.21:141][  0]LogOcInput: OculusInput pre-init called
[2020.07.09-19.05.21:158][  0]LogWindows: Failed to load 'OVRPlugin.dll' (GetLastError=126)
[2020.07.09-19.05.21:158][  0]LogWindows: File 'OVRPlugin.dll' does not exist
[2020.07.09-19.05.21:259][  0]LogEngine: Initializing Engine...
[2020.07.09-19.05.21:261][  0]LogHMD: Failed to initialize OpenVR with code 110
[2020.07.09-19.05.21:261][  0]LogMagicLeap: Warning: VR disabled because ZI is not enabled.  To enable, in the editor, Edit -> Project Settings -> Plugins -> Magic Leap Plugin -> Enable Zero Iteration
[2020.07.09-19.05.21:263][  0]LogStats: UGameplayTagsManager::InitializeManager -  0.000 s
[2020.07.09-19.05.21:441][  0]LogInit: Initializing FReadOnlyCVARCache
[2020.07.09-19.05.21:451][  0]LogAIModule: Creating AISystem for world Untitled
[2020.07.09-19.05.21:452][  0]LogAISub: UAISubsystem::UAISubsystem EnvQueryManager (00000154794EFC00), frame # 0
[2020.07.09-19.05.21:452][  0]LogAISub: UAISubsystem::UAISubsystem AIPerceptionSystem (000001547952E840), frame # 0
[2020.07.09-19.05.21:473][  0]LogAudioMixer: Display: Audio Mixer Platform Settings:
[2020.07.09-19.05.21:473][  0]LogAudioMixer: Display: 	Sample Rate:						  48000
[2020.07.09-19.05.21:473][  0]LogAudioMixer: Display: 	Callback Buffer Frame Size Requested: 1024
[2020.07.09-19.05.21:473][  0]LogAudioMixer: Display: 	Callback Buffer Frame Size To Use:	  1024
[2020.07.09-19.05.21:473][  0]LogAudioMixer: Display: 	Number of buffers to queue:			  2
[2020.07.09-19.05.21:473][  0]LogAudioMixer: Display: 	Max Channels (voices):				  32
[2020.07.09-19.05.21:473][  0]LogAudioMixer: Display: 	Number of Async Source Workers:		  0
[2020.07.09-19.05.21:473][  0]LogAudio: Display: AudioDevice MaxSources: 32
[2020.07.09-19.05.21:473][  0]LogAudio: Display: Using built-in audio occlusion.
[2020.07.09-19.05.21:473][  0]LogAudioMixer: Display: Initializing audio mixer.
[2020.07.09-19.05.21:495][  0]LogAudioMixer: Display: 0: FrontLeft
[2020.07.09-19.05.21:495][  0]LogAudioMixer: Display: 1: FrontRight
[2020.07.09-19.05.21:657][  0]LogAudioMixer: Display: Using Audio Device Headset Earphone (Razer Audio Controller - Chat)
[2020.07.09-19.05.21:660][  0]LogAudioMixer: Display: Initializing Sound Submixes...
[2020.07.09-19.05.21:663][  0]LogAudioMixer: Display: Creating Master Submix 'MasterSubmixDefault'
[2020.07.09-19.05.21:663][  0]LogAudioMixer: Display: Creating Master Submix 'MasterReverbSubmixDefault'
[2020.07.09-19.05.21:664][  0]LogAudioMixer: Display: Creating Master Submix 'MasterEQSubmixDefault'
[2020.07.09-19.05.21:667][  0]LogInit: FAudioDevice initialized.
[2020.07.09-19.05.21:667][  0]LogNetVersion: Set ProjectVersion to 1.0.0.0. Version Checksum will be recalculated on next use.
[2020.07.09-19.05.21:783][  0]LogDerivedDataCache: Saved boot cache 0.12s 75MB C:/Users/kylej/AppData/Local/UnrealEngine/4.25/DerivedDataCache/Boot.ddc.
[2020.07.09-19.05.21:795][  0]LogInit: Texture streaming: Enabled
[2020.07.09-19.05.21:831][  0]LogEngineSessionManager: EngineSessionManager initialized
[2020.07.09-19.05.21:831][  0]LogEngineSessionManager: EngineSessionManager sent abnormal shutdown report. Type=Crashed, SessionId={B3292614-48B2-A35F-D2F8-2DA4ACB942AE}
[2020.07.09-19.05.21:831][  0]LogEditorSessionSummary: Verbose: Initializing EditorSessionSummaryWriter for editor session tracking
[2020.07.09-19.05.21:843][  0]LogEditorSessionSummary: EditorSessionSummaryWriter initialized
[2020.07.09-19.05.21:916][  0]LogInit: Transaction tracking system initialized
[2020.07.09-19.05.21:956][  0]BlueprintLog: New page: Editor Load
[2020.07.09-19.05.22:077][  0]LocalizationService: Localization service is disabled
[2020.07.09-19.05.22:318][  0]LogCook: Display: Max memory allowance for cook 16384mb min free memory 0mb
[2020.07.09-19.05.22:318][  0]LogCook: Display: Mobile HDR setting 1
[2020.07.09-19.05.22:531][  0]LogFileCache: Scanning file cache for directory 'F:/TCTD/TCTD/Content/' took 0.01s
[2020.07.09-19.05.22:899][  0]SourceControl: Source control is disabled
[2020.07.09-19.05.22:899][  0]LogUnrealEdMisc: Loading editor; pre map load, took 10.809
[2020.07.09-19.05.22:899][  0]Cmd: MAP LOAD FILE="../../../../TCTD/TCTD/Content/Scenes/TCTD.umap" TEMPLATE=0 SHOWPROGRESS=1 FEATURELEVEL=3
[2020.07.09-19.05.22:900][  0]LightingResults: New page: Lighting Build
[2020.07.09-19.05.22:900][  0]LogWorld: UWorld::CleanupWorld for Untitled, bSessionEnded=true, bCleanupResources=true
[2020.07.09-19.05.22:900][  0]LogSlate: InvalidateAllWidgets triggered.  All widgets were invalidated
[2020.07.09-19.05.22:901][  0]MapCheck: New page: Map Check
[2020.07.09-19.05.22:901][  0]LightingResults: New page: Lighting Build
[2020.07.09-19.05.23:016][  0]LogAISub: UAISubsystem::~UAISubsystem EnvQueryManager (00000154794EFC00), frame # 0
[2020.07.09-19.05.23:016][  0]LogAISub: UAISubsystem::~UAISubsystem AIPerceptionSystem (000001547952E840), frame # 0
[2020.07.09-19.05.23:017][  0]LogUObjectHash: Compacting FUObjectHashTables data took   0.83ms
[2020.07.09-19.05.23:195][  0]LogAIModule: Creating AISystem for world TCTD
[2020.07.09-19.05.23:195][  0]LogAISub: UAISubsystem::UAISubsystem EnvQueryManager (0000015478FC8C00), frame # 0
[2020.07.09-19.05.23:195][  0]LogAISub: UAISubsystem::UAISubsystem AIPerceptionSystem (00000154712E6980), frame # 0
[2020.07.09-19.05.23:201][  0]LogEditorServer: Finished looking for orphan Actors (0.000 secs)
[2020.07.09-19.05.23:242][  0]LogUObjectHash: Compacting FUObjectHashTables data took   0.89ms
[2020.07.09-19.05.23:244][  0]Cmd: MAP CHECKDEP NOCLEARLOG
[2020.07.09-19.05.23:244][  0]MapCheck: Map check complete: 0 Error(s), 0 Warning(s), took 0.123ms to complete.
[2020.07.09-19.05.23:244][  0]LogFileHelpers: Loading map 'TCTD' took 0.345
[2020.07.09-19.05.23:279][  0]LogUnrealEdMisc: Total Editor Startup Time, took 11.189
[2020.07.09-19.05.23:441][  0]LogSlate: Updating window title bar state: overlay mode, drag disabled, window buttons hidden, title bar hidden
[2020.07.09-19.05.23:453][  0]LogSlate: Updating window title bar state: overlay mode, drag disabled, window buttons hidden, title bar hidden
[2020.07.09-19.05.23:463][  0]LogSlate: Updating window title bar state: overlay mode, drag disabled, window buttons hidden, title bar hidden
[2020.07.09-19.05.23:473][  0]LogSlate: Updating window title bar state: overlay mode, drag disabled, window buttons hidden, title bar hidden
[2020.07.09-19.05.23:483][  0]LogCollectionManager: Loaded 0 collections in 0.001001 seconds
[2020.07.09-19.05.23:513][  0]LogFileCache: Scanning file cache for directory 'F:/TCTD/TCTD/Saved/Collections/' took 0.02s
[2020.07.09-19.05.23:513][  0]LogFileCache: Scanning file cache for directory 'F:/TCTD/TCTD/Content/Developers/kylej/Collections/' took 0.00s
[2020.07.09-19.05.23:513][  0]LogFileCache: Scanning file cache for directory 'F:/TCTD/TCTD/Content/Collections/' took 0.00s
[2020.07.09-19.05.23:513][  0]LogContentBrowser: Native class hierarchy populated in 0.0136 seconds. Added 3439 classes and 823 folders.
[2020.07.09-19.05.23:517][  0]LogContentBrowser: Native class hierarchy updated for 'WidgetCarousel' in 0.0003 seconds. Added 0 classes and 0 folders.
[2020.07.09-19.05.23:581][  0]LogContentBrowser: Native class hierarchy updated for 'AddContentDialog' in 0.0004 seconds. Added 0 classes and 0 folders.
[2020.07.09-19.05.23:623][  0]LogSlate: Took 0.000221 seconds to synchronously load lazily loaded font '../../../Engine/Content/Slate/Fonts/Roboto-Regular.ttf' (155K)
[2020.07.09-19.05.23:627][  0]LogSlate: Took 0.000188 seconds to synchronously load lazily loaded font '../../../Engine/Content/Slate/Fonts/Roboto-Bold.ttf' (160K)
[2020.07.09-19.05.23:630][  0]LogSlate: Took 0.000199 seconds to synchronously load lazily loaded font '../../../Engine/Content/Editor/Slate/Fonts/FontAwesome.ttf' (139K)
[2020.07.09-19.05.23:720][  0]LogRenderer: Reallocating scene render targets to support 1064x552 Format 10 NumSamples 1 (Frame:1).
[2020.07.09-19.05.23:938][  0]LogContentBrowser: Native class hierarchy updated for 'HierarchicalLODOutliner' in 0.0004 seconds. Added 0 classes and 0 folders.
[2020.07.09-19.05.23:938][  0]LogLoad: (Engine Initialization) Total time: 11.85 seconds
[2020.07.09-19.05.23:938][  0]LogLoad: (Engine Initialization) Total Blueprint compile time: 0.00 seconds
[2020.07.09-19.05.23:984][  0]LogAssetRegistry: Asset discovery search completed in 5.4270 seconds
[2020.07.09-19.05.23:989][  0]LogCollectionManager: Fixed up redirectors for 0 collections in 0.000003 seconds (updated 0 objects)
[2020.07.09-19.05.23:992][  0]LogPlayLevel: PlayLevel: No blueprints needed recompiling
[2020.07.09-19.05.23:992][  0]PIE: New page: PIE session: TCTD (Jul 9, 2020, 11:05:23 AM)
[2020.07.09-19.05.23:993][  0]LogOnline: OSS: Creating online subsystem instance for: NULL
[2020.07.09-19.05.23:998][  0]LogOnline: OSS: TryLoadSubsystemAndSetDefault: Loaded subsystem for module [NULL]
[2020.07.09-19.05.23:998][  0]LogPlayLevel: Creating play world package: /Game/Scenes/UEDPIE_0_TCTD
[2020.07.09-19.05.24:002][  0]LogPlayLevel: PIE: StaticDuplicateObject took: (0.004558s)
[2020.07.09-19.05.24:003][  0]LogAIModule: Creating AISystem for world TCTD
[2020.07.09-19.05.24:004][  0]LogAISub: UAISubsystem::UAISubsystem EnvQueryManager (000001540EC03E00), frame # 0
[2020.07.09-19.05.24:004][  0]LogAISub: UAISubsystem::UAISubsystem AIPerceptionSystem (0000015471241F80), frame # 0
[2020.07.09-19.05.24:004][  0]LogPlayLevel: PIE: World Init took: (0.001632s)
[2020.07.09-19.05.24:004][  0]LogPlayLevel: PIE: Created PIE world by copying editor world from /Game/Scenes/TCTD.TCTD to /Game/Scenes/UEDPIE_0_TCTD.TCTD (0.006407s)
[2020.07.09-19.05.24:029][  0]LogUObjectHash: Compacting FUObjectHashTables data took   0.86ms
[2020.07.09-19.05.24:033][  0]LogAudioMixer: Display: Audio Mixer Platform Settings:
[2020.07.09-19.05.24:033][  0]LogAudioMixer: Display: 	Sample Rate:						  48000
[2020.07.09-19.05.24:033][  0]LogAudioMixer: Display: 	Callback Buffer Frame Size Requested: 1024
[2020.07.09-19.05.24:033][  0]LogAudioMixer: Display: 	Callback Buffer Frame Size To Use:	  1024
[2020.07.09-19.05.24:033][  0]LogAudioMixer: Display: 	Number of buffers to queue:			  2
[2020.07.09-19.05.24:033][  0]LogAudioMixer: Display: 	Max Channels (voices):				  32
[2020.07.09-19.05.24:033][  0]LogAudioMixer: Display: 	Number of Async Source Workers:		  0
[2020.07.09-19.05.24:033][  0]LogAudio: Display: AudioDevice MaxSources: 32
[2020.07.09-19.05.24:034][  0]LogAudio: Display: Using built-in audio occlusion.
[2020.07.09-19.05.24:034][  0]LogAudioMixer: Display: Initializing audio mixer.
[2020.07.09-19.05.24:039][  0]LogAudioMixer: Display: 0: FrontLeft
[2020.07.09-19.05.24:039][  0]LogAudioMixer: Display: 1: FrontRight
[2020.07.09-19.05.24:091][  0]LogAudioMixer: Display: Using Audio Device Headset Earphone (Razer Audio Controller - Chat)
[2020.07.09-19.05.24:091][  0]LogAudioMixer: Display: Initializing Sound Submixes...
[2020.07.09-19.05.24:091][  0]LogAudioMixer: Display: Creating Master Submix 'MasterSubmixDefault'
[2020.07.09-19.05.24:091][  0]LogAudioMixer: Display: Creating Master Submix 'MasterReverbSubmixDefault'
[2020.07.09-19.05.24:092][  0]LogAudioMixer: Display: Creating Master Submix 'MasterEQSubmixDefault'
[2020.07.09-19.05.24:117][  0]LogInit: FAudioDevice initialized.
[2020.07.09-19.05.24:162][  0]LogSlate: Updating window title bar state: overlay mode, drag disabled, window buttons hidden, title bar hidden
[2020.07.09-19.05.24:162][  0]LogLoad: Game class is 'GameModeBase'
[2020.07.09-19.05.24:167][  0]LogWorld: Bringing World /Game/Scenes/UEDPIE_0_TCTD.TCTD up for play (max tick rate 3) at 2020.07.09-15.05.24
[2020.07.09-19.05.24:167][  0]LogWorld: Bringing up level for play took: 0.001951
[2020.07.09-19.05.24:167][  0]LogOnline: OSS: Creating online subsystem instance for: :Context_1
[2020.07.09-19.05.24:191][  0]LogGameMode: FindPlayerStart: PATHS NOT DEFINED or NO PLAYERSTART with positive rating
[2020.07.09-19.05.24:193][  0]LogContentBrowser: Native class hierarchy updated for 'MovieSceneCapture' in 0.0005 seconds. Added 20 classes and 0 folders.
[2020.07.09-19.05.24:196][  0]PIE: Server logged in
[2020.07.09-19.05.24:198][  0]PIE: Play in editor total start time 0.207 seconds.
[2020.07.09-19.05.24:214][  0]LogContentStreaming: Texture pool size now 1000 MB
[2020.07.09-19.05.24:270][  0]LogSlate: Took 0.000159 seconds to synchronously load lazily loaded font '../../../Engine/Content/Slate/Fonts/Roboto-Light.ttf' (167K)
[2020.07.09-19.05.24:322][  1]LogRenderer: Reallocating scene render targets to support 1280x720 Format 10 NumSamples 1 (Frame:1).
[2020.07.09-19.05.25:345][  4]LogSlate: Took 0.000194 seconds to synchronously load lazily loaded font '../../../Engine/Content/Slate/Fonts/Roboto-Light.ttf' (167K)
[2020.07.09-19.05.26:870][ 84]LogSlate: Updating window title bar state: overlay mode, drag disabled, window buttons hidden, title bar hidden
[2020.07.09-19.05.26:870][ 84]LogWorld: BeginTearingDown for /Game/Scenes/UEDPIE_0_TCTD
[2020.07.09-19.05.26:870][ 84]LogSlate: Window 'TCTD Preview [NetMode: Standalone] (64-bit/Windows) ' being destroyed
[2020.07.09-19.05.26:874][ 84]LogWorld: UWorld::CleanupWorld for TCTD, bSessionEnded=true, bCleanupResources=true
[2020.07.09-19.05.26:875][ 84]LogSlate: InvalidateAllWidgets triggered.  All widgets were invalidated
[2020.07.09-19.05.26:888][ 84]LogPlayLevel: Display: Shutting down PIE online subsystems
[2020.07.09-19.05.26:889][ 84]LogSlate: InvalidateAllWidgets triggered.  All widgets were invalidated
[2020.07.09-19.05.26:941][ 84]LogAISub: UAISubsystem::~UAISubsystem AIPerceptionSystem (0000015471241F80), frame # 84
[2020.07.09-19.05.26:941][ 84]LogAISub: UAISubsystem::~UAISubsystem EnvQueryManager (000001540EC03E00), frame # 84
[2020.07.09-19.05.26:942][ 84]LogUObjectHash: Compacting FUObjectHashTables data took   0.79ms
[2020.07.09-19.05.26:981][ 85]LogPlayLevel: Display: Destroying online subsystem :Context_1
[2020.07.09-19.05.41:306][662]LogActor: Warning: MyTurret_C /Engine/Transient.World_0:PersistentLevel.MyTurret_C_0 has natively added scene component(s), but none of them were set as the actor's RootComponent - picking one arbitrarily
[2020.07.09-19.05.41:330][663]LogActor: Warning: MyTowerNode_C /Engine/Transient.World_1:PersistentLevel.MyTowerNode_C_0 has natively added scene component(s), but none of them were set as the actor's RootComponent - picking one arbitrarily
[2020.07.09-19.05.41:354][664]LogActor: Warning: MySpawner_C /Engine/Transient.World_2:PersistentLevel.MySpawner_C_0 has natively added scene component(s), but none of them were set as the actor's RootComponent - picking one arbitrarily
[2020.07.09-19.05.41:374][665]LogActor: Warning: MyProjectile_C /Engine/Transient.World_3:PersistentLevel.MyProjectile_C_0 has natively added scene component(s), but none of them were set as the actor's RootComponent - picking one arbitrarily
[2020.07.09-19.05.41:457][666]LogActor: Warning: MyEnemy_Standard_C /Engine/Transient.World_4:PersistentLevel.MyEnemy_Standard_C_0 has natively added scene component(s), but none of them were set as the actor's RootComponent - picking one arbitrarily
[2020.07.09-19.05.44:295][920]LogEditorViewport: Clicking on Actor (LMB): MyTowerNode_C (MyTowerNode11)
[2020.07.09-19.05.45:311][ 16]Cmd: DELETE
[2020.07.09-19.05.45:311][ 16]Cmd: ACTOR DELETE
[2020.07.09-19.05.45:315][ 16]LogEditorActor: Deleted Actor: MyTowerNode_C
[2020.07.09-19.05.45:325][ 16]LogUObjectHash: Compacting FUObjectHashTables data took   0.79ms
[2020.07.09-19.05.45:326][ 16]LogEditorActor: Deleted 1 Actors (0.014 secs)
[2020.07.09-19.05.45:926][ 86]LogEditorViewport: Clicking on Actor (LMB): MyTowerNode_C (MyTowerNode9)
[2020.07.09-19.05.46:066][ 94]Cmd: DELETE
[2020.07.09-19.05.46:066][ 94]Cmd: ACTOR DELETE
[2020.07.09-19.05.46:069][ 94]LogEditorActor: Deleted Actor: MyTowerNode_C
[2020.07.09-19.05.46:078][ 94]LogUObjectHash: Compacting FUObjectHashTables data took   0.32ms
[2020.07.09-19.05.46:079][ 94]LogEditorActor: Deleted 1 Actors (0.014 secs)
[2020.07.09-19.05.46:533][146]LogEditorViewport: Clicking on Actor (LMB): MyTowerNode_C (MyTowerNode10)
[2020.07.09-19.05.46:647][152]Cmd: DELETE
[2020.07.09-19.05.46:647][152]Cmd: ACTOR DELETE
[2020.07.09-19.05.46:649][152]LogEditorActor: Deleted Actor: MyTowerNode_C
[2020.07.09-19.05.46:659][152]LogUObjectHash: Compacting FUObjectHashTables data took   0.36ms
[2020.07.09-19.05.46:660][152]LogEditorActor: Deleted 1 Actors (0.012 secs)
[2020.07.09-19.05.59:397][443]LogEditorViewport: Clicking on Actor (LMB): MyTowerNode_C (MyTowerNode3)
[2020.07.09-19.06.02:777][756]Cmd: EDIT COPY
[2020.07.09-19.06.02:973][773]Cmd: EDIT PASTE
[2020.07.09-19.06.02:974][773]LogActor: Warning: MyTowerNode_C /Game/Scenes/TCTD.TCTD:PersistentLevel.MyTowerNode3_0 has natively added scene component(s), but none of them were set as the actor's RootComponent - picking one arbitrarily
[2020.07.09-19.06.02:975][773]LogActor: Warning: MyTowerNode_C /Game/Scenes/TCTD.TCTD:PersistentLevel.MyTowerNode5_1 has natively added scene component(s), but none of them were set as the actor's RootComponent - picking one arbitrarily
[2020.07.09-19.06.02:976][773]LogActor: Warning: MyTowerNode_C /Game/Scenes/TCTD.TCTD:PersistentLevel.MyTowerNode7_2 has natively added scene component(s), but none of them were set as the actor's RootComponent - picking one arbitrarily
[2020.07.09-19.06.07:745][212]Cmd: OBJ SAVEPACKAGE PACKAGE="/Game/Scenes/TCTD" FILE="../../../../TCTD/TCTD/Content/Scenes/TCTD.umap" SILENT=true AUTOSAVING=false KEEPDIRTY=false
[2020.07.09-19.06.07:755][212]LogUObjectHash: Compacting FUObjectHashTables data took   0.80ms
[2020.07.09-19.06.07:819][212]LogSavePackage: Moving '../../../../TCTD/TCTD/Saved/TCTD1DA8FEAE45D466966E0032907F86BA73.tmp' to '../../../../TCTD/TCTD/Content/Scenes/TCTD.umap'
[2020.07.09-19.06.07:848][212]Cmd: OBJ SAVEPACKAGE PACKAGE="/Game/Scenes/TCTD_BuiltData" FILE="../../../../TCTD/TCTD/Content/Scenes/TCTD_BuiltData.uasset" SILENT=true
[2020.07.09-19.06.07:866][212]LogSavePackage: Moving '../../../../TCTD/TCTD/Saved/TCTD_BuiltDataDD08D7144E62D5022E4DF9B14A2AF884.tmp' to '../../../../TCTD/TCTD/Content/Scenes/TCTD_BuiltData.uasset'
[2020.07.09-19.06.07:885][212]AssetCheck: New page: Asset Save: multiple assets
[2020.07.09-19.06.07:885][212]LogContentValidation: Display: Validating World /Game/Scenes/TCTD.TCTD
[2020.07.09-19.06.07:885][212]LogContentValidation: Display: Validating MapBuildDataRegistry /Game/Scenes/TCTD_BuiltData.TCTD_BuiltData
[2020.07.09-19.07.11:737][283]Cmd: OBJ SAVEPACKAGE PACKAGE="/Game/Scenes/TCTD" FILE="../../../../TCTD/TCTD/Content/Scenes/TCTD.umap" SILENT=true AUTOSAVING=false KEEPDIRTY=false
[2020.07.09-19.07.11:747][283]LogUObjectHash: Compacting FUObjectHashTables data took   0.74ms
[2020.07.09-19.07.11:770][283]LogSavePackage: Moving '../../../../TCTD/TCTD/Saved/TCTDA11E8C134DE9A8E31CD2229114B3954D.tmp' to '../../../../TCTD/TCTD/Content/Scenes/TCTD.umap'
[2020.07.09-19.07.11:796][283]Cmd: OBJ SAVEPACKAGE PACKAGE="/Game/Scenes/TCTD_BuiltData" FILE="../../../../TCTD/TCTD/Content/Scenes/TCTD_BuiltData.uasset" SILENT=true
[2020.07.09-19.07.11:807][283]LogSavePackage: Moving '../../../../TCTD/TCTD/Saved/TCTD_BuiltDataD7A679A14F8B5169BC7411A14FF0CBB5.tmp' to '../../../../TCTD/TCTD/Content/Scenes/TCTD_BuiltData.uasset'
[2020.07.09-19.07.11:823][283]AssetCheck: New page: Asset Save: multiple assets
[2020.07.09-19.07.11:823][283]LogContentValidation: Display: Validating World /Game/Scenes/TCTD.TCTD
[2020.07.09-19.07.11:823][283]LogContentValidation: Display: Validating MapBuildDataRegistry /Game/Scenes/TCTD_BuiltData.TCTD_BuiltData
[2020.07.09-19.07.12:854][378]Candidate modules for hot reload:
[2020.07.09-19.07.12:854][378]  TCTD
[2020.07.09-19.07.12:854][378]Launching UnrealBuildTool... [F:/UE_4.25/Engine/Binaries/DotNET/UnrealBuildTool.exe  -ModuleWithSuffix=TCTD,9633 TCTDEditor Win64 Development -Project="F:/TCTD/TCTD/TCTD.uproject" "F:/TCTD/TCTD/TCTD.uproject"  -IgnoreJunk]
[2020.07.09-19.07.12:860][378]Warning: Starting HotReload took  0.0s.
[2020.07.09-19.09.35:893][829]CompilerResultsLog: New page: Compilation - Jul 9, 2020, 11:09:35 AM
[2020.07.09-19.09.35:894][829]CompilerResultsLog: Using 'git status' to determine working set for adaptive non-unity build (F:\TCTD).
[2020.07.09-19.09.35:894][829]CompilerResultsLog: Creating makefile for TCTDEditor (game project files are newer)
[2020.07.09-19.09.35:895][829]CompilerResultsLog: Error: F:\TCTD\TCTD\Source\TCTD\Enemy_Base.cpp(1) : error: Expected Enemy_Base.h to be first header included.
[2020.07.09-19.09.35:895][829]CompilerResultsLog: Building TCTDEditor...
[2020.07.09-19.09.35:895][829]CompilerResultsLog: Using Visual Studio 2019 14.25.28614 toolchain (C:\Program Files (x86)\Microsoft Visual Studio\2019\Professional\VC\Tools\MSVC\14.25.28610) and Windows 10.0.18362.0 SDK (C:\Program Files (x86)\Windows Kits\10).
[2020.07.09-19.09.35:895][829]CompilerResultsLog: Building 6 actions with 4 processes...
[2020.07.09-19.09.35:895][829]CompilerResultsLog:   [1/6] TCTD.init.gen.cpp
[2020.07.09-19.09.35:895][829]CompilerResultsLog:   [2/6] TowerNode.gen.cpp
[2020.07.09-19.09.35:895][829]CompilerResultsLog:   F:\TCTD\TCTD\Source\TCTD\Enemy_Base.h(95): warning C4263: 'void AEnemy_Base::TakeDamage(int)': member function does not override any base class virtual member function
[2020.07.09-19.09.35:896][829]CompilerResultsLog:   F:\TCTD\TCTD\Source\TCTD\Enemy_Base.h(99): warning C4264: 'float AActor::TakeDamage(float,const FDamageEvent &,AController *,AActor *)': no override available for virtual member function from base 'AActor'; function is hidden
[2020.07.09-19.09.35:896][829]CompilerResultsLog:   F:\UE_4.25\Engine\Source\Runtime\Engine\Classes\GameFramework/Actor.h(2675): note: see declaration of 'AActor::TakeDamage'
[2020.07.09-19.09.35:896][829]CompilerResultsLog:   F:\UE_4.25\Engine\Source\Runtime\Engine\Classes\Engine/LocalPlayer.h(28): note: see declaration of 'AActor'
[2020.07.09-19.09.35:896][829]CompilerResultsLog:   [3/6] TowerNode.cpp
[2020.07.09-19.09.35:896][829]CompilerResultsLog:   F:\TCTD\TCTD\Source\TCTD\Enemy_Base.h(95): warning C4263: 'void AEnemy_Base::TakeDamage(int)': member function does not override any base class virtual member function
[2020.07.09-19.09.35:896][829]CompilerResultsLog:   F:\TCTD\TCTD\Source\TCTD\Enemy_Base.h(99): warning C4264: 'float AActor::TakeDamage(float,const FDamageEvent &,AController *,AActor *)': no override available for virtual member function from base 'AActor'; function is hidden
[2020.07.09-19.09.35:896][829]CompilerResultsLog:   F:\UE_4.25\Engine\Source\Runtime\Engine\Classes\GameFramework/Actor.h(2675): note: see declaration of 'AActor::TakeDamage'
[2020.07.09-19.09.35:896][829]CompilerResultsLog:   F:\UE_4.25\Engine\Source\Runtime\Engine\Classes\Engine/LocalPlayer.h(28): note: see declaration of 'AActor'
[2020.07.09-19.09.35:896][829]CompilerResultsLog:   [4/6] UE4Editor-TCTD-9633.lib
[2020.07.09-19.09.35:896][829]CompilerResultsLog:      Creating library F:\TCTD\TCTD\Intermediate\Build\Win64\UE4Editor\Development\TCTD\UE4Editor-TCTD-9633.lib and object F:\TCTD\TCTD\Intermediate\Build\Win64\UE4Editor\Development\TCTD\UE4Editor-TCTD-9633.exp
[2020.07.09-19.09.35:897][829]CompilerResultsLog:   [5/6] UE4Editor-TCTD-9633.dll
[2020.07.09-19.09.35:897][829]CompilerResultsLog:      Creating library F:\TCTD\TCTD\Intermediate\Build\Win64\UE4Editor\Development\TCTD\UE4Editor-TCTD-9633.suppressed.lib and object F:\TCTD\TCTD\Intermediate\Build\Win64\UE4Editor\Development\TCTD\UE4Editor-TCTD-9633.suppressed.exp
[2020.07.09-19.09.35:897][829]CompilerResultsLog:   [6/6] TCTDEditor.target
[2020.07.09-19.09.35:897][829]CompilerResultsLog: Total time in Parallel executor: 138.33 seconds
[2020.07.09-19.09.35:897][829]CompilerResultsLog: Total execution time: 142.69 seconds
[2020.07.09-19.09.35:897][829]LogMainFrame: MainFrame: Module compiling took 143.049 seconds
[2020.07.09-19.09.35:912][829]LogClass: Could not find existing class TowerNode in package /Script/TCTD for HotReload, assuming new class
[2020.07.09-19.09.35:927][829]LogHotReload: Re-instancing TowerNode after hot-reload.
[2020.07.09-19.09.35:931][829]LogActor: Warning: MyTowerNode_C /Game/Scenes/TCTD.TCTD:PersistentLevel.MyTowerNode9 has natively added scene component(s), but none of them were set as the actor's RootComponent - picking one arbitrarily
[2020.07.09-19.09.35:932][829]LogActor: Warning: MyTowerNode_C /Game/Scenes/TCTD.TCTD:PersistentLevel.MyTowerNode10 has natively added scene component(s), but none of them were set as the actor's RootComponent - picking one arbitrarily
[2020.07.09-19.09.35:932][829]LogActor: Warning: MyTowerNode_C /Game/Scenes/TCTD.TCTD:PersistentLevel.MyTowerNode12_18 has natively added scene component(s), but none of them were set as the actor's RootComponent - picking one arbitrarily
[2020.07.09-19.09.35:933][829]LogActor: Warning: MyTowerNode_C /Game/Scenes/TCTD.TCTD:PersistentLevel.MyTowerNode13_19 has natively added scene component(s), but none of them were set as the actor's RootComponent - picking one arbitrarily
[2020.07.09-19.09.35:934][829]LogActor: Warning: MyTowerNode_C /Game/Scenes/TCTD.TCTD:PersistentLevel.MyTowerNode14_22 has natively added scene component(s), but none of them were set as the actor's RootComponent - picking one arbitrarily
[2020.07.09-19.09.35:934][829]LogActor: Warning: MyTowerNode_C /Game/Scenes/TCTD.TCTD:PersistentLevel.MyTowerNode15_23 has natively added scene component(s), but none of them were set as the actor's RootComponent - picking one arbitrarily
[2020.07.09-19.09.35:935][829]LogActor: Warning: MyTowerNode_C /Game/Scenes/TCTD.TCTD:PersistentLevel.MyTowerNode16_26 has natively added scene component(s), but none of them were set as the actor's RootComponent - picking one arbitrarily
[2020.07.09-19.09.35:936][829]LogActor: Warning: MyTowerNode_C /Game/Scenes/TCTD.TCTD:PersistentLevel.MyTowerNode17_27 has natively added scene component(s), but none of them were set as the actor's RootComponent - picking one arbitrarily
[2020.07.09-19.09.35:937][829]LogActor: Warning: MyTowerNode_C /Game/Scenes/TCTD.TCTD:PersistentLevel.MyTowerNode18_30 has natively added scene component(s), but none of them were set as the actor's RootComponent - picking one arbitrarily
[2020.07.09-19.09.35:937][829]LogActor: Warning: MyTowerNode_C /Game/Scenes/TCTD.TCTD:PersistentLevel.MyTowerNode19_31 has natively added scene component(s), but none of them were set as the actor's RootComponent - picking one arbitrarily
[2020.07.09-19.09.35:939][829]LogActor: Warning: MyTowerNode_C /Game/Scenes/TCTD.TCTD:PersistentLevel.MyTowerNode20_34 has natively added scene component(s), but none of them were set as the actor's RootComponent - picking one arbitrarily
[2020.07.09-19.09.35:940][829]LogActor: Warning: MyTowerNode_C /Game/Scenes/TCTD.TCTD:PersistentLevel.MyTowerNode21_35 has natively added scene component(s), but none of them were set as the actor's RootComponent - picking one arbitrarily
[2020.07.09-19.09.35:940][829]LogActor: Warning: MyTowerNode_C /Game/Scenes/TCTD.TCTD:PersistentLevel.MyTowerNode22_38 has natively added scene component(s), but none of them were set as the actor's RootComponent - picking one arbitrarily
[2020.07.09-19.09.35:941][829]LogActor: Warning: MyTowerNode_C /Game/Scenes/TCTD.TCTD:PersistentLevel.MyTowerNode23_39 has natively added scene component(s), but none of them were set as the actor's RootComponent - picking one arbitrarily
[2020.07.09-19.09.35:942][829]LogActor: Warning: MyTowerNode_C /Game/Scenes/TCTD.TCTD:PersistentLevel.MyTowerNode24_45 has natively added scene component(s), but none of them were set as the actor's RootComponent - picking one arbitrarily
[2020.07.09-19.09.35:943][829]LogActor: Warning: MyTowerNode_C /Game/Scenes/TCTD.TCTD:PersistentLevel.MyTowerNode25_47 has natively added scene component(s), but none of them were set as the actor's RootComponent - picking one arbitrarily
[2020.07.09-19.09.35:944][829]LogActor: Warning: MyTowerNode_C /Game/Scenes/TCTD.TCTD:PersistentLevel.MyTowerNode3 has natively added scene component(s), but none of them were set as the actor's RootComponent - picking one arbitrarily
[2020.07.09-19.09.35:946][829]LogActor: Warning: MyTowerNode_C /Game/Scenes/TCTD.TCTD:PersistentLevel.MyTowerNode4_1 has natively added scene component(s), but none of them were set as the actor's RootComponent - picking one arbitrarily
[2020.07.09-19.09.35:947][829]LogActor: Warning: MyTowerNode_C /Game/Scenes/TCTD.TCTD:PersistentLevel.MyTowerNode5_4 has natively added scene component(s), but none of them were set as the actor's RootComponent - picking one arbitrarily
[2020.07.09-19.09.35:948][829]LogActor: Warning: MyTowerNode_C /Game/Scenes/TCTD.TCTD:PersistentLevel.MyTowerNode6_5 has natively added scene component(s), but none of them were set as the actor's RootComponent - picking one arbitrarily
[2020.07.09-19.09.35:948][829]LogActor: Warning: MyTowerNode_C /Game/Scenes/TCTD.TCTD:PersistentLevel.MyTowerNode7_8 has natively added scene component(s), but none of them were set as the actor's RootComponent - picking one arbitrarily
[2020.07.09-19.09.35:952][829]LogActor: Warning: MyTowerNode_C /Game/Scenes/TCTD.TCTD:PersistentLevel.MyTowerNode8_9 has natively added scene component(s), but none of them were set as the actor's RootComponent - picking one arbitrarily
[2020.07.09-19.09.35:953][829]LogActor: Warning: MyTowerNode_C /Game/Scenes/TCTD.TCTD:PersistentLevel.MyTowerNode11 has natively added scene component(s), but none of them were set as the actor's RootComponent - picking one arbitrarily
[2020.07.09-19.09.35:955][829]LogActor: Warning: MyTowerNode_C /Engine/Transient.World_1:PersistentLevel.MyTowerNode_C_0 has natively added scene component(s), but none of them were set as the actor's RootComponent - picking one arbitrarily
[2020.07.09-19.09.35:969][829]LogContentBrowser: Native class hierarchy updated for 'TCTD' in 0.0005 seconds. Added 12 classes and 2 folders.
[2020.07.09-19.09.35:971][829]Display: HotReload successful (6 functions remapped  0 scriptstructs remapped)
[2020.07.09-19.09.36:038][829]LogContentBrowser: Native class hierarchy populated in 0.0143 seconds. Added 3439 classes and 823 folders.
[2020.07.09-19.09.36:039][829]Display: HotReload took 143.2s.
[2020.07.09-19.09.38:912][837]LogTemp: Repeating last play command: Selected Viewport
[2020.07.09-19.09.38:932][837]LogPlayLevel: PlayLevel: No blueprints needed recompiling
[2020.07.09-19.09.38:932][837]PIE: New page: PIE session: TCTD (Jul 9, 2020, 11:09:38 AM)
[2020.07.09-19.09.38:933][837]LogPlayLevel: Creating play world package: /Game/Scenes/UEDPIE_0_TCTD
[2020.07.09-19.09.38:937][837]LogPlayLevel: PIE: StaticDuplicateObject took: (0.004477s)
[2020.07.09-19.09.38:939][837]LogAIModule: Creating AISystem for world TCTD
[2020.07.09-19.09.38:939][837]LogAISub: UAISubsystem::UAISubsystem EnvQueryManager (000001541B03BE00), frame # 5837
[2020.07.09-19.09.38:939][837]LogAISub: UAISubsystem::UAISubsystem AIPerceptionSystem (000001540422CE00), frame # 5837
[2020.07.09-19.09.38:939][837]LogPlayLevel: PIE: World Init took: (0.002117s)
[2020.07.09-19.09.38:939][837]LogPlayLevel: PIE: Created PIE world by copying editor world from /Game/Scenes/TCTD.TCTD to /Game/Scenes/UEDPIE_0_TCTD.TCTD (0.006794s)
[2020.07.09-19.09.38:949][837]LogUObjectHash: Compacting FUObjectHashTables data took   1.10ms
[2020.07.09-19.09.38:951][837]LogAudioMixer: Display: Audio Mixer Platform Settings:
[2020.07.09-19.09.38:951][837]LogAudioMixer: Display: 	Sample Rate:						  48000
[2020.07.09-19.09.38:951][837]LogAudioMixer: Display: 	Callback Buffer Frame Size Requested: 1024
[2020.07.09-19.09.38:951][837]LogAudioMixer: Display: 	Callback Buffer Frame Size To Use:	  1024
[2020.07.09-19.09.38:951][837]LogAudioMixer: Display: 	Number of buffers to queue:			  2
[2020.07.09-19.09.38:951][837]LogAudioMixer: Display: 	Max Channels (voices):				  32
[2020.07.09-19.09.38:951][837]LogAudioMixer: Display: 	Number of Async Source Workers:		  0
[2020.07.09-19.09.38:951][837]LogAudio: Display: AudioDevice MaxSources: 32
[2020.07.09-19.09.38:952][837]LogAudio: Display: Using built-in audio occlusion.
[2020.07.09-19.09.38:952][837]LogAudioMixer: Display: Initializing audio mixer.
[2020.07.09-19.09.38:957][837]LogAudioMixer: Display: 0: FrontLeft
[2020.07.09-19.09.38:957][837]LogAudioMixer: Display: 1: FrontRight
[2020.07.09-19.09.38:992][837]LogAudioMixer: Display: Using Audio Device Headset Earphone (Razer Audio Controller - Chat)
[2020.07.09-19.09.38:993][837]LogAudioMixer: Display: Initializing Sound Submixes...
[2020.07.09-19.09.38:993][837]LogAudioMixer: Display: Creating Master Submix 'MasterSubmixDefault'
[2020.07.09-19.09.38:993][837]LogAudioMixer: Display: Creating Master Submix 'MasterReverbSubmixDefault'
[2020.07.09-19.09.38:993][837]LogAudioMixer: Display: Creating Master Submix 'MasterEQSubmixDefault'
[2020.07.09-19.09.39:017][837]LogInit: FAudioDevice initialized.
[2020.07.09-19.09.39:026][837]LogLoad: Game class is 'GameModeBase'
[2020.07.09-19.09.39:028][837]LogWorld: Bringing World /Game/Scenes/UEDPIE_0_TCTD.TCTD up for play (max tick rate 0) at 2020.07.09-15.09.39
[2020.07.09-19.09.39:029][837]LogWorld: Bringing up level for play took: 0.001974
[2020.07.09-19.09.39:029][837]LogOnline: OSS: Creating online subsystem instance for: :Context_9
[2020.07.09-19.09.39:032][837]PIE: Server logged in
[2020.07.09-19.09.39:033][837]PIE: Play in editor total start time 0.104 seconds.
[2020.07.09-19.09.48:411][967]LogWindows: Error: === Critical error: ===
[2020.07.09-19.09.48:411][967]LogWindows: Error: 
[2020.07.09-19.09.48:411][967]LogWindows: Error: Fatal error!
[2020.07.09-19.09.48:411][967]LogWindows: Error: 
[2020.07.09-19.09.48:411][967]LogWindows: Error: Unhandled Exception: EXCEPTION_ACCESS_VIOLATION reading address 0x00000164
[2020.07.09-19.09.48:411][967]LogWindows: Error: 
[2020.07.09-19.09.48:411][967]LogWindows: Error: [Callstack] 0x00007ffeb4fe7ebe UE4Editor-Engine.dll!UnknownFunction []
[2020.07.09-19.09.48:411][967]LogWindows: Error: [Callstack] 0x00007fff02da8fa2 UE4Editor-TCTD-9633.dll!APlayerPawn::RaycastToCheckIfNodeIsFree() [F:\TCTD\TCTD\Source\TCTD\PlayerPawn.cpp:115]
[2020.07.09-19.09.48:411][967]LogWindows: Error: [Callstack] 0x00007ffeb5d457da UE4Editor-Engine.dll!UnknownFunction []
[2020.07.09-19.09.48:411][967]LogWindows: Error: [Callstack] 0x00007ffeb5d712ee UE4Editor-Engine.dll!UnknownFunction []
[2020.07.09-19.09.48:411][967]LogWindows: Error: [Callstack] 0x00007ffeb5879138 UE4Editor-Engine.dll!UnknownFunction []
[2020.07.09-19.09.48:411][967]LogWindows: Error: [Callstack] 0x00007ffeb588c964 UE4Editor-Engine.dll!UnknownFunction []
[2020.07.09-19.09.48:411][967]LogWindows: Error: [Callstack] 0x00007ffeb58771cb UE4Editor-Engine.dll!UnknownFunction []
[2020.07.09-19.09.48:411][967]LogWindows: Error: [Callstack] 0x00007ffeb588ae31 UE4Editor-Engine.dll!UnknownFunction []
[2020.07.09-19.09.48:411][967]LogWindows: Error: [Callstack] 0x00007ffeb4b694c4 UE4Editor-Engine.dll!UnknownFunction []
[2020.07.09-19.09.48:411][967]LogWindows: Error: [Callstack] 0x00007ffeb5c2616f UE4Editor-Engine.dll!UnknownFunction []
[2020.07.09-19.09.48:411][967]LogWindows: Error: [Callstack] 0x00007ffeb5c2b1c7 UE4Editor-Engine.dll!UnknownFunction []
[2020.07.09-19.09.48:411][967]LogWindows: Error: [Callstack] 0x00007ffec5ef87d8 UE4Editor-Core.dll!UnknownFunction []
[2020.07.09-19.09.48:411][967]LogWindows: Error: [Callstack] 0x00007ffec5ef8aa3 UE4Editor-Core.dll!UnknownFunction []
[2020.07.09-19.09.48:411][967]LogWindows: Error: [Callstack] 0x00007ffec5f0f027 UE4Editor-Core.dll!UnknownFunction []
[2020.07.09-19.09.48:411][967]LogWindows: Error: [Callstack] 0x00007ffeb5c471b2 UE4Editor-Engine.dll!UnknownFunction []
[2020.07.09-19.09.48:411][967]LogWindows: Error: [Callstack] 0x00007ffeb5c4c47a UE4Editor-Engine.dll!UnknownFunction []
[2020.07.09-19.09.48:411][967]LogWindows: Error: [Callstack] 0x00007ffeb540c43f UE4Editor-Engine.dll!UnknownFunction []
[2020.07.09-19.09.48:411][967]LogWindows: Error: [Callstack] 0x00007ffeb5416cd7 UE4Editor-Engine.dll!UnknownFunction []
[2020.07.09-19.09.48:411][967]LogWindows: Error: [Callstack] 0x00007ffeb0d4a737 UE4Editor-UnrealEd.dll!UnknownFunction []
[2020.07.09-19.09.48:411][967]LogWindows: Error: [Callstack] 0x00007ffeb16200d6 UE4Editor-UnrealEd.dll!UnknownFunction []
[2020.07.09-19.09.48:411][967]LogWindows: Error: [Callstack] 0x00007ff7f1397800 UE4Editor.exe!UnknownFunction []
[2020.07.09-19.09.48:411][967]LogWindows: Error: [Callstack] 0x00007ff7f13aba7c UE4Editor.exe!UnknownFunction []
[2020.07.09-19.09.48:411][967]LogWindows: Error: [Callstack] 0x00007ff7f13abb5a UE4Editor.exe!UnknownFunction []
[2020.07.09-19.09.48:411][967]LogWindows: Error: [Callstack] 0x00007ff7f13be31d UE4Editor.exe!UnknownFunction []
[2020.07.09-19.09.48:411][967]LogWindows: Error: [Callstack] 0x00007ff7f13c145a UE4Editor.exe!UnknownFunction []
[2020.07.09-19.09.48:411][967]LogWindows: Error: [Callstack] 0x00007fff3f147bd4 KERNEL32.DLL!UnknownFunction []
[2020.07.09-19.09.48:411][967]LogWindows: Error: [Callstack] 0x00007fff40dece51 ntdll.dll!UnknownFunction []
[2020.07.09-19.09.48:411][967]LogWindows: Error: 
[2020.07.09-19.09.48:462][967]LogExit: Executing StaticShutdownAfterError
[2020.07.09-19.09.48:475][967]LogWindows: FPlatformMisc::RequestExit(1)
[2020.07.09-19.09.48:475][967]LogCore: Engine exit requested (reason: Win RequestExit)
[2020.07.09-19.09.48:503][967]Log file closed, 07/09/20 15:09:48
