Log file open, 06/28/20 11:47:39
LogInit: Display: Running engine for game: TCTD
LogPlatformFile: Not using cached read wrapper
LogTaskGraph: Started task graph with 5 named threads and 14 total threads with 3 sets of task threads.
LogStats: Stats thread started at 5.331179
LogD3D11RHI: Loaded GFSDK_Aftermath_Lib.x64.dll
LogICUInternationalization: ICU TimeZone Detection - Raw Offset: -5:00, Platform Override: ''
LogPluginManager: Mounting plugin Paper2D
LogPluginManager: Mounting plugin AISupport
LogPluginManager: Mounting plugin LightPropagationVolume
LogPluginManager: Mounting plugin CameraShakePreviewer
LogPluginManager: Mounting plugin ActorLayerUtilities
LogPluginManager: Mounting plugin AnimationSharing
LogPluginManager: Mounting plugin CLionSourceCodeAccess
LogPluginManager: Mounting plugin CodeLiteSourceCodeAccess
LogPluginManager: Mounting plugin GitSourceControl
LogPluginManager: Mounting plugin KDevelopSourceCodeAccess
LogPluginManager: Mounting plugin NullSourceCodeAccess
LogPluginManager: Mounting plugin PerforceSourceControl
LogPluginManager: Mounting plugin PlasticSourceControl
LogPluginManager: Mounting plugin RiderSourceCodeAccess
LogPluginManager: Mounting plugin SubversionSourceControl
LogPluginManager: Mounting plugin UObjectPlugin
LogPluginManager: Mounting plugin VisualStudioCodeSourceCodeAccess
LogPluginManager: Mounting plugin VisualStudioSourceCodeAccess
LogPluginManager: Mounting plugin XCodeSourceCodeAccess
LogPluginManager: Mounting plugin AssetManagerEditor
LogPluginManager: Mounting plugin CryptoKeys
LogPluginManager: Mounting plugin CurveEditorTools
LogPluginManager: Mounting plugin DataValidation
LogPluginManager: Mounting plugin EditorScriptingUtilities
LogPluginManager: Mounting plugin FacialAnimation
LogPluginManager: Mounting plugin GameplayTagsEditor
LogPluginManager: Mounting plugin GeometryMode
LogPluginManager: Mounting plugin MacGraphicsSwitching
LogPluginManager: Mounting plugin MaterialAnalyzer
LogPluginManager: Mounting plugin MobileLauncherProfileWizard
LogPluginManager: Mounting plugin PluginBrowser
LogPluginManager: Mounting plugin SpeedTreeImporter
LogPluginManager: Mounting plugin DatasmithContent
LogPluginManager: Mounting plugin VariantManagerContent
LogPluginManager: Mounting plugin AlembicImporter
LogPluginManager: Mounting plugin AutomationUtils
LogPluginManager: Mounting plugin BackChannel
LogPluginManager: Mounting plugin ChaosCloth
LogPluginManager: Mounting plugin ChaosClothEditor
LogPluginManager: Mounting plugin ChaosEditor
LogPluginManager: Mounting plugin ChaosNiagara
LogPluginManager: Mounting plugin ChaosSolverPlugin
LogPluginManager: Mounting plugin CharacterAI
LogPluginManager: Mounting plugin GeometryCache
LogPluginManager: Mounting plugin GeometryCollectionPlugin
LogPluginManager: Mounting plugin GeometryProcessing
LogPluginManager: Mounting plugin PlanarCut
LogPluginManager: Mounting plugin PlatformCrypto
LogPluginManager: Mounting plugin ProxyLODPlugin
LogPluginManager: Mounting plugin SkeletalReduction
LogPluginManager: Mounting plugin Niagara
LogPluginManager: Mounting plugin MagicLeap
LogPluginManager: Mounting plugin MagicLeapLightEstimation
LogPluginManager: Mounting plugin MagicLeapMedia
LogPluginManager: Mounting plugin MagicLeapPassableWorld
LogPluginManager: Mounting plugin MLSDK
LogPluginManager: Mounting plugin AndroidMedia
LogPluginManager: Mounting plugin AvfMedia
LogPluginManager: Mounting plugin ImgMedia
LogPluginManager: Mounting plugin MediaCompositing
LogPluginManager: Mounting plugin MediaPlayerEditor
LogPluginManager: Mounting plugin WebMMedia
LogPluginManager: Mounting plugin WmfMedia
LogPluginManager: Mounting plugin MeshPainting
LogPluginManager: Mounting plugin TcpMessaging
LogPluginManager: Mounting plugin UdpMessaging
LogPluginManager: Mounting plugin ActorSequence
LogPluginManager: Mounting plugin LevelSequenceEditor
LogPluginManager: Mounting plugin MatineeToLevelSequence
LogPluginManager: Mounting plugin MovieRenderPipeline
LogPluginManager: Mounting plugin TemplateSequence
LogPluginManager: Mounting plugin NetcodeUnitTest
LogPluginManager: Mounting plugin NUTUnrealEngine4
LogPluginManager: Mounting plugin OnlineSubsystemGooglePlay
LogPluginManager: Mounting plugin OnlineSubsystemIOS
LogPluginManager: Mounting plugin OnlineSubsystem
LogPluginManager: Mounting plugin OnlineSubsystemNull
LogPluginManager: Mounting plugin OnlineSubsystemUtils
LogPluginManager: Mounting plugin LauncherChunkInstaller
LogPluginManager: Mounting plugin AndroidDeviceProfileSelector
LogPluginManager: Mounting plugin AndroidMoviePlayer
LogPluginManager: Mounting plugin AndroidPermission
LogPluginManager: Mounting plugin AppleImageUtils
LogPluginManager: Mounting plugin AppleMoviePlayer
LogPluginManager: Mounting plugin ArchVisCharacter
LogPluginManager: Mounting plugin AssetTags
LogPluginManager: Mounting plugin AudioCapture
LogPluginManager: Mounting plugin CableComponent
LogPluginManager: Mounting plugin CustomMeshComponent
LogPluginManager: Mounting plugin EditableMesh
LogPluginManager: Mounting plugin ExampleDeviceProfileSelector
LogPluginManager: Mounting plugin GoogleCloudMessaging
LogPluginManager: Mounting plugin GooglePAD
LogPluginManager: Mounting plugin IOSDeviceProfileSelector
LogPluginManager: Mounting plugin LinuxDeviceProfileSelector
LogPluginManager: Mounting plugin LocationServicesBPLibrary
LogPluginManager: Mounting plugin MobilePatchingUtils
LogPluginManager: Mounting plugin OculusVR
LogPluginManager: Mounting plugin PhysXVehicles
LogPluginManager: Mounting plugin PostSplashScreen
LogPluginManager: Mounting plugin ProceduralMeshComponent
LogPluginManager: Mounting plugin RuntimePhysXCooking
LogPluginManager: Mounting plugin SignificanceManager
LogPluginManager: Mounting plugin SoundFields
LogPluginManager: Mounting plugin SteamVR
LogPluginManager: Mounting plugin Synthesis
LogPluginManager: Mounting plugin WebMMoviePlayer
LogPluginManager: Mounting plugin WindowsMoviePlayer
LogPluginManager: Mounting plugin ScreenshotTools
LogInit: Using libcurl 7.55.1-DEV
LogInit:  - built for x86_64-pc-win32
LogInit:  - supports SSL with OpenSSL/1.1.1
LogInit:  - supports HTTP deflate (compression) using libz 1.2.8
LogInit:  - other features:
LogInit:      CURL_VERSION_SSL
LogInit:      CURL_VERSION_LIBZ
LogInit:      CURL_VERSION_IPV6
LogInit:      CURL_VERSION_ASYNCHDNS
LogInit:      CURL_VERSION_LARGEFILE
LogInit:      CURL_VERSION_IDN
LogInit:  CurlRequestOptions (configurable via config and command line):
LogInit:  - bVerifyPeer = true  - Libcurl will verify peer certificate
LogInit:  - bUseHttpProxy = false  - Libcurl will NOT use HTTP proxy
LogInit:  - bDontReuseConnections = false  - Libcurl will reuse connections
LogInit:  - MaxHostConnections = 16  - Libcurl will limit the number of connections to a host
LogInit:  - LocalHostAddr = Default
LogInit:  - BufferSize = 65536
LogOnline: OSS: Creating online subsystem instance for: NULL
LogInit: WinSock: version 1.1 (2.2), MaxSocks=32767, MaxUdp=65467
LogOnline: OSS: TryLoadSubsystemAndSetDefault: Loaded subsystem for module [NULL]
LogInit: Build: ++UE4+Release-4.25-CL-13594126
LogInit: Engine Version: 4.25.1-13594126+++UE4+Release-4.25
LogInit: Compatible Engine Version: 4.25.0-13144385+++UE4+Release-4.25
LogInit: Net CL: 13144385
LogInit: OS: Windows 10 (Release 1903) (), CPU: AMD Ryzen 3 2200G with Radeon Vega Graphics    , GPU: NVIDIA GeForce GTX 1660 Ti
LogInit: Compiled (64-bit): Jun  2 2020 02:10:36
LogInit: Compiled with Visual C++: 19.24.28315.00
LogInit: Build Configuration: Development
LogInit: Branch Name: ++UE4+Release-4.25
LogInit: Command Line: 
LogInit: Base Directory: F:/UE_4.25/Engine/Binaries/Win64/
LogInit: Allocator: TBB
LogInit: Installed Engine Build: 1
LogDevObjectVersion: Number of dev versions registered: 26
LogDevObjectVersion:   Dev-Blueprints (B0D832E4-1F89-4F0D-ACCF-7EB736FD4AA2): 10
LogDevObjectVersion:   Dev-Build (E1C64328-A22C-4D53-A36C-8E866417BD8C): 0
LogDevObjectVersion:   Dev-Core (375EC13C-06E4-48FB-B500-84F0262A717E): 4
LogDevObjectVersion:   Dev-Editor (E4B068ED-F494-42E9-A231-DA0B2E46BB41): 38
LogDevObjectVersion:   Dev-Framework (CFFC743F-43B0-4480-9391-14DF171D2073): 37
LogDevObjectVersion:   Dev-Mobile (B02B49B5-BB20-44E9-A304-32B752E40360): 2
LogDevObjectVersion:   Dev-Networking (A4E4105C-59A1-49B5-A7C5-40C4547EDFEE): 0
LogDevObjectVersion:   Dev-Online (39C831C9-5AE6-47DC-9A44-9C173E1C8E7C): 0
LogDevObjectVersion:   Dev-Physics (78F01B33-EBEA-4F98-B9B4-84EACCB95AA2): 4
LogDevObjectVersion:   Dev-Platform (6631380F-2D4D-43E0-8009-CF276956A95A): 0
LogDevObjectVersion:   Dev-Rendering (12F88B9F-8875-4AFC-A67C-D90C383ABD29): 43
LogDevObjectVersion:   Dev-Sequencer (7B5AE74C-D270-4C10-A958-57980B212A5A): 12
LogDevObjectVersion:   Dev-VR (D7296918-1DD6-4BDD-9DE2-64A83CC13884): 3
LogDevObjectVersion:   Dev-LoadTimes (C2A15278-BFE7-4AFE-6C17-90FF531DF755): 1
LogDevObjectVersion:   Private-Geometry (6EACA3D4-40EC-4CC1-B786-8BED09428FC5): 3
LogDevObjectVersion:   Dev-AnimPhys (29E575DD-E0A3-4627-9D10-D276232CDCEA): 17
LogDevObjectVersion:   Dev-Anim (AF43A65D-7FD3-4947-9873-3E8ED9C1BB05): 7
LogDevObjectVersion:   Dev-ReflectionCapture (6B266CEC-1EC7-4B8F-A30B-E4D90942FC07): 1
LogDevObjectVersion:   Dev-Automation (0DF73D61-A23F-47EA-B727-89E90C41499A): 1
LogDevObjectVersion:   FortniteMain (601D1886-AC64-4F84-AA16-D3DE0DEAC7D6): 31
LogDevObjectVersion:   Dev-Enterprise (9DFFBCD6-494F-0158-E221-12823C92A888): 10
LogDevObjectVersion:   Dev-Niagara (F2AED0AC-9AFE-416F-8664-AA7FFA26D6FC): 1
LogDevObjectVersion:   Dev-Destruction (174F1F0B-B4C6-45A5-B13F-2EE8D0FB917D): 10
LogDevObjectVersion:   Dev-Physics-Ext (35F94A83-E258-406C-A318-09F59610247C): 37
LogDevObjectVersion:   Dev-PhysicsMaterial-Chaos (B68FC16E-8B1B-42E2-B453-215C058844FE): 1
LogDevObjectVersion:   Dev-CineCamera (B2E18506-4273-CFC2-A54E-F4BB758BBA07): 1
LogInit: Presizing for max 25165824 objects, including 0 objects not considered by GC, pre-allocating 0 bytes for permanent pool.
LogConfig: Applying CVar settings from Section [/Script/Engine.StreamingSettings] File [F:/TCTD/TCTD/Saved/Config/Windows/Engine.ini]
LogConfig: Setting CVar [[s.MinBulkDataSizeForAsyncLoading:131072]]
LogConfig: Setting CVar [[s.AsyncLoadingThreadEnabled:0]]
LogConfig: Setting CVar [[s.EventDrivenLoaderEnabled:1]]
LogConfig: Setting CVar [[s.WarnIfTimeLimitExceeded:0]]
LogConfig: Setting CVar [[s.TimeLimitExceededMultiplier:1.5]]
LogConfig: Setting CVar [[s.TimeLimitExceededMinTime:0.005]]
LogConfig: Setting CVar [[s.UseBackgroundLevelStreaming:1]]
LogConfig: Setting CVar [[s.PriorityAsyncLoadingExtraTime:15.0]]
LogConfig: Setting CVar [[s.LevelStreamingActorsUpdateTimeLimit:5.0]]
LogConfig: Setting CVar [[s.PriorityLevelStreamingActorsUpdateExtraTime:5.0]]
LogConfig: Setting CVar [[s.LevelStreamingComponentsRegistrationGranularity:10]]
LogConfig: Setting CVar [[s.UnregisterComponentsTimeLimit:1.0]]
LogConfig: Setting CVar [[s.LevelStreamingComponentsUnregistrationGranularity:5]]
LogConfig: Setting CVar [[s.FlushStreamingOnExit:1]]
LogInit: Object subsystem initialized
LogConfig: Setting CVar [[con.DebugEarlyDefault:1]]
LogConfig: Setting CVar [[r.setres:1280x720]]
[2020.06.28-15.47.39:792][  0]LogConfig: Setting CVar [[r.VSync:0]]
[2020.06.28-15.47.39:792][  0]LogConfig: Setting CVar [[r.RHICmdBypass:0]]
[2020.06.28-15.47.39:793][  0]LogConfig: Applying CVar settings from Section [/Script/Engine.RendererSettings] File [F:/TCTD/TCTD/Saved/Config/Windows/Engine.ini]
[2020.06.28-15.47.39:793][  0]LogConfig: Setting CVar [[r.GPUCrashDebugging:0]]
[2020.06.28-15.47.39:793][  0]LogConfig: Applying CVar settings from Section [/Script/Engine.RendererOverrideSettings] File [F:/TCTD/TCTD/Saved/Config/Windows/Engine.ini]
[2020.06.28-15.47.39:793][  0]LogConfig: Applying CVar settings from Section [/Script/Engine.StreamingSettings] File [F:/TCTD/TCTD/Saved/Config/Windows/Engine.ini]
[2020.06.28-15.47.39:793][  0]LogConfig: Setting CVar [[s.MinBulkDataSizeForAsyncLoading:131072]]
[2020.06.28-15.47.39:793][  0]LogConfig: Setting CVar [[s.AsyncLoadingThreadEnabled:0]]
[2020.06.28-15.47.39:793][  0]LogConfig: Setting CVar [[s.EventDrivenLoaderEnabled:1]]
[2020.06.28-15.47.39:793][  0]LogConfig: Setting CVar [[s.WarnIfTimeLimitExceeded:0]]
[2020.06.28-15.47.39:793][  0]LogConfig: Setting CVar [[s.TimeLimitExceededMultiplier:1.5]]
[2020.06.28-15.47.39:793][  0]LogConfig: Setting CVar [[s.TimeLimitExceededMinTime:0.005]]
[2020.06.28-15.47.39:793][  0]LogConfig: Setting CVar [[s.UseBackgroundLevelStreaming:1]]
[2020.06.28-15.47.39:793][  0]LogConfig: Setting CVar [[s.PriorityAsyncLoadingExtraTime:15.0]]
[2020.06.28-15.47.39:793][  0]LogConfig: Setting CVar [[s.LevelStreamingActorsUpdateTimeLimit:5.0]]
[2020.06.28-15.47.39:793][  0]LogConfig: Setting CVar [[s.PriorityLevelStreamingActorsUpdateExtraTime:5.0]]
[2020.06.28-15.47.39:793][  0]LogConfig: Setting CVar [[s.LevelStreamingComponentsRegistrationGranularity:10]]
[2020.06.28-15.47.39:793][  0]LogConfig: Setting CVar [[s.UnregisterComponentsTimeLimit:1.0]]
[2020.06.28-15.47.39:793][  0]LogConfig: Setting CVar [[s.LevelStreamingComponentsUnregistrationGranularity:5]]
[2020.06.28-15.47.39:793][  0]LogConfig: Setting CVar [[s.FlushStreamingOnExit:1]]
[2020.06.28-15.47.39:793][  0]LogConfig: Applying CVar settings from Section [/Script/Engine.GarbageCollectionSettings] File [F:/TCTD/TCTD/Saved/Config/Windows/Engine.ini]
[2020.06.28-15.47.39:793][  0]LogConfig: Setting CVar [[gc.MaxObjectsNotConsideredByGC:1]]
[2020.06.28-15.47.39:793][  0]LogConfig: Setting CVar [[gc.SizeOfPermanentObjectPool:0]]
[2020.06.28-15.47.39:793][  0]LogConfig: Setting CVar [[gc.FlushStreamingOnGC:0]]
[2020.06.28-15.47.39:793][  0]LogConfig: Setting CVar [[gc.NumRetriesBeforeForcingGC:10]]
[2020.06.28-15.47.39:793][  0]LogConfig: Setting CVar [[gc.AllowParallelGC:1]]
[2020.06.28-15.47.39:793][  0]LogConfig: Setting CVar [[gc.TimeBetweenPurgingPendingKillObjects:61.1]]
[2020.06.28-15.47.39:793][  0]LogConfig: Setting CVar [[gc.MaxObjectsInEditor:25165824]]
[2020.06.28-15.47.39:793][  0]LogConfig: Setting CVar [[gc.IncrementalBeginDestroyEnabled:1]]
[2020.06.28-15.47.39:793][  0]LogConfig: Setting CVar [[gc.CreateGCClusters:1]]
[2020.06.28-15.47.39:793][  0]LogConfig: Setting CVar [[gc.MinGCClusterSize:5]]
[2020.06.28-15.47.39:793][  0]LogConfig: Setting CVar [[gc.ActorClusteringEnabled:0]]
[2020.06.28-15.47.39:793][  0]LogConfig: Setting CVar [[gc.BlueprintClusteringEnabled:0]]
[2020.06.28-15.47.39:793][  0]LogConfig: Setting CVar [[gc.UseDisregardForGCOnDedicatedServers:0]]
[2020.06.28-15.47.39:793][  0]LogConfig: Applying CVar settings from Section [/Script/Engine.NetworkSettings] File [F:/TCTD/TCTD/Saved/Config/Windows/Engine.ini]
[2020.06.28-15.47.39:793][  0]LogConfig: Applying CVar settings from Section [/Script/UnrealEd.CookerSettings] File [F:/TCTD/TCTD/Saved/Config/Windows/Engine.ini]
[2020.06.28-15.47.39:799][  0]LogConfig: Applying CVar settings from Section [ViewDistanceQuality@3] File [F:/TCTD/TCTD/Saved/Config/Windows/Scalability.ini]
[2020.06.28-15.47.39:799][  0]LogConfig: Setting CVar [[r.SkeletalMeshLODBias:0]]
[2020.06.28-15.47.39:799][  0]LogConfig: Setting CVar [[r.ViewDistanceScale:1.0]]
[2020.06.28-15.47.39:799][  0]LogConfig: Applying CVar settings from Section [AntiAliasingQuality@3] File [F:/TCTD/TCTD/Saved/Config/Windows/Scalability.ini]
[2020.06.28-15.47.39:799][  0]LogConfig: Setting CVar [[r.PostProcessAAQuality:4]]
[2020.06.28-15.47.39:799][  0]LogConfig: Applying CVar settings from Section [ShadowQuality@3] File [F:/TCTD/TCTD/Saved/Config/Windows/Scalability.ini]
[2020.06.28-15.47.39:799][  0]LogConfig: Setting CVar [[r.LightFunctionQuality:1]]
[2020.06.28-15.47.39:799][  0]LogConfig: Setting CVar [[r.ShadowQuality:5]]
[2020.06.28-15.47.39:799][  0]LogConfig: Setting CVar [[r.Shadow.CSM.MaxCascades:10]]
[2020.06.28-15.47.39:799][  0]LogConfig: Setting CVar [[r.Shadow.MaxResolution:2048]]
[2020.06.28-15.47.39:799][  0]LogConfig: Setting CVar [[r.Shadow.MaxCSMResolution:2048]]
[2020.06.28-15.47.39:799][  0]LogConfig: Setting CVar [[r.Shadow.RadiusThreshold:0.01]]
[2020.06.28-15.47.39:799][  0]LogConfig: Setting CVar [[r.Shadow.DistanceScale:1.0]]
[2020.06.28-15.47.39:799][  0]LogConfig: Setting CVar [[r.Shadow.CSM.TransitionScale:1.0]]
[2020.06.28-15.47.39:799][  0]LogConfig: Setting CVar [[r.Shadow.PreShadowResolutionFactor:1.0]]
[2020.06.28-15.47.39:799][  0]LogConfig: Setting CVar [[r.DistanceFieldShadowing:1]]
[2020.06.28-15.47.39:799][  0]LogConfig: Setting CVar [[r.DistanceFieldAO:1]]
[2020.06.28-15.47.39:799][  0]LogConfig: Setting CVar [[r.AOQuality:2]]
[2020.06.28-15.47.39:799][  0]LogConfig: Setting CVar [[r.VolumetricFog:1]]
[2020.06.28-15.47.39:799][  0]LogConfig: Setting CVar [[r.VolumetricFog.GridPixelSize:8]]
[2020.06.28-15.47.39:799][  0]LogConfig: Setting CVar [[r.VolumetricFog.GridSizeZ:128]]
[2020.06.28-15.47.39:799][  0]LogConfig: Setting CVar [[r.VolumetricFog.HistoryMissSupersampleCount:4]]
[2020.06.28-15.47.39:799][  0]LogConfig: Setting CVar [[r.LightMaxDrawDistanceScale:1]]
[2020.06.28-15.47.39:800][  0]LogConfig: Setting CVar [[r.CapsuleShadows:1]]
[2020.06.28-15.47.39:800][  0]LogConfig: Applying CVar settings from Section [PostProcessQuality@3] File [F:/TCTD/TCTD/Saved/Config/Windows/Scalability.ini]
[2020.06.28-15.47.39:800][  0]LogConfig: Setting CVar [[r.MotionBlurQuality:4]]
[2020.06.28-15.47.39:800][  0]LogConfig: Setting CVar [[r.AmbientOcclusionMipLevelFactor:0.4]]
[2020.06.28-15.47.39:800][  0]LogConfig: Setting CVar [[r.AmbientOcclusionMaxQuality:100]]
[2020.06.28-15.47.39:800][  0]LogConfig: Setting CVar [[r.AmbientOcclusionLevels:-1]]
[2020.06.28-15.47.39:800][  0]LogConfig: Setting CVar [[r.AmbientOcclusionRadiusScale:1.0]]
[2020.06.28-15.47.39:800][  0]LogConfig: Setting CVar [[r.DepthOfFieldQuality:2]]
[2020.06.28-15.47.39:800][  0]LogConfig: Setting CVar [[r.RenderTargetPoolMin:400]]
[2020.06.28-15.47.39:800][  0]LogConfig: Setting CVar [[r.LensFlareQuality:2]]
[2020.06.28-15.47.39:800][  0]LogConfig: Setting CVar [[r.SceneColorFringeQuality:1]]
[2020.06.28-15.47.39:800][  0]LogConfig: Setting CVar [[r.EyeAdaptationQuality:2]]
[2020.06.28-15.47.39:800][  0]LogConfig: Setting CVar [[r.BloomQuality:5]]
[2020.06.28-15.47.39:800][  0]LogConfig: Setting CVar [[r.FastBlurThreshold:100]]
[2020.06.28-15.47.39:800][  0]LogConfig: Setting CVar [[r.Upscale.Quality:3]]
[2020.06.28-15.47.39:800][  0]LogConfig: Setting CVar [[r.Tonemapper.GrainQuantization:1]]
[2020.06.28-15.47.39:800][  0]LogConfig: Setting CVar [[r.LightShaftQuality:1]]
[2020.06.28-15.47.39:800][  0]LogConfig: Setting CVar [[r.Filter.SizeScale:1]]
[2020.06.28-15.47.39:800][  0]LogConfig: Setting CVar [[r.Tonemapper.Quality:5]]
[2020.06.28-15.47.39:800][  0]LogConfig: Setting CVar [[r.DOF.Gather.AccumulatorQuality:1        ; higher gathering accumulator quality]]
[2020.06.28-15.47.39:800][  0]LogConfig: Setting CVar [[r.DOF.Gather.PostfilterMethod:1          ; Median3x3 postfilering method]]
[2020.06.28-15.47.39:800][  0]LogConfig: Setting CVar [[r.DOF.Gather.EnableBokehSettings:0       ; no bokeh simulation when gathering]]
[2020.06.28-15.47.39:800][  0]LogConfig: Setting CVar [[r.DOF.Gather.RingCount:4                 ; medium number of samples when gathering]]
[2020.06.28-15.47.39:800][  0]LogConfig: Setting CVar [[r.DOF.Scatter.ForegroundCompositing:1    ; additive foreground scattering]]
[2020.06.28-15.47.39:800][  0]LogConfig: Setting CVar [[r.DOF.Scatter.BackgroundCompositing:2    ; additive background scattering]]
[2020.06.28-15.47.39:800][  0]LogConfig: Setting CVar [[r.DOF.Scatter.EnableBokehSettings:1      ; bokeh simulation when scattering]]
[2020.06.28-15.47.39:800][  0]LogConfig: Setting CVar [[r.DOF.Scatter.MaxSpriteRatio:0.1         ; only a maximum of 10% of scattered bokeh]]
[2020.06.28-15.47.39:800][  0]LogConfig: Setting CVar [[r.DOF.Recombine.Quality:1                ; cheap slight out of focus]]
[2020.06.28-15.47.39:800][  0]LogConfig: Setting CVar [[r.DOF.Recombine.EnableBokehSettings:0    ; no bokeh simulation on slight out of focus]]
[2020.06.28-15.47.39:800][  0]LogConfig: Setting CVar [[r.DOF.TemporalAAQuality:1                ; more stable temporal accumulation]]
[2020.06.28-15.47.39:800][  0]LogConfig: Setting CVar [[r.DOF.Kernel.MaxForegroundRadius:0.025]]
[2020.06.28-15.47.39:800][  0]LogConfig: Setting CVar [[r.DOF.Kernel.MaxBackgroundRadius:0.025]]
[2020.06.28-15.47.39:800][  0]LogConfig: Applying CVar settings from Section [TextureQuality@3] File [F:/TCTD/TCTD/Saved/Config/Windows/Scalability.ini]
[2020.06.28-15.47.39:800][  0]LogConfig: Setting CVar [[r.Streaming.MipBias:0]]
[2020.06.28-15.47.39:800][  0]LogConfig: Setting CVar [[r.Streaming.AmortizeCPUToGPUCopy:0]]
[2020.06.28-15.47.39:800][  0]LogConfig: Setting CVar [[r.Streaming.MaxNumTexturesToStreamPerFrame:0]]
[2020.06.28-15.47.39:800][  0]LogConfig: Setting CVar [[r.Streaming.Boost:1]]
[2020.06.28-15.47.39:800][  0]LogConfig: Setting CVar [[r.MaxAnisotropy:8]]
[2020.06.28-15.47.39:800][  0]LogConfig: Setting CVar [[r.VT.MaxAnisotropy:8]]
[2020.06.28-15.47.39:800][  0]LogConfig: Setting CVar [[r.Streaming.LimitPoolSizeToVRAM:0]]
[2020.06.28-15.47.39:800][  0]LogConfig: Setting CVar [[r.Streaming.PoolSize:1000]]
[2020.06.28-15.47.39:800][  0]LogConfig: Setting CVar [[r.Streaming.MaxEffectiveScreenSize:0]]
[2020.06.28-15.47.39:800][  0]LogConfig: Applying CVar settings from Section [EffectsQuality@3] File [F:/TCTD/TCTD/Saved/Config/Windows/Scalability.ini]
[2020.06.28-15.47.39:800][  0]LogConfig: Setting CVar [[r.TranslucencyLightingVolumeDim:64]]
[2020.06.28-15.47.39:800][  0]LogConfig: Setting CVar [[r.RefractionQuality:2]]
[2020.06.28-15.47.39:800][  0]LogConfig: Setting CVar [[r.SSR.Quality:3]]
[2020.06.28-15.47.39:800][  0]LogConfig: Setting CVar [[r.SSR.HalfResSceneColor:0]]
[2020.06.28-15.47.39:800][  0]LogConfig: Setting CVar [[r.SceneColorFormat:4]]
[2020.06.28-15.47.39:800][  0]LogConfig: Setting CVar [[r.DetailMode:2]]
[2020.06.28-15.47.39:800][  0]LogConfig: Setting CVar [[r.TranslucencyVolumeBlur:1]]
[2020.06.28-15.47.39:800][  0]LogConfig: Setting CVar [[r.MaterialQualityLevel:1 ; High quality]]
[2020.06.28-15.47.39:800][  0]LogConfig: Setting CVar [[r.SSS.Scale:1]]
[2020.06.28-15.47.39:800][  0]LogConfig: Setting CVar [[r.SSS.SampleSet:2]]
[2020.06.28-15.47.39:800][  0]LogConfig: Setting CVar [[r.SSS.Quality:1]]
[2020.06.28-15.47.39:800][  0]LogConfig: Setting CVar [[r.SSS.HalfRes:0]]
[2020.06.28-15.47.39:800][  0]LogConfig: Setting CVar [[r.SSGI.Quality:3]]
[2020.06.28-15.47.39:800][  0]LogConfig: Setting CVar [[r.EmitterSpawnRateScale:1.0]]
[2020.06.28-15.47.39:800][  0]LogConfig: Setting CVar [[r.ParticleLightQuality:2]]
[2020.06.28-15.47.39:800][  0]LogConfig: Setting CVar [[r.SkyAtmosphere.AerialPerspectiveLUT.FastApplyOnOpaque:1 ; Always have FastSkyLUT 1 in this case to avoid wrong sky]]
[2020.06.28-15.47.39:800][  0]LogConfig: Setting CVar [[r.SkyAtmosphere.AerialPerspectiveLUT.SampleCountPerSlice:1]]
[2020.06.28-15.47.39:800][  0]LogConfig: Setting CVar [[r.SkyAtmosphere.AerialPerspectiveLUT.DepthResolution:16.0]]
[2020.06.28-15.47.39:800][  0]LogConfig: Setting CVar [[r.SkyAtmosphere.FastSkyLUT:1]]
[2020.06.28-15.47.39:800][  0]LogConfig: Setting CVar [[r.SkyAtmosphere.FastSkyLUT.SampleCountMin:4.0]]
[2020.06.28-15.47.39:800][  0]LogConfig: Setting CVar [[r.SkyAtmosphere.FastSkyLUT.SampleCountMax:32.0]]
[2020.06.28-15.47.39:800][  0]LogConfig: Setting CVar [[r.SkyAtmosphere.SampleCountMin:4.0]]
[2020.06.28-15.47.39:800][  0]LogConfig: Setting CVar [[r.SkyAtmosphere.SampleCountMax:32.0]]
[2020.06.28-15.47.39:801][  0]LogConfig: Setting CVar [[r.SkyAtmosphere.TransmittanceLUT.UseSmallFormat:0]]
[2020.06.28-15.47.39:801][  0]LogConfig: Setting CVar [[r.SkyAtmosphere.TransmittanceLUT.SampleCount:10.0]]
[2020.06.28-15.47.39:801][  0]LogConfig: Setting CVar [[r.SkyAtmosphere.MultiScatteringLUT.SampleCount:15.0]]
[2020.06.28-15.47.39:801][  0]LogConfig: Applying CVar settings from Section [FoliageQuality@3] File [F:/TCTD/TCTD/Saved/Config/Windows/Scalability.ini]
[2020.06.28-15.47.39:801][  0]LogConfig: Setting CVar [[foliage.DensityScale:1.0]]
[2020.06.28-15.47.39:801][  0]LogConfig: Setting CVar [[grass.DensityScale:1.0]]
[2020.06.28-15.47.39:801][  0]LogConfig: Applying CVar settings from Section [ShadingQuality@3] File [F:/TCTD/TCTD/Saved/Config/Windows/Scalability.ini]
[2020.06.28-15.47.39:801][  0]LogConfig: Setting CVar [[r.HairStrands.SkyLighting.SampleCount:16]]
[2020.06.28-15.47.39:801][  0]LogConfig: Setting CVar [[r.HairStrands.SkyLighting.JitterIntegration:0]]
[2020.06.28-15.47.39:801][  0]LogConfig: Setting CVar [[r.HairStrands.SkyAO.SampleCount:16]]
[2020.06.28-15.47.39:801][  0]LogConfig: Setting CVar [[r.HairStrands.DeepShadow.SuperSampling:0]]
[2020.06.28-15.47.39:801][  0]LogConfig: Setting CVar [[r.HairStrands.VisibilityPPLL:0]]
[2020.06.28-15.47.39:801][  0]LogConfig: Setting CVar [[r.HairStrands.RasterizationScale:0.5]]
[2020.06.28-15.47.39:801][  0]LogConfig: Setting CVar [[r.HairStrands.VelocityRasterizationScale:1]]
[2020.06.28-15.47.39:801][  0]LogInit: Selected Device Profile: [Windows]
[2020.06.28-15.47.39:801][  0]LogInit: Applying CVar settings loaded from the selected device profile: [Windows]
[2020.06.28-15.47.39:801][  0]LogHAL: Display: Platform has ~ 31 GB [33225981952 / 34359738368 / 31], which maps to Larger [LargestMinGB=32, LargerMinGB=12, DefaultMinGB=8, SmallerMinGB=6, SmallestMinGB=0)
[2020.06.28-15.47.39:801][  0]LogInit: Going up to parent DeviceProfile []
[2020.06.28-15.47.39:801][  0]LogConfig: Applying CVar settings from Section [ViewDistanceQuality@3] File [F:/TCTD/TCTD/Saved/Config/Windows/Scalability.ini]
[2020.06.28-15.47.39:801][  0]LogConfig: Setting CVar [[r.SkeletalMeshLODBias:0]]
[2020.06.28-15.47.39:801][  0]LogConfig: Setting CVar [[r.ViewDistanceScale:1.0]]
[2020.06.28-15.47.39:801][  0]LogConfig: Applying CVar settings from Section [AntiAliasingQuality@3] File [F:/TCTD/TCTD/Saved/Config/Windows/Scalability.ini]
[2020.06.28-15.47.39:801][  0]LogConfig: Setting CVar [[r.PostProcessAAQuality:4]]
[2020.06.28-15.47.39:801][  0]LogConfig: Applying CVar settings from Section [ShadowQuality@3] File [F:/TCTD/TCTD/Saved/Config/Windows/Scalability.ini]
[2020.06.28-15.47.39:801][  0]LogConfig: Setting CVar [[r.LightFunctionQuality:1]]
[2020.06.28-15.47.39:801][  0]LogConfig: Setting CVar [[r.ShadowQuality:5]]
[2020.06.28-15.47.39:801][  0]LogConfig: Setting CVar [[r.Shadow.CSM.MaxCascades:10]]
[2020.06.28-15.47.39:801][  0]LogConfig: Setting CVar [[r.Shadow.MaxResolution:2048]]
[2020.06.28-15.47.39:801][  0]LogConfig: Setting CVar [[r.Shadow.MaxCSMResolution:2048]]
[2020.06.28-15.47.39:801][  0]LogConfig: Setting CVar [[r.Shadow.RadiusThreshold:0.01]]
[2020.06.28-15.47.39:801][  0]LogConfig: Setting CVar [[r.Shadow.DistanceScale:1.0]]
[2020.06.28-15.47.39:801][  0]LogConfig: Setting CVar [[r.Shadow.CSM.TransitionScale:1.0]]
[2020.06.28-15.47.39:801][  0]LogConfig: Setting CVar [[r.Shadow.PreShadowResolutionFactor:1.0]]
[2020.06.28-15.47.39:801][  0]LogConfig: Setting CVar [[r.DistanceFieldShadowing:1]]
[2020.06.28-15.47.39:801][  0]LogConfig: Setting CVar [[r.DistanceFieldAO:1]]
[2020.06.28-15.47.39:801][  0]LogConfig: Setting CVar [[r.AOQuality:2]]
[2020.06.28-15.47.39:801][  0]LogConfig: Setting CVar [[r.VolumetricFog:1]]
[2020.06.28-15.47.39:801][  0]LogConfig: Setting CVar [[r.VolumetricFog.GridPixelSize:8]]
[2020.06.28-15.47.39:801][  0]LogConfig: Setting CVar [[r.VolumetricFog.GridSizeZ:128]]
[2020.06.28-15.47.39:801][  0]LogConfig: Setting CVar [[r.VolumetricFog.HistoryMissSupersampleCount:4]]
[2020.06.28-15.47.39:801][  0]LogConfig: Setting CVar [[r.LightMaxDrawDistanceScale:1]]
[2020.06.28-15.47.39:801][  0]LogConfig: Setting CVar [[r.CapsuleShadows:1]]
[2020.06.28-15.47.39:801][  0]LogConfig: Applying CVar settings from Section [PostProcessQuality@3] File [F:/TCTD/TCTD/Saved/Config/Windows/Scalability.ini]
[2020.06.28-15.47.39:802][  0]LogConfig: Setting CVar [[r.MotionBlurQuality:4]]
[2020.06.28-15.47.39:802][  0]LogConfig: Setting CVar [[r.AmbientOcclusionMipLevelFactor:0.4]]
[2020.06.28-15.47.39:802][  0]LogConfig: Setting CVar [[r.AmbientOcclusionMaxQuality:100]]
[2020.06.28-15.47.39:802][  0]LogConfig: Setting CVar [[r.AmbientOcclusionLevels:-1]]
[2020.06.28-15.47.39:802][  0]LogConfig: Setting CVar [[r.AmbientOcclusionRadiusScale:1.0]]
[2020.06.28-15.47.39:802][  0]LogConfig: Setting CVar [[r.DepthOfFieldQuality:2]]
[2020.06.28-15.47.39:802][  0]LogConfig: Setting CVar [[r.RenderTargetPoolMin:400]]
[2020.06.28-15.47.39:802][  0]LogConfig: Setting CVar [[r.LensFlareQuality:2]]
[2020.06.28-15.47.39:802][  0]LogConfig: Setting CVar [[r.SceneColorFringeQuality:1]]
[2020.06.28-15.47.39:802][  0]LogConfig: Setting CVar [[r.EyeAdaptationQuality:2]]
[2020.06.28-15.47.39:802][  0]LogConfig: Setting CVar [[r.BloomQuality:5]]
[2020.06.28-15.47.39:802][  0]LogConfig: Setting CVar [[r.FastBlurThreshold:100]]
[2020.06.28-15.47.39:802][  0]LogConfig: Setting CVar [[r.Upscale.Quality:3]]
[2020.06.28-15.47.39:802][  0]LogConfig: Setting CVar [[r.Tonemapper.GrainQuantization:1]]
[2020.06.28-15.47.39:802][  0]LogConfig: Setting CVar [[r.LightShaftQuality:1]]
[2020.06.28-15.47.39:802][  0]LogConfig: Setting CVar [[r.Filter.SizeScale:1]]
[2020.06.28-15.47.39:802][  0]LogConfig: Setting CVar [[r.Tonemapper.Quality:5]]
[2020.06.28-15.47.39:802][  0]LogConfig: Setting CVar [[r.DOF.Gather.AccumulatorQuality:1        ; higher gathering accumulator quality]]
[2020.06.28-15.47.39:802][  0]LogConfig: Setting CVar [[r.DOF.Gather.PostfilterMethod:1          ; Median3x3 postfilering method]]
[2020.06.28-15.47.39:802][  0]LogConfig: Setting CVar [[r.DOF.Gather.EnableBokehSettings:0       ; no bokeh simulation when gathering]]
[2020.06.28-15.47.39:802][  0]LogConfig: Setting CVar [[r.DOF.Gather.RingCount:4                 ; medium number of samples when gathering]]
[2020.06.28-15.47.39:802][  0]LogConfig: Setting CVar [[r.DOF.Scatter.ForegroundCompositing:1    ; additive foreground scattering]]
[2020.06.28-15.47.39:802][  0]LogConfig: Setting CVar [[r.DOF.Scatter.BackgroundCompositing:2    ; additive background scattering]]
[2020.06.28-15.47.39:802][  0]LogConfig: Setting CVar [[r.DOF.Scatter.EnableBokehSettings:1      ; bokeh simulation when scattering]]
[2020.06.28-15.47.39:802][  0]LogConfig: Setting CVar [[r.DOF.Scatter.MaxSpriteRatio:0.1         ; only a maximum of 10% of scattered bokeh]]
[2020.06.28-15.47.39:802][  0]LogConfig: Setting CVar [[r.DOF.Recombine.Quality:1                ; cheap slight out of focus]]
[2020.06.28-15.47.39:802][  0]LogConfig: Setting CVar [[r.DOF.Recombine.EnableBokehSettings:0    ; no bokeh simulation on slight out of focus]]
[2020.06.28-15.47.39:802][  0]LogConfig: Setting CVar [[r.DOF.TemporalAAQuality:1                ; more stable temporal accumulation]]
[2020.06.28-15.47.39:802][  0]LogConfig: Setting CVar [[r.DOF.Kernel.MaxForegroundRadius:0.025]]
[2020.06.28-15.47.39:802][  0]LogConfig: Setting CVar [[r.DOF.Kernel.MaxBackgroundRadius:0.025]]
[2020.06.28-15.47.39:802][  0]LogConfig: Applying CVar settings from Section [TextureQuality@3] File [F:/TCTD/TCTD/Saved/Config/Windows/Scalability.ini]
[2020.06.28-15.47.39:802][  0]LogConfig: Setting CVar [[r.Streaming.MipBias:0]]
[2020.06.28-15.47.39:802][  0]LogConfig: Setting CVar [[r.Streaming.AmortizeCPUToGPUCopy:0]]
[2020.06.28-15.47.39:802][  0]LogConfig: Setting CVar [[r.Streaming.MaxNumTexturesToStreamPerFrame:0]]
[2020.06.28-15.47.39:802][  0]LogConfig: Setting CVar [[r.Streaming.Boost:1]]
[2020.06.28-15.47.39:802][  0]LogConfig: Setting CVar [[r.MaxAnisotropy:8]]
[2020.06.28-15.47.39:802][  0]LogConfig: Setting CVar [[r.VT.MaxAnisotropy:8]]
[2020.06.28-15.47.39:802][  0]LogConfig: Setting CVar [[r.Streaming.LimitPoolSizeToVRAM:0]]
[2020.06.28-15.47.39:802][  0]LogConfig: Setting CVar [[r.Streaming.PoolSize:1000]]
[2020.06.28-15.47.39:802][  0]LogConfig: Setting CVar [[r.Streaming.MaxEffectiveScreenSize:0]]
[2020.06.28-15.47.39:802][  0]LogConfig: Applying CVar settings from Section [EffectsQuality@3] File [F:/TCTD/TCTD/Saved/Config/Windows/Scalability.ini]
[2020.06.28-15.47.39:802][  0]LogConfig: Setting CVar [[r.TranslucencyLightingVolumeDim:64]]
[2020.06.28-15.47.39:802][  0]LogConfig: Setting CVar [[r.RefractionQuality:2]]
[2020.06.28-15.47.39:802][  0]LogConfig: Setting CVar [[r.SSR.Quality:3]]
[2020.06.28-15.47.39:802][  0]LogConfig: Setting CVar [[r.SSR.HalfResSceneColor:0]]
[2020.06.28-15.47.39:802][  0]LogConfig: Setting CVar [[r.SceneColorFormat:4]]
[2020.06.28-15.47.39:802][  0]LogConfig: Setting CVar [[r.DetailMode:2]]
[2020.06.28-15.47.39:802][  0]LogConfig: Setting CVar [[r.TranslucencyVolumeBlur:1]]
[2020.06.28-15.47.39:802][  0]LogConfig: Setting CVar [[r.MaterialQualityLevel:1 ; High quality]]
[2020.06.28-15.47.39:802][  0]LogConfig: Setting CVar [[r.SSS.Scale:1]]
[2020.06.28-15.47.39:802][  0]LogConfig: Setting CVar [[r.SSS.SampleSet:2]]
[2020.06.28-15.47.39:802][  0]LogConfig: Setting CVar [[r.SSS.Quality:1]]
[2020.06.28-15.47.39:802][  0]LogConfig: Setting CVar [[r.SSS.HalfRes:0]]
[2020.06.28-15.47.39:802][  0]LogConfig: Setting CVar [[r.SSGI.Quality:3]]
[2020.06.28-15.47.39:802][  0]LogConfig: Setting CVar [[r.EmitterSpawnRateScale:1.0]]
[2020.06.28-15.47.39:802][  0]LogConfig: Setting CVar [[r.ParticleLightQuality:2]]
[2020.06.28-15.47.39:802][  0]LogConfig: Setting CVar [[r.SkyAtmosphere.AerialPerspectiveLUT.FastApplyOnOpaque:1 ; Always have FastSkyLUT 1 in this case to avoid wrong sky]]
[2020.06.28-15.47.39:803][  0]LogConfig: Setting CVar [[r.SkyAtmosphere.AerialPerspectiveLUT.SampleCountPerSlice:1]]
[2020.06.28-15.47.39:803][  0]LogConfig: Setting CVar [[r.SkyAtmosphere.AerialPerspectiveLUT.DepthResolution:16.0]]
[2020.06.28-15.47.39:803][  0]LogConfig: Setting CVar [[r.SkyAtmosphere.FastSkyLUT:1]]
[2020.06.28-15.47.39:803][  0]LogConfig: Setting CVar [[r.SkyAtmosphere.FastSkyLUT.SampleCountMin:4.0]]
[2020.06.28-15.47.39:803][  0]LogConfig: Setting CVar [[r.SkyAtmosphere.FastSkyLUT.SampleCountMax:32.0]]
[2020.06.28-15.47.39:803][  0]LogConfig: Setting CVar [[r.SkyAtmosphere.SampleCountMin:4.0]]
[2020.06.28-15.47.39:803][  0]LogConfig: Setting CVar [[r.SkyAtmosphere.SampleCountMax:32.0]]
[2020.06.28-15.47.39:803][  0]LogConfig: Setting CVar [[r.SkyAtmosphere.TransmittanceLUT.UseSmallFormat:0]]
[2020.06.28-15.47.39:803][  0]LogConfig: Setting CVar [[r.SkyAtmosphere.TransmittanceLUT.SampleCount:10.0]]
[2020.06.28-15.47.39:803][  0]LogConfig: Setting CVar [[r.SkyAtmosphere.MultiScatteringLUT.SampleCount:15.0]]
[2020.06.28-15.47.39:803][  0]LogConfig: Applying CVar settings from Section [FoliageQuality@3] File [F:/TCTD/TCTD/Saved/Config/Windows/Scalability.ini]
[2020.06.28-15.47.39:803][  0]LogConfig: Setting CVar [[foliage.DensityScale:1.0]]
[2020.06.28-15.47.39:803][  0]LogConfig: Setting CVar [[grass.DensityScale:1.0]]
[2020.06.28-15.47.39:803][  0]LogConfig: Applying CVar settings from Section [ShadingQuality@3] File [F:/TCTD/TCTD/Saved/Config/Windows/Scalability.ini]
[2020.06.28-15.47.39:803][  0]LogConfig: Setting CVar [[r.HairStrands.SkyLighting.SampleCount:16]]
[2020.06.28-15.47.39:803][  0]LogConfig: Setting CVar [[r.HairStrands.SkyLighting.JitterIntegration:0]]
[2020.06.28-15.47.39:803][  0]LogConfig: Setting CVar [[r.HairStrands.SkyAO.SampleCount:16]]
[2020.06.28-15.47.39:803][  0]LogConfig: Setting CVar [[r.HairStrands.DeepShadow.SuperSampling:0]]
[2020.06.28-15.47.39:803][  0]LogConfig: Setting CVar [[r.HairStrands.VisibilityPPLL:0]]
[2020.06.28-15.47.39:803][  0]LogConfig: Setting CVar [[r.HairStrands.RasterizationScale:0.5]]
[2020.06.28-15.47.39:803][  0]LogConfig: Setting CVar [[r.HairStrands.VelocityRasterizationScale:1]]
[2020.06.28-15.47.39:803][  0]LogConfig: Applying CVar settings from Section [Startup] File [../../../Engine/Config/ConsoleVariables.ini]
[2020.06.28-15.47.39:803][  0]LogConfig: Setting CVar [[net.UseAdaptiveNetUpdateFrequency:0]]
[2020.06.28-15.47.39:803][  0]LogConfig: Setting CVar [[p.chaos.AllowCreatePhysxBodies:1]]
[2020.06.28-15.47.39:803][  0]LogConfig: Setting CVar [[fx.SkipVectorVMBackendOptimizations:1]]
[2020.06.28-15.47.39:803][  0]LogConfig: Applying CVar settings from Section [ConsoleVariables] File [F:/TCTD/TCTD/Saved/Config/Windows/Engine.ini]
[2020.06.28-15.47.39:803][  0]LogInit: Computer: DESKTOP-4CJ4ISN
[2020.06.28-15.47.39:803][  0]LogInit: User: kylej
[2020.06.28-15.47.39:803][  0]LogInit: CPU Page size=4096, Cores=4
[2020.06.28-15.47.39:803][  0]LogInit: High frequency timer resolution =10.000000 MHz
[2020.06.28-15.47.39:804][  0]LogMemory: Memory total: Physical=30.9GB (31GB approx)
[2020.06.28-15.47.39:804][  0]LogMemory: Platform Memory Stats for Windows
[2020.06.28-15.47.39:804][  0]LogMemory: Process Physical Memory: 114.98 MB used, 114.99 MB peak
[2020.06.28-15.47.39:804][  0]LogMemory: Process Virtual Memory: 104.13 MB used, 104.13 MB peak
[2020.06.28-15.47.39:804][  0]LogMemory: Physical Memory: 12534.10 MB used,  19152.67 MB free, 31686.77 MB total
[2020.06.28-15.47.39:804][  0]LogMemory: Virtual Memory: 5136.01 MB used,  134212592.00 MB free, 134217728.00 MB total
[2020.06.28-15.47.39:812][  0]LogWindows: WindowsPlatformFeatures enabled
[2020.06.28-15.47.39:872][  0]LogInit: Physics initialised using underlying interface: PhysX
[2020.06.28-15.47.39:873][  0]LogInit: Using OS detected language (en-US).
[2020.06.28-15.47.39:873][  0]LogInit: Using OS detected locale (en-US).
[2020.06.28-15.47.39:876][  0]LogTextLocalizationManager: No specific localization for 'en-US' exists, so the 'en' localization will be used.
[2020.06.28-15.47.40:134][  0]LogInit: Setting process to per monitor DPI aware
[2020.06.28-15.47.40:179][  0]LogSlate: New Slate User Created.  User Index 0, Is Virtual User: 0
[2020.06.28-15.47.40:179][  0]LogSlate: Slate User Registered.  User Index 0, Is Virtual User: 0
[2020.06.28-15.47.40:359][  0]LogHMD: Failed to initialize OpenVR with code 110
[2020.06.28-15.47.40:359][  0]LogD3D11RHI: D3D11 min allowed feature level: 11_0
[2020.06.28-15.47.40:359][  0]LogD3D11RHI: D3D11 max allowed feature level: 11_0
[2020.06.28-15.47.40:359][  0]LogD3D11RHI: D3D11 adapters:
[2020.06.28-15.47.40:478][  0]LogD3D11RHI:    0. 'NVIDIA GeForce GTX 1660 Ti' (Feature Level 11_0)
[2020.06.28-15.47.40:478][  0]LogD3D11RHI:       5991/0/15843 MB DedicatedVideo/DedicatedSystem/SharedSystem, Outputs:2, VendorId:0x10de
[2020.06.28-15.47.40:481][  0]LogD3D11RHI:    1. 'Microsoft Basic Render Driver' (Feature Level 11_0)
[2020.06.28-15.47.40:481][  0]LogD3D11RHI:       0/0/15843 MB DedicatedVideo/DedicatedSystem/SharedSystem, Outputs:0, VendorId:0x1414
[2020.06.28-15.47.40:481][  0]LogD3D11RHI: Chosen D3D11 Adapter: 0
[2020.06.28-15.47.40:499][  0]LogD3D11RHI: Creating new Direct3DDevice
[2020.06.28-15.47.40:499][  0]LogD3D11RHI:     GPU DeviceId: 0x2182 (for the marketing name, search the web for "GPU Device Id")
[2020.06.28-15.47.40:500][  0]LogWindows: EnumDisplayDevices:
[2020.06.28-15.47.40:500][  0]LogWindows:    0. 'NVIDIA GeForce GTX 1660 Ti' (P:0 D:1)
[2020.06.28-15.47.40:500][  0]LogWindows:    1. 'NVIDIA GeForce GTX 1660 Ti' (P:1 D:1)
[2020.06.28-15.47.40:500][  0]LogWindows:    2. 'NVIDIA GeForce GTX 1660 Ti' (P:0 D:0)
[2020.06.28-15.47.40:501][  0]LogWindows:    3. 'NVIDIA GeForce GTX 1660 Ti' (P:0 D:0)
[2020.06.28-15.47.40:501][  0]LogWindows: DebugString: FoundDriverCount:4 
[2020.06.28-15.47.40:501][  0]LogD3D11RHI:     Adapter Name: NVIDIA GeForce GTX 1660 Ti
[2020.06.28-15.47.40:501][  0]LogD3D11RHI:   Driver Version: 445.87 (internal:26.21.14.4587, unified:445.87)
[2020.06.28-15.47.40:501][  0]LogD3D11RHI:      Driver Date: 4-3-2020
[2020.06.28-15.47.40:501][  0]LogRHI: Texture pool is 4193 MB (70% of 5991 MB)
[2020.06.28-15.47.40:600][  0]LogD3D11RHI: RHI has support for 64 bit atomics
[2020.06.28-15.47.40:603][  0]LogD3D11RHI: [Aftermath] Enabled and primed
[2020.06.28-15.47.40:603][  0]LogD3D11RHI: Async texture creation enabled
[2020.06.28-15.47.40:604][  0]LogD3D11RHI: Array index from any shader is supported
[2020.06.28-15.47.40:607][  0]LogD3D11RHI: HDR output is supported on display 0 (NvId: 0x80061087).
[2020.06.28-15.47.40:665][  0]LogD3D11RHI: GPU Timing Frequency: 1000.000000 (Debug: 2 2)
[2020.06.28-15.47.41:188][  0]LogTargetPlatformManager: Display: Loaded TargetPlatform 'AllDesktop'
[2020.06.28-15.47.41:218][  0]LogTargetPlatformManager: Display: Loaded TargetPlatform 'Android'
[2020.06.28-15.47.41:218][  0]LogTargetPlatformManager: Display: Loaded TargetPlatform 'Android_ASTC'
[2020.06.28-15.47.41:218][  0]LogTargetPlatformManager: Display: Loaded TargetPlatform 'Android_DXT'
[2020.06.28-15.47.41:218][  0]LogTargetPlatformManager: Display: Loaded TargetPlatform 'Android_ETC2'
[2020.06.28-15.47.41:218][  0]LogTargetPlatformManager: Display: Loaded TargetPlatform 'AndroidClient'
[2020.06.28-15.47.41:218][  0]LogTargetPlatformManager: Display: Loaded TargetPlatform 'Android_ASTCClient'
[2020.06.28-15.47.41:218][  0]LogTargetPlatformManager: Display: Loaded TargetPlatform 'Android_DXTClient'
[2020.06.28-15.47.41:218][  0]LogTargetPlatformManager: Display: Loaded TargetPlatform 'Android_ETC2Client'
[2020.06.28-15.47.41:218][  0]LogTargetPlatformManager: Display: Loaded TargetPlatform 'Android_Multi'
[2020.06.28-15.47.41:218][  0]LogTargetPlatformManager: Display: Loaded TargetPlatform 'Android_MultiClient'
[2020.06.28-15.47.41:252][  0]LogTargetPlatformManager: Display: Loaded TargetPlatform 'IOSClient'
[2020.06.28-15.47.41:252][  0]LogTargetPlatformManager: Display: Loaded TargetPlatform 'IOS'
[2020.06.28-15.47.41:267][  0]LogTargetPlatformManager: Display: Loaded TargetPlatform 'Linux'
[2020.06.28-15.47.41:282][  0]LogTargetPlatformManager: Display: Loaded TargetPlatform 'LinuxNoEditor'
[2020.06.28-15.47.41:297][  0]LogTargetPlatformManager: Display: Loaded TargetPlatform 'LinuxClient'
[2020.06.28-15.47.41:311][  0]LogTargetPlatformManager: Display: Loaded TargetPlatform 'LinuxServer'
[2020.06.28-15.47.41:324][  0]LogTargetPlatformManager: Display: Loaded TargetPlatform 'LinuxAArch64NoEditor'
[2020.06.28-15.47.41:338][  0]LogTargetPlatformManager: Display: Loaded TargetPlatform 'LinuxAArch64Client'
[2020.06.28-15.47.41:351][  0]LogTargetPlatformManager: Display: Loaded TargetPlatform 'LinuxAArch64Server'
[2020.06.28-15.47.41:386][  0]LogTargetPlatformManager: Display: Loaded TargetPlatform 'Lumin'
[2020.06.28-15.47.41:386][  0]LogTargetPlatformManager: Display: Loaded TargetPlatform 'LuminClient'
[2020.06.28-15.47.41:408][  0]LogTargetPlatformManager: Display: Loaded TargetPlatform 'TVOSClient'
[2020.06.28-15.47.41:408][  0]LogTargetPlatformManager: Display: Loaded TargetPlatform 'TVOS'
[2020.06.28-15.47.41:421][  0]LogTargetPlatformManager: Display: Loaded TargetPlatform 'WindowsNoEditor'
[2020.06.28-15.47.41:436][  0]LogTargetPlatformManager: Display: Loaded TargetPlatform 'Windows'
[2020.06.28-15.47.41:449][  0]LogTargetPlatformManager: Display: Loaded TargetPlatform 'WindowsClient'
[2020.06.28-15.47.41:464][  0]LogTargetPlatformManager: Display: Loaded TargetPlatform 'WindowsServer'
[2020.06.28-15.47.41:465][  0]LogTargetPlatformManager: Display: Building Assets For Windows
[2020.06.28-15.47.41:480][  0]LogAudioDebug: Display: Lib vorbis DLL was dynamically loaded.
[2020.06.28-15.47.41:591][  0]LogShaderCompilers: Guid format shader working directory is 24 characters bigger than the processId version (../../../../TCTD/TCTD/Intermediate/Shaders/WorkingDirectory/30208/).
[2020.06.28-15.47.41:591][  0]LogShaderCompilers: Cleaned the shader compiler working directory 'C:/Users/kylej/AppData/Local/Temp/UnrealShaderWorkingDir/63EC11F5499430980AD8E5B07025429B/'.
[2020.06.28-15.47.41:591][  0]LogXGEController: Cleaning working directory: C:/Users/kylej/AppData/Local/Temp/UnrealXGEWorkingDir/
[2020.06.28-15.47.41:592][  0]LogXGEController: Cannot use XGE Controller as Incredibuild is not installed on this machine.
[2020.06.28-15.47.41:592][  0]LogShaderCompilers: Cannot use XGE Shader Compiler as Incredibuild is not installed on this machine.
[2020.06.28-15.47.41:592][  0]LogShaderCompilers: Display: Using Local Shader Compiler.
[2020.06.28-15.47.42:606][  0]LogDerivedDataCache: Display: Max Cache Size: 512 MB
[2020.06.28-15.47.42:669][  0]LogDerivedDataCache: Loaded boot cache 0.06s 75MB C:/Users/kylej/AppData/Local/UnrealEngine/4.25/DerivedDataCache/Boot.ddc.
[2020.06.28-15.47.42:669][  0]LogDerivedDataCache: Display: Loaded Boot cache: C:/Users/kylej/AppData/Local/UnrealEngine/4.25/DerivedDataCache/Boot.ddc
[2020.06.28-15.47.42:670][  0]LogDerivedDataCache: FDerivedDataBackendGraph:  Pak pak cache file ../../../../TCTD/TCTD/DerivedDataCache/DDC.ddp not found, will not use a pak cache.
[2020.06.28-15.47.42:670][  0]LogDerivedDataCache: Unable to find inner node Pak for hierarchical cache Hierarchy.
[2020.06.28-15.47.42:670][  0]LogDerivedDataCache: FDerivedDataBackendGraph:  CompressedPak pak cache file ../../../../TCTD/TCTD/DerivedDataCache/Compressed.ddp not found, will not use a pak cache.
[2020.06.28-15.47.42:670][  0]LogDerivedDataCache: Unable to find inner node CompressedPak for hierarchical cache Hierarchy.
[2020.06.28-15.47.42:684][  0]LogDerivedDataCache: Display: Pak cache opened for reading ../../../Engine/DerivedDataCache/Compressed.ddp.
[2020.06.28-15.47.42:684][  0]LogDerivedDataCache: FDerivedDataBackendGraph:  EnterprisePak pak cache file ../../../Enterprise/DerivedDataCache/Compressed.ddp not found, will not use a pak cache.
[2020.06.28-15.47.42:684][  0]LogDerivedDataCache: Unable to find inner node EnterprisePak for hierarchical cache Hierarchy.
[2020.06.28-15.47.42:685][  0]LogDerivedDataCache: Using Local data cache path C:/Users/kylej/AppData/Local/UnrealEngine/Common/DerivedDataCache: Writable
[2020.06.28-15.47.42:685][  0]LogDerivedDataCache: Shared data cache path not found in *engine.ini, will not use an Shared cache.
[2020.06.28-15.47.42:685][  0]LogDerivedDataCache: Unable to find inner node Shared for hierarchical cache Hierarchy.
[2020.06.28-15.47.42:752][  0]LogSlate: Using FreeType 2.10.0
[2020.06.28-15.47.42:753][  0]LogSlate: SlateFontServices - WITH_FREETYPE: 1, WITH_HARFBUZZ: 1
[2020.06.28-15.47.42:791][  0]LogAssetRegistry: FAssetRegistry took 0.0048 seconds to start up
[2020.06.28-15.47.43:119][  0]LogInit: Selected Device Profile: [Windows]
[2020.06.28-15.47.43:274][  0]LogMeshReduction: Using QuadricMeshReduction for automatic static mesh reduction
[2020.06.28-15.47.43:274][  0]LogMeshReduction: Using SimplygonMeshReduction for automatic skeletal mesh reduction
[2020.06.28-15.47.43:274][  0]LogMeshReduction: Using ProxyLODMeshReduction for automatic mesh merging
[2020.06.28-15.47.43:274][  0]LogMeshReduction: No distributed automatic mesh merging module available
[2020.06.28-15.47.43:274][  0]LogMeshMerging: No distributed automatic mesh merging module available
[2020.06.28-15.47.43:299][  0]LogNetVersion: TCTD 1.0.0, NetCL: 13144385, EngineNetVer: 14, GameNetVer: 0 (Checksum: 3815092598)
[2020.06.28-15.47.43:879][  0]LogAISub: UAISubsystem::UAISubsystem AISubsystem (00000152B33B4480), frame # 0
[2020.06.28-15.47.43:879][  0]LogAISub: UAISubsystem::UAISubsystem AIPerceptionSystem (00000152B330D1C0), frame # 0
[2020.06.28-15.47.43:881][  0]LogAISub: UAISubsystem::UAISubsystem EnvQueryManager (00000152B3361E00), frame # 0
[2020.06.28-15.47.43:951][  0]LogPackageLocalizationCache: Processed 19 localized package path(s) for 1 prioritized culture(s) in 0.061890 seconds
[2020.06.28-15.47.43:961][  0]LogUObjectArray: 15917 objects as part of root set at end of initial load.
[2020.06.28-15.47.43:961][  0]LogUObjectAllocator: 3965568 out of 0 bytes used by permanent object pool.
[2020.06.28-15.47.43:961][  0]LogUObjectArray: CloseDisregardForGC: 0/0 objects in disregard for GC pool
[2020.06.28-15.47.44:523][  0]LogTcpMessaging: Initializing TcpMessaging bridge
[2020.06.28-15.47.44:530][  0]LogUdpMessaging: Initializing bridge on interface 0.0.0.0:0 to multicast group 230.0.0.1:6666.
[2020.06.28-15.47.44:673][  0]SourceControl: Source control is disabled
[2020.06.28-15.47.44:673][  0]SourceControl: Source control is disabled
[2020.06.28-15.47.44:679][  0]SourceControl: Source control is disabled
[2020.06.28-15.47.44:685][  0]SourceControl: Source control is disabled
[2020.06.28-15.47.44:698][  0]SourceControl: Source control is disabled
[2020.06.28-15.47.45:103][  0]LogAndroidPermission: UAndroidPermissionCallbackProxy::GetInstance
[2020.06.28-15.47.45:141][  0]LogAudioCaptureCore: Display: No Audio Capture implementations found. Audio input will be silent.
[2020.06.28-15.47.45:141][  0]LogAudioCaptureCore: Display: No Audio Capture implementations found. Audio input will be silent.
[2020.06.28-15.47.45:220][  0]LogOcInput: OculusInput pre-init called
[2020.06.28-15.47.45:238][  0]LogWindows: Failed to load 'OVRPlugin.dll' (GetLastError=126)
[2020.06.28-15.47.45:238][  0]LogWindows: File 'OVRPlugin.dll' does not exist
[2020.06.28-15.47.45:340][  0]LogEngine: Initializing Engine...
[2020.06.28-15.47.45:342][  0]LogHMD: Failed to initialize OpenVR with code 110
[2020.06.28-15.47.45:342][  0]LogMagicLeap: Warning: VR disabled because ZI is not enabled.  To enable, in the editor, Edit -> Project Settings -> Plugins -> Magic Leap Plugin -> Enable Zero Iteration
[2020.06.28-15.47.45:343][  0]LogStats: UGameplayTagsManager::InitializeManager -  0.000 s
[2020.06.28-15.47.45:511][  0]LogInit: Initializing FReadOnlyCVARCache
[2020.06.28-15.47.45:524][  0]LogAIModule: Creating AISystem for world Untitled
[2020.06.28-15.47.45:524][  0]LogAISub: UAISubsystem::UAISubsystem EnvQueryManager (00000152B7693C00), frame # 0
[2020.06.28-15.47.45:524][  0]LogAISub: UAISubsystem::UAISubsystem AIPerceptionSystem (00000152B768FB00), frame # 0
[2020.06.28-15.47.45:545][  0]LogAudioMixer: Display: Audio Mixer Platform Settings:
[2020.06.28-15.47.45:545][  0]LogAudioMixer: Display: 	Sample Rate:						  48000
[2020.06.28-15.47.45:545][  0]LogAudioMixer: Display: 	Callback Buffer Frame Size Requested: 1024
[2020.06.28-15.47.45:545][  0]LogAudioMixer: Display: 	Callback Buffer Frame Size To Use:	  1024
[2020.06.28-15.47.45:545][  0]LogAudioMixer: Display: 	Number of buffers to queue:			  2
[2020.06.28-15.47.45:545][  0]LogAudioMixer: Display: 	Max Channels (voices):				  32
[2020.06.28-15.47.45:545][  0]LogAudioMixer: Display: 	Number of Async Source Workers:		  0
[2020.06.28-15.47.45:545][  0]LogAudio: Display: AudioDevice MaxSources: 32
[2020.06.28-15.47.45:546][  0]LogAudio: Display: Using built-in audio occlusion.
[2020.06.28-15.47.45:546][  0]LogAudioMixer: Display: Initializing audio mixer.
[2020.06.28-15.47.45:565][  0]LogAudioMixer: Display: 0: FrontLeft
[2020.06.28-15.47.45:565][  0]LogAudioMixer: Display: 1: FrontRight
[2020.06.28-15.47.45:629][  0]LogAudioMixer: Display: Using Audio Device Headset Earphone (Razer Audio Controller - Chat)
[2020.06.28-15.47.45:632][  0]LogAudioMixer: Display: Initializing Sound Submixes...
[2020.06.28-15.47.45:635][  0]LogAudioMixer: Display: Creating Master Submix 'MasterSubmixDefault'
[2020.06.28-15.47.45:635][  0]LogAudioMixer: Display: Creating Master Submix 'MasterReverbSubmixDefault'
[2020.06.28-15.47.45:636][  0]LogAudioMixer: Display: Creating Master Submix 'MasterEQSubmixDefault'
[2020.06.28-15.47.45:638][  0]LogInit: FAudioDevice initialized.
[2020.06.28-15.47.45:638][  0]LogNetVersion: Set ProjectVersion to 1.0.0.0. Version Checksum will be recalculated on next use.
[2020.06.28-15.47.45:732][  0]LogDerivedDataCache: Saved boot cache 0.09s 75MB C:/Users/kylej/AppData/Local/UnrealEngine/4.25/DerivedDataCache/Boot.ddc.
[2020.06.28-15.47.45:745][  0]LogInit: Texture streaming: Enabled
[2020.06.28-15.47.45:774][  0]LogEngineSessionManager: EngineSessionManager initialized
[2020.06.28-15.47.45:774][  0]LogEditorSessionSummary: Verbose: Initializing EditorSessionSummaryWriter for editor session tracking
[2020.06.28-15.47.45:776][  0]LogEditorSessionSummary: EditorSessionSummaryWriter initialized
[2020.06.28-15.47.45:898][  0]LogInit: Transaction tracking system initialized
[2020.06.28-15.47.45:936][  0]BlueprintLog: New page: Editor Load
[2020.06.28-15.47.46:060][  0]LocalizationService: Localization service is disabled
[2020.06.28-15.47.46:311][  0]LogCook: Display: Max memory allowance for cook 16384mb min free memory 0mb
[2020.06.28-15.47.46:311][  0]LogCook: Display: Mobile HDR setting 1
[2020.06.28-15.47.46:541][  0]LogFileCache: Scanning file cache for directory 'F:/TCTD/TCTD/Content/' took 0.00s
[2020.06.28-15.47.46:811][  0]SourceControl: Source control is disabled
[2020.06.28-15.47.46:812][  0]LogUnrealEdMisc: Loading editor; pre map load, took 13.862
[2020.06.28-15.47.46:812][  0]Cmd: MAP LOAD FILE="../../../../TCTD/TCTD/Content/Scenes/TCTD.umap" TEMPLATE=0 SHOWPROGRESS=1 FEATURELEVEL=3
[2020.06.28-15.47.46:812][  0]LightingResults: New page: Lighting Build
[2020.06.28-15.47.46:813][  0]LogWorld: UWorld::CleanupWorld for Untitled, bSessionEnded=true, bCleanupResources=true
[2020.06.28-15.47.46:813][  0]LogSlate: InvalidateAllWidgets triggered.  All widgets were invalidated
[2020.06.28-15.47.46:813][  0]MapCheck: New page: Map Check
[2020.06.28-15.47.46:813][  0]LightingResults: New page: Lighting Build
[2020.06.28-15.47.46:823][  0]LogAISub: UAISubsystem::~UAISubsystem EnvQueryManager (00000152B7693C00), frame # 0
[2020.06.28-15.47.46:823][  0]LogAISub: UAISubsystem::~UAISubsystem AIPerceptionSystem (00000152B768FB00), frame # 0
[2020.06.28-15.47.46:824][  0]LogUObjectHash: Compacting FUObjectHashTables data took   1.03ms
[2020.06.28-15.47.46:969][  0]LogAIModule: Creating AISystem for world TCTD
[2020.06.28-15.47.46:969][  0]LogAISub: UAISubsystem::UAISubsystem EnvQueryManager (00000152A9B8CC00), frame # 0
[2020.06.28-15.47.46:969][  0]LogAISub: UAISubsystem::UAISubsystem AIPerceptionSystem (00000152B72E0400), frame # 0
[2020.06.28-15.47.46:979][  0]LogEditorServer: Finished looking for orphan Actors (0.000 secs)
[2020.06.28-15.47.46:996][  0]LogUObjectHash: Compacting FUObjectHashTables data took   1.03ms
[2020.06.28-15.47.46:997][  0]Cmd: MAP CHECKDEP NOCLEARLOG
[2020.06.28-15.47.46:997][  0]MapCheck: Map check complete: 0 Error(s), 0 Warning(s), took 0.124ms to complete.
[2020.06.28-15.47.46:997][  0]LogFileHelpers: Loading map 'TCTD' took 0.185
[2020.06.28-15.47.47:014][  0]LogUnrealEdMisc: Total Editor Startup Time, took 14.064
[2020.06.28-15.47.47:241][  0]LogSlate: Updating window title bar state: overlay mode, drag disabled, window buttons hidden, title bar hidden
[2020.06.28-15.47.47:249][  0]LogSlate: Updating window title bar state: overlay mode, drag disabled, window buttons hidden, title bar hidden
[2020.06.28-15.47.47:259][  0]LogSlate: Updating window title bar state: overlay mode, drag disabled, window buttons hidden, title bar hidden
[2020.06.28-15.47.47:268][  0]LogSlate: Updating window title bar state: overlay mode, drag disabled, window buttons hidden, title bar hidden
[2020.06.28-15.47.47:277][  0]LogCollectionManager: Loaded 0 collections in 0.000917 seconds
[2020.06.28-15.47.47:296][  0]LogFileCache: Scanning file cache for directory 'F:/TCTD/TCTD/Saved/Collections/' took 0.00s
[2020.06.28-15.47.47:296][  0]LogFileCache: Scanning file cache for directory 'F:/TCTD/TCTD/Content/Developers/kylej/Collections/' took 0.00s
[2020.06.28-15.47.47:296][  0]LogFileCache: Scanning file cache for directory 'F:/TCTD/TCTD/Content/Collections/' took 0.00s
[2020.06.28-15.47.47:296][  0]LogContentBrowser: Native class hierarchy populated in 0.0133 seconds. Added 3438 classes and 823 folders.
[2020.06.28-15.47.47:301][  0]LogContentBrowser: Native class hierarchy updated for 'WidgetCarousel' in 0.0003 seconds. Added 0 classes and 0 folders.
[2020.06.28-15.47.47:359][  0]LogContentBrowser: Native class hierarchy updated for 'AddContentDialog' in 0.0004 seconds. Added 0 classes and 0 folders.
[2020.06.28-15.47.47:402][  0]LogSlate: Took 0.000200 seconds to synchronously load lazily loaded font '../../../Engine/Content/Slate/Fonts/Roboto-Regular.ttf' (155K)
[2020.06.28-15.47.48:158][  0]LogSlate: Took 0.000231 seconds to synchronously load lazily loaded font '../../../Engine/Content/Slate/Fonts/Roboto-Bold.ttf' (160K)
[2020.06.28-15.47.48:161][  0]LogSlate: Took 0.000223 seconds to synchronously load lazily loaded font '../../../Engine/Content/Editor/Slate/Fonts/FontAwesome.ttf' (139K)
[2020.06.28-15.47.48:239][  0]LogRenderer: Reallocating scene render targets to support 704x324 Format 10 NumSamples 1 (Frame:1).
[2020.06.28-15.47.48:413][  0]LogContentBrowser: Native class hierarchy updated for 'HierarchicalLODOutliner' in 0.0004 seconds. Added 0 classes and 0 folders.
[2020.06.28-15.47.48:413][  0]LogLoad: (Engine Initialization) Total time: 15.46 seconds
[2020.06.28-15.47.48:413][  0]LogLoad: (Engine Initialization) Total Blueprint compile time: 0.00 seconds
[2020.06.28-15.47.48:464][  0]LogAssetRegistry: Asset discovery search completed in 5.6759 seconds
[2020.06.28-15.47.48:469][  0]LogCollectionManager: Fixed up redirectors for 0 collections in 0.000003 seconds (updated 0 objects)
[2020.06.28-15.47.48:470][  0]LogContentStreaming: Texture pool size now 1000 MB
[2020.06.28-15.47.49:103][  2]LogActor: Warning: MySpawner_C /Engine/Transient.World_1:PersistentLevel.MySpawner_C_0 has natively added scene component(s), but none of them were set as the actor's RootComponent - picking one arbitrarily
[2020.06.28-15.47.49:104][  2]LogRenderer: Reallocating scene render targets to support 704x484 Format 10 NumSamples 1 (Frame:1).
[2020.06.28-15.47.49:121][  2]LogActor: Warning: MyTowerNode_C /Engine/Transient.World_2:PersistentLevel.MyTowerNode_C_0 has natively added scene component(s), but none of them were set as the actor's RootComponent - picking one arbitrarily
[2020.06.28-15.47.49:436][  3]LogActor: Warning: MyTurret_C /Engine/Transient.World_3:PersistentLevel.MyTurret_C_0 has natively added scene component(s), but none of them were set as the actor's RootComponent - picking one arbitrarily
[2020.06.28-20.48.59:379][887]LogAudioMixer: Display: Audio Buffer Underrun detected.
[2020.06.28-20.49.46:058][ 26]LogAudioMixer: Display: Audio Buffer Underrun detected.
[2020.06.28-20.50.00:157][ 68]LogAudioMixer: Display: Audio Buffer Underrun detected.
[2020.06.28-20.50.09:219][ 95]LogAudioMixer: Display: Audio Buffer Underrun detected.
[2020.06.28-20.50.26:404][146]LogAudioMixer: Display: Audio Buffer Underrun detected.
[2020.06.28-20.51.07:684][269]LogAudioMixer: Display: Audio Buffer Underrun detected.
[2020.06.28-20.51.25:523][322]LogAudioMixer: Display: Audio Buffer Underrun detected.
[2020.06.28-21.02.48:751][356]LogHttp: Warning: 00000152DD580100: invalid HTTP response code received. URL: https://datarouter.ol.epicgames.com/datarouter/api/v1/public/data?SessionID=%7B1167D92B-4D46-731C-84EB-B98F2627D06E%7D&AppID=UEEditor.Rocket.Release&AppVersion=4.25.1-13594126%2B%2B%2BUE4%2BRelease-4.25&UserID=d30124fa4072969f13edc8bd3416ba78%7Ceba0c158ae58493f9cff91cdbf258934%7C64efdec2-77e3-48cf-9b76-d281a747b7b4&AppEnvironment=datacollector-source&UploadType=eteventstream, HTTP code: 0, content length: 0, actual payload size: 0
[2020.06.28-21.02.48:751][356]LogHttp: Warning: 00000152DD580100: request failed, libcurl error: 6 (Couldn't resolve host name)
[2020.06.28-21.02.48:751][356]LogHttp: Warning: 00000152DD580100: libcurl info message cache 0 (Connection 110 seems to be dead!)
[2020.06.28-21.02.48:751][356]LogHttp: Warning: 00000152DD580100: libcurl info message cache 1 (Closing connection 110)
[2020.06.28-21.02.48:751][356]LogHttp: Warning: 00000152DD580100: libcurl info message cache 2 (TLSv1.2 (OUT), TLS alert, Client hello (1):)
[2020.06.28-21.02.48:751][356]LogHttp: Warning: 00000152DD580100: libcurl info message cache 3 (Could not resolve host: datarouter.ol.epicgames.com)
[2020.06.28-21.02.48:751][356]LogHttp: Warning: 00000152DD580100: libcurl info message cache 4 (Closing connection 111)
[2020.06.28-21.02.48:751][356]LogHttp: Warning: Retry exhausted on https://datarouter.ol.epicgames.com/datarouter/api/v1/public/data?SessionID=%7B1167D92B-4D46-731C-84EB-B98F2627D06E%7D&AppID=UEEditor.Rocket.Release&AppVersion=4.25.1-13594126%2B%2B%2BUE4%2BRelease-4.25&UserID=d30124fa4072969f13edc8bd3416ba78%7Ceba0c158ae58493f9cff91cdbf258934%7C64efdec2-77e3-48cf-9b76-d281a747b7b4&AppEnvironment=datacollector-source&UploadType=eteventstream
[2020.06.28-21.04.07:062][588]LogUdpMessaging: Warning: UDP messaging encountered an error. Auto repair routine started for reinitialization
[2020.06.28-21.04.08:993][594]FUdpSocketBuilder: Failed to subscribe UdpMessageMulticastSocket to multicast group 230.0.0.1 on interface 0.0.0.0
[2020.06.28-21.04.09:006][594]FUdpSocketBuilder: Failed to create and initialize socket UdpMessageMulticastSocket (last error: 0)
[2020.06.28-21.04.09:006][594]LogUdpMessaging: Warning: StartTransport failed to create multicast socket on 0.0.0.0:0, joined to 230.0.0.1:6666 with TTL 1
[2020.06.28-21.04.09:081][594]LogUdpMessaging: Warning: UDP messaging encountered an error. Auto repair routine started for reinitialization
[2020.06.28-21.04.10:912][600]FUdpSocketBuilder: Failed to subscribe UdpMessageMulticastSocket to multicast group 230.0.0.1 on interface 0.0.0.0
[2020.06.28-21.04.10:912][600]FUdpSocketBuilder: Failed to create and initialize socket UdpMessageMulticastSocket (last error: 0)
[2020.06.28-21.04.10:912][600]LogUdpMessaging: Warning: StartTransport failed to create multicast socket on 0.0.0.0:0, joined to 230.0.0.1:6666 with TTL 1
[2020.06.28-21.04.11:104][600]LogUdpMessaging: Warning: UDP messaging encountered an error. Auto repair routine started for reinitialization
[2020.06.28-21.04.12:919][606]FUdpSocketBuilder: Failed to subscribe UdpMessageMulticastSocket to multicast group 230.0.0.1 on interface 0.0.0.0
[2020.06.28-21.04.12:919][606]FUdpSocketBuilder: Failed to create and initialize socket UdpMessageMulticastSocket (last error: 0)
[2020.06.28-21.04.12:919][606]LogUdpMessaging: Warning: StartTransport failed to create multicast socket on 0.0.0.0:0, joined to 230.0.0.1:6666 with TTL 1
[2020.06.28-21.04.13:122][606]LogUdpMessaging: Warning: UDP messaging encountered an error. Auto repair routine started for reinitialization
[2020.06.28-21.04.14:926][612]FUdpSocketBuilder: Failed to subscribe UdpMessageMulticastSocket to multicast group 230.0.0.1 on interface 0.0.0.0
[2020.06.28-21.04.14:926][612]FUdpSocketBuilder: Failed to create and initialize socket UdpMessageMulticastSocket (last error: 0)
[2020.06.28-21.04.14:926][612]LogUdpMessaging: Warning: StartTransport failed to create multicast socket on 0.0.0.0:0, joined to 230.0.0.1:6666 with TTL 1
[2020.06.28-21.04.15:142][612]LogUdpMessaging: Warning: UDP messaging encountered an error. Auto repair routine started for reinitialization
[2020.06.28-21.04.49:247][713]LogHttp: Warning: 00000152DD580100: invalid HTTP response code received. URL: https://datarouter.ol.epicgames.com/datarouter/api/v1/public/data?SessionID=%7B1167D92B-4D46-731C-84EB-B98F2627D06E%7D&AppID=UEEditor.Rocket.Release&AppVersion=4.25.1-13594126%2B%2B%2BUE4%2BRelease-4.25&UserID=d30124fa4072969f13edc8bd3416ba78%7Ceba0c158ae58493f9cff91cdbf258934%7C64efdec2-77e3-48cf-9b76-d281a747b7b4&AppEnvironment=datacollector-source&UploadType=eteventstream, HTTP code: 0, content length: 0, actual payload size: 0
[2020.06.28-21.04.49:247][713]LogHttp: Warning: 00000152DD580100: request failed, libcurl error: 6 (Couldn't resolve host name)
[2020.06.28-21.04.49:248][713]LogHttp: Warning: 00000152DD580100: libcurl info message cache 0 (Could not resolve host: datarouter.ol.epicgames.com)
[2020.06.28-21.04.49:248][713]LogHttp: Warning: 00000152DD580100: libcurl info message cache 1 (Closing connection 112)
[2020.06.28-21.04.49:584][714]LogHttp: Warning: Retry exhausted on https://datarouter.ol.epicgames.com/datarouter/api/v1/public/data?SessionID=%7B1167D92B-4D46-731C-84EB-B98F2627D06E%7D&AppID=UEEditor.Rocket.Release&AppVersion=4.25.1-13594126%2B%2B%2BUE4%2BRelease-4.25&UserID=d30124fa4072969f13edc8bd3416ba78%7Ceba0c158ae58493f9cff91cdbf258934%7C64efdec2-77e3-48cf-9b76-d281a747b7b4&AppEnvironment=datacollector-source&UploadType=eteventstream
[2020.06.28-21.05.06:091][763]LogAudioMixer: Display: Audio Buffer Underrun detected.
[2020.06.28-21.05.17:536][797]LogAudioMixer: Display: Audio Buffer Underrun detected.
[2020.06.28-21.05.18:208][799]LogAudioMixer: Display: Audio Buffer Underrun detected.
[2020.06.28-21.05.56:523][913]LogAudioMixer: Display: Audio Buffer Underrun detected.
[2020.06.28-21.05.57:557][916]LogAudioMixer: Display: Audio Buffer Underrun detected.
[2020.06.28-21.06.01:979][929]LogAudioMixer: Display: Audio Buffer Underrun detected.
[2020.06.28-21.06.38:208][ 37]LogAudioMixer: Display: Audio Buffer Underrun detected.
[2020.06.28-21.06.48:961][ 69]LogAudioMixer: Display: Audio Buffer Underrun detected.
[2020.06.28-21.08.19:611][339]LogAudioMixer: Display: Audio Buffer Underrun detected.
[2020.06.28-21.10.07:368][660]LogAudioMixer: Display: Audio Buffer Underrun detected.
[2020.06.28-21.11.33:424][916]LogAudioMixer: Display: Audio Buffer Underrun detected.
[2020.06.28-21.12.18:189][ 49]LogAudioMixer: Display: Audio Buffer Underrun detected.
[2020.06.28-21.12.27:605][ 77]LogAudioMixer: Display: Audio Buffer Underrun detected.
[2020.06.28-22.59.48:570][253]LogHttp: Warning: 00000152A8D79D00: invalid HTTP response code received. URL: https://datarouter.ol.epicgames.com/datarouter/api/v1/public/data?SessionID=%7B1167D92B-4D46-731C-84EB-B98F2627D06E%7D&AppID=UEEditor.Rocket.Release&AppVersion=4.25.1-13594126%2B%2B%2BUE4%2BRelease-4.25&UserID=d30124fa4072969f13edc8bd3416ba78%7Ceba0c158ae58493f9cff91cdbf258934%7C64efdec2-77e3-48cf-9b76-d281a747b7b4&AppEnvironment=datacollector-source&UploadType=eteventstream, HTTP code: 0, content length: 0, actual payload size: 0
[2020.06.28-22.59.48:570][253]LogHttp: Warning: 00000152A8D79D00: request failed, libcurl error: 6 (Couldn't resolve host name)
[2020.06.28-22.59.48:570][253]LogHttp: Warning: 00000152A8D79D00: libcurl info message cache 0 (Connection 159 seems to be dead!)
[2020.06.28-22.59.48:570][253]LogHttp: Warning: 00000152A8D79D00: libcurl info message cache 1 (Closing connection 159)
[2020.06.28-22.59.48:570][253]LogHttp: Warning: 00000152A8D79D00: libcurl info message cache 2 (TLSv1.2 (OUT), TLS alert, Client hello (1):)
[2020.06.28-22.59.48:570][253]LogHttp: Warning: 00000152A8D79D00: libcurl info message cache 3 (Could not resolve host: datarouter.ol.epicgames.com)
[2020.06.28-22.59.48:570][253]LogHttp: Warning: 00000152A8D79D00: libcurl info message cache 4 (Closing connection 160)
[2020.06.28-22.59.48:903][254]LogHttp: Warning: Retry exhausted on https://datarouter.ol.epicgames.com/datarouter/api/v1/public/data?SessionID=%7B1167D92B-4D46-731C-84EB-B98F2627D06E%7D&AppID=UEEditor.Rocket.Release&AppVersion=4.25.1-13594126%2B%2B%2BUE4%2BRelease-4.25&UserID=d30124fa4072969f13edc8bd3416ba78%7Ceba0c158ae58493f9cff91cdbf258934%7C64efdec2-77e3-48cf-9b76-d281a747b7b4&AppEnvironment=datacollector-source&UploadType=eteventstream
[2020.06.28-23.01.49:440][614]LogHttp: Warning: 00000152A8D79D00: invalid HTTP response code received. URL: https://datarouter.ol.epicgames.com/datarouter/api/v1/public/data?SessionID=%7B1167D92B-4D46-731C-84EB-B98F2627D06E%7D&AppID=UEEditor.Rocket.Release&AppVersion=4.25.1-13594126%2B%2B%2BUE4%2BRelease-4.25&UserID=d30124fa4072969f13edc8bd3416ba78%7Ceba0c158ae58493f9cff91cdbf258934%7C64efdec2-77e3-48cf-9b76-d281a747b7b4&AppEnvironment=datacollector-source&UploadType=eteventstream, HTTP code: 0, content length: 0, actual payload size: 0
[2020.06.28-23.01.49:441][614]LogHttp: Warning: 00000152A8D79D00: request failed, libcurl error: 6 (Couldn't resolve host name)
[2020.06.28-23.01.49:441][614]LogHttp: Warning: 00000152A8D79D00: libcurl info message cache 0 (Could not resolve host: datarouter.ol.epicgames.com)
[2020.06.28-23.01.49:441][614]LogHttp: Warning: 00000152A8D79D00: libcurl info message cache 1 (Closing connection 161)
[2020.06.28-23.01.49:441][614]LogHttp: Warning: Retry exhausted on https://datarouter.ol.epicgames.com/datarouter/api/v1/public/data?SessionID=%7B1167D92B-4D46-731C-84EB-B98F2627D06E%7D&AppID=UEEditor.Rocket.Release&AppVersion=4.25.1-13594126%2B%2B%2BUE4%2BRelease-4.25&UserID=d30124fa4072969f13edc8bd3416ba78%7Ceba0c158ae58493f9cff91cdbf258934%7C64efdec2-77e3-48cf-9b76-d281a747b7b4&AppEnvironment=datacollector-source&UploadType=eteventstream
[2020.06.28-23.41.14:863][656]LogAudioMixer: Display: Audio Buffer Underrun detected.
[2020.06.29-14.19.23:258][871]LogTemp: Resetting audio stream to device id 
[2020.06.29-14.19.26:601][871]LogAudioMixer: Display: 0: FrontLeft
[2020.06.29-14.19.26:601][871]LogAudioMixer: Display: 1: FrontRight
[2020.06.29-14.19.26:602][871]LogAudioMixer: Display: 2: FrontCenter
[2020.06.29-14.19.26:602][871]LogAudioMixer: Display: 3: LowFrequency
[2020.06.29-14.19.26:602][871]LogAudioMixer: Display: 4: BackLeft
[2020.06.29-14.19.26:602][871]LogAudioMixer: Display: 5: BackRight
[2020.06.29-14.19.26:602][871]LogAudioMixer: Display: 6: SideLeft
[2020.06.29-14.19.26:602][871]LogAudioMixer: Display: 7: SideRight
[2020.06.29-14.19.26:686][872]LogTemp: Resetting audio stream to device id 
[2020.06.29-14.19.26:720][872]LogAudioMixer: Display: 0: FrontLeft
[2020.06.29-14.19.26:720][872]LogAudioMixer: Display: 1: FrontRight
[2020.06.29-14.19.26:720][872]LogAudioMixer: Display: 2: FrontCenter
[2020.06.29-14.19.26:720][872]LogAudioMixer: Display: 3: LowFrequency
[2020.06.29-14.19.26:720][872]LogAudioMixer: Display: 4: BackLeft
[2020.06.29-14.19.26:720][872]LogAudioMixer: Display: 5: BackRight
[2020.06.29-14.19.26:720][872]LogAudioMixer: Display: 6: SideLeft
[2020.06.29-14.19.26:720][872]LogAudioMixer: Display: 7: SideRight
[2020.06.29-18.00.52:950][705]LogAudioMixer: Warning: Changing default audio render device to new device: {0.0.0.00000000}.{c6768b99-8dc2-4e98-b3e5-548478448657}.
[2020.06.29-18.00.52:950][705]LogTemp: Resetting audio stream to device id 
[2020.06.29-18.00.54:479][705]LogAudioMixer: Display: 0: FrontLeft
[2020.06.29-18.00.54:480][705]LogAudioMixer: Display: 1: FrontRight
[2020.06.29-18.00.54:541][706]LogTemp: Resetting audio stream to device id 
[2020.06.29-18.00.54:591][706]LogAudioMixer: Display: 0: FrontLeft
[2020.06.29-18.00.54:592][706]LogAudioMixer: Display: 1: FrontRight
[2020.06.29-18.38.52:899][742]LogRenderer: Reallocating scene render targets to support 1064x560 Format 10 NumSamples 1 (Frame:335).
[2020.06.29-18.38.57:962][124]LogSlate: Window 'Editor Preferences' being destroyed
[2020.06.29-18.38.57:969][124]LogSlate: Window 'Editor Preferences' being destroyed
[2020.06.29-21.38.17:926][816]LogSlate: Took 0.008404 seconds to synchronously load lazily loaded font '../../../Engine/Content/Slate/Fonts/Roboto-Light.ttf' (167K)
[2020.06.29-21.38.17:972][816]LogAssetEditorSubsystem: Opening Asset editor for Blueprint /Game/Blueprints/MyTurret.MyTurret
[2020.06.29-21.38.22:048][816]LogContentBrowser: Native class hierarchy updated for 'BlueprintGraph' in 0.0031 seconds. Added 125 classes and 0 folders.
[2020.06.29-21.38.23:715][816]LogActor: Warning: MyTurret_C /Engine/Transient.World_6:PersistentLevel.MyTurret_C_0 has natively added scene component(s), but none of them were set as the actor's RootComponent - picking one arbitrarily
[2020.06.29-21.38.23:767][816]LogSlate: Took 0.006919 seconds to synchronously load lazily loaded font '../../../Engine/Content/Slate/Fonts/Roboto-BoldCondensed.ttf' (158K)
[2020.06.29-21.38.33:910][719]LogSlate: WidgetSwitcher ('None') active index changed to -1
[2020.06.29-21.38.33:911][719]LogSlate: WidgetSwitcher ('None') active index changed to 1
[2020.06.29-21.38.37:167][  8]LogAssetEditorSubsystem: Opening Asset editor for Blueprint /Game/Blueprints/MyProjectile.MyProjectile
[2020.06.29-21.38.37:774][  8]LogSlate: Window 'Add Blueprint Class' being destroyed
[2020.06.29-21.38.37:780][  8]LogActor: Warning: MyProjectile_C /Engine/Transient.World_7:PersistentLevel.MyProjectile_C_0 has natively added scene component(s), but none of them were set as the actor's RootComponent - picking one arbitrarily
[2020.06.29-21.38.39:753][ 92]LogRenderer: Reallocating scene render targets to support 1144x900 Format 10 NumSamples 1 (Frame:86).
[2020.06.29-21.38.40:812][154]LogSlate: Took 0.006440 seconds to synchronously load lazily loaded font '../../../Engine/Content/Slate/Fonts/Roboto-Italic.ttf' (157K)
[2020.06.29-21.38.55:261][980]LogActor: Warning: MyProjectile_C /Engine/Transient.World_8:PersistentLevel.MyProjectile_C_0 has natively added scene component(s), but none of them were set as the actor's RootComponent - picking one arbitrarily
[2020.06.29-21.39.07:023][685]BlueprintLog: New page: Compile MyProjectile
[2020.06.29-21.39.07:047][685]LogActor: Warning: MyProjectile_C /Engine/Transient.World_7:PersistentLevel.MyProjectile_C_0 has natively added scene component(s), but none of them were set as the actor's RootComponent - picking one arbitrarily
[2020.06.29-21.39.07:047][685]LogActor: Warning: MyProjectile_C /Engine/Transient.World_8:PersistentLevel.MyProjectile_C_0 has natively added scene component(s), but none of them were set as the actor's RootComponent - picking one arbitrarily
[2020.06.29-21.39.07:128][685]LogUObjectHash: Compacting FUObjectHashTables data took   5.25ms
[2020.06.29-21.39.07:142][685]LogActor: Warning: MyProjectile_C /Engine/Transient.World_8:PersistentLevel.MyProjectile_C_1 has natively added scene component(s), but none of them were set as the actor's RootComponent - picking one arbitrarily
[2020.06.29-21.39.07:517][707]Cmd: OBJ SAVEPACKAGE PACKAGE="/Game/Blueprints/MyProjectile" FILE="../../../../TCTD/TCTD/Content/Blueprints/MyProjectile.uasset" SILENT=true
[2020.06.29-21.39.07:540][707]LogSavePackage: Moving '../../../../TCTD/TCTD/Saved/MyProjectile80E53E17491C6F580A9595A464C6EA17.tmp' to '../../../../TCTD/TCTD/Content/Blueprints/MyProjectile.uasset'
[2020.06.29-21.39.07:569][707]AssetCheck: New page: Asset Save: MyProjectile
[2020.06.29-21.39.07:569][707]LogContentValidation: Display: Validating Blueprint /Game/Blueprints/MyProjectile.MyProjectile
[2020.06.29-21.39.09:529][839]LogActor: Warning: MyProjectile_C /Game/Scenes/TCTD.TCTD:PersistentLevel.MyProjectile_C_0 has natively added scene component(s), but none of them were set as the actor's RootComponent - picking one arbitrarily
[2020.06.29-21.39.11:276][998]LogActor: Warning: MyProjectile_C /Game/Scenes/TCTD.TCTD:PersistentLevel.MyProjectile_C_1 has natively added scene component(s), but none of them were set as the actor's RootComponent - picking one arbitrarily
[2020.06.29-21.39.12:461][ 97]Cmd: DELETE
[2020.06.29-21.39.12:461][ 97]Cmd: ACTOR DELETE
[2020.06.29-21.39.12:473][ 97]LogEditorActor: Deleted Actor: MyProjectile_C
[2020.06.29-21.39.12:513][ 97]LogUObjectHash: Compacting FUObjectHashTables data took   4.70ms
[2020.06.29-21.39.12:516][ 97]LogEditorActor: Deleted 1 Actors (0.054 secs)
[2020.06.29-21.39.40:907][ 32]LogUObjectHash: Compacting FUObjectHashTables data took   0.90ms
[2020.06.29-21.39.40:909][ 32]Cmd: OBJ SAVEPACKAGE PACKAGE="/Game/Scenes/TCTD" FILE="../../../../TCTD/TCTD/Saved/Autosaves/Game/Scenes/TCTD_Auto1.umap" SILENT=true AUTOSAVING=true KEEPDIRTY=false
[2020.06.29-21.39.40:962][ 32]LogSavePackage: Moving '../../../../TCTD/TCTD/Saved/TCTD_Auto153B1E39746A75DFA6F0CBAADFD8387DB.tmp' to '../../../../TCTD/TCTD/Saved/Autosaves/Game/Scenes/TCTD_Auto1.umap'
[2020.06.29-21.39.40:969][ 32]LogFileHelpers: Editor autosave (incl. sublevels) for '/Game/Scenes/TCTD' took 0.096
[2020.06.29-21.39.40:969][ 32]LogFileHelpers: Editor autosave (incl. sublevels) for all levels took 0.096
[2020.06.29-21.40.04:451][908]BlueprintLog: New page: Compile MyProjectile
[2020.06.29-21.40.04:473][908]LogActor: Warning: MyProjectile_C /Engine/Transient.World_7:PersistentLevel.MyProjectile_C_0 has natively added scene component(s), but none of them were set as the actor's RootComponent - picking one arbitrarily
[2020.06.29-21.40.04:474][908]LogActor: Warning: MyProjectile_C /Engine/Transient.World_8:PersistentLevel.MyProjectile_C_1 has natively added scene component(s), but none of them were set as the actor's RootComponent - picking one arbitrarily
[2020.06.29-21.40.04:524][908]LogUObjectHash: Compacting FUObjectHashTables data took   3.68ms
[2020.06.29-21.40.04:528][908]LogActor: Warning: MyProjectile_C /Engine/Transient.World_8:PersistentLevel.MyProjectile_C_2 has natively added scene component(s), but none of them were set as the actor's RootComponent - picking one arbitrarily
[2020.06.29-21.40.05:180][948]Cmd: OBJ SAVEPACKAGE PACKAGE="/Game/Blueprints/MyProjectile" FILE="../../../../TCTD/TCTD/Content/Blueprints/MyProjectile.uasset" SILENT=true
[2020.06.29-21.40.05:226][948]LogSavePackage: Moving '../../../../TCTD/TCTD/Saved/MyProjectile954D2EAB414FBBD63C234580CCFFEE96.tmp' to '../../../../TCTD/TCTD/Content/Blueprints/MyProjectile.uasset'
[2020.06.29-21.40.05:241][948]AssetCheck: New page: Asset Save: MyProjectile
[2020.06.29-21.40.05:241][948]LogContentValidation: Display: Validating Blueprint /Game/Blueprints/MyProjectile.MyProjectile
[2020.06.29-21.40.24:760][440]BlueprintLog: New page: Compile MyTurret
[2020.06.29-21.40.24:770][440]LogActor: Warning: MyTurret_C /Engine/Transient.World_3:PersistentLevel.MyTurret_C_0 has natively added scene component(s), but none of them were set as the actor's RootComponent - picking one arbitrarily
[2020.06.29-21.40.24:770][440]LogActor: Warning: MyTurret_C /Engine/Transient.World_6:PersistentLevel.MyTurret_C_0 has natively added scene component(s), but none of them were set as the actor's RootComponent - picking one arbitrarily
[2020.06.29-21.40.24:817][440]LogUObjectHash: Compacting FUObjectHashTables data took   3.57ms
[2020.06.29-21.40.24:821][440]LogActor: Warning: MyTurret_C /Engine/Transient.World_3:PersistentLevel.MyTurret_C_1 has natively added scene component(s), but none of them were set as the actor's RootComponent - picking one arbitrarily
[2020.06.29-21.40.25:385][475]Cmd: OBJ SAVEPACKAGE PACKAGE="/Game/Blueprints/MyTurret" FILE="../../../../TCTD/TCTD/Content/Blueprints/MyTurret.uasset" SILENT=true
[2020.06.29-21.40.25:425][475]LogSavePackage: Moving '../../../../TCTD/TCTD/Saved/MyTurret3AC68CAC43500EE2442811AC721537D7.tmp' to '../../../../TCTD/TCTD/Content/Blueprints/MyTurret.uasset'
[2020.06.29-21.40.25:449][475]AssetCheck: New page: Asset Save: MyTurret
[2020.06.29-21.40.25:449][475]LogContentValidation: Display: Validating Blueprint /Game/Blueprints/MyTurret.MyTurret
[2020.06.29-21.42.11:602][235]LogAssetEditorSubsystem: Opening Asset editor for Class /Script/TCTD.MyPlayerPawn
[2020.06.29-21.46.44:373][317]Candidate modules for hot reload:
[2020.06.29-21.46.44:373][317]  TCTD
[2020.06.29-21.46.44:373][317]Launching UnrealBuildTool... [F:/UE_4.25/Engine/Binaries/DotNET/UnrealBuildTool.exe  -ModuleWithSuffix=TCTD,5979 TCTDEditor Win64 Development -Project="F:/TCTD/TCTD/TCTD.uproject" "F:/TCTD/TCTD/TCTD.uproject"  -IgnoreJunk]
[2020.06.29-21.46.44:563][317]Warning: Starting HotReload took  0.2s.
[2020.06.29-21.47.20:191][868]CompilerResultsLog: New page: Compilation - Jun 29, 2020, 1:47:20 PM
[2020.06.29-21.47.20:191][868]CompilerResultsLog: Using 'git status' to determine working set for adaptive non-unity build (F:\TCTD).
[2020.06.29-21.47.20:191][868]CompilerResultsLog: Parsing headers for TCTDEditor
[2020.06.29-21.47.20:191][868]CompilerResultsLog:   Running UnrealHeaderTool "F:\TCTD\TCTD\TCTD.uproject" "F:\TCTD\TCTD\Intermediate\Build\Win64\TCTDEditor\Development\TCTDEditor.uhtmanifest" -LogCmds="loginit warning, logexit warning, logdatabase error" -Unattended -WarningsAsErrors -abslog="C:\Users\kylej\AppData\Local\UnrealBuildTool\Log_UHT.txt" -installed
[2020.06.29-21.47.20:191][868]CompilerResultsLog: Reflection code generated for TCTDEditor in 16.1451711 seconds
[2020.06.29-21.47.20:191][868]CompilerResultsLog: Building TCTDEditor...
[2020.06.29-21.47.20:191][868]CompilerResultsLog: Using Visual Studio 2019 14.25.28614 toolchain (C:\Program Files (x86)\Microsoft Visual Studio\2019\Professional\VC\Tools\MSVC\14.25.28610) and Windows 10.0.18362.0 SDK (C:\Program Files (x86)\Windows Kits\10).
[2020.06.29-21.47.20:191][868]CompilerResultsLog: Building 6 actions with 4 processes...
[2020.06.29-21.47.20:191][868]CompilerResultsLog:   [1/6] TCTD.init.gen.cpp
[2020.06.29-21.47.20:191][868]CompilerResultsLog:   [2/6] Spawner.gen.cpp
[2020.06.29-21.47.20:191][868]CompilerResultsLog:   F:\TCTD\TCTD\Source\TCTD\Enemy_Base.h(67): warning C4263: 'void AEnemy_Base::TakeDamage(int)': member function does not override any base class virtual member function
[2020.06.29-21.47.20:191][868]CompilerResultsLog:   F:\TCTD\TCTD\Source\TCTD\Enemy_Base.h(71): warning C4264: 'float AActor::TakeDamage(float,const FDamageEvent &,AController *,AActor *)': no override available for virtual member function from base 'AActor'; function is hidden
[2020.06.29-21.47.20:191][868]CompilerResultsLog:   F:\UE_4.25\Engine\Source\Runtime\Engine\Classes\GameFramework/Actor.h(2675): note: see declaration of 'AActor::TakeDamage'
[2020.06.29-21.47.20:191][868]CompilerResultsLog:   F:\UE_4.25\Engine\Source\Runtime\Engine\Classes\Engine/LocalPlayer.h(28): note: see declaration of 'AActor'
[2020.06.29-21.47.20:191][868]CompilerResultsLog:   [3/6] Spawner.cpp
[2020.06.29-21.47.20:192][868]CompilerResultsLog:   F:\TCTD\TCTD\Source\TCTD\Enemy_Base.h(67): warning C4263: 'void AEnemy_Base::TakeDamage(int)': member function does not override any base class virtual member function
[2020.06.29-21.47.20:192][868]CompilerResultsLog:   F:\TCTD\TCTD\Source\TCTD\Enemy_Base.h(71): warning C4264: 'float AActor::TakeDamage(float,const FDamageEvent &,AController *,AActor *)': no override available for virtual member function from base 'AActor'; function is hidden
[2020.06.29-21.47.20:192][868]CompilerResultsLog:   F:\UE_4.25\Engine\Source\Runtime\Engine\Classes\GameFramework/Actor.h(2675): note: see declaration of 'AActor::TakeDamage'
[2020.06.29-21.47.20:192][868]CompilerResultsLog:   F:\UE_4.25\Engine\Source\Runtime\Engine\Classes\Engine/LocalPlayer.h(28): note: see declaration of 'AActor'
[2020.06.29-21.47.20:192][868]CompilerResultsLog:   [4/6] UE4Editor-TCTD-5979.lib
[2020.06.29-21.47.20:192][868]CompilerResultsLog:      Creating library F:\TCTD\TCTD\Intermediate\Build\Win64\UE4Editor\Development\TCTD\UE4Editor-TCTD-5979.lib and object F:\TCTD\TCTD\Intermediate\Build\Win64\UE4Editor\Development\TCTD\UE4Editor-TCTD-5979.exp
[2020.06.29-21.47.20:192][868]CompilerResultsLog:   [5/6] UE4Editor-TCTD-5979.dll
[2020.06.29-21.47.20:192][868]CompilerResultsLog:      Creating library F:\TCTD\TCTD\Intermediate\Build\Win64\UE4Editor\Development\TCTD\UE4Editor-TCTD-5979.suppressed.lib and object F:\TCTD\TCTD\Intermediate\Build\Win64\UE4Editor\Development\TCTD\UE4Editor-TCTD-5979.suppressed.exp
[2020.06.29-21.47.20:192][868]CompilerResultsLog:   [6/6] TCTDEditor.target
[2020.06.29-21.47.20:192][868]CompilerResultsLog: Total time in Parallel executor: 16.69 seconds
[2020.06.29-21.47.20:192][868]CompilerResultsLog: Total execution time: 35.35 seconds
[2020.06.29-21.47.20:192][868]LogMainFrame: MainFrame: Module compiling took 35.825 seconds
[2020.06.29-21.47.20:238][868]LogClass: Could not find existing class Spawner in package /Script/TCTD for HotReload, assuming new class
[2020.06.29-21.47.20:238][868]LogClass: Function SpawnEnemy is new.
[2020.06.29-21.47.20:260][868]LogHotReload: Re-instancing Spawner after hot-reload.
[2020.06.29-21.47.20:271][868]LogActor: Warning: MySpawner_C /Game/Scenes/TCTD.TCTD:PersistentLevel.MySpawner_2 has natively added scene component(s), but none of them were set as the actor's RootComponent - picking one arbitrarily
[2020.06.29-21.47.20:272][868]LogActor: Warning: MySpawner_C /Engine/Transient.World_1:PersistentLevel.MySpawner_C_0 has natively added scene component(s), but none of them were set as the actor's RootComponent - picking one arbitrarily
[2020.06.29-21.47.20:311][868]LogContentBrowser: Native class hierarchy updated for 'TCTD' in 0.0005 seconds. Added 11 classes and 2 folders.
[2020.06.29-21.47.20:316][868]Display: HotReload successful (5 functions remapped  0 scriptstructs remapped)
[2020.06.29-21.47.20:463][868]LogContentBrowser: Native class hierarchy populated in 0.0140 seconds. Added 3438 classes and 823 folders.
[2020.06.29-21.47.20:463][868]Display: HotReload took 36.1s.
[2020.06.29-21.47.36:662][521]LogTemp: Repeating last play command: Selected Viewport
[2020.06.29-21.47.36:735][521]LogPlayLevel: PlayLevel: No blueprints needed recompiling
[2020.06.29-21.47.36:735][521]PIE: New page: PIE session: TCTD (Jun 29, 2020, 1:47:36 PM)
[2020.06.29-21.47.36:737][521]LogOnline: OSS: Creating online subsystem instance for: NULL
[2020.06.29-21.47.36:739][521]LogOnline: OSS: TryLoadSubsystemAndSetDefault: Loaded subsystem for module [NULL]
[2020.06.29-21.47.36:739][521]LogPlayLevel: Creating play world package: /Game/Scenes/UEDPIE_0_TCTD
[2020.06.29-21.47.36:747][521]LogPlayLevel: PIE: StaticDuplicateObject took: (0.007829s)
[2020.06.29-21.47.36:750][521]LogAIModule: Creating AISystem for world TCTD
[2020.06.29-21.47.36:750][521]LogAISub: UAISubsystem::UAISubsystem EnvQueryManager (0000015331CAA600), frame # 359521
[2020.06.29-21.47.36:750][521]LogAISub: UAISubsystem::UAISubsystem AIPerceptionSystem (0000015331F3DBC0), frame # 359521
[2020.06.29-21.47.36:751][521]LogPlayLevel: PIE: World Init took: (0.003473s)
[2020.06.29-21.47.36:751][521]LogPlayLevel: PIE: Created PIE world by copying editor world from /Game/Scenes/TCTD.TCTD to /Game/Scenes/UEDPIE_0_TCTD.TCTD (0.011553s)
[2020.06.29-21.47.36:853][521]LogUObjectHash: Compacting FUObjectHashTables data took   5.70ms
[2020.06.29-21.47.36:856][521]LogAudioMixer: Display: Audio Mixer Platform Settings:
[2020.06.29-21.47.36:856][521]LogAudioMixer: Display: 	Sample Rate:						  48000
[2020.06.29-21.47.36:856][521]LogAudioMixer: Display: 	Callback Buffer Frame Size Requested: 1024
[2020.06.29-21.47.36:856][521]LogAudioMixer: Display: 	Callback Buffer Frame Size To Use:	  1024
[2020.06.29-21.47.36:856][521]LogAudioMixer: Display: 	Number of buffers to queue:			  2
[2020.06.29-21.47.36:856][521]LogAudioMixer: Display: 	Max Channels (voices):				  32
[2020.06.29-21.47.36:857][521]LogAudioMixer: Display: 	Number of Async Source Workers:		  0
[2020.06.29-21.47.36:857][521]LogAudio: Display: AudioDevice MaxSources: 32
[2020.06.29-21.47.36:857][521]LogAudio: Display: Using built-in audio occlusion.
[2020.06.29-21.47.36:857][521]LogAudioMixer: Display: Initializing audio mixer.
[2020.06.29-21.47.36:914][521]LogAudioMixer: Display: 0: FrontLeft
[2020.06.29-21.47.36:914][521]LogAudioMixer: Display: 1: FrontRight
[2020.06.29-21.47.36:948][521]LogAudioMixer: Display: Using Audio Device Headset Earphone (Razer Audio Controller - Chat)
[2020.06.29-21.47.36:948][521]LogAudioMixer: Display: Initializing Sound Submixes...
[2020.06.29-21.47.36:948][521]LogAudioMixer: Display: Creating Master Submix 'MasterSubmixDefault'
[2020.06.29-21.47.36:948][521]LogAudioMixer: Display: Creating Master Submix 'MasterReverbSubmixDefault'
[2020.06.29-21.47.36:949][521]LogAudioMixer: Display: Creating Master Submix 'MasterEQSubmixDefault'
[2020.06.29-21.47.36:977][521]LogInit: FAudioDevice initialized.
[2020.06.29-21.47.36:996][521]LogLoad: Game class is 'GameModeBase'
[2020.06.29-21.47.37:001][521]LogWorld: Bringing World /Game/Scenes/UEDPIE_0_TCTD.TCTD up for play (max tick rate 0) at 2020.06.29-17.47.37
[2020.06.29-21.47.37:002][521]LogWorld: Bringing up level for play took: 0.004439
[2020.06.29-21.47.37:002][521]LogOnline: OSS: Creating online subsystem instance for: :Context_10
[2020.06.29-21.47.37:137][521]LogContentBrowser: Native class hierarchy updated for 'MovieSceneCapture' in 0.0005 seconds. Added 20 classes and 0 folders.
[2020.06.29-21.47.37:138][521]PIE: Server logged in
[2020.06.29-21.47.37:140][521]PIE: Play in editor total start time 0.41 seconds.
[2020.06.29-21.48.04:513][935]LogWindows: Error: === Critical error: ===
[2020.06.29-21.48.04:513][935]LogWindows: Error: 
[2020.06.29-21.48.04:514][935]LogWindows: Error: Fatal error!
[2020.06.29-21.48.04:514][935]LogWindows: Error: 
[2020.06.29-21.48.04:514][935]LogWindows: Error: Unhandled Exception: EXCEPTION_ACCESS_VIOLATION reading address 0x00000000
[2020.06.29-21.48.04:514][935]LogWindows: Error: 
[2020.06.29-21.48.04:514][935]LogWindows: Error: [Callstack] 0x00007ffedb706c98 UE4Editor-TCTD-5979.dll!ASpawner::SpawnEnemy() [F:\TCTD\TCTD\Source\TCTD\Spawner.cpp:71]
[2020.06.29-21.48.04:514][935]LogWindows: Error: [Callstack] 0x00007ffecd1bef7b UE4Editor-Engine.dll!UnknownFunction []
[2020.06.29-21.48.04:514][935]LogWindows: Error: [Callstack] 0x00007ffecd218ce9 UE4Editor-Engine.dll!UnknownFunction []
[2020.06.29-21.48.04:514][935]LogWindows: Error: [Callstack] 0x00007ffecc938214 UE4Editor-Engine.dll!UnknownFunction []
[2020.06.29-21.48.04:514][935]LogWindows: Error: [Callstack] 0x00007ffeca9ea737 UE4Editor-UnrealEd.dll!UnknownFunction []
[2020.06.29-21.48.04:514][935]LogWindows: Error: [Callstack] 0x00007ffecb2c00d6 UE4Editor-UnrealEd.dll!UnknownFunction []
[2020.06.29-21.48.04:514][935]LogWindows: Error: [Callstack] 0x00007ff7cd3e7800 UE4Editor.exe!UnknownFunction []
[2020.06.29-21.48.04:514][935]LogWindows: Error: [Callstack] 0x00007ff7cd3fba7c UE4Editor.exe!UnknownFunction []
[2020.06.29-21.48.04:514][935]LogWindows: Error: [Callstack] 0x00007ff7cd3fbb5a UE4Editor.exe!UnknownFunction []
[2020.06.29-21.48.04:514][935]LogWindows: Error: [Callstack] 0x00007ff7cd40e31d UE4Editor.exe!UnknownFunction []
[2020.06.29-21.48.04:514][935]LogWindows: Error: [Callstack] 0x00007ff7cd41145a UE4Editor.exe!UnknownFunction []
[2020.06.29-21.48.04:514][935]LogWindows: Error: [Callstack] 0x00007fff3f147bd4 KERNEL32.DLL!UnknownFunction []
[2020.06.29-21.48.04:514][935]LogWindows: Error: [Callstack] 0x00007fff40dece51 ntdll.dll!UnknownFunction []
[2020.06.29-21.48.04:514][935]LogWindows: Error: 
[2020.06.29-21.48.04:561][935]LogExit: Executing StaticShutdownAfterError
[2020.06.29-21.48.04:570][935]LogWindows: FPlatformMisc::RequestExit(1)
[2020.06.29-21.48.04:570][935]LogCore: Engine exit requested (reason: Win RequestExit)
[2020.06.29-21.48.04:596][935]Log file closed, 06/29/20 17:48:04
