Log file open, 07/04/20 14:54:10
LogInit: Display: Running engine for game: TCTD
LogPlatformFile: Not using cached read wrapper
LogTaskGraph: Started task graph with 5 named threads and 14 total threads with 3 sets of task threads.
LogStats: Stats thread started at 1.500297
LogD3D11RHI: Loaded GFSDK_Aftermath_Lib.x64.dll
LogICUInternationalization: ICU TimeZone Detection - Raw Offset: -5:00, Platform Override: ''
LogPluginManager: Mounting plugin Paper2D
LogPluginManager: Mounting plugin AISupport
LogPluginManager: Mounting plugin LightPropagationVolume
LogPluginManager: Mounting plugin CameraShakePreviewer
LogPluginManager: Mounting plugin ActorLayerUtilities
LogPluginManager: Mounting plugin AnimationSharing
LogPluginManager: Mounting plugin CLionSourceCodeAccess
LogPluginManager: Mounting plugin CodeLiteSourceCodeAccess
LogPluginManager: Mounting plugin GitSourceControl
LogPluginManager: Mounting plugin KDevelopSourceCodeAccess
LogPluginManager: Mounting plugin NullSourceCodeAccess
LogPluginManager: Mounting plugin PerforceSourceControl
LogPluginManager: Mounting plugin PlasticSourceControl
LogPluginManager: Mounting plugin RiderSourceCodeAccess
LogPluginManager: Mounting plugin SubversionSourceControl
LogPluginManager: Mounting plugin UObjectPlugin
LogPluginManager: Mounting plugin VisualStudioCodeSourceCodeAccess
LogPluginManager: Mounting plugin VisualStudioSourceCodeAccess
LogPluginManager: Mounting plugin XCodeSourceCodeAccess
LogPluginManager: Mounting plugin AssetManagerEditor
LogPluginManager: Mounting plugin CryptoKeys
LogPluginManager: Mounting plugin CurveEditorTools
LogPluginManager: Mounting plugin DataValidation
LogPluginManager: Mounting plugin EditorScriptingUtilities
LogPluginManager: Mounting plugin FacialAnimation
LogPluginManager: Mounting plugin GameplayTagsEditor
LogPluginManager: Mounting plugin GeometryMode
LogPluginManager: Mounting plugin MacGraphicsSwitching
LogPluginManager: Mounting plugin MaterialAnalyzer
LogPluginManager: Mounting plugin MobileLauncherProfileWizard
LogPluginManager: Mounting plugin PluginBrowser
LogPluginManager: Mounting plugin SpeedTreeImporter
LogPluginManager: Mounting plugin DatasmithContent
LogPluginManager: Mounting plugin VariantManagerContent
LogPluginManager: Mounting plugin AlembicImporter
LogPluginManager: Mounting plugin AutomationUtils
LogPluginManager: Mounting plugin BackChannel
LogPluginManager: Mounting plugin ChaosCloth
LogPluginManager: Mounting plugin ChaosClothEditor
LogPluginManager: Mounting plugin ChaosEditor
LogPluginManager: Mounting plugin ChaosNiagara
LogPluginManager: Mounting plugin ChaosSolverPlugin
LogPluginManager: Mounting plugin CharacterAI
LogPluginManager: Mounting plugin GeometryCache
LogPluginManager: Mounting plugin GeometryCollectionPlugin
LogPluginManager: Mounting plugin GeometryProcessing
LogPluginManager: Mounting plugin PlanarCut
LogPluginManager: Mounting plugin PlatformCrypto
LogPluginManager: Mounting plugin ProxyLODPlugin
LogPluginManager: Mounting plugin SkeletalReduction
LogPluginManager: Mounting plugin Niagara
LogPluginManager: Mounting plugin MagicLeap
LogPluginManager: Mounting plugin MagicLeapLightEstimation
LogPluginManager: Mounting plugin MagicLeapMedia
LogPluginManager: Mounting plugin MagicLeapPassableWorld
LogPluginManager: Mounting plugin MLSDK
LogPluginManager: Mounting plugin AndroidMedia
LogPluginManager: Mounting plugin AvfMedia
LogPluginManager: Mounting plugin ImgMedia
LogPluginManager: Mounting plugin MediaCompositing
LogPluginManager: Mounting plugin MediaPlayerEditor
LogPluginManager: Mounting plugin WebMMedia
LogPluginManager: Mounting plugin WmfMedia
LogPluginManager: Mounting plugin MeshPainting
LogPluginManager: Mounting plugin TcpMessaging
LogPluginManager: Mounting plugin UdpMessaging
LogPluginManager: Mounting plugin ActorSequence
LogPluginManager: Mounting plugin LevelSequenceEditor
LogPluginManager: Mounting plugin MatineeToLevelSequence
LogPluginManager: Mounting plugin MovieRenderPipeline
LogPluginManager: Mounting plugin TemplateSequence
LogPluginManager: Mounting plugin NetcodeUnitTest
LogPluginManager: Mounting plugin NUTUnrealEngine4
LogPluginManager: Mounting plugin OnlineSubsystemGooglePlay
LogPluginManager: Mounting plugin OnlineSubsystemIOS
LogPluginManager: Mounting plugin OnlineSubsystem
LogPluginManager: Mounting plugin OnlineSubsystemNull
LogPluginManager: Mounting plugin OnlineSubsystemUtils
LogPluginManager: Mounting plugin LauncherChunkInstaller
LogPluginManager: Mounting plugin AndroidDeviceProfileSelector
LogPluginManager: Mounting plugin AndroidMoviePlayer
LogPluginManager: Mounting plugin AndroidPermission
LogPluginManager: Mounting plugin AppleImageUtils
LogPluginManager: Mounting plugin AppleMoviePlayer
LogPluginManager: Mounting plugin ArchVisCharacter
LogPluginManager: Mounting plugin AssetTags
LogPluginManager: Mounting plugin AudioCapture
LogPluginManager: Mounting plugin CableComponent
LogPluginManager: Mounting plugin CustomMeshComponent
LogPluginManager: Mounting plugin EditableMesh
LogPluginManager: Mounting plugin ExampleDeviceProfileSelector
LogPluginManager: Mounting plugin GoogleCloudMessaging
LogPluginManager: Mounting plugin GooglePAD
LogPluginManager: Mounting plugin IOSDeviceProfileSelector
LogPluginManager: Mounting plugin LinuxDeviceProfileSelector
LogPluginManager: Mounting plugin LocationServicesBPLibrary
LogPluginManager: Mounting plugin MobilePatchingUtils
LogPluginManager: Mounting plugin OculusVR
LogPluginManager: Mounting plugin PhysXVehicles
LogPluginManager: Mounting plugin PostSplashScreen
LogPluginManager: Mounting plugin ProceduralMeshComponent
LogPluginManager: Mounting plugin RuntimePhysXCooking
LogPluginManager: Mounting plugin SignificanceManager
LogPluginManager: Mounting plugin SoundFields
LogPluginManager: Mounting plugin SteamVR
LogPluginManager: Mounting plugin Synthesis
LogPluginManager: Mounting plugin WebMMoviePlayer
LogPluginManager: Mounting plugin WindowsMoviePlayer
LogPluginManager: Mounting plugin ScreenshotTools
LogPluginManager: Mounting plugin RiderLink
LogInit: Using libcurl 7.55.1-DEV
LogInit:  - built for x86_64-pc-win32
LogInit:  - supports SSL with OpenSSL/1.1.1
LogInit:  - supports HTTP deflate (compression) using libz 1.2.8
LogInit:  - other features:
LogInit:      CURL_VERSION_SSL
LogInit:      CURL_VERSION_LIBZ
LogInit:      CURL_VERSION_IPV6
LogInit:      CURL_VERSION_ASYNCHDNS
LogInit:      CURL_VERSION_LARGEFILE
LogInit:      CURL_VERSION_IDN
LogInit:  CurlRequestOptions (configurable via config and command line):
LogInit:  - bVerifyPeer = true  - Libcurl will verify peer certificate
LogInit:  - bUseHttpProxy = false  - Libcurl will NOT use HTTP proxy
LogInit:  - bDontReuseConnections = false  - Libcurl will reuse connections
LogInit:  - MaxHostConnections = 16  - Libcurl will limit the number of connections to a host
LogInit:  - LocalHostAddr = Default
LogInit:  - BufferSize = 65536
LogOnline: OSS: Creating online subsystem instance for: NULL
LogInit: WinSock: version 1.1 (2.2), MaxSocks=32767, MaxUdp=65467
LogOnline: OSS: TryLoadSubsystemAndSetDefault: Loaded subsystem for module [NULL]
LogInit: Build: ++UE4+Release-4.25-CL-13594126
LogInit: Engine Version: 4.25.1-13594126+++UE4+Release-4.25
LogInit: Compatible Engine Version: 4.25.0-13144385+++UE4+Release-4.25
LogInit: Net CL: 13144385
LogInit: OS: Windows 10 (Release 1903) (), CPU: AMD Ryzen 3 2200G with Radeon Vega Graphics    , GPU: NVIDIA GeForce GTX 1660 Ti
LogInit: Compiled (64-bit): Jun  2 2020 02:10:36
LogInit: Compiled with Visual C++: 19.24.28315.00
LogInit: Build Configuration: Development
LogInit: Branch Name: ++UE4+Release-4.25
LogInit: Command Line: 
LogInit: Base Directory: F:/UE_4.25/Engine/Binaries/Win64/
LogInit: Allocator: TBB
LogInit: Installed Engine Build: 1
LogDevObjectVersion: Number of dev versions registered: 26
LogDevObjectVersion:   Dev-Blueprints (B0D832E4-1F89-4F0D-ACCF-7EB736FD4AA2): 10
LogDevObjectVersion:   Dev-Build (E1C64328-A22C-4D53-A36C-8E866417BD8C): 0
LogDevObjectVersion:   Dev-Core (375EC13C-06E4-48FB-B500-84F0262A717E): 4
LogDevObjectVersion:   Dev-Editor (E4B068ED-F494-42E9-A231-DA0B2E46BB41): 38
LogDevObjectVersion:   Dev-Framework (CFFC743F-43B0-4480-9391-14DF171D2073): 37
LogDevObjectVersion:   Dev-Mobile (B02B49B5-BB20-44E9-A304-32B752E40360): 2
LogDevObjectVersion:   Dev-Networking (A4E4105C-59A1-49B5-A7C5-40C4547EDFEE): 0
LogDevObjectVersion:   Dev-Online (39C831C9-5AE6-47DC-9A44-9C173E1C8E7C): 0
LogDevObjectVersion:   Dev-Physics (78F01B33-EBEA-4F98-B9B4-84EACCB95AA2): 4
LogDevObjectVersion:   Dev-Platform (6631380F-2D4D-43E0-8009-CF276956A95A): 0
LogDevObjectVersion:   Dev-Rendering (12F88B9F-8875-4AFC-A67C-D90C383ABD29): 43
LogDevObjectVersion:   Dev-Sequencer (7B5AE74C-D270-4C10-A958-57980B212A5A): 12
LogDevObjectVersion:   Dev-VR (D7296918-1DD6-4BDD-9DE2-64A83CC13884): 3
LogDevObjectVersion:   Dev-LoadTimes (C2A15278-BFE7-4AFE-6C17-90FF531DF755): 1
LogDevObjectVersion:   Private-Geometry (6EACA3D4-40EC-4CC1-B786-8BED09428FC5): 3
LogDevObjectVersion:   Dev-AnimPhys (29E575DD-E0A3-4627-9D10-D276232CDCEA): 17
LogDevObjectVersion:   Dev-Anim (AF43A65D-7FD3-4947-9873-3E8ED9C1BB05): 7
LogDevObjectVersion:   Dev-ReflectionCapture (6B266CEC-1EC7-4B8F-A30B-E4D90942FC07): 1
LogDevObjectVersion:   Dev-Automation (0DF73D61-A23F-47EA-B727-89E90C41499A): 1
LogDevObjectVersion:   FortniteMain (601D1886-AC64-4F84-AA16-D3DE0DEAC7D6): 31
LogDevObjectVersion:   Dev-Enterprise (9DFFBCD6-494F-0158-E221-12823C92A888): 10
LogDevObjectVersion:   Dev-Niagara (F2AED0AC-9AFE-416F-8664-AA7FFA26D6FC): 1
LogDevObjectVersion:   Dev-Destruction (174F1F0B-B4C6-45A5-B13F-2EE8D0FB917D): 10
LogDevObjectVersion:   Dev-Physics-Ext (35F94A83-E258-406C-A318-09F59610247C): 37
LogDevObjectVersion:   Dev-PhysicsMaterial-Chaos (B68FC16E-8B1B-42E2-B453-215C058844FE): 1
LogDevObjectVersion:   Dev-CineCamera (B2E18506-4273-CFC2-A54E-F4BB758BBA07): 1
LogInit: Presizing for max 25165824 objects, including 0 objects not considered by GC, pre-allocating 0 bytes for permanent pool.
LogConfig: Applying CVar settings from Section [/Script/Engine.StreamingSettings] File [F:/TCTD/TCTD/Saved/Config/Windows/Engine.ini]
LogConfig: Setting CVar [[s.MinBulkDataSizeForAsyncLoading:131072]]
LogConfig: Setting CVar [[s.AsyncLoadingThreadEnabled:0]]
LogConfig: Setting CVar [[s.EventDrivenLoaderEnabled:1]]
LogConfig: Setting CVar [[s.WarnIfTimeLimitExceeded:0]]
LogConfig: Setting CVar [[s.TimeLimitExceededMultiplier:1.5]]
LogConfig: Setting CVar [[s.TimeLimitExceededMinTime:0.005]]
LogConfig: Setting CVar [[s.UseBackgroundLevelStreaming:1]]
LogConfig: Setting CVar [[s.PriorityAsyncLoadingExtraTime:15.0]]
LogConfig: Setting CVar [[s.LevelStreamingActorsUpdateTimeLimit:5.0]]
LogConfig: Setting CVar [[s.PriorityLevelStreamingActorsUpdateExtraTime:5.0]]
LogConfig: Setting CVar [[s.LevelStreamingComponentsRegistrationGranularity:10]]
LogConfig: Setting CVar [[s.UnregisterComponentsTimeLimit:1.0]]
LogConfig: Setting CVar [[s.LevelStreamingComponentsUnregistrationGranularity:5]]
LogConfig: Setting CVar [[s.FlushStreamingOnExit:1]]
LogInit: Object subsystem initialized
LogConfig: Setting CVar [[con.DebugEarlyDefault:1]]
LogConfig: Setting CVar [[r.setres:1280x720]]
[2020.07.04-18.54.10:700][  0]LogConfig: Setting CVar [[r.VSync:0]]
[2020.07.04-18.54.10:700][  0]LogConfig: Setting CVar [[r.RHICmdBypass:0]]
[2020.07.04-18.54.10:700][  0]LogConfig: Applying CVar settings from Section [/Script/Engine.RendererSettings] File [F:/TCTD/TCTD/Saved/Config/Windows/Engine.ini]
[2020.07.04-18.54.10:700][  0]LogConfig: Setting CVar [[r.GPUCrashDebugging:0]]
[2020.07.04-18.54.10:700][  0]LogConfig: Applying CVar settings from Section [/Script/Engine.RendererOverrideSettings] File [F:/TCTD/TCTD/Saved/Config/Windows/Engine.ini]
[2020.07.04-18.54.10:700][  0]LogConfig: Applying CVar settings from Section [/Script/Engine.StreamingSettings] File [F:/TCTD/TCTD/Saved/Config/Windows/Engine.ini]
[2020.07.04-18.54.10:700][  0]LogConfig: Setting CVar [[s.MinBulkDataSizeForAsyncLoading:131072]]
[2020.07.04-18.54.10:700][  0]LogConfig: Setting CVar [[s.AsyncLoadingThreadEnabled:0]]
[2020.07.04-18.54.10:700][  0]LogConfig: Setting CVar [[s.EventDrivenLoaderEnabled:1]]
[2020.07.04-18.54.10:700][  0]LogConfig: Setting CVar [[s.WarnIfTimeLimitExceeded:0]]
[2020.07.04-18.54.10:700][  0]LogConfig: Setting CVar [[s.TimeLimitExceededMultiplier:1.5]]
[2020.07.04-18.54.10:700][  0]LogConfig: Setting CVar [[s.TimeLimitExceededMinTime:0.005]]
[2020.07.04-18.54.10:700][  0]LogConfig: Setting CVar [[s.UseBackgroundLevelStreaming:1]]
[2020.07.04-18.54.10:700][  0]LogConfig: Setting CVar [[s.PriorityAsyncLoadingExtraTime:15.0]]
[2020.07.04-18.54.10:700][  0]LogConfig: Setting CVar [[s.LevelStreamingActorsUpdateTimeLimit:5.0]]
[2020.07.04-18.54.10:700][  0]LogConfig: Setting CVar [[s.PriorityLevelStreamingActorsUpdateExtraTime:5.0]]
[2020.07.04-18.54.10:700][  0]LogConfig: Setting CVar [[s.LevelStreamingComponentsRegistrationGranularity:10]]
[2020.07.04-18.54.10:700][  0]LogConfig: Setting CVar [[s.UnregisterComponentsTimeLimit:1.0]]
[2020.07.04-18.54.10:700][  0]LogConfig: Setting CVar [[s.LevelStreamingComponentsUnregistrationGranularity:5]]
[2020.07.04-18.54.10:700][  0]LogConfig: Setting CVar [[s.FlushStreamingOnExit:1]]
[2020.07.04-18.54.10:700][  0]LogConfig: Applying CVar settings from Section [/Script/Engine.GarbageCollectionSettings] File [F:/TCTD/TCTD/Saved/Config/Windows/Engine.ini]
[2020.07.04-18.54.10:700][  0]LogConfig: Setting CVar [[gc.MaxObjectsNotConsideredByGC:1]]
[2020.07.04-18.54.10:700][  0]LogConfig: Setting CVar [[gc.SizeOfPermanentObjectPool:0]]
[2020.07.04-18.54.10:700][  0]LogConfig: Setting CVar [[gc.FlushStreamingOnGC:0]]
[2020.07.04-18.54.10:700][  0]LogConfig: Setting CVar [[gc.NumRetriesBeforeForcingGC:10]]
[2020.07.04-18.54.10:700][  0]LogConfig: Setting CVar [[gc.AllowParallelGC:1]]
[2020.07.04-18.54.10:700][  0]LogConfig: Setting CVar [[gc.TimeBetweenPurgingPendingKillObjects:61.1]]
[2020.07.04-18.54.10:700][  0]LogConfig: Setting CVar [[gc.MaxObjectsInEditor:25165824]]
[2020.07.04-18.54.10:700][  0]LogConfig: Setting CVar [[gc.IncrementalBeginDestroyEnabled:1]]
[2020.07.04-18.54.10:700][  0]LogConfig: Setting CVar [[gc.CreateGCClusters:1]]
[2020.07.04-18.54.10:700][  0]LogConfig: Setting CVar [[gc.MinGCClusterSize:5]]
[2020.07.04-18.54.10:700][  0]LogConfig: Setting CVar [[gc.ActorClusteringEnabled:0]]
[2020.07.04-18.54.10:700][  0]LogConfig: Setting CVar [[gc.BlueprintClusteringEnabled:0]]
[2020.07.04-18.54.10:700][  0]LogConfig: Setting CVar [[gc.UseDisregardForGCOnDedicatedServers:0]]
[2020.07.04-18.54.10:700][  0]LogConfig: Applying CVar settings from Section [/Script/Engine.NetworkSettings] File [F:/TCTD/TCTD/Saved/Config/Windows/Engine.ini]
[2020.07.04-18.54.10:700][  0]LogConfig: Applying CVar settings from Section [/Script/UnrealEd.CookerSettings] File [F:/TCTD/TCTD/Saved/Config/Windows/Engine.ini]
[2020.07.04-18.54.10:707][  0]LogConfig: Applying CVar settings from Section [ViewDistanceQuality@3] File [F:/TCTD/TCTD/Saved/Config/Windows/Scalability.ini]
[2020.07.04-18.54.10:707][  0]LogConfig: Setting CVar [[r.SkeletalMeshLODBias:0]]
[2020.07.04-18.54.10:708][  0]LogConfig: Setting CVar [[r.ViewDistanceScale:1.0]]
[2020.07.04-18.54.10:708][  0]LogConfig: Applying CVar settings from Section [AntiAliasingQuality@3] File [F:/TCTD/TCTD/Saved/Config/Windows/Scalability.ini]
[2020.07.04-18.54.10:708][  0]LogConfig: Setting CVar [[r.PostProcessAAQuality:4]]
[2020.07.04-18.54.10:708][  0]LogConfig: Applying CVar settings from Section [ShadowQuality@3] File [F:/TCTD/TCTD/Saved/Config/Windows/Scalability.ini]
[2020.07.04-18.54.10:708][  0]LogConfig: Setting CVar [[r.LightFunctionQuality:1]]
[2020.07.04-18.54.10:708][  0]LogConfig: Setting CVar [[r.ShadowQuality:5]]
[2020.07.04-18.54.10:708][  0]LogConfig: Setting CVar [[r.Shadow.CSM.MaxCascades:10]]
[2020.07.04-18.54.10:708][  0]LogConfig: Setting CVar [[r.Shadow.MaxResolution:2048]]
[2020.07.04-18.54.10:708][  0]LogConfig: Setting CVar [[r.Shadow.MaxCSMResolution:2048]]
[2020.07.04-18.54.10:708][  0]LogConfig: Setting CVar [[r.Shadow.RadiusThreshold:0.01]]
[2020.07.04-18.54.10:708][  0]LogConfig: Setting CVar [[r.Shadow.DistanceScale:1.0]]
[2020.07.04-18.54.10:708][  0]LogConfig: Setting CVar [[r.Shadow.CSM.TransitionScale:1.0]]
[2020.07.04-18.54.10:708][  0]LogConfig: Setting CVar [[r.Shadow.PreShadowResolutionFactor:1.0]]
[2020.07.04-18.54.10:708][  0]LogConfig: Setting CVar [[r.DistanceFieldShadowing:1]]
[2020.07.04-18.54.10:708][  0]LogConfig: Setting CVar [[r.DistanceFieldAO:1]]
[2020.07.04-18.54.10:708][  0]LogConfig: Setting CVar [[r.AOQuality:2]]
[2020.07.04-18.54.10:708][  0]LogConfig: Setting CVar [[r.VolumetricFog:1]]
[2020.07.04-18.54.10:708][  0]LogConfig: Setting CVar [[r.VolumetricFog.GridPixelSize:8]]
[2020.07.04-18.54.10:708][  0]LogConfig: Setting CVar [[r.VolumetricFog.GridSizeZ:128]]
[2020.07.04-18.54.10:708][  0]LogConfig: Setting CVar [[r.VolumetricFog.HistoryMissSupersampleCount:4]]
[2020.07.04-18.54.10:708][  0]LogConfig: Setting CVar [[r.LightMaxDrawDistanceScale:1]]
[2020.07.04-18.54.10:708][  0]LogConfig: Setting CVar [[r.CapsuleShadows:1]]
[2020.07.04-18.54.10:708][  0]LogConfig: Applying CVar settings from Section [PostProcessQuality@3] File [F:/TCTD/TCTD/Saved/Config/Windows/Scalability.ini]
[2020.07.04-18.54.10:708][  0]LogConfig: Setting CVar [[r.MotionBlurQuality:4]]
[2020.07.04-18.54.10:708][  0]LogConfig: Setting CVar [[r.AmbientOcclusionMipLevelFactor:0.4]]
[2020.07.04-18.54.10:708][  0]LogConfig: Setting CVar [[r.AmbientOcclusionMaxQuality:100]]
[2020.07.04-18.54.10:708][  0]LogConfig: Setting CVar [[r.AmbientOcclusionLevels:-1]]
[2020.07.04-18.54.10:708][  0]LogConfig: Setting CVar [[r.AmbientOcclusionRadiusScale:1.0]]
[2020.07.04-18.54.10:708][  0]LogConfig: Setting CVar [[r.DepthOfFieldQuality:2]]
[2020.07.04-18.54.10:708][  0]LogConfig: Setting CVar [[r.RenderTargetPoolMin:400]]
[2020.07.04-18.54.10:708][  0]LogConfig: Setting CVar [[r.LensFlareQuality:2]]
[2020.07.04-18.54.10:708][  0]LogConfig: Setting CVar [[r.SceneColorFringeQuality:1]]
[2020.07.04-18.54.10:708][  0]LogConfig: Setting CVar [[r.EyeAdaptationQuality:2]]
[2020.07.04-18.54.10:708][  0]LogConfig: Setting CVar [[r.BloomQuality:5]]
[2020.07.04-18.54.10:708][  0]LogConfig: Setting CVar [[r.FastBlurThreshold:100]]
[2020.07.04-18.54.10:708][  0]LogConfig: Setting CVar [[r.Upscale.Quality:3]]
[2020.07.04-18.54.10:708][  0]LogConfig: Setting CVar [[r.Tonemapper.GrainQuantization:1]]
[2020.07.04-18.54.10:708][  0]LogConfig: Setting CVar [[r.LightShaftQuality:1]]
[2020.07.04-18.54.10:708][  0]LogConfig: Setting CVar [[r.Filter.SizeScale:1]]
[2020.07.04-18.54.10:708][  0]LogConfig: Setting CVar [[r.Tonemapper.Quality:5]]
[2020.07.04-18.54.10:708][  0]LogConfig: Setting CVar [[r.DOF.Gather.AccumulatorQuality:1        ; higher gathering accumulator quality]]
[2020.07.04-18.54.10:708][  0]LogConfig: Setting CVar [[r.DOF.Gather.PostfilterMethod:1          ; Median3x3 postfilering method]]
[2020.07.04-18.54.10:708][  0]LogConfig: Setting CVar [[r.DOF.Gather.EnableBokehSettings:0       ; no bokeh simulation when gathering]]
[2020.07.04-18.54.10:708][  0]LogConfig: Setting CVar [[r.DOF.Gather.RingCount:4                 ; medium number of samples when gathering]]
[2020.07.04-18.54.10:708][  0]LogConfig: Setting CVar [[r.DOF.Scatter.ForegroundCompositing:1    ; additive foreground scattering]]
[2020.07.04-18.54.10:708][  0]LogConfig: Setting CVar [[r.DOF.Scatter.BackgroundCompositing:2    ; additive background scattering]]
[2020.07.04-18.54.10:708][  0]LogConfig: Setting CVar [[r.DOF.Scatter.EnableBokehSettings:1      ; bokeh simulation when scattering]]
[2020.07.04-18.54.10:709][  0]LogConfig: Setting CVar [[r.DOF.Scatter.MaxSpriteRatio:0.1         ; only a maximum of 10% of scattered bokeh]]
[2020.07.04-18.54.10:709][  0]LogConfig: Setting CVar [[r.DOF.Recombine.Quality:1                ; cheap slight out of focus]]
[2020.07.04-18.54.10:709][  0]LogConfig: Setting CVar [[r.DOF.Recombine.EnableBokehSettings:0    ; no bokeh simulation on slight out of focus]]
[2020.07.04-18.54.10:709][  0]LogConfig: Setting CVar [[r.DOF.TemporalAAQuality:1                ; more stable temporal accumulation]]
[2020.07.04-18.54.10:709][  0]LogConfig: Setting CVar [[r.DOF.Kernel.MaxForegroundRadius:0.025]]
[2020.07.04-18.54.10:709][  0]LogConfig: Setting CVar [[r.DOF.Kernel.MaxBackgroundRadius:0.025]]
[2020.07.04-18.54.10:709][  0]LogConfig: Applying CVar settings from Section [TextureQuality@3] File [F:/TCTD/TCTD/Saved/Config/Windows/Scalability.ini]
[2020.07.04-18.54.10:709][  0]LogConfig: Setting CVar [[r.Streaming.MipBias:0]]
[2020.07.04-18.54.10:709][  0]LogConfig: Setting CVar [[r.Streaming.AmortizeCPUToGPUCopy:0]]
[2020.07.04-18.54.10:709][  0]LogConfig: Setting CVar [[r.Streaming.MaxNumTexturesToStreamPerFrame:0]]
[2020.07.04-18.54.10:709][  0]LogConfig: Setting CVar [[r.Streaming.Boost:1]]
[2020.07.04-18.54.10:709][  0]LogConfig: Setting CVar [[r.MaxAnisotropy:8]]
[2020.07.04-18.54.10:709][  0]LogConfig: Setting CVar [[r.VT.MaxAnisotropy:8]]
[2020.07.04-18.54.10:709][  0]LogConfig: Setting CVar [[r.Streaming.LimitPoolSizeToVRAM:0]]
[2020.07.04-18.54.10:709][  0]LogConfig: Setting CVar [[r.Streaming.PoolSize:1000]]
[2020.07.04-18.54.10:709][  0]LogConfig: Setting CVar [[r.Streaming.MaxEffectiveScreenSize:0]]
[2020.07.04-18.54.10:709][  0]LogConfig: Applying CVar settings from Section [EffectsQuality@3] File [F:/TCTD/TCTD/Saved/Config/Windows/Scalability.ini]
[2020.07.04-18.54.10:709][  0]LogConfig: Setting CVar [[r.TranslucencyLightingVolumeDim:64]]
[2020.07.04-18.54.10:709][  0]LogConfig: Setting CVar [[r.RefractionQuality:2]]
[2020.07.04-18.54.10:709][  0]LogConfig: Setting CVar [[r.SSR.Quality:3]]
[2020.07.04-18.54.10:709][  0]LogConfig: Setting CVar [[r.SSR.HalfResSceneColor:0]]
[2020.07.04-18.54.10:709][  0]LogConfig: Setting CVar [[r.SceneColorFormat:4]]
[2020.07.04-18.54.10:709][  0]LogConfig: Setting CVar [[r.DetailMode:2]]
[2020.07.04-18.54.10:709][  0]LogConfig: Setting CVar [[r.TranslucencyVolumeBlur:1]]
[2020.07.04-18.54.10:709][  0]LogConfig: Setting CVar [[r.MaterialQualityLevel:1 ; High quality]]
[2020.07.04-18.54.10:709][  0]LogConfig: Setting CVar [[r.SSS.Scale:1]]
[2020.07.04-18.54.10:709][  0]LogConfig: Setting CVar [[r.SSS.SampleSet:2]]
[2020.07.04-18.54.10:709][  0]LogConfig: Setting CVar [[r.SSS.Quality:1]]
[2020.07.04-18.54.10:709][  0]LogConfig: Setting CVar [[r.SSS.HalfRes:0]]
[2020.07.04-18.54.10:709][  0]LogConfig: Setting CVar [[r.SSGI.Quality:3]]
[2020.07.04-18.54.10:709][  0]LogConfig: Setting CVar [[r.EmitterSpawnRateScale:1.0]]
[2020.07.04-18.54.10:709][  0]LogConfig: Setting CVar [[r.ParticleLightQuality:2]]
[2020.07.04-18.54.10:709][  0]LogConfig: Setting CVar [[r.SkyAtmosphere.AerialPerspectiveLUT.FastApplyOnOpaque:1 ; Always have FastSkyLUT 1 in this case to avoid wrong sky]]
[2020.07.04-18.54.10:709][  0]LogConfig: Setting CVar [[r.SkyAtmosphere.AerialPerspectiveLUT.SampleCountPerSlice:1]]
[2020.07.04-18.54.10:709][  0]LogConfig: Setting CVar [[r.SkyAtmosphere.AerialPerspectiveLUT.DepthResolution:16.0]]
[2020.07.04-18.54.10:709][  0]LogConfig: Setting CVar [[r.SkyAtmosphere.FastSkyLUT:1]]
[2020.07.04-18.54.10:709][  0]LogConfig: Setting CVar [[r.SkyAtmosphere.FastSkyLUT.SampleCountMin:4.0]]
[2020.07.04-18.54.10:709][  0]LogConfig: Setting CVar [[r.SkyAtmosphere.FastSkyLUT.SampleCountMax:32.0]]
[2020.07.04-18.54.10:709][  0]LogConfig: Setting CVar [[r.SkyAtmosphere.SampleCountMin:4.0]]
[2020.07.04-18.54.10:709][  0]LogConfig: Setting CVar [[r.SkyAtmosphere.SampleCountMax:32.0]]
[2020.07.04-18.54.10:709][  0]LogConfig: Setting CVar [[r.SkyAtmosphere.TransmittanceLUT.UseSmallFormat:0]]
[2020.07.04-18.54.10:709][  0]LogConfig: Setting CVar [[r.SkyAtmosphere.TransmittanceLUT.SampleCount:10.0]]
[2020.07.04-18.54.10:709][  0]LogConfig: Setting CVar [[r.SkyAtmosphere.MultiScatteringLUT.SampleCount:15.0]]
[2020.07.04-18.54.10:709][  0]LogConfig: Applying CVar settings from Section [FoliageQuality@3] File [F:/TCTD/TCTD/Saved/Config/Windows/Scalability.ini]
[2020.07.04-18.54.10:709][  0]LogConfig: Setting CVar [[foliage.DensityScale:1.0]]
[2020.07.04-18.54.10:709][  0]LogConfig: Setting CVar [[grass.DensityScale:1.0]]
[2020.07.04-18.54.10:709][  0]LogConfig: Applying CVar settings from Section [ShadingQuality@3] File [F:/TCTD/TCTD/Saved/Config/Windows/Scalability.ini]
[2020.07.04-18.54.10:709][  0]LogConfig: Setting CVar [[r.HairStrands.SkyLighting.SampleCount:16]]
[2020.07.04-18.54.10:709][  0]LogConfig: Setting CVar [[r.HairStrands.SkyLighting.JitterIntegration:0]]
[2020.07.04-18.54.10:709][  0]LogConfig: Setting CVar [[r.HairStrands.SkyAO.SampleCount:16]]
[2020.07.04-18.54.10:710][  0]LogConfig: Setting CVar [[r.HairStrands.DeepShadow.SuperSampling:0]]
[2020.07.04-18.54.10:710][  0]LogConfig: Setting CVar [[r.HairStrands.VisibilityPPLL:0]]
[2020.07.04-18.54.10:710][  0]LogConfig: Setting CVar [[r.HairStrands.RasterizationScale:0.5]]
[2020.07.04-18.54.10:710][  0]LogConfig: Setting CVar [[r.HairStrands.VelocityRasterizationScale:1]]
[2020.07.04-18.54.10:710][  0]LogInit: Selected Device Profile: [Windows]
[2020.07.04-18.54.10:710][  0]LogInit: Applying CVar settings loaded from the selected device profile: [Windows]
[2020.07.04-18.54.10:710][  0]LogHAL: Display: Platform has ~ 31 GB [33225981952 / 34359738368 / 31], which maps to Larger [LargestMinGB=32, LargerMinGB=12, DefaultMinGB=8, SmallerMinGB=6, SmallestMinGB=0)
[2020.07.04-18.54.10:710][  0]LogInit: Going up to parent DeviceProfile []
[2020.07.04-18.54.10:710][  0]LogConfig: Applying CVar settings from Section [ViewDistanceQuality@3] File [F:/TCTD/TCTD/Saved/Config/Windows/Scalability.ini]
[2020.07.04-18.54.10:710][  0]LogConfig: Setting CVar [[r.SkeletalMeshLODBias:0]]
[2020.07.04-18.54.10:710][  0]LogConfig: Setting CVar [[r.ViewDistanceScale:1.0]]
[2020.07.04-18.54.10:710][  0]LogConfig: Applying CVar settings from Section [AntiAliasingQuality@3] File [F:/TCTD/TCTD/Saved/Config/Windows/Scalability.ini]
[2020.07.04-18.54.10:710][  0]LogConfig: Setting CVar [[r.PostProcessAAQuality:4]]
[2020.07.04-18.54.10:710][  0]LogConfig: Applying CVar settings from Section [ShadowQuality@3] File [F:/TCTD/TCTD/Saved/Config/Windows/Scalability.ini]
[2020.07.04-18.54.10:710][  0]LogConfig: Setting CVar [[r.LightFunctionQuality:1]]
[2020.07.04-18.54.10:710][  0]LogConfig: Setting CVar [[r.ShadowQuality:5]]
[2020.07.04-18.54.10:710][  0]LogConfig: Setting CVar [[r.Shadow.CSM.MaxCascades:10]]
[2020.07.04-18.54.10:710][  0]LogConfig: Setting CVar [[r.Shadow.MaxResolution:2048]]
[2020.07.04-18.54.10:710][  0]LogConfig: Setting CVar [[r.Shadow.MaxCSMResolution:2048]]
[2020.07.04-18.54.10:710][  0]LogConfig: Setting CVar [[r.Shadow.RadiusThreshold:0.01]]
[2020.07.04-18.54.10:710][  0]LogConfig: Setting CVar [[r.Shadow.DistanceScale:1.0]]
[2020.07.04-18.54.10:710][  0]LogConfig: Setting CVar [[r.Shadow.CSM.TransitionScale:1.0]]
[2020.07.04-18.54.10:710][  0]LogConfig: Setting CVar [[r.Shadow.PreShadowResolutionFactor:1.0]]
[2020.07.04-18.54.10:710][  0]LogConfig: Setting CVar [[r.DistanceFieldShadowing:1]]
[2020.07.04-18.54.10:710][  0]LogConfig: Setting CVar [[r.DistanceFieldAO:1]]
[2020.07.04-18.54.10:710][  0]LogConfig: Setting CVar [[r.AOQuality:2]]
[2020.07.04-18.54.10:710][  0]LogConfig: Setting CVar [[r.VolumetricFog:1]]
[2020.07.04-18.54.10:710][  0]LogConfig: Setting CVar [[r.VolumetricFog.GridPixelSize:8]]
[2020.07.04-18.54.10:710][  0]LogConfig: Setting CVar [[r.VolumetricFog.GridSizeZ:128]]
[2020.07.04-18.54.10:710][  0]LogConfig: Setting CVar [[r.VolumetricFog.HistoryMissSupersampleCount:4]]
[2020.07.04-18.54.10:710][  0]LogConfig: Setting CVar [[r.LightMaxDrawDistanceScale:1]]
[2020.07.04-18.54.10:710][  0]LogConfig: Setting CVar [[r.CapsuleShadows:1]]
[2020.07.04-18.54.10:710][  0]LogConfig: Applying CVar settings from Section [PostProcessQuality@3] File [F:/TCTD/TCTD/Saved/Config/Windows/Scalability.ini]
[2020.07.04-18.54.10:710][  0]LogConfig: Setting CVar [[r.MotionBlurQuality:4]]
[2020.07.04-18.54.10:711][  0]LogConfig: Setting CVar [[r.AmbientOcclusionMipLevelFactor:0.4]]
[2020.07.04-18.54.10:711][  0]LogConfig: Setting CVar [[r.AmbientOcclusionMaxQuality:100]]
[2020.07.04-18.54.10:711][  0]LogConfig: Setting CVar [[r.AmbientOcclusionLevels:-1]]
[2020.07.04-18.54.10:711][  0]LogConfig: Setting CVar [[r.AmbientOcclusionRadiusScale:1.0]]
[2020.07.04-18.54.10:711][  0]LogConfig: Setting CVar [[r.DepthOfFieldQuality:2]]
[2020.07.04-18.54.10:711][  0]LogConfig: Setting CVar [[r.RenderTargetPoolMin:400]]
[2020.07.04-18.54.10:711][  0]LogConfig: Setting CVar [[r.LensFlareQuality:2]]
[2020.07.04-18.54.10:711][  0]LogConfig: Setting CVar [[r.SceneColorFringeQuality:1]]
[2020.07.04-18.54.10:711][  0]LogConfig: Setting CVar [[r.EyeAdaptationQuality:2]]
[2020.07.04-18.54.10:711][  0]LogConfig: Setting CVar [[r.BloomQuality:5]]
[2020.07.04-18.54.10:711][  0]LogConfig: Setting CVar [[r.FastBlurThreshold:100]]
[2020.07.04-18.54.10:711][  0]LogConfig: Setting CVar [[r.Upscale.Quality:3]]
[2020.07.04-18.54.10:711][  0]LogConfig: Setting CVar [[r.Tonemapper.GrainQuantization:1]]
[2020.07.04-18.54.10:711][  0]LogConfig: Setting CVar [[r.LightShaftQuality:1]]
[2020.07.04-18.54.10:711][  0]LogConfig: Setting CVar [[r.Filter.SizeScale:1]]
[2020.07.04-18.54.10:711][  0]LogConfig: Setting CVar [[r.Tonemapper.Quality:5]]
[2020.07.04-18.54.10:711][  0]LogConfig: Setting CVar [[r.DOF.Gather.AccumulatorQuality:1        ; higher gathering accumulator quality]]
[2020.07.04-18.54.10:711][  0]LogConfig: Setting CVar [[r.DOF.Gather.PostfilterMethod:1          ; Median3x3 postfilering method]]
[2020.07.04-18.54.10:711][  0]LogConfig: Setting CVar [[r.DOF.Gather.EnableBokehSettings:0       ; no bokeh simulation when gathering]]
[2020.07.04-18.54.10:711][  0]LogConfig: Setting CVar [[r.DOF.Gather.RingCount:4                 ; medium number of samples when gathering]]
[2020.07.04-18.54.10:711][  0]LogConfig: Setting CVar [[r.DOF.Scatter.ForegroundCompositing:1    ; additive foreground scattering]]
[2020.07.04-18.54.10:711][  0]LogConfig: Setting CVar [[r.DOF.Scatter.BackgroundCompositing:2    ; additive background scattering]]
[2020.07.04-18.54.10:711][  0]LogConfig: Setting CVar [[r.DOF.Scatter.EnableBokehSettings:1      ; bokeh simulation when scattering]]
[2020.07.04-18.54.10:711][  0]LogConfig: Setting CVar [[r.DOF.Scatter.MaxSpriteRatio:0.1         ; only a maximum of 10% of scattered bokeh]]
[2020.07.04-18.54.10:711][  0]LogConfig: Setting CVar [[r.DOF.Recombine.Quality:1                ; cheap slight out of focus]]
[2020.07.04-18.54.10:711][  0]LogConfig: Setting CVar [[r.DOF.Recombine.EnableBokehSettings:0    ; no bokeh simulation on slight out of focus]]
[2020.07.04-18.54.10:711][  0]LogConfig: Setting CVar [[r.DOF.TemporalAAQuality:1                ; more stable temporal accumulation]]
[2020.07.04-18.54.10:711][  0]LogConfig: Setting CVar [[r.DOF.Kernel.MaxForegroundRadius:0.025]]
[2020.07.04-18.54.10:711][  0]LogConfig: Setting CVar [[r.DOF.Kernel.MaxBackgroundRadius:0.025]]
[2020.07.04-18.54.10:711][  0]LogConfig: Applying CVar settings from Section [TextureQuality@3] File [F:/TCTD/TCTD/Saved/Config/Windows/Scalability.ini]
[2020.07.04-18.54.10:711][  0]LogConfig: Setting CVar [[r.Streaming.MipBias:0]]
[2020.07.04-18.54.10:711][  0]LogConfig: Setting CVar [[r.Streaming.AmortizeCPUToGPUCopy:0]]
[2020.07.04-18.54.10:711][  0]LogConfig: Setting CVar [[r.Streaming.MaxNumTexturesToStreamPerFrame:0]]
[2020.07.04-18.54.10:711][  0]LogConfig: Setting CVar [[r.Streaming.Boost:1]]
[2020.07.04-18.54.10:711][  0]LogConfig: Setting CVar [[r.MaxAnisotropy:8]]
[2020.07.04-18.54.10:711][  0]LogConfig: Setting CVar [[r.VT.MaxAnisotropy:8]]
[2020.07.04-18.54.10:711][  0]LogConfig: Setting CVar [[r.Streaming.LimitPoolSizeToVRAM:0]]
[2020.07.04-18.54.10:711][  0]LogConfig: Setting CVar [[r.Streaming.PoolSize:1000]]
[2020.07.04-18.54.10:711][  0]LogConfig: Setting CVar [[r.Streaming.MaxEffectiveScreenSize:0]]
[2020.07.04-18.54.10:711][  0]LogConfig: Applying CVar settings from Section [EffectsQuality@3] File [F:/TCTD/TCTD/Saved/Config/Windows/Scalability.ini]
[2020.07.04-18.54.10:711][  0]LogConfig: Setting CVar [[r.TranslucencyLightingVolumeDim:64]]
[2020.07.04-18.54.10:711][  0]LogConfig: Setting CVar [[r.RefractionQuality:2]]
[2020.07.04-18.54.10:711][  0]LogConfig: Setting CVar [[r.SSR.Quality:3]]
[2020.07.04-18.54.10:711][  0]LogConfig: Setting CVar [[r.SSR.HalfResSceneColor:0]]
[2020.07.04-18.54.10:711][  0]LogConfig: Setting CVar [[r.SceneColorFormat:4]]
[2020.07.04-18.54.10:711][  0]LogConfig: Setting CVar [[r.DetailMode:2]]
[2020.07.04-18.54.10:711][  0]LogConfig: Setting CVar [[r.TranslucencyVolumeBlur:1]]
[2020.07.04-18.54.10:711][  0]LogConfig: Setting CVar [[r.MaterialQualityLevel:1 ; High quality]]
[2020.07.04-18.54.10:712][  0]LogConfig: Setting CVar [[r.SSS.Scale:1]]
[2020.07.04-18.54.10:712][  0]LogConfig: Setting CVar [[r.SSS.SampleSet:2]]
[2020.07.04-18.54.10:712][  0]LogConfig: Setting CVar [[r.SSS.Quality:1]]
[2020.07.04-18.54.10:712][  0]LogConfig: Setting CVar [[r.SSS.HalfRes:0]]
[2020.07.04-18.54.10:712][  0]LogConfig: Setting CVar [[r.SSGI.Quality:3]]
[2020.07.04-18.54.10:712][  0]LogConfig: Setting CVar [[r.EmitterSpawnRateScale:1.0]]
[2020.07.04-18.54.10:712][  0]LogConfig: Setting CVar [[r.ParticleLightQuality:2]]
[2020.07.04-18.54.10:712][  0]LogConfig: Setting CVar [[r.SkyAtmosphere.AerialPerspectiveLUT.FastApplyOnOpaque:1 ; Always have FastSkyLUT 1 in this case to avoid wrong sky]]
[2020.07.04-18.54.10:712][  0]LogConfig: Setting CVar [[r.SkyAtmosphere.AerialPerspectiveLUT.SampleCountPerSlice:1]]
[2020.07.04-18.54.10:712][  0]LogConfig: Setting CVar [[r.SkyAtmosphere.AerialPerspectiveLUT.DepthResolution:16.0]]
[2020.07.04-18.54.10:712][  0]LogConfig: Setting CVar [[r.SkyAtmosphere.FastSkyLUT:1]]
[2020.07.04-18.54.10:712][  0]LogConfig: Setting CVar [[r.SkyAtmosphere.FastSkyLUT.SampleCountMin:4.0]]
[2020.07.04-18.54.10:712][  0]LogConfig: Setting CVar [[r.SkyAtmosphere.FastSkyLUT.SampleCountMax:32.0]]
[2020.07.04-18.54.10:712][  0]LogConfig: Setting CVar [[r.SkyAtmosphere.SampleCountMin:4.0]]
[2020.07.04-18.54.10:712][  0]LogConfig: Setting CVar [[r.SkyAtmosphere.SampleCountMax:32.0]]
[2020.07.04-18.54.10:712][  0]LogConfig: Setting CVar [[r.SkyAtmosphere.TransmittanceLUT.UseSmallFormat:0]]
[2020.07.04-18.54.10:712][  0]LogConfig: Setting CVar [[r.SkyAtmosphere.TransmittanceLUT.SampleCount:10.0]]
[2020.07.04-18.54.10:712][  0]LogConfig: Setting CVar [[r.SkyAtmosphere.MultiScatteringLUT.SampleCount:15.0]]
[2020.07.04-18.54.10:712][  0]LogConfig: Applying CVar settings from Section [FoliageQuality@3] File [F:/TCTD/TCTD/Saved/Config/Windows/Scalability.ini]
[2020.07.04-18.54.10:712][  0]LogConfig: Setting CVar [[foliage.DensityScale:1.0]]
[2020.07.04-18.54.10:712][  0]LogConfig: Setting CVar [[grass.DensityScale:1.0]]
[2020.07.04-18.54.10:712][  0]LogConfig: Applying CVar settings from Section [ShadingQuality@3] File [F:/TCTD/TCTD/Saved/Config/Windows/Scalability.ini]
[2020.07.04-18.54.10:712][  0]LogConfig: Setting CVar [[r.HairStrands.SkyLighting.SampleCount:16]]
[2020.07.04-18.54.10:712][  0]LogConfig: Setting CVar [[r.HairStrands.SkyLighting.JitterIntegration:0]]
[2020.07.04-18.54.10:712][  0]LogConfig: Setting CVar [[r.HairStrands.SkyAO.SampleCount:16]]
[2020.07.04-18.54.10:712][  0]LogConfig: Setting CVar [[r.HairStrands.DeepShadow.SuperSampling:0]]
[2020.07.04-18.54.10:712][  0]LogConfig: Setting CVar [[r.HairStrands.VisibilityPPLL:0]]
[2020.07.04-18.54.10:712][  0]LogConfig: Setting CVar [[r.HairStrands.RasterizationScale:0.5]]
[2020.07.04-18.54.10:712][  0]LogConfig: Setting CVar [[r.HairStrands.VelocityRasterizationScale:1]]
[2020.07.04-18.54.10:712][  0]LogConfig: Applying CVar settings from Section [Startup] File [../../../Engine/Config/ConsoleVariables.ini]
[2020.07.04-18.54.10:712][  0]LogConfig: Setting CVar [[net.UseAdaptiveNetUpdateFrequency:0]]
[2020.07.04-18.54.10:712][  0]LogConfig: Setting CVar [[p.chaos.AllowCreatePhysxBodies:1]]
[2020.07.04-18.54.10:712][  0]LogConfig: Setting CVar [[fx.SkipVectorVMBackendOptimizations:1]]
[2020.07.04-18.54.10:712][  0]LogConfig: Applying CVar settings from Section [ConsoleVariables] File [F:/TCTD/TCTD/Saved/Config/Windows/Engine.ini]
[2020.07.04-18.54.10:713][  0]LogInit: Computer: DESKTOP-4CJ4ISN
[2020.07.04-18.54.10:713][  0]LogInit: User: kylej
[2020.07.04-18.54.10:713][  0]LogInit: CPU Page size=4096, Cores=4
[2020.07.04-18.54.10:713][  0]LogInit: High frequency timer resolution =10.000000 MHz
[2020.07.04-18.54.10:713][  0]LogMemory: Memory total: Physical=30.9GB (31GB approx)
[2020.07.04-18.54.10:713][  0]LogMemory: Platform Memory Stats for Windows
[2020.07.04-18.54.10:713][  0]LogMemory: Process Physical Memory: 114.62 MB used, 114.63 MB peak
[2020.07.04-18.54.10:713][  0]LogMemory: Process Virtual Memory: 95.88 MB used, 95.88 MB peak
[2020.07.04-18.54.10:713][  0]LogMemory: Physical Memory: 20173.01 MB used,  11513.75 MB free, 31686.77 MB total
[2020.07.04-18.54.10:713][  0]LogMemory: Virtual Memory: 5127.76 MB used,  134212600.00 MB free, 134217728.00 MB total
[2020.07.04-18.54.10:722][  0]LogWindows: WindowsPlatformFeatures enabled
[2020.07.04-18.54.10:785][  0]LogInit: Physics initialised using underlying interface: PhysX
[2020.07.04-18.54.10:786][  0]LogInit: Using OS detected language (en-US).
[2020.07.04-18.54.10:786][  0]LogInit: Using OS detected locale (en-US).
[2020.07.04-18.54.10:788][  0]LogTextLocalizationManager: No specific localization for 'en-US' exists, so the 'en' localization will be used.
[2020.07.04-18.54.11:032][  0]LogInit: Setting process to per monitor DPI aware
[2020.07.04-18.54.11:072][  0]LogSlate: New Slate User Created.  User Index 0, Is Virtual User: 0
[2020.07.04-18.54.11:072][  0]LogSlate: Slate User Registered.  User Index 0, Is Virtual User: 0
[2020.07.04-18.54.11:252][  0]LogHMD: Failed to initialize OpenVR with code 110
[2020.07.04-18.54.11:252][  0]LogD3D11RHI: D3D11 min allowed feature level: 11_0
[2020.07.04-18.54.11:252][  0]LogD3D11RHI: D3D11 max allowed feature level: 11_0
[2020.07.04-18.54.11:252][  0]LogD3D11RHI: D3D11 adapters:
[2020.07.04-18.54.11:367][  0]LogD3D11RHI:    0. 'NVIDIA GeForce GTX 1660 Ti' (Feature Level 11_0)
[2020.07.04-18.54.11:367][  0]LogD3D11RHI:       5991/0/15843 MB DedicatedVideo/DedicatedSystem/SharedSystem, Outputs:2, VendorId:0x10de
[2020.07.04-18.54.11:370][  0]LogD3D11RHI:    1. 'Microsoft Basic Render Driver' (Feature Level 11_0)
[2020.07.04-18.54.11:370][  0]LogD3D11RHI:       0/0/15843 MB DedicatedVideo/DedicatedSystem/SharedSystem, Outputs:0, VendorId:0x1414
[2020.07.04-18.54.11:370][  0]LogD3D11RHI: Chosen D3D11 Adapter: 0
[2020.07.04-18.54.11:388][  0]LogD3D11RHI: Creating new Direct3DDevice
[2020.07.04-18.54.11:389][  0]LogD3D11RHI:     GPU DeviceId: 0x2182 (for the marketing name, search the web for "GPU Device Id")
[2020.07.04-18.54.11:389][  0]LogWindows: EnumDisplayDevices:
[2020.07.04-18.54.11:389][  0]LogWindows:    0. 'NVIDIA GeForce GTX 1660 Ti' (P:0 D:1)
[2020.07.04-18.54.11:389][  0]LogWindows:    1. 'NVIDIA GeForce GTX 1660 Ti' (P:1 D:1)
[2020.07.04-18.54.11:390][  0]LogWindows:    2. 'NVIDIA GeForce GTX 1660 Ti' (P:0 D:0)
[2020.07.04-18.54.11:390][  0]LogWindows:    3. 'NVIDIA GeForce GTX 1660 Ti' (P:0 D:0)
[2020.07.04-18.54.11:390][  0]LogWindows: DebugString: FoundDriverCount:4 
[2020.07.04-18.54.11:390][  0]LogD3D11RHI:     Adapter Name: NVIDIA GeForce GTX 1660 Ti
[2020.07.04-18.54.11:390][  0]LogD3D11RHI:   Driver Version: 445.87 (internal:26.21.14.4587, unified:445.87)
[2020.07.04-18.54.11:390][  0]LogD3D11RHI:      Driver Date: 4-3-2020
[2020.07.04-18.54.11:390][  0]LogRHI: Texture pool is 4193 MB (70% of 5991 MB)
[2020.07.04-18.54.11:471][  0]LogD3D11RHI: RHI has support for 64 bit atomics
[2020.07.04-18.54.11:474][  0]LogD3D11RHI: [Aftermath] Enabled and primed
[2020.07.04-18.54.11:474][  0]LogD3D11RHI: Async texture creation enabled
[2020.07.04-18.54.11:474][  0]LogD3D11RHI: Array index from any shader is supported
[2020.07.04-18.54.11:476][  0]LogD3D11RHI: HDR output is supported on display 0 (NvId: 0x80061087).
[2020.07.04-18.54.11:523][  0]LogD3D11RHI: GPU Timing Frequency: 1000.000000 (Debug: 2 2)
[2020.07.04-18.54.11:914][  0]LogTargetPlatformManager: Display: Loaded TargetPlatform 'AllDesktop'
[2020.07.04-18.54.11:947][  0]LogTargetPlatformManager: Display: Loaded TargetPlatform 'Android'
[2020.07.04-18.54.11:947][  0]LogTargetPlatformManager: Display: Loaded TargetPlatform 'Android_ASTC'
[2020.07.04-18.54.11:947][  0]LogTargetPlatformManager: Display: Loaded TargetPlatform 'Android_DXT'
[2020.07.04-18.54.11:947][  0]LogTargetPlatformManager: Display: Loaded TargetPlatform 'Android_ETC2'
[2020.07.04-18.54.11:947][  0]LogTargetPlatformManager: Display: Loaded TargetPlatform 'AndroidClient'
[2020.07.04-18.54.11:947][  0]LogTargetPlatformManager: Display: Loaded TargetPlatform 'Android_ASTCClient'
[2020.07.04-18.54.11:947][  0]LogTargetPlatformManager: Display: Loaded TargetPlatform 'Android_DXTClient'
[2020.07.04-18.54.11:947][  0]LogTargetPlatformManager: Display: Loaded TargetPlatform 'Android_ETC2Client'
[2020.07.04-18.54.11:947][  0]LogTargetPlatformManager: Display: Loaded TargetPlatform 'Android_Multi'
[2020.07.04-18.54.11:947][  0]LogTargetPlatformManager: Display: Loaded TargetPlatform 'Android_MultiClient'
[2020.07.04-18.54.11:984][  0]LogTargetPlatformManager: Display: Loaded TargetPlatform 'IOSClient'
[2020.07.04-18.54.11:984][  0]LogTargetPlatformManager: Display: Loaded TargetPlatform 'IOS'
[2020.07.04-18.54.11:998][  0]LogTargetPlatformManager: Display: Loaded TargetPlatform 'Linux'
[2020.07.04-18.54.12:012][  0]LogTargetPlatformManager: Display: Loaded TargetPlatform 'LinuxNoEditor'
[2020.07.04-18.54.12:025][  0]LogTargetPlatformManager: Display: Loaded TargetPlatform 'LinuxClient'
[2020.07.04-18.54.12:037][  0]LogTargetPlatformManager: Display: Loaded TargetPlatform 'LinuxServer'
[2020.07.04-18.54.12:049][  0]LogTargetPlatformManager: Display: Loaded TargetPlatform 'LinuxAArch64NoEditor'
[2020.07.04-18.54.12:062][  0]LogTargetPlatformManager: Display: Loaded TargetPlatform 'LinuxAArch64Client'
[2020.07.04-18.54.12:074][  0]LogTargetPlatformManager: Display: Loaded TargetPlatform 'LinuxAArch64Server'
[2020.07.04-18.54.12:111][  0]LogTargetPlatformManager: Display: Loaded TargetPlatform 'Lumin'
[2020.07.04-18.54.12:111][  0]LogTargetPlatformManager: Display: Loaded TargetPlatform 'LuminClient'
[2020.07.04-18.54.12:133][  0]LogTargetPlatformManager: Display: Loaded TargetPlatform 'TVOSClient'
[2020.07.04-18.54.12:133][  0]LogTargetPlatformManager: Display: Loaded TargetPlatform 'TVOS'
[2020.07.04-18.54.12:145][  0]LogTargetPlatformManager: Display: Loaded TargetPlatform 'WindowsNoEditor'
[2020.07.04-18.54.12:159][  0]LogTargetPlatformManager: Display: Loaded TargetPlatform 'Windows'
[2020.07.04-18.54.12:173][  0]LogTargetPlatformManager: Display: Loaded TargetPlatform 'WindowsClient'
[2020.07.04-18.54.12:186][  0]LogTargetPlatformManager: Display: Loaded TargetPlatform 'WindowsServer'
[2020.07.04-18.54.12:187][  0]LogTargetPlatformManager: Display: Building Assets For Windows
[2020.07.04-18.54.12:202][  0]LogAudioDebug: Display: Lib vorbis DLL was dynamically loaded.
[2020.07.04-18.54.12:310][  0]LogShaderCompilers: Guid format shader working directory is 25 characters bigger than the processId version (../../../../TCTD/TCTD/Intermediate/Shaders/WorkingDirectory/5944/).
[2020.07.04-18.54.12:310][  0]LogShaderCompilers: Cleaned the shader compiler working directory 'C:/Users/kylej/AppData/Local/Temp/UnrealShaderWorkingDir/FECDBF394B2FA0F37C0204B7EB162098/'.
[2020.07.04-18.54.12:311][  0]LogXGEController: Cannot use XGE Controller as Incredibuild is not installed on this machine.
[2020.07.04-18.54.12:311][  0]LogShaderCompilers: Cannot use XGE Shader Compiler as Incredibuild is not installed on this machine.
[2020.07.04-18.54.12:311][  0]LogShaderCompilers: Display: Using Local Shader Compiler.
[2020.07.04-18.54.13:307][  0]LogDerivedDataCache: Display: Max Cache Size: 512 MB
[2020.07.04-18.54.13:368][  0]LogDerivedDataCache: Loaded boot cache 0.06s 75MB C:/Users/kylej/AppData/Local/UnrealEngine/4.25/DerivedDataCache/Boot.ddc.
[2020.07.04-18.54.13:368][  0]LogDerivedDataCache: Display: Loaded Boot cache: C:/Users/kylej/AppData/Local/UnrealEngine/4.25/DerivedDataCache/Boot.ddc
[2020.07.04-18.54.13:368][  0]LogDerivedDataCache: FDerivedDataBackendGraph:  Pak pak cache file ../../../../TCTD/TCTD/DerivedDataCache/DDC.ddp not found, will not use a pak cache.
[2020.07.04-18.54.13:368][  0]LogDerivedDataCache: Unable to find inner node Pak for hierarchical cache Hierarchy.
[2020.07.04-18.54.13:368][  0]LogDerivedDataCache: FDerivedDataBackendGraph:  CompressedPak pak cache file ../../../../TCTD/TCTD/DerivedDataCache/Compressed.ddp not found, will not use a pak cache.
[2020.07.04-18.54.13:368][  0]LogDerivedDataCache: Unable to find inner node CompressedPak for hierarchical cache Hierarchy.
[2020.07.04-18.54.13:382][  0]LogDerivedDataCache: Display: Pak cache opened for reading ../../../Engine/DerivedDataCache/Compressed.ddp.
[2020.07.04-18.54.13:382][  0]LogDerivedDataCache: FDerivedDataBackendGraph:  EnterprisePak pak cache file ../../../Enterprise/DerivedDataCache/Compressed.ddp not found, will not use a pak cache.
[2020.07.04-18.54.13:382][  0]LogDerivedDataCache: Unable to find inner node EnterprisePak for hierarchical cache Hierarchy.
[2020.07.04-18.54.13:384][  0]LogDerivedDataCache: Using Local data cache path C:/Users/kylej/AppData/Local/UnrealEngine/Common/DerivedDataCache: Writable
[2020.07.04-18.54.13:384][  0]LogDerivedDataCache: Shared data cache path not found in *engine.ini, will not use an Shared cache.
[2020.07.04-18.54.13:384][  0]LogDerivedDataCache: Unable to find inner node Shared for hierarchical cache Hierarchy.
[2020.07.04-18.54.13:451][  0]LogSlate: Using FreeType 2.10.0
[2020.07.04-18.54.13:451][  0]LogSlate: SlateFontServices - WITH_FREETYPE: 1, WITH_HARFBUZZ: 1
[2020.07.04-18.54.13:484][  0]LogAssetRegistry: FAssetRegistry took 0.0030 seconds to start up
[2020.07.04-18.54.13:791][  0]LogInit: Selected Device Profile: [Windows]
[2020.07.04-18.54.13:946][  0]LogMeshReduction: Using QuadricMeshReduction for automatic static mesh reduction
[2020.07.04-18.54.13:946][  0]LogMeshReduction: Using SimplygonMeshReduction for automatic skeletal mesh reduction
[2020.07.04-18.54.13:946][  0]LogMeshReduction: Using ProxyLODMeshReduction for automatic mesh merging
[2020.07.04-18.54.13:946][  0]LogMeshReduction: No distributed automatic mesh merging module available
[2020.07.04-18.54.13:946][  0]LogMeshMerging: No distributed automatic mesh merging module available
[2020.07.04-18.54.13:973][  0]LogNetVersion: TCTD 1.0.0, NetCL: 13144385, EngineNetVer: 14, GameNetVer: 0 (Checksum: 3815092598)
[2020.07.04-18.54.14:523][  0]LogAISub: UAISubsystem::UAISubsystem AISubsystem (00000291101C4480), frame # 0
[2020.07.04-18.54.14:523][  0]LogAISub: UAISubsystem::UAISubsystem AIPerceptionSystem (000002911011D1C0), frame # 0
[2020.07.04-18.54.14:525][  0]LogAISub: UAISubsystem::UAISubsystem EnvQueryManager (0000029110171E00), frame # 0
[2020.07.04-18.54.14:586][  0]LogPackageLocalizationCache: Processed 19 localized package path(s) for 1 prioritized culture(s) in 0.054145 seconds
[2020.07.04-18.54.14:593][  0]LogUObjectArray: 15917 objects as part of root set at end of initial load.
[2020.07.04-18.54.14:593][  0]LogUObjectAllocator: 3965568 out of 0 bytes used by permanent object pool.
[2020.07.04-18.54.14:593][  0]LogUObjectArray: CloseDisregardForGC: 0/0 objects in disregard for GC pool
[2020.07.04-18.54.15:133][  0]LogTcpMessaging: Initializing TcpMessaging bridge
[2020.07.04-18.54.15:140][  0]LogUdpMessaging: Initializing bridge on interface 0.0.0.0:0 to multicast group 230.0.0.1:6666.
[2020.07.04-18.54.15:205][  0]FLogRiderLinkModule: INIT START
[2020.07.04-18.54.15:205][  0]FLogRiderLinkModule: INIT FINISH
[2020.07.04-18.54.15:294][  0]SourceControl: Source control is disabled
[2020.07.04-18.54.15:294][  0]SourceControl: Source control is disabled
[2020.07.04-18.54.15:300][  0]SourceControl: Source control is disabled
[2020.07.04-18.54.15:305][  0]SourceControl: Source control is disabled
[2020.07.04-18.54.15:316][  0]SourceControl: Source control is disabled
[2020.07.04-18.54.15:715][  0]LogAndroidPermission: UAndroidPermissionCallbackProxy::GetInstance
[2020.07.04-18.54.15:754][  0]LogAudioCaptureCore: Display: No Audio Capture implementations found. Audio input will be silent.
[2020.07.04-18.54.15:754][  0]LogAudioCaptureCore: Display: No Audio Capture implementations found. Audio input will be silent.
[2020.07.04-18.54.15:833][  0]LogOcInput: OculusInput pre-init called
[2020.07.04-18.54.15:849][  0]LogWindows: Failed to load 'OVRPlugin.dll' (GetLastError=126)
[2020.07.04-18.54.15:849][  0]LogWindows: File 'OVRPlugin.dll' does not exist
[2020.07.04-18.54.15:954][  0]LogEngine: Initializing Engine...
[2020.07.04-18.54.15:956][  0]LogHMD: Failed to initialize OpenVR with code 110
[2020.07.04-18.54.15:956][  0]LogMagicLeap: Warning: VR disabled because ZI is not enabled.  To enable, in the editor, Edit -> Project Settings -> Plugins -> Magic Leap Plugin -> Enable Zero Iteration
[2020.07.04-18.54.15:957][  0]LogStats: UGameplayTagsManager::InitializeManager -  0.000 s
[2020.07.04-18.54.16:096][  0]LogInit: Initializing FReadOnlyCVARCache
[2020.07.04-18.54.16:107][  0]LogAIModule: Creating AISystem for world Untitled
[2020.07.04-18.54.16:107][  0]LogAISub: UAISubsystem::UAISubsystem EnvQueryManager (0000029115EAFC00), frame # 0
[2020.07.04-18.54.16:107][  0]LogAISub: UAISubsystem::UAISubsystem AIPerceptionSystem (0000029115EBB880), frame # 0
[2020.07.04-18.54.16:123][  0]LogAudioMixer: Display: Audio Mixer Platform Settings:
[2020.07.04-18.54.16:123][  0]LogAudioMixer: Display: 	Sample Rate:						  48000
[2020.07.04-18.54.16:123][  0]LogAudioMixer: Display: 	Callback Buffer Frame Size Requested: 1024
[2020.07.04-18.54.16:123][  0]LogAudioMixer: Display: 	Callback Buffer Frame Size To Use:	  1024
[2020.07.04-18.54.16:123][  0]LogAudioMixer: Display: 	Number of buffers to queue:			  2
[2020.07.04-18.54.16:123][  0]LogAudioMixer: Display: 	Max Channels (voices):				  32
[2020.07.04-18.54.16:123][  0]LogAudioMixer: Display: 	Number of Async Source Workers:		  0
[2020.07.04-18.54.16:123][  0]LogAudio: Display: AudioDevice MaxSources: 32
[2020.07.04-18.54.16:123][  0]LogAudio: Display: Using built-in audio occlusion.
[2020.07.04-18.54.16:123][  0]LogAudioMixer: Display: Initializing audio mixer.
[2020.07.04-18.54.16:141][  0]LogAudioMixer: Display: 0: FrontLeft
[2020.07.04-18.54.16:141][  0]LogAudioMixer: Display: 1: FrontRight
[2020.07.04-18.54.16:217][  0]LogAudioMixer: Display: Using Audio Device Headset Earphone (Razer Audio Controller - Chat)
[2020.07.04-18.54.16:221][  0]LogAudioMixer: Display: Initializing Sound Submixes...
[2020.07.04-18.54.16:224][  0]LogAudioMixer: Display: Creating Master Submix 'MasterSubmixDefault'
[2020.07.04-18.54.16:224][  0]LogAudioMixer: Display: Creating Master Submix 'MasterReverbSubmixDefault'
[2020.07.04-18.54.16:225][  0]LogAudioMixer: Display: Creating Master Submix 'MasterEQSubmixDefault'
[2020.07.04-18.54.16:230][  0]LogInit: FAudioDevice initialized.
[2020.07.04-18.54.16:230][  0]LogNetVersion: Set ProjectVersion to 1.0.0.0. Version Checksum will be recalculated on next use.
[2020.07.04-18.54.16:338][  0]LogDerivedDataCache: Saved boot cache 0.11s 75MB C:/Users/kylej/AppData/Local/UnrealEngine/4.25/DerivedDataCache/Boot.ddc.
[2020.07.04-18.54.16:348][  0]LogInit: Texture streaming: Enabled
[2020.07.04-18.54.16:377][  0]LogEngineSessionManager: EngineSessionManager initialized
[2020.07.04-18.54.16:377][  0]LogEngineSessionManager: EngineSessionManager sent abnormal shutdown report. Type=Debugger, SessionId={31B8100F-4764-1DA4-9D60-62AE1DDAC6E7}
[2020.07.04-18.54.16:377][  0]LogEditorSessionSummary: Verbose: Initializing EditorSessionSummaryWriter for editor session tracking
[2020.07.04-18.54.16:379][  0]LogEditorSessionSummary: EditorSessionSummaryWriter initialized
[2020.07.04-18.54.16:462][  0]LogInit: Transaction tracking system initialized
[2020.07.04-18.54.16:503][  0]BlueprintLog: New page: Editor Load
[2020.07.04-18.54.16:619][  0]LocalizationService: Localization service is disabled
[2020.07.04-18.54.16:839][  0]LogCook: Display: Max memory allowance for cook 16384mb min free memory 0mb
[2020.07.04-18.54.16:839][  0]LogCook: Display: Mobile HDR setting 1
[2020.07.04-18.54.17:055][  0]LogFileCache: Scanning file cache for directory 'F:/TCTD/TCTD/Content/' took 0.00s
[2020.07.04-18.54.17:328][  0]SourceControl: Source control is disabled
[2020.07.04-18.54.17:328][  0]LogUnrealEdMisc: Loading editor; pre map load, took 9.547
[2020.07.04-18.54.17:329][  0]Cmd: MAP LOAD FILE="../../../../TCTD/TCTD/Content/Scenes/TCTD.umap" TEMPLATE=0 SHOWPROGRESS=1 FEATURELEVEL=3
[2020.07.04-18.54.17:329][  0]LightingResults: New page: Lighting Build
[2020.07.04-18.54.17:330][  0]LogWorld: UWorld::CleanupWorld for Untitled, bSessionEnded=true, bCleanupResources=true
[2020.07.04-18.54.17:330][  0]LogSlate: InvalidateAllWidgets triggered.  All widgets were invalidated
[2020.07.04-18.54.17:330][  0]MapCheck: New page: Map Check
[2020.07.04-18.54.17:330][  0]LightingResults: New page: Lighting Build
[2020.07.04-18.54.17:338][  0]LogAISub: UAISubsystem::~UAISubsystem EnvQueryManager (0000029115EAFC00), frame # 0
[2020.07.04-18.54.17:338][  0]LogAISub: UAISubsystem::~UAISubsystem AIPerceptionSystem (0000029115EBB880), frame # 0
[2020.07.04-18.54.17:339][  0]LogUObjectHash: Compacting FUObjectHashTables data took   0.92ms
[2020.07.04-18.54.17:495][  0]LogAIModule: Creating AISystem for world TCTD
[2020.07.04-18.54.17:495][  0]LogAISub: UAISubsystem::UAISubsystem EnvQueryManager (0000029105FAC600), frame # 0
[2020.07.04-18.54.17:495][  0]LogAISub: UAISubsystem::UAISubsystem AIPerceptionSystem (0000029115A6F100), frame # 0
[2020.07.04-18.54.17:504][  0]LogEditorServer: Finished looking for orphan Actors (0.000 secs)
[2020.07.04-18.54.17:527][  0]LogUObjectHash: Compacting FUObjectHashTables data took   1.88ms
[2020.07.04-18.54.17:529][  0]Cmd: MAP CHECKDEP NOCLEARLOG
[2020.07.04-18.54.17:529][  0]MapCheck: Map check complete: 0 Error(s), 0 Warning(s), took 0.14ms to complete.
[2020.07.04-18.54.17:529][  0]LogFileHelpers: Loading map 'TCTD' took 0.200
[2020.07.04-18.54.17:532][  0]LogUnrealEdMisc: Total Editor Startup Time, took 9.750
[2020.07.04-18.54.17:739][  0]LogSlate: Updating window title bar state: overlay mode, drag disabled, window buttons hidden, title bar hidden
[2020.07.04-18.54.17:749][  0]LogSlate: Updating window title bar state: overlay mode, drag disabled, window buttons hidden, title bar hidden
[2020.07.04-18.54.17:759][  0]LogSlate: Updating window title bar state: overlay mode, drag disabled, window buttons hidden, title bar hidden
[2020.07.04-18.54.17:767][  0]LogSlate: Updating window title bar state: overlay mode, drag disabled, window buttons hidden, title bar hidden
[2020.07.04-18.54.17:776][  0]LogCollectionManager: Loaded 0 collections in 0.000880 seconds
[2020.07.04-18.54.17:796][  0]LogFileCache: Scanning file cache for directory 'F:/TCTD/TCTD/Saved/Collections/' took 0.00s
[2020.07.04-18.54.17:796][  0]LogFileCache: Scanning file cache for directory 'F:/TCTD/TCTD/Content/Developers/kylej/Collections/' took 0.00s
[2020.07.04-18.54.17:796][  0]LogFileCache: Scanning file cache for directory 'F:/TCTD/TCTD/Content/Collections/' took 0.00s
[2020.07.04-18.54.17:796][  0]LogContentBrowser: Native class hierarchy populated in 0.0143 seconds. Added 3439 classes and 823 folders.
[2020.07.04-18.54.17:801][  0]LogContentBrowser: Native class hierarchy updated for 'WidgetCarousel' in 0.0004 seconds. Added 0 classes and 0 folders.
[2020.07.04-18.54.17:855][  0]LogContentBrowser: Native class hierarchy updated for 'AddContentDialog' in 0.0004 seconds. Added 0 classes and 0 folders.
[2020.07.04-18.54.17:919][  0]LogSlate: Took 0.000249 seconds to synchronously load lazily loaded font '../../../Engine/Content/Slate/Fonts/Roboto-Regular.ttf' (155K)
[2020.07.04-18.54.17:924][  0]LogSlate: Took 0.000210 seconds to synchronously load lazily loaded font '../../../Engine/Content/Slate/Fonts/Roboto-Bold.ttf' (160K)
[2020.07.04-18.54.17:927][  0]LogSlate: Took 0.000225 seconds to synchronously load lazily loaded font '../../../Engine/Content/Editor/Slate/Fonts/FontAwesome.ttf' (139K)
[2020.07.04-18.54.18:012][  0]LogRenderer: Reallocating scene render targets to support 1064x636 Format 10 NumSamples 1 (Frame:1).
[2020.07.04-18.54.18:141][  0]LogContentBrowser: Native class hierarchy updated for 'HierarchicalLODOutliner' in 0.0006 seconds. Added 0 classes and 0 folders.
[2020.07.04-18.54.18:141][  0]LogLoad: (Engine Initialization) Total time: 10.36 seconds
[2020.07.04-18.54.18:141][  0]LogLoad: (Engine Initialization) Total Blueprint compile time: 0.00 seconds
[2020.07.04-18.54.18:188][  0]LogAssetRegistry: Asset discovery search completed in 4.7058 seconds
[2020.07.04-18.54.18:194][  0]LogCollectionManager: Fixed up redirectors for 0 collections in 0.000005 seconds (updated 0 objects)
[2020.07.04-18.54.18:196][  0]LogPlayLevel: PlayLevel: No blueprints needed recompiling
[2020.07.04-18.54.18:197][  0]PIE: New page: PIE session: TCTD (Jul 4, 2020, 10:54:18 AM)
[2020.07.04-18.54.18:198][  0]LogOnline: OSS: Creating online subsystem instance for: NULL
[2020.07.04-18.54.18:200][  0]LogOnline: OSS: TryLoadSubsystemAndSetDefault: Loaded subsystem for module [NULL]
[2020.07.04-18.54.18:200][  0]LogPlayLevel: Creating play world package: /Game/Scenes/UEDPIE_0_TCTD
[2020.07.04-18.54.18:208][  0]LogPlayLevel: PIE: StaticDuplicateObject took: (0.008401s)
[2020.07.04-18.54.18:210][  0]LogAIModule: Creating AISystem for world TCTD
[2020.07.04-18.54.18:210][  0]LogAISub: UAISubsystem::UAISubsystem EnvQueryManager (000002912C441C00), frame # 0
[2020.07.04-18.54.18:210][  0]LogAISub: UAISubsystem::UAISubsystem AIPerceptionSystem (0000029115A6C180), frame # 0
[2020.07.04-18.54.18:210][  0]LogPlayLevel: PIE: World Init took: (0.001734s)
[2020.07.04-18.54.18:210][  0]LogPlayLevel: PIE: Created PIE world by copying editor world from /Game/Scenes/TCTD.TCTD to /Game/Scenes/UEDPIE_0_TCTD.TCTD (0.010464s)
[2020.07.04-18.54.18:222][  0]LogUObjectHash: Compacting FUObjectHashTables data took   1.00ms
[2020.07.04-18.54.18:227][  0]LogAudioMixer: Display: Audio Mixer Platform Settings:
[2020.07.04-18.54.18:227][  0]LogAudioMixer: Display: 	Sample Rate:						  48000
[2020.07.04-18.54.18:227][  0]LogAudioMixer: Display: 	Callback Buffer Frame Size Requested: 1024
[2020.07.04-18.54.18:227][  0]LogAudioMixer: Display: 	Callback Buffer Frame Size To Use:	  1024
[2020.07.04-18.54.18:227][  0]LogAudioMixer: Display: 	Number of buffers to queue:			  2
[2020.07.04-18.54.18:227][  0]LogAudioMixer: Display: 	Max Channels (voices):				  32
[2020.07.04-18.54.18:227][  0]LogAudioMixer: Display: 	Number of Async Source Workers:		  0
[2020.07.04-18.54.18:227][  0]LogAudio: Display: AudioDevice MaxSources: 32
[2020.07.04-18.54.18:228][  0]LogAudio: Display: Using built-in audio occlusion.
[2020.07.04-18.54.18:228][  0]LogAudioMixer: Display: Initializing audio mixer.
[2020.07.04-18.54.18:236][  0]LogAudioMixer: Display: 0: FrontLeft
[2020.07.04-18.54.18:236][  0]LogAudioMixer: Display: 1: FrontRight
[2020.07.04-18.54.18:281][  0]LogAudioMixer: Display: Using Audio Device Headset Earphone (Razer Audio Controller - Chat)
[2020.07.04-18.54.18:282][  0]LogAudioMixer: Display: Initializing Sound Submixes...
[2020.07.04-18.54.18:282][  0]LogAudioMixer: Display: Creating Master Submix 'MasterSubmixDefault'
[2020.07.04-18.54.18:282][  0]LogAudioMixer: Display: Creating Master Submix 'MasterReverbSubmixDefault'
[2020.07.04-18.54.18:283][  0]LogAudioMixer: Display: Creating Master Submix 'MasterEQSubmixDefault'
[2020.07.04-18.54.18:311][  0]LogInit: FAudioDevice initialized.
[2020.07.04-18.54.18:360][  0]LogSlate: Updating window title bar state: overlay mode, drag disabled, window buttons hidden, title bar hidden
[2020.07.04-18.54.18:360][  0]LogLoad: Game class is 'GameModeBase'
[2020.07.04-18.54.18:370][  0]LogWorld: Bringing World /Game/Scenes/UEDPIE_0_TCTD.TCTD up for play (max tick rate 3) at 2020.07.04-14.54.18
[2020.07.04-18.54.18:370][  0]LogWorld: Bringing up level for play took: 0.005122
[2020.07.04-18.54.18:371][  0]LogOnline: OSS: Creating online subsystem instance for: :Context_1
[2020.07.04-18.54.18:373][  0]LogGameMode: FindPlayerStart: PATHS NOT DEFINED or NO PLAYERSTART with positive rating
[2020.07.04-18.54.18:375][  0]LogContentBrowser: Native class hierarchy updated for 'MovieSceneCapture' in 0.0005 seconds. Added 20 classes and 0 folders.
[2020.07.04-18.54.18:379][  0]PIE: Server logged in
[2020.07.04-18.54.18:380][  0]PIE: Play in editor total start time 0.184 seconds.
[2020.07.04-18.54.18:383][  0]LogContentStreaming: Texture pool size now 1000 MB
[2020.07.04-18.54.18:491][  1]LogRenderer: Reallocating scene render targets to support 1280x688 Format 10 NumSamples 1 (Frame:1).
[2020.07.04-18.54.23:202][ 15]LogActor: Warning: MyEnemy_Standard_C /Game/Scenes/UEDPIE_0_TCTD.TCTD:PersistentLevel.MyEnemy_Standard_C_0 has natively added scene component(s), but none of them were set as the actor's RootComponent - picking one arbitrarily
[2020.07.04-18.55.03:192][324]LogSlate: Updating window title bar state: overlay mode, drag disabled, window buttons hidden, title bar hidden
[2020.07.04-18.55.03:192][324]LogWorld: BeginTearingDown for /Game/Scenes/UEDPIE_0_TCTD
[2020.07.04-18.55.03:192][324]LogSlate: Window 'TCTD Preview [NetMode: Standalone] (64-bit/Windows) ' being destroyed
[2020.07.04-18.55.03:197][324]LogWorld: UWorld::CleanupWorld for TCTD, bSessionEnded=true, bCleanupResources=true
[2020.07.04-18.55.03:198][324]LogSlate: InvalidateAllWidgets triggered.  All widgets were invalidated
[2020.07.04-18.55.03:206][324]LogPlayLevel: Display: Shutting down PIE online subsystems
[2020.07.04-18.55.03:207][324]LogSlate: InvalidateAllWidgets triggered.  All widgets were invalidated
[2020.07.04-18.55.03:246][324]LogAISub: UAISubsystem::~UAISubsystem EnvQueryManager (000002912C441C00), frame # 324
[2020.07.04-18.55.03:246][324]LogAISub: UAISubsystem::~UAISubsystem AIPerceptionSystem (0000029115A6C180), frame # 324
[2020.07.04-18.55.03:247][324]LogUObjectHash: Compacting FUObjectHashTables data took   0.74ms
[2020.07.04-18.55.03:273][325]LogPlayLevel: Display: Destroying online subsystem :Context_1
[2020.07.04-18.55.17:564][855]Candidate modules for hot reload:
[2020.07.04-18.55.17:564][855]  TCTD
[2020.07.04-18.55.17:564][855]Launching UnrealBuildTool... [F:/UE_4.25/Engine/Binaries/DotNET/UnrealBuildTool.exe  -ModuleWithSuffix=TCTD,3660 TCTDEditor Win64 Development -Project="F:/TCTD/TCTD/TCTD.uproject" "F:/TCTD/TCTD/TCTD.uproject"  -IgnoreJunk]
[2020.07.04-18.55.17:570][855]Warning: Starting HotReload took  0.0s.
[2020.07.04-18.55.28:713][ 96]CompilerResultsLog: New page: Compilation - Jul 4, 2020, 10:55:28 AM
[2020.07.04-18.55.28:714][ 96]CompilerResultsLog: Using 'git status' to determine working set for adaptive non-unity build (F:\TCTD).
[2020.07.04-18.55.28:714][ 96]CompilerResultsLog: Building TCTDEditor...
[2020.07.04-18.55.28:714][ 96]CompilerResultsLog: Using Visual Studio 2019 14.25.28614 toolchain (C:\Program Files (x86)\Microsoft Visual Studio\2019\Professional\VC\Tools\MSVC\14.25.28610) and Windows 10.0.18362.0 SDK (C:\Program Files (x86)\Windows Kits\10).
[2020.07.04-18.55.28:714][ 96]CompilerResultsLog: Building 4 actions with 4 processes...
[2020.07.04-18.55.28:714][ 96]CompilerResultsLog:   [1/4] Turret.cpp
[2020.07.04-18.55.28:715][ 96]CompilerResultsLog:   F:\TCTD\TCTD\Source\TCTD\Enemy_Base.h(82): warning C4263: 'void AEnemy_Base::TakeDamage(int)': member function does not override any base class virtual member function
[2020.07.04-18.55.28:715][ 96]CompilerResultsLog:   F:\TCTD\TCTD\Source\TCTD\Enemy_Base.h(86): warning C4264: 'float AActor::TakeDamage(float,const FDamageEvent &,AController *,AActor *)': no override available for virtual member function from base 'AActor'; function is hidden
[2020.07.04-18.55.28:715][ 96]CompilerResultsLog:   F:\UE_4.25\Engine\Source\Runtime\Engine\Classes\GameFramework/Actor.h(2675): note: see declaration of 'AActor::TakeDamage'
[2020.07.04-18.55.28:715][ 96]CompilerResultsLog:   F:\UE_4.25\Engine\Source\Runtime\Engine\Classes\Engine/LocalPlayer.h(28): note: see declaration of 'AActor'
[2020.07.04-18.55.28:715][ 96]CompilerResultsLog:   [2/4] UE4Editor-TCTD-3660.lib
[2020.07.04-18.55.28:715][ 96]CompilerResultsLog:      Creating library F:\TCTD\TCTD\Intermediate\Build\Win64\UE4Editor\Development\TCTD\UE4Editor-TCTD-3660.lib and object F:\TCTD\TCTD\Intermediate\Build\Win64\UE4Editor\Development\TCTD\UE4Editor-TCTD-3660.exp
[2020.07.04-18.55.28:715][ 96]CompilerResultsLog:   [3/4] UE4Editor-TCTD-3660.dll
[2020.07.04-18.55.28:715][ 96]CompilerResultsLog:      Creating library F:\TCTD\TCTD\Intermediate\Build\Win64\UE4Editor\Development\TCTD\UE4Editor-TCTD-3660.suppressed.lib and object F:\TCTD\TCTD\Intermediate\Build\Win64\UE4Editor\Development\TCTD\UE4Editor-TCTD-3660.suppressed.exp
[2020.07.04-18.55.28:715][ 96]CompilerResultsLog:   [4/4] TCTDEditor.target
[2020.07.04-18.55.28:716][ 96]CompilerResultsLog: Total time in Parallel executor: 9.46 seconds
[2020.07.04-18.55.28:716][ 96]CompilerResultsLog: Total execution time: 10.84 seconds
[2020.07.04-18.55.28:716][ 96]LogMainFrame: MainFrame: Module compiling took 11.158 seconds
[2020.07.04-18.55.28:745][ 96]LogContentBrowser: Native class hierarchy updated for 'TCTD' in 0.0005 seconds. Added 12 classes and 2 folders.
[2020.07.04-18.55.28:746][ 96]Display: HotReload successful (6 functions remapped  0 scriptstructs remapped)
[2020.07.04-18.55.28:813][ 96]LogContentBrowser: Native class hierarchy populated in 0.0148 seconds. Added 3439 classes and 823 folders.
[2020.07.04-18.55.28:813][ 96]Display: HotReload took 11.3s.
[2020.07.04-18.57.56:696][538]Candidate modules for hot reload:
[2020.07.04-18.57.56:696][538]  TCTD
[2020.07.04-18.57.56:696][538]Launching UnrealBuildTool... [F:/UE_4.25/Engine/Binaries/DotNET/UnrealBuildTool.exe  -ModuleWithSuffix=TCTD,7895 TCTDEditor Win64 Development -Project="F:/TCTD/TCTD/TCTD.uproject" "F:/TCTD/TCTD/TCTD.uproject"  -IgnoreJunk]
[2020.07.04-18.57.56:700][538]Warning: Starting HotReload took  0.0s.
[2020.07.04-18.58.09:603][974]CompilerResultsLog: New page: Compilation - Jul 4, 2020, 10:58:09 AM
[2020.07.04-18.58.09:603][974]CompilerResultsLog: Using 'git status' to determine working set for adaptive non-unity build (F:\TCTD).
[2020.07.04-18.58.09:603][974]CompilerResultsLog: Building TCTDEditor...
[2020.07.04-18.58.09:603][974]CompilerResultsLog: Using Visual Studio 2019 14.25.28614 toolchain (C:\Program Files (x86)\Microsoft Visual Studio\2019\Professional\VC\Tools\MSVC\14.25.28610) and Windows 10.0.18362.0 SDK (C:\Program Files (x86)\Windows Kits\10).
[2020.07.04-18.58.09:603][974]CompilerResultsLog: Building 4 actions with 4 processes...
[2020.07.04-18.58.09:603][974]CompilerResultsLog:   [1/4] Turret.cpp
[2020.07.04-18.58.09:604][974]CompilerResultsLog:   F:\TCTD\TCTD\Source\TCTD\Enemy_Base.h(82): warning C4263: 'void AEnemy_Base::TakeDamage(int)': member function does not override any base class virtual member function
[2020.07.04-18.58.09:604][974]CompilerResultsLog:   F:\TCTD\TCTD\Source\TCTD\Enemy_Base.h(86): warning C4264: 'float AActor::TakeDamage(float,const FDamageEvent &,AController *,AActor *)': no override available for virtual member function from base 'AActor'; function is hidden
[2020.07.04-18.58.09:604][974]CompilerResultsLog:   F:\UE_4.25\Engine\Source\Runtime\Engine\Classes\GameFramework/Actor.h(2675): note: see declaration of 'AActor::TakeDamage'
[2020.07.04-18.58.09:604][974]CompilerResultsLog:   F:\UE_4.25\Engine\Source\Runtime\Engine\Classes\Engine/LocalPlayer.h(28): note: see declaration of 'AActor'
[2020.07.04-18.58.09:604][974]CompilerResultsLog:   [2/4] UE4Editor-TCTD-7895.lib
[2020.07.04-18.58.09:604][974]CompilerResultsLog:      Creating library F:\TCTD\TCTD\Intermediate\Build\Win64\UE4Editor\Development\TCTD\UE4Editor-TCTD-7895.lib and object F:\TCTD\TCTD\Intermediate\Build\Win64\UE4Editor\Development\TCTD\UE4Editor-TCTD-7895.exp
[2020.07.04-18.58.09:604][974]CompilerResultsLog:   [3/4] UE4Editor-TCTD-7895.dll
[2020.07.04-18.58.09:604][974]CompilerResultsLog:      Creating library F:\TCTD\TCTD\Intermediate\Build\Win64\UE4Editor\Development\TCTD\UE4Editor-TCTD-7895.suppressed.lib and object F:\TCTD\TCTD\Intermediate\Build\Win64\UE4Editor\Development\TCTD\UE4Editor-TCTD-7895.suppressed.exp
[2020.07.04-18.58.09:604][974]CompilerResultsLog:   [4/4] TCTDEditor.target
[2020.07.04-18.58.09:604][974]CompilerResultsLog: Total time in Parallel executor: 11.67 seconds
[2020.07.04-18.58.09:604][974]CompilerResultsLog: Total execution time: 12.77 seconds
[2020.07.04-18.58.09:604][974]LogMainFrame: MainFrame: Module compiling took 12.915 seconds
[2020.07.04-18.58.09:633][974]LogContentBrowser: Native class hierarchy updated for 'TCTD' in 0.0005 seconds. Added 12 classes and 2 folders.
[2020.07.04-18.58.09:635][974]Display: HotReload successful (6 functions remapped  0 scriptstructs remapped)
[2020.07.04-18.58.09:692][974]LogContentBrowser: Native class hierarchy populated in 0.0121 seconds. Added 3439 classes and 823 folders.
[2020.07.04-18.58.09:692][974]Display: HotReload took 13.0s.
[2020.07.04-18.58.10:975][110]LogTemp: Repeating last play command: Selected Viewport
[2020.07.04-18.58.10:996][110]LogPlayLevel: PlayLevel: No blueprints needed recompiling
[2020.07.04-18.58.10:996][110]PIE: New page: PIE session: TCTD (Jul 4, 2020, 10:58:10 AM)
[2020.07.04-18.58.10:996][110]LogPlayLevel: Creating play world package: /Game/Scenes/UEDPIE_0_TCTD
[2020.07.04-18.58.11:004][110]LogPlayLevel: PIE: StaticDuplicateObject took: (0.008044s)
[2020.07.04-18.58.11:006][110]LogAIModule: Creating AISystem for world TCTD
[2020.07.04-18.58.11:006][110]LogAISub: UAISubsystem::UAISubsystem EnvQueryManager (00000291376F2C00), frame # 4110
[2020.07.04-18.58.11:006][110]LogAISub: UAISubsystem::UAISubsystem AIPerceptionSystem (00000291378F4B80), frame # 4110
[2020.07.04-18.58.11:006][110]LogPlayLevel: PIE: World Init took: (0.001854s)
[2020.07.04-18.58.11:006][110]LogPlayLevel: PIE: Created PIE world by copying editor world from /Game/Scenes/TCTD.TCTD to /Game/Scenes/UEDPIE_0_TCTD.TCTD (0.010110s)
[2020.07.04-18.58.11:016][110]LogUObjectHash: Compacting FUObjectHashTables data took   0.77ms
[2020.07.04-18.58.11:017][110]LogAudioMixer: Display: Audio Mixer Platform Settings:
[2020.07.04-18.58.11:017][110]LogAudioMixer: Display: 	Sample Rate:						  48000
[2020.07.04-18.58.11:017][110]LogAudioMixer: Display: 	Callback Buffer Frame Size Requested: 1024
[2020.07.04-18.58.11:017][110]LogAudioMixer: Display: 	Callback Buffer Frame Size To Use:	  1024
[2020.07.04-18.58.11:018][110]LogAudioMixer: Display: 	Number of buffers to queue:			  2
[2020.07.04-18.58.11:018][110]LogAudioMixer: Display: 	Max Channels (voices):				  32
[2020.07.04-18.58.11:018][110]LogAudioMixer: Display: 	Number of Async Source Workers:		  0
[2020.07.04-18.58.11:018][110]LogAudio: Display: AudioDevice MaxSources: 32
[2020.07.04-18.58.11:018][110]LogAudio: Display: Using built-in audio occlusion.
[2020.07.04-18.58.11:018][110]LogAudioMixer: Display: Initializing audio mixer.
[2020.07.04-18.58.11:023][110]LogAudioMixer: Display: 0: FrontLeft
[2020.07.04-18.58.11:023][110]LogAudioMixer: Display: 1: FrontRight
[2020.07.04-18.58.11:061][110]LogAudioMixer: Display: Using Audio Device Headset Earphone (Razer Audio Controller - Chat)
[2020.07.04-18.58.11:061][110]LogAudioMixer: Display: Initializing Sound Submixes...
[2020.07.04-18.58.11:062][110]LogAudioMixer: Display: Creating Master Submix 'MasterSubmixDefault'
[2020.07.04-18.58.11:062][110]LogAudioMixer: Display: Creating Master Submix 'MasterReverbSubmixDefault'
[2020.07.04-18.58.11:062][110]LogAudioMixer: Display: Creating Master Submix 'MasterEQSubmixDefault'
[2020.07.04-18.58.11:086][110]LogInit: FAudioDevice initialized.
[2020.07.04-18.58.11:098][110]LogLoad: Game class is 'GameModeBase'
[2020.07.04-18.58.11:102][110]LogWorld: Bringing World /Game/Scenes/UEDPIE_0_TCTD.TCTD up for play (max tick rate 0) at 2020.07.04-14.58.11
[2020.07.04-18.58.11:103][110]LogWorld: Bringing up level for play took: 0.003714
[2020.07.04-18.58.11:103][110]LogOnline: OSS: Creating online subsystem instance for: :Context_2
[2020.07.04-18.58.11:106][110]PIE: Server logged in
[2020.07.04-18.58.11:107][110]PIE: Play in editor total start time 0.115 seconds.
[2020.07.04-18.58.11:705][180]LogActor: Warning: MyTurret_C /Game/Scenes/UEDPIE_0_TCTD.TCTD:PersistentLevel.MyTurret_C_0 has natively added scene component(s), but none of them were set as the actor's RootComponent - picking one arbitrarily
[2020.07.04-18.58.15:978][691]LogActor: Warning: MyEnemy_Standard_C /Game/Scenes/UEDPIE_0_TCTD.TCTD:PersistentLevel.MyEnemy_Standard_C_0 has natively added scene component(s), but none of them were set as the actor's RootComponent - picking one arbitrarily
[2020.07.04-18.58.21:808][691]LogWindows: Error: === Critical error: ===
[2020.07.04-18.58.21:808][691]LogWindows: Error: 
[2020.07.04-18.58.21:808][691]LogWindows: Error: Fatal error!
[2020.07.04-18.58.21:808][691]LogWindows: Error: 
[2020.07.04-18.58.21:808][691]LogWindows: Error: Unhandled Exception: EXCEPTION_ACCESS_VIOLATION reading address 0x000002f0
[2020.07.04-18.58.21:808][691]LogWindows: Error: 
[2020.07.04-18.58.21:808][691]LogWindows: Error: [Callstack] 0x00007ffed845ad64 UE4Editor-TCTD-7895.dll!TMulticastScriptDelegate<FWeakObjectPtr>::Add() [F:\UE_4.25\Engine\Source\Runtime\Core\Public\UObject\ScriptDelegates.h:324]
[2020.07.04-18.58.21:808][691]LogWindows: Error: [Callstack] 0x00007ffed845bf7c UE4Editor-TCTD-7895.dll!ATurret::OnBeginOverlap() [F:\TCTD\TCTD\Source\TCTD\Turret.cpp:99]
[2020.07.04-18.58.21:808][691]LogWindows: Error: [Callstack] 0x00007ffed845e5bb UE4Editor-TCTD-7895.dll!ATurret::execOnBeginOverlap() [F:\TCTD\TCTD\Intermediate\Build\Win64\UE4Editor\Inc\TCTD\Turret.gen.cpp:51]
[2020.07.04-18.58.21:808][691]LogWindows: Error: [Callstack] 0x00007ffeff400ac4 UE4Editor-CoreUObject.dll!UnknownFunction []
[2020.07.04-18.58.21:808][691]LogWindows: Error: [Callstack] 0x00007ffeff674763 UE4Editor-CoreUObject.dll!UnknownFunction []
[2020.07.04-18.58.21:808][691]LogWindows: Error: [Callstack] 0x00007ffeaa4ba025 UE4Editor-Engine.dll!UnknownFunction []
[2020.07.04-18.58.21:809][691]LogWindows: Error: [Callstack] 0x00007ffeaa460e7b UE4Editor-Engine.dll!UnknownFunction []
[2020.07.04-18.58.21:809][691]LogWindows: Error: [Callstack] 0x00007ffeaa89645b UE4Editor-Engine.dll!UnknownFunction []
[2020.07.04-18.58.21:809][691]LogWindows: Error: [Callstack] 0x00007ffeaa8d8773 UE4Editor-Engine.dll!UnknownFunction []
[2020.07.04-18.58.21:809][691]LogWindows: Error: [Callstack] 0x00007ffeaa8d88e1 UE4Editor-Engine.dll!UnknownFunction []
[2020.07.04-18.58.21:809][691]LogWindows: Error: [Callstack] 0x00007ffeaa4d5951 UE4Editor-Engine.dll!UnknownFunction []
[2020.07.04-18.58.21:809][691]LogWindows: Error: [Callstack] 0x00007ffeaa49040e UE4Editor-Engine.dll!UnknownFunction []
[2020.07.04-18.58.21:809][691]LogWindows: Error: [Callstack] 0x00007ffeaa4b64f2 UE4Editor-Engine.dll!UnknownFunction []
[2020.07.04-18.58.21:809][691]LogWindows: Error: [Callstack] 0x00007ffeaa49c59c UE4Editor-Engine.dll!UnknownFunction []
[2020.07.04-18.58.21:809][691]LogWindows: Error: [Callstack] 0x00007ffeaa4b947a UE4Editor-Engine.dll!UnknownFunction []
[2020.07.04-18.58.21:809][691]LogWindows: Error: [Callstack] 0x00007ffeaad43128 UE4Editor-Engine.dll!UnknownFunction []
[2020.07.04-18.58.21:809][691]LogWindows: Error: [Callstack] 0x00007ffeaad43598 UE4Editor-Engine.dll!UnknownFunction []
[2020.07.04-18.58.21:809][691]LogWindows: Error: [Callstack] 0x00007ffed8459f36 UE4Editor-TCTD-7895.dll!ASpawner::SpawnEnemy() [F:\TCTD\TCTD\Source\TCTD\Spawner.cpp:43]
[2020.07.04-18.58.21:809][691]LogWindows: Error: [Callstack] 0x00007ffeab5cef7b UE4Editor-Engine.dll!UnknownFunction []
[2020.07.04-18.58.21:809][691]LogWindows: Error: [Callstack] 0x00007ffeab628ce9 UE4Editor-Engine.dll!UnknownFunction []
[2020.07.04-18.58.21:809][691]LogWindows: Error: [Callstack] 0x00007ffeaad48214 UE4Editor-Engine.dll!UnknownFunction []
[2020.07.04-18.58.21:809][691]LogWindows: Error: [Callstack] 0x00007ffeedd8a737 UE4Editor-UnrealEd.dll!UnknownFunction []
[2020.07.04-18.58.21:809][691]LogWindows: Error: [Callstack] 0x00007ffeee6600d6 UE4Editor-UnrealEd.dll!UnknownFunction []
[2020.07.04-18.58.21:809][691]LogWindows: Error: [Callstack] 0x00007ff7f1397800 UE4Editor.exe!UnknownFunction []
[2020.07.04-18.58.21:809][691]LogWindows: Error: [Callstack] 0x00007ff7f13aba7c UE4Editor.exe!UnknownFunction []
[2020.07.04-18.58.21:809][691]LogWindows: Error: [Callstack] 0x00007ff7f13abb5a UE4Editor.exe!UnknownFunction []
[2020.07.04-18.58.21:809][691]LogWindows: Error: [Callstack] 0x00007ff7f13be31d UE4Editor.exe!UnknownFunction []
[2020.07.04-18.58.21:809][691]LogWindows: Error: [Callstack] 0x00007ff7f13c145a UE4Editor.exe!UnknownFunction []
[2020.07.04-18.58.21:809][691]LogWindows: Error: [Callstack] 0x00007fff3f147bd4 KERNEL32.DLL!UnknownFunction []
[2020.07.04-18.58.21:809][691]LogWindows: Error: [Callstack] 0x00007fff40dece51 ntdll.dll!UnknownFunction []
[2020.07.04-18.58.21:809][691]LogWindows: Error: 
[2020.07.04-18.58.21:827][691]LogExit: Executing StaticShutdownAfterError
[2020.07.04-18.58.21:830][691]LogWindows: FPlatformMisc::RequestExit(1)
[2020.07.04-18.58.21:830][691]LogCore: Engine exit requested (reason: Win RequestExit)
[2020.07.04-18.58.21:860][691]Log file closed, 07/04/20 14:58:21
