Log file open, 07/07/20 00:03:46
LogInit: Display: Running engine for game: TCTD
LogPlatformFile: Not using cached read wrapper
LogTaskGraph: Started task graph with 5 named threads and 14 total threads with 3 sets of task threads.
LogStats: Stats thread started at 4.008439
LogD3D11RHI: Loaded GFSDK_Aftermath_Lib.x64.dll
LogICUInternationalization: ICU TimeZone Detection - Raw Offset: -5:00, Platform Override: ''
LogPluginManager: Mounting plugin Paper2D
LogPluginManager: Mounting plugin AISupport
LogPluginManager: Mounting plugin LightPropagationVolume
LogPluginManager: Mounting plugin CameraShakePreviewer
LogPluginManager: Mounting plugin ActorLayerUtilities
LogPluginManager: Mounting plugin AnimationSharing
LogPluginManager: Mounting plugin CLionSourceCodeAccess
LogPluginManager: Mounting plugin CodeLiteSourceCodeAccess
LogPluginManager: Mounting plugin GitSourceControl
LogPluginManager: Mounting plugin KDevelopSourceCodeAccess
LogPluginManager: Mounting plugin NullSourceCodeAccess
LogPluginManager: Mounting plugin PerforceSourceControl
LogPluginManager: Mounting plugin PlasticSourceControl
LogPluginManager: Mounting plugin RiderSourceCodeAccess
LogPluginManager: Mounting plugin SubversionSourceControl
LogPluginManager: Mounting plugin UObjectPlugin
LogPluginManager: Mounting plugin VisualStudioCodeSourceCodeAccess
LogPluginManager: Mounting plugin VisualStudioSourceCodeAccess
LogPluginManager: Mounting plugin XCodeSourceCodeAccess
LogPluginManager: Mounting plugin AssetManagerEditor
LogPluginManager: Mounting plugin CryptoKeys
LogPluginManager: Mounting plugin CurveEditorTools
LogPluginManager: Mounting plugin DataValidation
LogPluginManager: Mounting plugin EditorScriptingUtilities
LogPluginManager: Mounting plugin FacialAnimation
LogPluginManager: Mounting plugin GameplayTagsEditor
LogPluginManager: Mounting plugin GeometryMode
LogPluginManager: Mounting plugin MacGraphicsSwitching
LogPluginManager: Mounting plugin MaterialAnalyzer
LogPluginManager: Mounting plugin MobileLauncherProfileWizard
LogPluginManager: Mounting plugin PluginBrowser
LogPluginManager: Mounting plugin SpeedTreeImporter
LogPluginManager: Mounting plugin DatasmithContent
LogPluginManager: Mounting plugin VariantManagerContent
LogPluginManager: Mounting plugin AlembicImporter
LogPluginManager: Mounting plugin AutomationUtils
LogPluginManager: Mounting plugin BackChannel
LogPluginManager: Mounting plugin ChaosCloth
LogPluginManager: Mounting plugin ChaosClothEditor
LogPluginManager: Mounting plugin ChaosEditor
LogPluginManager: Mounting plugin ChaosNiagara
LogPluginManager: Mounting plugin ChaosSolverPlugin
LogPluginManager: Mounting plugin CharacterAI
LogPluginManager: Mounting plugin GeometryCache
LogPluginManager: Mounting plugin GeometryCollectionPlugin
LogPluginManager: Mounting plugin GeometryProcessing
LogPluginManager: Mounting plugin PlanarCut
LogPluginManager: Mounting plugin PlatformCrypto
LogPluginManager: Mounting plugin ProxyLODPlugin
LogPluginManager: Mounting plugin SkeletalReduction
LogPluginManager: Mounting plugin Niagara
LogPluginManager: Mounting plugin MagicLeap
LogPluginManager: Mounting plugin MagicLeapLightEstimation
LogPluginManager: Mounting plugin MagicLeapMedia
LogPluginManager: Mounting plugin MagicLeapPassableWorld
LogPluginManager: Mounting plugin MLSDK
LogPluginManager: Mounting plugin AndroidMedia
LogPluginManager: Mounting plugin AvfMedia
LogPluginManager: Mounting plugin ImgMedia
LogPluginManager: Mounting plugin MediaCompositing
LogPluginManager: Mounting plugin MediaPlayerEditor
LogPluginManager: Mounting plugin WebMMedia
LogPluginManager: Mounting plugin WmfMedia
LogPluginManager: Mounting plugin MeshPainting
LogPluginManager: Mounting plugin TcpMessaging
LogPluginManager: Mounting plugin UdpMessaging
LogPluginManager: Mounting plugin ActorSequence
LogPluginManager: Mounting plugin LevelSequenceEditor
LogPluginManager: Mounting plugin MatineeToLevelSequence
LogPluginManager: Mounting plugin MovieRenderPipeline
LogPluginManager: Mounting plugin TemplateSequence
LogPluginManager: Mounting plugin NetcodeUnitTest
LogPluginManager: Mounting plugin NUTUnrealEngine4
LogPluginManager: Mounting plugin OnlineSubsystemGooglePlay
LogPluginManager: Mounting plugin OnlineSubsystemIOS
LogPluginManager: Mounting plugin OnlineSubsystem
LogPluginManager: Mounting plugin OnlineSubsystemNull
LogPluginManager: Mounting plugin OnlineSubsystemUtils
LogPluginManager: Mounting plugin LauncherChunkInstaller
LogPluginManager: Mounting plugin AndroidDeviceProfileSelector
LogPluginManager: Mounting plugin AndroidMoviePlayer
LogPluginManager: Mounting plugin AndroidPermission
LogPluginManager: Mounting plugin AppleImageUtils
LogPluginManager: Mounting plugin AppleMoviePlayer
LogPluginManager: Mounting plugin ArchVisCharacter
LogPluginManager: Mounting plugin AssetTags
LogPluginManager: Mounting plugin AudioCapture
LogPluginManager: Mounting plugin CableComponent
LogPluginManager: Mounting plugin CustomMeshComponent
LogPluginManager: Mounting plugin EditableMesh
LogPluginManager: Mounting plugin ExampleDeviceProfileSelector
LogPluginManager: Mounting plugin GoogleCloudMessaging
LogPluginManager: Mounting plugin GooglePAD
LogPluginManager: Mounting plugin IOSDeviceProfileSelector
LogPluginManager: Mounting plugin LinuxDeviceProfileSelector
LogPluginManager: Mounting plugin LocationServicesBPLibrary
LogPluginManager: Mounting plugin MobilePatchingUtils
LogPluginManager: Mounting plugin OculusVR
LogPluginManager: Mounting plugin PhysXVehicles
LogPluginManager: Mounting plugin PostSplashScreen
LogPluginManager: Mounting plugin ProceduralMeshComponent
LogPluginManager: Mounting plugin RuntimePhysXCooking
LogPluginManager: Mounting plugin SignificanceManager
LogPluginManager: Mounting plugin SoundFields
LogPluginManager: Mounting plugin SteamVR
LogPluginManager: Mounting plugin Synthesis
LogPluginManager: Mounting plugin WebMMoviePlayer
LogPluginManager: Mounting plugin WindowsMoviePlayer
LogPluginManager: Mounting plugin ScreenshotTools
LogPluginManager: Mounting plugin RiderLink
LogInit: Using libcurl 7.55.1-DEV
LogInit:  - built for x86_64-pc-win32
LogInit:  - supports SSL with OpenSSL/1.1.1
LogInit:  - supports HTTP deflate (compression) using libz 1.2.8
LogInit:  - other features:
LogInit:      CURL_VERSION_SSL
LogInit:      CURL_VERSION_LIBZ
LogInit:      CURL_VERSION_IPV6
LogInit:      CURL_VERSION_ASYNCHDNS
LogInit:      CURL_VERSION_LARGEFILE
LogInit:      CURL_VERSION_IDN
LogInit:  CurlRequestOptions (configurable via config and command line):
LogInit:  - bVerifyPeer = true  - Libcurl will verify peer certificate
LogInit:  - bUseHttpProxy = false  - Libcurl will NOT use HTTP proxy
LogInit:  - bDontReuseConnections = false  - Libcurl will reuse connections
LogInit:  - MaxHostConnections = 16  - Libcurl will limit the number of connections to a host
LogInit:  - LocalHostAddr = Default
LogInit:  - BufferSize = 65536
LogOnline: OSS: Creating online subsystem instance for: NULL
LogInit: WinSock: version 1.1 (2.2), MaxSocks=32767, MaxUdp=65467
LogOnline: OSS: TryLoadSubsystemAndSetDefault: Loaded subsystem for module [NULL]
LogInit: Build: ++UE4+Release-4.25-CL-13594126
LogInit: Engine Version: 4.25.1-13594126+++UE4+Release-4.25
LogInit: Compatible Engine Version: 4.25.0-13144385+++UE4+Release-4.25
LogInit: Net CL: 13144385
LogInit: OS: Windows 10 (Release 1903) (), CPU: AMD Ryzen 3 2200G with Radeon Vega Graphics    , GPU: NVIDIA GeForce GTX 1660 Ti
LogInit: Compiled (64-bit): Jun  2 2020 02:10:36
LogInit: Compiled with Visual C++: 19.24.28315.00
LogInit: Build Configuration: Development
LogInit: Branch Name: ++UE4+Release-4.25
LogInit: Command Line:  -skipcompile
LogInit: Base Directory: F:/UE_4.25/Engine/Binaries/Win64/
LogInit: Allocator: TBB
LogInit: Installed Engine Build: 1
LogDevObjectVersion: Number of dev versions registered: 26
LogDevObjectVersion:   Dev-Blueprints (B0D832E4-1F89-4F0D-ACCF-7EB736FD4AA2): 10
LogDevObjectVersion:   Dev-Build (E1C64328-A22C-4D53-A36C-8E866417BD8C): 0
LogDevObjectVersion:   Dev-Core (375EC13C-06E4-48FB-B500-84F0262A717E): 4
LogDevObjectVersion:   Dev-Editor (E4B068ED-F494-42E9-A231-DA0B2E46BB41): 38
LogDevObjectVersion:   Dev-Framework (CFFC743F-43B0-4480-9391-14DF171D2073): 37
LogDevObjectVersion:   Dev-Mobile (B02B49B5-BB20-44E9-A304-32B752E40360): 2
LogDevObjectVersion:   Dev-Networking (A4E4105C-59A1-49B5-A7C5-40C4547EDFEE): 0
LogDevObjectVersion:   Dev-Online (39C831C9-5AE6-47DC-9A44-9C173E1C8E7C): 0
LogDevObjectVersion:   Dev-Physics (78F01B33-EBEA-4F98-B9B4-84EACCB95AA2): 4
LogDevObjectVersion:   Dev-Platform (6631380F-2D4D-43E0-8009-CF276956A95A): 0
LogDevObjectVersion:   Dev-Rendering (12F88B9F-8875-4AFC-A67C-D90C383ABD29): 43
LogDevObjectVersion:   Dev-Sequencer (7B5AE74C-D270-4C10-A958-57980B212A5A): 12
LogDevObjectVersion:   Dev-VR (D7296918-1DD6-4BDD-9DE2-64A83CC13884): 3
LogDevObjectVersion:   Dev-LoadTimes (C2A15278-BFE7-4AFE-6C17-90FF531DF755): 1
LogDevObjectVersion:   Private-Geometry (6EACA3D4-40EC-4CC1-B786-8BED09428FC5): 3
LogDevObjectVersion:   Dev-AnimPhys (29E575DD-E0A3-4627-9D10-D276232CDCEA): 17
LogDevObjectVersion:   Dev-Anim (AF43A65D-7FD3-4947-9873-3E8ED9C1BB05): 7
LogDevObjectVersion:   Dev-ReflectionCapture (6B266CEC-1EC7-4B8F-A30B-E4D90942FC07): 1
LogDevObjectVersion:   Dev-Automation (0DF73D61-A23F-47EA-B727-89E90C41499A): 1
LogDevObjectVersion:   FortniteMain (601D1886-AC64-4F84-AA16-D3DE0DEAC7D6): 31
LogDevObjectVersion:   Dev-Enterprise (9DFFBCD6-494F-0158-E221-12823C92A888): 10
LogDevObjectVersion:   Dev-Niagara (F2AED0AC-9AFE-416F-8664-AA7FFA26D6FC): 1
LogDevObjectVersion:   Dev-Destruction (174F1F0B-B4C6-45A5-B13F-2EE8D0FB917D): 10
LogDevObjectVersion:   Dev-Physics-Ext (35F94A83-E258-406C-A318-09F59610247C): 37
LogDevObjectVersion:   Dev-PhysicsMaterial-Chaos (B68FC16E-8B1B-42E2-B453-215C058844FE): 1
LogDevObjectVersion:   Dev-CineCamera (B2E18506-4273-CFC2-A54E-F4BB758BBA07): 1
LogInit: Presizing for max 25165824 objects, including 0 objects not considered by GC, pre-allocating 0 bytes for permanent pool.
LogConfig: Applying CVar settings from Section [/Script/Engine.StreamingSettings] File [F:/TCTD/TCTD/Saved/Config/Windows/Engine.ini]
LogConfig: Setting CVar [[s.MinBulkDataSizeForAsyncLoading:131072]]
LogConfig: Setting CVar [[s.AsyncLoadingThreadEnabled:0]]
LogConfig: Setting CVar [[s.EventDrivenLoaderEnabled:1]]
LogConfig: Setting CVar [[s.WarnIfTimeLimitExceeded:0]]
LogConfig: Setting CVar [[s.TimeLimitExceededMultiplier:1.5]]
LogConfig: Setting CVar [[s.TimeLimitExceededMinTime:0.005]]
LogConfig: Setting CVar [[s.UseBackgroundLevelStreaming:1]]
LogConfig: Setting CVar [[s.PriorityAsyncLoadingExtraTime:15.0]]
LogConfig: Setting CVar [[s.LevelStreamingActorsUpdateTimeLimit:5.0]]
LogConfig: Setting CVar [[s.PriorityLevelStreamingActorsUpdateExtraTime:5.0]]
LogConfig: Setting CVar [[s.LevelStreamingComponentsRegistrationGranularity:10]]
LogConfig: Setting CVar [[s.UnregisterComponentsTimeLimit:1.0]]
LogConfig: Setting CVar [[s.LevelStreamingComponentsUnregistrationGranularity:5]]
LogConfig: Setting CVar [[s.FlushStreamingOnExit:1]]
LogInit: Object subsystem initialized
LogConfig: Setting CVar [[con.DebugEarlyDefault:1]]
LogConfig: Setting CVar [[r.setres:1280x720]]
[2020.07.07-04.03.47:375][  0]LogConfig: Setting CVar [[r.VSync:0]]
[2020.07.07-04.03.47:375][  0]LogConfig: Setting CVar [[r.RHICmdBypass:0]]
[2020.07.07-04.03.47:375][  0]LogConfig: Applying CVar settings from Section [/Script/Engine.RendererSettings] File [F:/TCTD/TCTD/Saved/Config/Windows/Engine.ini]
[2020.07.07-04.03.47:375][  0]LogConfig: Setting CVar [[r.GPUCrashDebugging:0]]
[2020.07.07-04.03.47:375][  0]LogConfig: Applying CVar settings from Section [/Script/Engine.RendererOverrideSettings] File [F:/TCTD/TCTD/Saved/Config/Windows/Engine.ini]
[2020.07.07-04.03.47:375][  0]LogConfig: Applying CVar settings from Section [/Script/Engine.StreamingSettings] File [F:/TCTD/TCTD/Saved/Config/Windows/Engine.ini]
[2020.07.07-04.03.47:375][  0]LogConfig: Setting CVar [[s.MinBulkDataSizeForAsyncLoading:131072]]
[2020.07.07-04.03.47:376][  0]LogConfig: Setting CVar [[s.AsyncLoadingThreadEnabled:0]]
[2020.07.07-04.03.47:376][  0]LogConfig: Setting CVar [[s.EventDrivenLoaderEnabled:1]]
[2020.07.07-04.03.47:376][  0]LogConfig: Setting CVar [[s.WarnIfTimeLimitExceeded:0]]
[2020.07.07-04.03.47:376][  0]LogConfig: Setting CVar [[s.TimeLimitExceededMultiplier:1.5]]
[2020.07.07-04.03.47:376][  0]LogConfig: Setting CVar [[s.TimeLimitExceededMinTime:0.005]]
[2020.07.07-04.03.47:376][  0]LogConfig: Setting CVar [[s.UseBackgroundLevelStreaming:1]]
[2020.07.07-04.03.47:376][  0]LogConfig: Setting CVar [[s.PriorityAsyncLoadingExtraTime:15.0]]
[2020.07.07-04.03.47:376][  0]LogConfig: Setting CVar [[s.LevelStreamingActorsUpdateTimeLimit:5.0]]
[2020.07.07-04.03.47:376][  0]LogConfig: Setting CVar [[s.PriorityLevelStreamingActorsUpdateExtraTime:5.0]]
[2020.07.07-04.03.47:376][  0]LogConfig: Setting CVar [[s.LevelStreamingComponentsRegistrationGranularity:10]]
[2020.07.07-04.03.47:376][  0]LogConfig: Setting CVar [[s.UnregisterComponentsTimeLimit:1.0]]
[2020.07.07-04.03.47:376][  0]LogConfig: Setting CVar [[s.LevelStreamingComponentsUnregistrationGranularity:5]]
[2020.07.07-04.03.47:377][  0]LogConfig: Setting CVar [[s.FlushStreamingOnExit:1]]
[2020.07.07-04.03.47:377][  0]LogConfig: Applying CVar settings from Section [/Script/Engine.GarbageCollectionSettings] File [F:/TCTD/TCTD/Saved/Config/Windows/Engine.ini]
[2020.07.07-04.03.47:377][  0]LogConfig: Setting CVar [[gc.MaxObjectsNotConsideredByGC:1]]
[2020.07.07-04.03.47:377][  0]LogConfig: Setting CVar [[gc.SizeOfPermanentObjectPool:0]]
[2020.07.07-04.03.47:377][  0]LogConfig: Setting CVar [[gc.FlushStreamingOnGC:0]]
[2020.07.07-04.03.47:377][  0]LogConfig: Setting CVar [[gc.NumRetriesBeforeForcingGC:10]]
[2020.07.07-04.03.47:377][  0]LogConfig: Setting CVar [[gc.AllowParallelGC:1]]
[2020.07.07-04.03.47:377][  0]LogConfig: Setting CVar [[gc.TimeBetweenPurgingPendingKillObjects:61.1]]
[2020.07.07-04.03.47:377][  0]LogConfig: Setting CVar [[gc.MaxObjectsInEditor:25165824]]
[2020.07.07-04.03.47:377][  0]LogConfig: Setting CVar [[gc.IncrementalBeginDestroyEnabled:1]]
[2020.07.07-04.03.47:377][  0]LogConfig: Setting CVar [[gc.CreateGCClusters:1]]
[2020.07.07-04.03.47:377][  0]LogConfig: Setting CVar [[gc.MinGCClusterSize:5]]
[2020.07.07-04.03.47:377][  0]LogConfig: Setting CVar [[gc.ActorClusteringEnabled:0]]
[2020.07.07-04.03.47:378][  0]LogConfig: Setting CVar [[gc.BlueprintClusteringEnabled:0]]
[2020.07.07-04.03.47:378][  0]LogConfig: Setting CVar [[gc.UseDisregardForGCOnDedicatedServers:0]]
[2020.07.07-04.03.47:378][  0]LogConfig: Applying CVar settings from Section [/Script/Engine.NetworkSettings] File [F:/TCTD/TCTD/Saved/Config/Windows/Engine.ini]
[2020.07.07-04.03.47:378][  0]LogConfig: Applying CVar settings from Section [/Script/UnrealEd.CookerSettings] File [F:/TCTD/TCTD/Saved/Config/Windows/Engine.ini]
[2020.07.07-04.03.47:398][  0]LogConfig: Applying CVar settings from Section [ViewDistanceQuality@3] File [F:/TCTD/TCTD/Saved/Config/Windows/Scalability.ini]
[2020.07.07-04.03.47:398][  0]LogConfig: Setting CVar [[r.SkeletalMeshLODBias:0]]
[2020.07.07-04.03.47:398][  0]LogConfig: Setting CVar [[r.ViewDistanceScale:1.0]]
[2020.07.07-04.03.47:398][  0]LogConfig: Applying CVar settings from Section [AntiAliasingQuality@3] File [F:/TCTD/TCTD/Saved/Config/Windows/Scalability.ini]
[2020.07.07-04.03.47:398][  0]LogConfig: Setting CVar [[r.PostProcessAAQuality:4]]
[2020.07.07-04.03.47:398][  0]LogConfig: Applying CVar settings from Section [ShadowQuality@3] File [F:/TCTD/TCTD/Saved/Config/Windows/Scalability.ini]
[2020.07.07-04.03.47:398][  0]LogConfig: Setting CVar [[r.LightFunctionQuality:1]]
[2020.07.07-04.03.47:398][  0]LogConfig: Setting CVar [[r.ShadowQuality:5]]
[2020.07.07-04.03.47:398][  0]LogConfig: Setting CVar [[r.Shadow.CSM.MaxCascades:10]]
[2020.07.07-04.03.47:398][  0]LogConfig: Setting CVar [[r.Shadow.MaxResolution:2048]]
[2020.07.07-04.03.47:399][  0]LogConfig: Setting CVar [[r.Shadow.MaxCSMResolution:2048]]
[2020.07.07-04.03.47:399][  0]LogConfig: Setting CVar [[r.Shadow.RadiusThreshold:0.01]]
[2020.07.07-04.03.47:399][  0]LogConfig: Setting CVar [[r.Shadow.DistanceScale:1.0]]
[2020.07.07-04.03.47:399][  0]LogConfig: Setting CVar [[r.Shadow.CSM.TransitionScale:1.0]]
[2020.07.07-04.03.47:399][  0]LogConfig: Setting CVar [[r.Shadow.PreShadowResolutionFactor:1.0]]
[2020.07.07-04.03.47:399][  0]LogConfig: Setting CVar [[r.DistanceFieldShadowing:1]]
[2020.07.07-04.03.47:399][  0]LogConfig: Setting CVar [[r.DistanceFieldAO:1]]
[2020.07.07-04.03.47:399][  0]LogConfig: Setting CVar [[r.AOQuality:2]]
[2020.07.07-04.03.47:399][  0]LogConfig: Setting CVar [[r.VolumetricFog:1]]
[2020.07.07-04.03.47:399][  0]LogConfig: Setting CVar [[r.VolumetricFog.GridPixelSize:8]]
[2020.07.07-04.03.47:399][  0]LogConfig: Setting CVar [[r.VolumetricFog.GridSizeZ:128]]
[2020.07.07-04.03.47:399][  0]LogConfig: Setting CVar [[r.VolumetricFog.HistoryMissSupersampleCount:4]]
[2020.07.07-04.03.47:400][  0]LogConfig: Setting CVar [[r.LightMaxDrawDistanceScale:1]]
[2020.07.07-04.03.47:400][  0]LogConfig: Setting CVar [[r.CapsuleShadows:1]]
[2020.07.07-04.03.47:400][  0]LogConfig: Applying CVar settings from Section [PostProcessQuality@3] File [F:/TCTD/TCTD/Saved/Config/Windows/Scalability.ini]
[2020.07.07-04.03.47:400][  0]LogConfig: Setting CVar [[r.MotionBlurQuality:4]]
[2020.07.07-04.03.47:400][  0]LogConfig: Setting CVar [[r.AmbientOcclusionMipLevelFactor:0.4]]
[2020.07.07-04.03.47:400][  0]LogConfig: Setting CVar [[r.AmbientOcclusionMaxQuality:100]]
[2020.07.07-04.03.47:400][  0]LogConfig: Setting CVar [[r.AmbientOcclusionLevels:-1]]
[2020.07.07-04.03.47:400][  0]LogConfig: Setting CVar [[r.AmbientOcclusionRadiusScale:1.0]]
[2020.07.07-04.03.47:400][  0]LogConfig: Setting CVar [[r.DepthOfFieldQuality:2]]
[2020.07.07-04.03.47:400][  0]LogConfig: Setting CVar [[r.RenderTargetPoolMin:400]]
[2020.07.07-04.03.47:400][  0]LogConfig: Setting CVar [[r.LensFlareQuality:2]]
[2020.07.07-04.03.47:401][  0]LogConfig: Setting CVar [[r.SceneColorFringeQuality:1]]
[2020.07.07-04.03.47:401][  0]LogConfig: Setting CVar [[r.EyeAdaptationQuality:2]]
[2020.07.07-04.03.47:401][  0]LogConfig: Setting CVar [[r.BloomQuality:5]]
[2020.07.07-04.03.47:401][  0]LogConfig: Setting CVar [[r.FastBlurThreshold:100]]
[2020.07.07-04.03.47:401][  0]LogConfig: Setting CVar [[r.Upscale.Quality:3]]
[2020.07.07-04.03.47:401][  0]LogConfig: Setting CVar [[r.Tonemapper.GrainQuantization:1]]
[2020.07.07-04.03.47:401][  0]LogConfig: Setting CVar [[r.LightShaftQuality:1]]
[2020.07.07-04.03.47:401][  0]LogConfig: Setting CVar [[r.Filter.SizeScale:1]]
[2020.07.07-04.03.47:401][  0]LogConfig: Setting CVar [[r.Tonemapper.Quality:5]]
[2020.07.07-04.03.47:401][  0]LogConfig: Setting CVar [[r.DOF.Gather.AccumulatorQuality:1        ; higher gathering accumulator quality]]
[2020.07.07-04.03.47:401][  0]LogConfig: Setting CVar [[r.DOF.Gather.PostfilterMethod:1          ; Median3x3 postfilering method]]
[2020.07.07-04.03.47:402][  0]LogConfig: Setting CVar [[r.DOF.Gather.EnableBokehSettings:0       ; no bokeh simulation when gathering]]
[2020.07.07-04.03.47:402][  0]LogConfig: Setting CVar [[r.DOF.Gather.RingCount:4                 ; medium number of samples when gathering]]
[2020.07.07-04.03.47:402][  0]LogConfig: Setting CVar [[r.DOF.Scatter.ForegroundCompositing:1    ; additive foreground scattering]]
[2020.07.07-04.03.47:403][  0]LogConfig: Setting CVar [[r.DOF.Scatter.BackgroundCompositing:2    ; additive background scattering]]
[2020.07.07-04.03.47:403][  0]LogConfig: Setting CVar [[r.DOF.Scatter.EnableBokehSettings:1      ; bokeh simulation when scattering]]
[2020.07.07-04.03.47:403][  0]LogConfig: Setting CVar [[r.DOF.Scatter.MaxSpriteRatio:0.1         ; only a maximum of 10% of scattered bokeh]]
[2020.07.07-04.03.47:403][  0]LogConfig: Setting CVar [[r.DOF.Recombine.Quality:1                ; cheap slight out of focus]]
[2020.07.07-04.03.47:403][  0]LogConfig: Setting CVar [[r.DOF.Recombine.EnableBokehSettings:0    ; no bokeh simulation on slight out of focus]]
[2020.07.07-04.03.47:403][  0]LogConfig: Setting CVar [[r.DOF.TemporalAAQuality:1                ; more stable temporal accumulation]]
[2020.07.07-04.03.47:403][  0]LogConfig: Setting CVar [[r.DOF.Kernel.MaxForegroundRadius:0.025]]
[2020.07.07-04.03.47:403][  0]LogConfig: Setting CVar [[r.DOF.Kernel.MaxBackgroundRadius:0.025]]
[2020.07.07-04.03.47:403][  0]LogConfig: Applying CVar settings from Section [TextureQuality@3] File [F:/TCTD/TCTD/Saved/Config/Windows/Scalability.ini]
[2020.07.07-04.03.47:403][  0]LogConfig: Setting CVar [[r.Streaming.MipBias:0]]
[2020.07.07-04.03.47:403][  0]LogConfig: Setting CVar [[r.Streaming.AmortizeCPUToGPUCopy:0]]
[2020.07.07-04.03.47:403][  0]LogConfig: Setting CVar [[r.Streaming.MaxNumTexturesToStreamPerFrame:0]]
[2020.07.07-04.03.47:403][  0]LogConfig: Setting CVar [[r.Streaming.Boost:1]]
[2020.07.07-04.03.47:403][  0]LogConfig: Setting CVar [[r.MaxAnisotropy:8]]
[2020.07.07-04.03.47:404][  0]LogConfig: Setting CVar [[r.VT.MaxAnisotropy:8]]
[2020.07.07-04.03.47:404][  0]LogConfig: Setting CVar [[r.Streaming.LimitPoolSizeToVRAM:0]]
[2020.07.07-04.03.47:404][  0]LogConfig: Setting CVar [[r.Streaming.PoolSize:1000]]
[2020.07.07-04.03.47:404][  0]LogConfig: Setting CVar [[r.Streaming.MaxEffectiveScreenSize:0]]
[2020.07.07-04.03.47:404][  0]LogConfig: Applying CVar settings from Section [EffectsQuality@3] File [F:/TCTD/TCTD/Saved/Config/Windows/Scalability.ini]
[2020.07.07-04.03.47:404][  0]LogConfig: Setting CVar [[r.TranslucencyLightingVolumeDim:64]]
[2020.07.07-04.03.47:404][  0]LogConfig: Setting CVar [[r.RefractionQuality:2]]
[2020.07.07-04.03.47:404][  0]LogConfig: Setting CVar [[r.SSR.Quality:3]]
[2020.07.07-04.03.47:404][  0]LogConfig: Setting CVar [[r.SSR.HalfResSceneColor:0]]
[2020.07.07-04.03.47:404][  0]LogConfig: Setting CVar [[r.SceneColorFormat:4]]
[2020.07.07-04.03.47:404][  0]LogConfig: Setting CVar [[r.DetailMode:2]]
[2020.07.07-04.03.47:404][  0]LogConfig: Setting CVar [[r.TranslucencyVolumeBlur:1]]
[2020.07.07-04.03.47:405][  0]LogConfig: Setting CVar [[r.MaterialQualityLevel:1 ; High quality]]
[2020.07.07-04.03.47:405][  0]LogConfig: Setting CVar [[r.SSS.Scale:1]]
[2020.07.07-04.03.47:405][  0]LogConfig: Setting CVar [[r.SSS.SampleSet:2]]
[2020.07.07-04.03.47:405][  0]LogConfig: Setting CVar [[r.SSS.Quality:1]]
[2020.07.07-04.03.47:405][  0]LogConfig: Setting CVar [[r.SSS.HalfRes:0]]
[2020.07.07-04.03.47:405][  0]LogConfig: Setting CVar [[r.SSGI.Quality:3]]
[2020.07.07-04.03.47:405][  0]LogConfig: Setting CVar [[r.EmitterSpawnRateScale:1.0]]
[2020.07.07-04.03.47:405][  0]LogConfig: Setting CVar [[r.ParticleLightQuality:2]]
[2020.07.07-04.03.47:405][  0]LogConfig: Setting CVar [[r.SkyAtmosphere.AerialPerspectiveLUT.FastApplyOnOpaque:1 ; Always have FastSkyLUT 1 in this case to avoid wrong sky]]
[2020.07.07-04.03.47:405][  0]LogConfig: Setting CVar [[r.SkyAtmosphere.AerialPerspectiveLUT.SampleCountPerSlice:1]]
[2020.07.07-04.03.47:405][  0]LogConfig: Setting CVar [[r.SkyAtmosphere.AerialPerspectiveLUT.DepthResolution:16.0]]
[2020.07.07-04.03.47:405][  0]LogConfig: Setting CVar [[r.SkyAtmosphere.FastSkyLUT:1]]
[2020.07.07-04.03.47:406][  0]LogConfig: Setting CVar [[r.SkyAtmosphere.FastSkyLUT.SampleCountMin:4.0]]
[2020.07.07-04.03.47:406][  0]LogConfig: Setting CVar [[r.SkyAtmosphere.FastSkyLUT.SampleCountMax:32.0]]
[2020.07.07-04.03.47:406][  0]LogConfig: Setting CVar [[r.SkyAtmosphere.SampleCountMin:4.0]]
[2020.07.07-04.03.47:406][  0]LogConfig: Setting CVar [[r.SkyAtmosphere.SampleCountMax:32.0]]
[2020.07.07-04.03.47:406][  0]LogConfig: Setting CVar [[r.SkyAtmosphere.TransmittanceLUT.UseSmallFormat:0]]
[2020.07.07-04.03.47:406][  0]LogConfig: Setting CVar [[r.SkyAtmosphere.TransmittanceLUT.SampleCount:10.0]]
[2020.07.07-04.03.47:406][  0]LogConfig: Setting CVar [[r.SkyAtmosphere.MultiScatteringLUT.SampleCount:15.0]]
[2020.07.07-04.03.47:406][  0]LogConfig: Applying CVar settings from Section [FoliageQuality@3] File [F:/TCTD/TCTD/Saved/Config/Windows/Scalability.ini]
[2020.07.07-04.03.47:406][  0]LogConfig: Setting CVar [[foliage.DensityScale:1.0]]
[2020.07.07-04.03.47:406][  0]LogConfig: Setting CVar [[grass.DensityScale:1.0]]
[2020.07.07-04.03.47:407][  0]LogConfig: Applying CVar settings from Section [ShadingQuality@3] File [F:/TCTD/TCTD/Saved/Config/Windows/Scalability.ini]
[2020.07.07-04.03.47:407][  0]LogConfig: Setting CVar [[r.HairStrands.SkyLighting.SampleCount:16]]
[2020.07.07-04.03.47:407][  0]LogConfig: Setting CVar [[r.HairStrands.SkyLighting.JitterIntegration:0]]
[2020.07.07-04.03.47:407][  0]LogConfig: Setting CVar [[r.HairStrands.SkyAO.SampleCount:16]]
[2020.07.07-04.03.47:407][  0]LogConfig: Setting CVar [[r.HairStrands.DeepShadow.SuperSampling:0]]
[2020.07.07-04.03.47:407][  0]LogConfig: Setting CVar [[r.HairStrands.VisibilityPPLL:0]]
[2020.07.07-04.03.47:407][  0]LogConfig: Setting CVar [[r.HairStrands.RasterizationScale:0.5]]
[2020.07.07-04.03.47:407][  0]LogConfig: Setting CVar [[r.HairStrands.VelocityRasterizationScale:1]]
[2020.07.07-04.03.47:407][  0]LogInit: Selected Device Profile: [Windows]
[2020.07.07-04.03.47:407][  0]LogInit: Applying CVar settings loaded from the selected device profile: [Windows]
[2020.07.07-04.03.47:407][  0]LogHAL: Display: Platform has ~ 31 GB [33225981952 / 34359738368 / 31], which maps to Larger [LargestMinGB=32, LargerMinGB=12, DefaultMinGB=8, SmallerMinGB=6, SmallestMinGB=0)
[2020.07.07-04.03.47:408][  0]LogInit: Going up to parent DeviceProfile []
[2020.07.07-04.03.47:408][  0]LogConfig: Applying CVar settings from Section [ViewDistanceQuality@3] File [F:/TCTD/TCTD/Saved/Config/Windows/Scalability.ini]
[2020.07.07-04.03.47:408][  0]LogConfig: Setting CVar [[r.SkeletalMeshLODBias:0]]
[2020.07.07-04.03.47:408][  0]LogConfig: Setting CVar [[r.ViewDistanceScale:1.0]]
[2020.07.07-04.03.47:408][  0]LogConfig: Applying CVar settings from Section [AntiAliasingQuality@3] File [F:/TCTD/TCTD/Saved/Config/Windows/Scalability.ini]
[2020.07.07-04.03.47:408][  0]LogConfig: Setting CVar [[r.PostProcessAAQuality:4]]
[2020.07.07-04.03.47:408][  0]LogConfig: Applying CVar settings from Section [ShadowQuality@3] File [F:/TCTD/TCTD/Saved/Config/Windows/Scalability.ini]
[2020.07.07-04.03.47:408][  0]LogConfig: Setting CVar [[r.LightFunctionQuality:1]]
[2020.07.07-04.03.47:408][  0]LogConfig: Setting CVar [[r.ShadowQuality:5]]
[2020.07.07-04.03.47:408][  0]LogConfig: Setting CVar [[r.Shadow.CSM.MaxCascades:10]]
[2020.07.07-04.03.47:408][  0]LogConfig: Setting CVar [[r.Shadow.MaxResolution:2048]]
[2020.07.07-04.03.47:408][  0]LogConfig: Setting CVar [[r.Shadow.MaxCSMResolution:2048]]
[2020.07.07-04.03.47:408][  0]LogConfig: Setting CVar [[r.Shadow.RadiusThreshold:0.01]]
[2020.07.07-04.03.47:409][  0]LogConfig: Setting CVar [[r.Shadow.DistanceScale:1.0]]
[2020.07.07-04.03.47:409][  0]LogConfig: Setting CVar [[r.Shadow.CSM.TransitionScale:1.0]]
[2020.07.07-04.03.47:409][  0]LogConfig: Setting CVar [[r.Shadow.PreShadowResolutionFactor:1.0]]
[2020.07.07-04.03.47:409][  0]LogConfig: Setting CVar [[r.DistanceFieldShadowing:1]]
[2020.07.07-04.03.47:409][  0]LogConfig: Setting CVar [[r.DistanceFieldAO:1]]
[2020.07.07-04.03.47:409][  0]LogConfig: Setting CVar [[r.AOQuality:2]]
[2020.07.07-04.03.47:409][  0]LogConfig: Setting CVar [[r.VolumetricFog:1]]
[2020.07.07-04.03.47:409][  0]LogConfig: Setting CVar [[r.VolumetricFog.GridPixelSize:8]]
[2020.07.07-04.03.47:409][  0]LogConfig: Setting CVar [[r.VolumetricFog.GridSizeZ:128]]
[2020.07.07-04.03.47:409][  0]LogConfig: Setting CVar [[r.VolumetricFog.HistoryMissSupersampleCount:4]]
[2020.07.07-04.03.47:409][  0]LogConfig: Setting CVar [[r.LightMaxDrawDistanceScale:1]]
[2020.07.07-04.03.47:410][  0]LogConfig: Setting CVar [[r.CapsuleShadows:1]]
[2020.07.07-04.03.47:410][  0]LogConfig: Applying CVar settings from Section [PostProcessQuality@3] File [F:/TCTD/TCTD/Saved/Config/Windows/Scalability.ini]
[2020.07.07-04.03.47:410][  0]LogConfig: Setting CVar [[r.MotionBlurQuality:4]]
[2020.07.07-04.03.47:410][  0]LogConfig: Setting CVar [[r.AmbientOcclusionMipLevelFactor:0.4]]
[2020.07.07-04.03.47:410][  0]LogConfig: Setting CVar [[r.AmbientOcclusionMaxQuality:100]]
[2020.07.07-04.03.47:410][  0]LogConfig: Setting CVar [[r.AmbientOcclusionLevels:-1]]
[2020.07.07-04.03.47:410][  0]LogConfig: Setting CVar [[r.AmbientOcclusionRadiusScale:1.0]]
[2020.07.07-04.03.47:410][  0]LogConfig: Setting CVar [[r.DepthOfFieldQuality:2]]
[2020.07.07-04.03.47:410][  0]LogConfig: Setting CVar [[r.RenderTargetPoolMin:400]]
[2020.07.07-04.03.47:410][  0]LogConfig: Setting CVar [[r.LensFlareQuality:2]]
[2020.07.07-04.03.47:410][  0]LogConfig: Setting CVar [[r.SceneColorFringeQuality:1]]
[2020.07.07-04.03.47:410][  0]LogConfig: Setting CVar [[r.EyeAdaptationQuality:2]]
[2020.07.07-04.03.47:410][  0]LogConfig: Setting CVar [[r.BloomQuality:5]]
[2020.07.07-04.03.47:410][  0]LogConfig: Setting CVar [[r.FastBlurThreshold:100]]
[2020.07.07-04.03.47:411][  0]LogConfig: Setting CVar [[r.Upscale.Quality:3]]
[2020.07.07-04.03.47:411][  0]LogConfig: Setting CVar [[r.Tonemapper.GrainQuantization:1]]
[2020.07.07-04.03.47:411][  0]LogConfig: Setting CVar [[r.LightShaftQuality:1]]
[2020.07.07-04.03.47:411][  0]LogConfig: Setting CVar [[r.Filter.SizeScale:1]]
[2020.07.07-04.03.47:411][  0]LogConfig: Setting CVar [[r.Tonemapper.Quality:5]]
[2020.07.07-04.03.47:411][  0]LogConfig: Setting CVar [[r.DOF.Gather.AccumulatorQuality:1        ; higher gathering accumulator quality]]
[2020.07.07-04.03.47:411][  0]LogConfig: Setting CVar [[r.DOF.Gather.PostfilterMethod:1          ; Median3x3 postfilering method]]
[2020.07.07-04.03.47:411][  0]LogConfig: Setting CVar [[r.DOF.Gather.EnableBokehSettings:0       ; no bokeh simulation when gathering]]
[2020.07.07-04.03.47:411][  0]LogConfig: Setting CVar [[r.DOF.Gather.RingCount:4                 ; medium number of samples when gathering]]
[2020.07.07-04.03.47:411][  0]LogConfig: Setting CVar [[r.DOF.Scatter.ForegroundCompositing:1    ; additive foreground scattering]]
[2020.07.07-04.03.47:412][  0]LogConfig: Setting CVar [[r.DOF.Scatter.BackgroundCompositing:2    ; additive background scattering]]
[2020.07.07-04.03.47:412][  0]LogConfig: Setting CVar [[r.DOF.Scatter.EnableBokehSettings:1      ; bokeh simulation when scattering]]
[2020.07.07-04.03.47:412][  0]LogConfig: Setting CVar [[r.DOF.Scatter.MaxSpriteRatio:0.1         ; only a maximum of 10% of scattered bokeh]]
[2020.07.07-04.03.47:412][  0]LogConfig: Setting CVar [[r.DOF.Recombine.Quality:1                ; cheap slight out of focus]]
[2020.07.07-04.03.47:413][  0]LogConfig: Setting CVar [[r.DOF.Recombine.EnableBokehSettings:0    ; no bokeh simulation on slight out of focus]]
[2020.07.07-04.03.47:413][  0]LogConfig: Setting CVar [[r.DOF.TemporalAAQuality:1                ; more stable temporal accumulation]]
[2020.07.07-04.03.47:413][  0]LogConfig: Setting CVar [[r.DOF.Kernel.MaxForegroundRadius:0.025]]
[2020.07.07-04.03.47:413][  0]LogConfig: Setting CVar [[r.DOF.Kernel.MaxBackgroundRadius:0.025]]
[2020.07.07-04.03.47:413][  0]LogConfig: Applying CVar settings from Section [TextureQuality@3] File [F:/TCTD/TCTD/Saved/Config/Windows/Scalability.ini]
[2020.07.07-04.03.47:413][  0]LogConfig: Setting CVar [[r.Streaming.MipBias:0]]
[2020.07.07-04.03.47:413][  0]LogConfig: Setting CVar [[r.Streaming.AmortizeCPUToGPUCopy:0]]
[2020.07.07-04.03.47:413][  0]LogConfig: Setting CVar [[r.Streaming.MaxNumTexturesToStreamPerFrame:0]]
[2020.07.07-04.03.47:414][  0]LogConfig: Setting CVar [[r.Streaming.Boost:1]]
[2020.07.07-04.03.47:414][  0]LogConfig: Setting CVar [[r.MaxAnisotropy:8]]
[2020.07.07-04.03.47:414][  0]LogConfig: Setting CVar [[r.VT.MaxAnisotropy:8]]
[2020.07.07-04.03.47:414][  0]LogConfig: Setting CVar [[r.Streaming.LimitPoolSizeToVRAM:0]]
[2020.07.07-04.03.47:414][  0]LogConfig: Setting CVar [[r.Streaming.PoolSize:1000]]
[2020.07.07-04.03.47:414][  0]LogConfig: Setting CVar [[r.Streaming.MaxEffectiveScreenSize:0]]
[2020.07.07-04.03.47:414][  0]LogConfig: Applying CVar settings from Section [EffectsQuality@3] File [F:/TCTD/TCTD/Saved/Config/Windows/Scalability.ini]
[2020.07.07-04.03.47:414][  0]LogConfig: Setting CVar [[r.TranslucencyLightingVolumeDim:64]]
[2020.07.07-04.03.47:415][  0]LogConfig: Setting CVar [[r.RefractionQuality:2]]
[2020.07.07-04.03.47:415][  0]LogConfig: Setting CVar [[r.SSR.Quality:3]]
[2020.07.07-04.03.47:417][  0]LogConfig: Setting CVar [[r.SSR.HalfResSceneColor:0]]
[2020.07.07-04.03.47:418][  0]LogConfig: Setting CVar [[r.SceneColorFormat:4]]
[2020.07.07-04.03.47:418][  0]LogConfig: Setting CVar [[r.DetailMode:2]]
[2020.07.07-04.03.47:419][  0]LogConfig: Setting CVar [[r.TranslucencyVolumeBlur:1]]
[2020.07.07-04.03.47:419][  0]LogConfig: Setting CVar [[r.MaterialQualityLevel:1 ; High quality]]
[2020.07.07-04.03.47:419][  0]LogConfig: Setting CVar [[r.SSS.Scale:1]]
[2020.07.07-04.03.47:419][  0]LogConfig: Setting CVar [[r.SSS.SampleSet:2]]
[2020.07.07-04.03.47:419][  0]LogConfig: Setting CVar [[r.SSS.Quality:1]]
[2020.07.07-04.03.47:419][  0]LogConfig: Setting CVar [[r.SSS.HalfRes:0]]
[2020.07.07-04.03.47:420][  0]LogConfig: Setting CVar [[r.SSGI.Quality:3]]
[2020.07.07-04.03.47:420][  0]LogConfig: Setting CVar [[r.EmitterSpawnRateScale:1.0]]
[2020.07.07-04.03.47:420][  0]LogConfig: Setting CVar [[r.ParticleLightQuality:2]]
[2020.07.07-04.03.47:420][  0]LogConfig: Setting CVar [[r.SkyAtmosphere.AerialPerspectiveLUT.FastApplyOnOpaque:1 ; Always have FastSkyLUT 1 in this case to avoid wrong sky]]
[2020.07.07-04.03.47:420][  0]LogConfig: Setting CVar [[r.SkyAtmosphere.AerialPerspectiveLUT.SampleCountPerSlice:1]]
[2020.07.07-04.03.47:420][  0]LogConfig: Setting CVar [[r.SkyAtmosphere.AerialPerspectiveLUT.DepthResolution:16.0]]
[2020.07.07-04.03.47:420][  0]LogConfig: Setting CVar [[r.SkyAtmosphere.FastSkyLUT:1]]
[2020.07.07-04.03.47:420][  0]LogConfig: Setting CVar [[r.SkyAtmosphere.FastSkyLUT.SampleCountMin:4.0]]
[2020.07.07-04.03.47:420][  0]LogConfig: Setting CVar [[r.SkyAtmosphere.FastSkyLUT.SampleCountMax:32.0]]
[2020.07.07-04.03.47:421][  0]LogConfig: Setting CVar [[r.SkyAtmosphere.SampleCountMin:4.0]]
[2020.07.07-04.03.47:421][  0]LogConfig: Setting CVar [[r.SkyAtmosphere.SampleCountMax:32.0]]
[2020.07.07-04.03.47:421][  0]LogConfig: Setting CVar [[r.SkyAtmosphere.TransmittanceLUT.UseSmallFormat:0]]
[2020.07.07-04.03.47:422][  0]LogConfig: Setting CVar [[r.SkyAtmosphere.TransmittanceLUT.SampleCount:10.0]]
[2020.07.07-04.03.47:422][  0]LogConfig: Setting CVar [[r.SkyAtmosphere.MultiScatteringLUT.SampleCount:15.0]]
[2020.07.07-04.03.47:422][  0]LogConfig: Applying CVar settings from Section [FoliageQuality@3] File [F:/TCTD/TCTD/Saved/Config/Windows/Scalability.ini]
[2020.07.07-04.03.47:422][  0]LogConfig: Setting CVar [[foliage.DensityScale:1.0]]
[2020.07.07-04.03.47:422][  0]LogConfig: Setting CVar [[grass.DensityScale:1.0]]
[2020.07.07-04.03.47:422][  0]LogConfig: Applying CVar settings from Section [ShadingQuality@3] File [F:/TCTD/TCTD/Saved/Config/Windows/Scalability.ini]
[2020.07.07-04.03.47:423][  0]LogConfig: Setting CVar [[r.HairStrands.SkyLighting.SampleCount:16]]
[2020.07.07-04.03.47:423][  0]LogConfig: Setting CVar [[r.HairStrands.SkyLighting.JitterIntegration:0]]
[2020.07.07-04.03.47:423][  0]LogConfig: Setting CVar [[r.HairStrands.SkyAO.SampleCount:16]]
[2020.07.07-04.03.47:423][  0]LogConfig: Setting CVar [[r.HairStrands.DeepShadow.SuperSampling:0]]
[2020.07.07-04.03.47:423][  0]LogConfig: Setting CVar [[r.HairStrands.VisibilityPPLL:0]]
[2020.07.07-04.03.47:423][  0]LogConfig: Setting CVar [[r.HairStrands.RasterizationScale:0.5]]
[2020.07.07-04.03.47:423][  0]LogConfig: Setting CVar [[r.HairStrands.VelocityRasterizationScale:1]]
[2020.07.07-04.03.47:423][  0]LogConfig: Applying CVar settings from Section [Startup] File [../../../Engine/Config/ConsoleVariables.ini]
[2020.07.07-04.03.47:424][  0]LogConfig: Setting CVar [[net.UseAdaptiveNetUpdateFrequency:0]]
[2020.07.07-04.03.47:424][  0]LogConfig: Setting CVar [[p.chaos.AllowCreatePhysxBodies:1]]
[2020.07.07-04.03.47:424][  0]LogConfig: Setting CVar [[fx.SkipVectorVMBackendOptimizations:1]]
[2020.07.07-04.03.47:424][  0]LogConfig: Applying CVar settings from Section [ConsoleVariables] File [F:/TCTD/TCTD/Saved/Config/Windows/Engine.ini]
[2020.07.07-04.03.47:425][  0]LogInit: Computer: DESKTOP-4CJ4ISN
[2020.07.07-04.03.47:425][  0]LogInit: User: kylej
[2020.07.07-04.03.47:425][  0]LogInit: CPU Page size=4096, Cores=4
[2020.07.07-04.03.47:425][  0]LogInit: High frequency timer resolution =10.000000 MHz
[2020.07.07-04.03.47:426][  0]LogMemory: Memory total: Physical=30.9GB (31GB approx)
[2020.07.07-04.03.47:426][  0]LogMemory: Platform Memory Stats for Windows
[2020.07.07-04.03.47:427][  0]LogMemory: Process Physical Memory: 115.15 MB used, 115.15 MB peak
[2020.07.07-04.03.47:427][  0]LogMemory: Process Virtual Memory: 96.31 MB used, 96.31 MB peak
[2020.07.07-04.03.47:427][  0]LogMemory: Physical Memory: 19976.14 MB used,  11710.63 MB free, 31686.77 MB total
[2020.07.07-04.03.47:427][  0]LogMemory: Virtual Memory: 5127.36 MB used,  134212600.00 MB free, 134217728.00 MB total
[2020.07.07-04.03.47:448][  0]LogWindows: WindowsPlatformFeatures enabled
[2020.07.07-04.03.48:607][  0]LogInit: Physics initialised using underlying interface: PhysX
[2020.07.07-04.03.48:609][  0]LogInit: Using OS detected language (en-US).
[2020.07.07-04.03.48:609][  0]LogInit: Using OS detected locale (en-US).
[2020.07.07-04.03.48:613][  0]LogTextLocalizationManager: No specific localization for 'en-US' exists, so the 'en' localization will be used.
[2020.07.07-04.03.48:875][  0]LogInit: Setting process to per monitor DPI aware
[2020.07.07-04.03.48:988][  0]LogSlate: New Slate User Created.  User Index 0, Is Virtual User: 0
[2020.07.07-04.03.48:992][  0]LogSlate: Slate User Registered.  User Index 0, Is Virtual User: 0
[2020.07.07-04.03.49:195][  0]LogHMD: Failed to initialize OpenVR with code 110
[2020.07.07-04.03.49:195][  0]LogD3D11RHI: D3D11 min allowed feature level: 11_0
[2020.07.07-04.03.49:195][  0]LogD3D11RHI: D3D11 max allowed feature level: 11_0
[2020.07.07-04.03.49:195][  0]LogD3D11RHI: D3D11 adapters:
[2020.07.07-04.03.49:725][  0]LogD3D11RHI:    0. 'NVIDIA GeForce GTX 1660 Ti' (Feature Level 11_0)
[2020.07.07-04.03.49:725][  0]LogD3D11RHI:       5991/0/15843 MB DedicatedVideo/DedicatedSystem/SharedSystem, Outputs:2, VendorId:0x10de
[2020.07.07-04.03.49:734][  0]LogD3D11RHI:    1. 'Microsoft Basic Render Driver' (Feature Level 11_0)
[2020.07.07-04.03.49:734][  0]LogD3D11RHI:       0/0/15843 MB DedicatedVideo/DedicatedSystem/SharedSystem, Outputs:0, VendorId:0x1414
[2020.07.07-04.03.49:734][  0]LogD3D11RHI: Chosen D3D11 Adapter: 0
[2020.07.07-04.03.49:754][  0]LogD3D11RHI: Creating new Direct3DDevice
[2020.07.07-04.03.49:755][  0]LogD3D11RHI:     GPU DeviceId: 0x2182 (for the marketing name, search the web for "GPU Device Id")
[2020.07.07-04.03.49:755][  0]LogWindows: EnumDisplayDevices:
[2020.07.07-04.03.49:755][  0]LogWindows:    0. 'NVIDIA GeForce GTX 1660 Ti' (P:0 D:1)
[2020.07.07-04.03.49:756][  0]LogWindows:    1. 'NVIDIA GeForce GTX 1660 Ti' (P:1 D:1)
[2020.07.07-04.03.49:756][  0]LogWindows:    2. 'NVIDIA GeForce GTX 1660 Ti' (P:0 D:0)
[2020.07.07-04.03.49:757][  0]LogWindows:    3. 'NVIDIA GeForce GTX 1660 Ti' (P:0 D:0)
[2020.07.07-04.03.49:757][  0]LogWindows: DebugString: FoundDriverCount:4 
[2020.07.07-04.03.49:757][  0]LogD3D11RHI:     Adapter Name: NVIDIA GeForce GTX 1660 Ti
[2020.07.07-04.03.49:757][  0]LogD3D11RHI:   Driver Version: 445.87 (internal:26.21.14.4587, unified:445.87)
[2020.07.07-04.03.49:757][  0]LogD3D11RHI:      Driver Date: 4-3-2020
[2020.07.07-04.03.49:757][  0]LogRHI: Texture pool is 4193 MB (70% of 5991 MB)
[2020.07.07-04.03.49:942][  0]LogD3D11RHI: RHI has support for 64 bit atomics
[2020.07.07-04.03.49:951][  0]LogD3D11RHI: [Aftermath] Enabled and primed
[2020.07.07-04.03.49:952][  0]LogD3D11RHI: Async texture creation enabled
[2020.07.07-04.03.49:952][  0]LogD3D11RHI: Array index from any shader is supported
[2020.07.07-04.03.49:955][  0]LogD3D11RHI: HDR output is supported on display 0 (NvId: 0x80061087).
[2020.07.07-04.03.50:002][  0]LogD3D11RHI: GPU Timing Frequency: 1000.000000 (Debug: 2 1)
[2020.07.07-04.03.50:426][  0]LogTargetPlatformManager: Display: Loaded TargetPlatform 'AllDesktop'
[2020.07.07-04.03.50:466][  0]LogTargetPlatformManager: Display: Loaded TargetPlatform 'Android'
[2020.07.07-04.03.50:466][  0]LogTargetPlatformManager: Display: Loaded TargetPlatform 'Android_ASTC'
[2020.07.07-04.03.50:466][  0]LogTargetPlatformManager: Display: Loaded TargetPlatform 'Android_DXT'
[2020.07.07-04.03.50:466][  0]LogTargetPlatformManager: Display: Loaded TargetPlatform 'Android_ETC2'
[2020.07.07-04.03.50:467][  0]LogTargetPlatformManager: Display: Loaded TargetPlatform 'AndroidClient'
[2020.07.07-04.03.50:467][  0]LogTargetPlatformManager: Display: Loaded TargetPlatform 'Android_ASTCClient'
[2020.07.07-04.03.50:467][  0]LogTargetPlatformManager: Display: Loaded TargetPlatform 'Android_DXTClient'
[2020.07.07-04.03.50:467][  0]LogTargetPlatformManager: Display: Loaded TargetPlatform 'Android_ETC2Client'
[2020.07.07-04.03.50:467][  0]LogTargetPlatformManager: Display: Loaded TargetPlatform 'Android_Multi'
[2020.07.07-04.03.50:467][  0]LogTargetPlatformManager: Display: Loaded TargetPlatform 'Android_MultiClient'
[2020.07.07-04.03.50:526][  0]LogTargetPlatformManager: Display: Loaded TargetPlatform 'IOSClient'
[2020.07.07-04.03.50:526][  0]LogTargetPlatformManager: Display: Loaded TargetPlatform 'IOS'
[2020.07.07-04.03.50:547][  0]LogTargetPlatformManager: Display: Loaded TargetPlatform 'Linux'
[2020.07.07-04.03.50:568][  0]LogTargetPlatformManager: Display: Loaded TargetPlatform 'LinuxNoEditor'
[2020.07.07-04.03.50:589][  0]LogTargetPlatformManager: Display: Loaded TargetPlatform 'LinuxClient'
[2020.07.07-04.03.50:610][  0]LogTargetPlatformManager: Display: Loaded TargetPlatform 'LinuxServer'
[2020.07.07-04.03.50:632][  0]LogTargetPlatformManager: Display: Loaded TargetPlatform 'LinuxAArch64NoEditor'
[2020.07.07-04.03.50:654][  0]LogTargetPlatformManager: Display: Loaded TargetPlatform 'LinuxAArch64Client'
[2020.07.07-04.03.50:673][  0]LogTargetPlatformManager: Display: Loaded TargetPlatform 'LinuxAArch64Server'
[2020.07.07-04.03.50:720][  0]LogTargetPlatformManager: Display: Loaded TargetPlatform 'Lumin'
[2020.07.07-04.03.50:720][  0]LogTargetPlatformManager: Display: Loaded TargetPlatform 'LuminClient'
[2020.07.07-04.03.50:749][  0]LogTargetPlatformManager: Display: Loaded TargetPlatform 'TVOSClient'
[2020.07.07-04.03.50:750][  0]LogTargetPlatformManager: Display: Loaded TargetPlatform 'TVOS'
[2020.07.07-04.03.50:771][  0]LogTargetPlatformManager: Display: Loaded TargetPlatform 'WindowsNoEditor'
[2020.07.07-04.03.50:792][  0]LogTargetPlatformManager: Display: Loaded TargetPlatform 'Windows'
[2020.07.07-04.03.50:809][  0]LogTargetPlatformManager: Display: Loaded TargetPlatform 'WindowsClient'
[2020.07.07-04.03.50:829][  0]LogTargetPlatformManager: Display: Loaded TargetPlatform 'WindowsServer'
[2020.07.07-04.03.50:829][  0]LogTargetPlatformManager: Display: Building Assets For Windows
[2020.07.07-04.03.50:877][  0]LogAudioDebug: Display: Lib vorbis DLL was dynamically loaded.
[2020.07.07-04.03.51:139][  0]LogShaderCompilers: Guid format shader working directory is 24 characters bigger than the processId version (../../../../TCTD/TCTD/Intermediate/Shaders/WorkingDirectory/41252/).
[2020.07.07-04.03.51:140][  0]LogShaderCompilers: Cleaned the shader compiler working directory 'C:/Users/kylej/AppData/Local/Temp/UnrealShaderWorkingDir/200346364362675EE105A6ADD37AD359/'.
[2020.07.07-04.03.51:141][  0]LogXGEController: Cannot use XGE Controller as Incredibuild is not installed on this machine.
[2020.07.07-04.03.51:141][  0]LogShaderCompilers: Cannot use XGE Shader Compiler as Incredibuild is not installed on this machine.
[2020.07.07-04.03.51:141][  0]LogShaderCompilers: Display: Using Local Shader Compiler.
[2020.07.07-04.03.52:166][  0]LogDerivedDataCache: Display: Max Cache Size: 512 MB
[2020.07.07-04.03.52:230][  0]LogDerivedDataCache: Loaded boot cache 0.06s 75MB C:/Users/kylej/AppData/Local/UnrealEngine/4.25/DerivedDataCache/Boot.ddc.
[2020.07.07-04.03.52:230][  0]LogDerivedDataCache: Display: Loaded Boot cache: C:/Users/kylej/AppData/Local/UnrealEngine/4.25/DerivedDataCache/Boot.ddc
[2020.07.07-04.03.52:230][  0]LogDerivedDataCache: FDerivedDataBackendGraph:  Pak pak cache file ../../../../TCTD/TCTD/DerivedDataCache/DDC.ddp not found, will not use a pak cache.
[2020.07.07-04.03.52:230][  0]LogDerivedDataCache: Unable to find inner node Pak for hierarchical cache Hierarchy.
[2020.07.07-04.03.52:230][  0]LogDerivedDataCache: FDerivedDataBackendGraph:  CompressedPak pak cache file ../../../../TCTD/TCTD/DerivedDataCache/Compressed.ddp not found, will not use a pak cache.
[2020.07.07-04.03.52:230][  0]LogDerivedDataCache: Unable to find inner node CompressedPak for hierarchical cache Hierarchy.
[2020.07.07-04.03.52:243][  0]LogDerivedDataCache: Display: Pak cache opened for reading ../../../Engine/DerivedDataCache/Compressed.ddp.
[2020.07.07-04.03.52:243][  0]LogDerivedDataCache: FDerivedDataBackendGraph:  EnterprisePak pak cache file ../../../Enterprise/DerivedDataCache/Compressed.ddp not found, will not use a pak cache.
[2020.07.07-04.03.52:243][  0]LogDerivedDataCache: Unable to find inner node EnterprisePak for hierarchical cache Hierarchy.
[2020.07.07-04.03.52:247][  0]LogDerivedDataCache: Using Local data cache path C:/Users/kylej/AppData/Local/UnrealEngine/Common/DerivedDataCache: Writable
[2020.07.07-04.03.52:247][  0]LogDerivedDataCache: Shared data cache path not found in *engine.ini, will not use an Shared cache.
[2020.07.07-04.03.52:247][  0]LogDerivedDataCache: Unable to find inner node Shared for hierarchical cache Hierarchy.
[2020.07.07-04.03.52:314][  0]LogSlate: Using FreeType 2.10.0
[2020.07.07-04.03.52:315][  0]LogSlate: SlateFontServices - WITH_FREETYPE: 1, WITH_HARFBUZZ: 1
[2020.07.07-04.03.52:362][  0]LogAssetRegistry: FAssetRegistry took 0.0040 seconds to start up
[2020.07.07-04.03.52:688][  0]LogInit: Selected Device Profile: [Windows]
[2020.07.07-04.03.52:921][  0]LogMeshReduction: Using QuadricMeshReduction for automatic static mesh reduction
[2020.07.07-04.03.52:922][  0]LogMeshReduction: Using SimplygonMeshReduction for automatic skeletal mesh reduction
[2020.07.07-04.03.52:922][  0]LogMeshReduction: Using ProxyLODMeshReduction for automatic mesh merging
[2020.07.07-04.03.52:923][  0]LogMeshReduction: No distributed automatic mesh merging module available
[2020.07.07-04.03.52:923][  0]LogMeshMerging: No distributed automatic mesh merging module available
[2020.07.07-04.03.52:956][  0]LogNetVersion: TCTD 1.0.0, NetCL: 13144385, EngineNetVer: 14, GameNetVer: 0 (Checksum: 3815092598)
[2020.07.07-04.03.53:538][  0]LogAISub: UAISubsystem::UAISubsystem AISubsystem (00000292C11A8480), frame # 0
[2020.07.07-04.03.53:538][  0]LogAISub: UAISubsystem::UAISubsystem AIPerceptionSystem (00000292C10F11C0), frame # 0
[2020.07.07-04.03.53:540][  0]LogAISub: UAISubsystem::UAISubsystem EnvQueryManager (00000292C113DE00), frame # 0
[2020.07.07-04.03.53:623][  0]LogPackageLocalizationCache: Processed 19 localized package path(s) for 1 prioritized culture(s) in 0.074245 seconds
[2020.07.07-04.03.53:630][  0]LogUObjectArray: 15917 objects as part of root set at end of initial load.
[2020.07.07-04.03.53:630][  0]LogUObjectAllocator: 3965568 out of 0 bytes used by permanent object pool.
[2020.07.07-04.03.53:630][  0]LogUObjectArray: CloseDisregardForGC: 0/0 objects in disregard for GC pool
[2020.07.07-04.03.54:900][  0]LogTcpMessaging: Initializing TcpMessaging bridge
[2020.07.07-04.03.54:915][  0]LogUdpMessaging: Initializing bridge on interface 0.0.0.0:0 to multicast group 230.0.0.1:6666.
[2020.07.07-04.03.55:096][  0]FLogRiderLinkModule: INIT START
[2020.07.07-04.03.55:097][  0]FLogRiderLinkModule: INIT FINISH
[2020.07.07-04.03.55:583][  0]SourceControl: Source control is disabled
[2020.07.07-04.03.55:583][  0]SourceControl: Source control is disabled
[2020.07.07-04.03.55:599][  0]SourceControl: Source control is disabled
[2020.07.07-04.03.55:612][  0]SourceControl: Source control is disabled
[2020.07.07-04.03.55:640][  0]SourceControl: Source control is disabled
[2020.07.07-04.03.56:579][  0]LogAndroidPermission: UAndroidPermissionCallbackProxy::GetInstance
[2020.07.07-04.03.56:666][  0]LogAudioCaptureCore: Display: No Audio Capture implementations found. Audio input will be silent.
[2020.07.07-04.03.56:666][  0]LogAudioCaptureCore: Display: No Audio Capture implementations found. Audio input will be silent.
[2020.07.07-04.03.56:814][  0]LogOcInput: OculusInput pre-init called
[2020.07.07-04.03.56:846][  0]LogWindows: Failed to load 'OVRPlugin.dll' (GetLastError=126)
[2020.07.07-04.03.56:846][  0]LogWindows: File 'OVRPlugin.dll' does not exist
[2020.07.07-04.03.57:010][  0]LogEngine: Initializing Engine...
[2020.07.07-04.03.57:012][  0]LogHMD: Failed to initialize OpenVR with code 110
[2020.07.07-04.03.57:013][  0]LogMagicLeap: Warning: VR disabled because ZI is not enabled.  To enable, in the editor, Edit -> Project Settings -> Plugins -> Magic Leap Plugin -> Enable Zero Iteration
[2020.07.07-04.03.57:014][  0]LogStats: UGameplayTagsManager::InitializeManager -  0.000 s
[2020.07.07-04.03.57:169][  0]LogInit: Initializing FReadOnlyCVARCache
[2020.07.07-04.03.57:187][  0]LogAIModule: Creating AISystem for world Untitled
[2020.07.07-04.03.57:188][  0]LogAISub: UAISubsystem::UAISubsystem EnvQueryManager (00000292C7103C00), frame # 0
[2020.07.07-04.03.57:188][  0]LogAISub: UAISubsystem::UAISubsystem AIPerceptionSystem (00000292C70FF880), frame # 0
[2020.07.07-04.03.57:217][  0]LogAudioMixer: Display: Audio Mixer Platform Settings:
[2020.07.07-04.03.57:217][  0]LogAudioMixer: Display: 	Sample Rate:						  48000
[2020.07.07-04.03.57:217][  0]LogAudioMixer: Display: 	Callback Buffer Frame Size Requested: 1024
[2020.07.07-04.03.57:217][  0]LogAudioMixer: Display: 	Callback Buffer Frame Size To Use:	  1024
[2020.07.07-04.03.57:217][  0]LogAudioMixer: Display: 	Number of buffers to queue:			  2
[2020.07.07-04.03.57:217][  0]LogAudioMixer: Display: 	Max Channels (voices):				  32
[2020.07.07-04.03.57:217][  0]LogAudioMixer: Display: 	Number of Async Source Workers:		  0
[2020.07.07-04.03.57:217][  0]LogAudio: Display: AudioDevice MaxSources: 32
[2020.07.07-04.03.57:218][  0]LogAudio: Display: Using built-in audio occlusion.
[2020.07.07-04.03.57:218][  0]LogAudioMixer: Display: Initializing audio mixer.
[2020.07.07-04.03.57:264][  0]LogAudioMixer: Display: 0: FrontLeft
[2020.07.07-04.03.57:264][  0]LogAudioMixer: Display: 1: FrontRight
[2020.07.07-04.03.57:357][  0]LogAudioMixer: Display: Using Audio Device Headset Earphone (Razer Audio Controller - Chat)
[2020.07.07-04.03.57:361][  0]LogAudioMixer: Display: Initializing Sound Submixes...
[2020.07.07-04.03.57:364][  0]LogAudioMixer: Display: Creating Master Submix 'MasterSubmixDefault'
[2020.07.07-04.03.57:364][  0]LogAudioMixer: Display: Creating Master Submix 'MasterReverbSubmixDefault'
[2020.07.07-04.03.57:365][  0]LogAudioMixer: Display: Creating Master Submix 'MasterEQSubmixDefault'
[2020.07.07-04.03.57:371][  0]LogInit: FAudioDevice initialized.
[2020.07.07-04.03.57:372][  0]LogNetVersion: Set ProjectVersion to 1.0.0.0. Version Checksum will be recalculated on next use.
[2020.07.07-04.03.57:483][  0]LogDerivedDataCache: Saved boot cache 0.11s 75MB C:/Users/kylej/AppData/Local/UnrealEngine/4.25/DerivedDataCache/Boot.ddc.
[2020.07.07-04.03.57:495][  0]LogInit: Texture streaming: Enabled
[2020.07.07-04.03.57:550][  0]LogEngineSessionManager: EngineSessionManager initialized
[2020.07.07-04.03.57:550][  0]LogEditorSessionSummary: Verbose: Initializing EditorSessionSummaryWriter for editor session tracking
[2020.07.07-04.03.57:561][  0]LogEditorSessionSummary: EditorSessionSummaryWriter initialized
[2020.07.07-04.03.57:638][  0]LogInit: Transaction tracking system initialized
[2020.07.07-04.03.57:714][  0]BlueprintLog: New page: Editor Load
[2020.07.07-04.03.57:957][  0]LocalizationService: Localization service is disabled
[2020.07.07-04.03.58:307][  0]LogCook: Display: Max memory allowance for cook 16384mb min free memory 0mb
[2020.07.07-04.03.58:307][  0]LogCook: Display: Mobile HDR setting 1
[2020.07.07-04.03.58:372][  0]LogFileCache: Scanning file cache for directory 'F:/TCTD/TCTD/Content/' took 0.00s
[2020.07.07-04.03.59:126][  0]SourceControl: Source control is disabled
[2020.07.07-04.03.59:127][  0]LogUnrealEdMisc: Loading editor; pre map load, took 18.764
[2020.07.07-04.03.59:127][  0]Cmd: MAP LOAD FILE="../../../../TCTD/TCTD/Content/Scenes/TCTD.umap" TEMPLATE=0 SHOWPROGRESS=1 FEATURELEVEL=3
[2020.07.07-04.03.59:127][  0]LightingResults: New page: Lighting Build
[2020.07.07-04.03.59:129][  0]LogWorld: UWorld::CleanupWorld for Untitled, bSessionEnded=true, bCleanupResources=true
[2020.07.07-04.03.59:129][  0]LogSlate: InvalidateAllWidgets triggered.  All widgets were invalidated
[2020.07.07-04.03.59:129][  0]MapCheck: New page: Map Check
[2020.07.07-04.03.59:129][  0]LightingResults: New page: Lighting Build
[2020.07.07-04.03.59:139][  0]LogAISub: UAISubsystem::~UAISubsystem EnvQueryManager (00000292C7103C00), frame # 0
[2020.07.07-04.03.59:139][  0]LogAISub: UAISubsystem::~UAISubsystem AIPerceptionSystem (00000292C70FF880), frame # 0
[2020.07.07-04.03.59:140][  0]LogUObjectHash: Compacting FUObjectHashTables data took   0.95ms
[2020.07.07-04.03.59:296][  0]LogAIModule: Creating AISystem for world TCTD
[2020.07.07-04.03.59:296][  0]LogAISub: UAISubsystem::UAISubsystem EnvQueryManager (00000292B5F44600), frame # 0
[2020.07.07-04.03.59:296][  0]LogAISub: UAISubsystem::UAISubsystem AIPerceptionSystem (00000292BEC120C0), frame # 0
[2020.07.07-04.03.59:307][  0]LogEditorServer: Finished looking for orphan Actors (0.000 secs)
[2020.07.07-04.03.59:329][  0]LogUObjectHash: Compacting FUObjectHashTables data took   1.07ms
[2020.07.07-04.03.59:330][  0]Cmd: MAP CHECKDEP NOCLEARLOG
[2020.07.07-04.03.59:330][  0]MapCheck: Map check complete: 0 Error(s), 0 Warning(s), took 0.16ms to complete.
[2020.07.07-04.03.59:331][  0]LogFileHelpers: Loading map 'TCTD' took 0.204
[2020.07.07-04.03.59:335][  0]LogUnrealEdMisc: Total Editor Startup Time, took 18.972
[2020.07.07-04.03.59:593][  0]LogSlate: Updating window title bar state: overlay mode, drag disabled, window buttons hidden, title bar hidden
[2020.07.07-04.03.59:603][  0]LogSlate: Updating window title bar state: overlay mode, drag disabled, window buttons hidden, title bar hidden
[2020.07.07-04.03.59:614][  0]LogSlate: Updating window title bar state: overlay mode, drag disabled, window buttons hidden, title bar hidden
[2020.07.07-04.03.59:630][  0]LogSlate: Updating window title bar state: overlay mode, drag disabled, window buttons hidden, title bar hidden
[2020.07.07-04.03.59:649][  0]LogCollectionManager: Loaded 0 collections in 0.001428 seconds
[2020.07.07-04.03.59:692][  0]LogFileCache: Scanning file cache for directory 'F:/TCTD/TCTD/Saved/Collections/' took 0.01s
[2020.07.07-04.03.59:692][  0]LogFileCache: Scanning file cache for directory 'F:/TCTD/TCTD/Content/Developers/kylej/Collections/' took 0.00s
[2020.07.07-04.03.59:692][  0]LogFileCache: Scanning file cache for directory 'F:/TCTD/TCTD/Content/Collections/' took 0.01s
[2020.07.07-04.03.59:692][  0]LogContentBrowser: Native class hierarchy populated in 0.0165 seconds. Added 3439 classes and 823 folders.
[2020.07.07-04.03.59:697][  0]LogContentBrowser: Native class hierarchy updated for 'WidgetCarousel' in 0.0005 seconds. Added 0 classes and 0 folders.
[2020.07.07-04.03.59:798][  0]LogContentBrowser: Native class hierarchy updated for 'AddContentDialog' in 0.0005 seconds. Added 0 classes and 0 folders.
[2020.07.07-04.03.59:849][  0]LogSlate: Took 0.000243 seconds to synchronously load lazily loaded font '../../../Engine/Content/Slate/Fonts/Roboto-Regular.ttf' (155K)
[2020.07.07-04.03.59:857][  0]LogSlate: Took 0.000248 seconds to synchronously load lazily loaded font '../../../Engine/Content/Slate/Fonts/Roboto-Bold.ttf' (160K)
[2020.07.07-04.03.59:861][  0]LogSlate: Took 0.000233 seconds to synchronously load lazily loaded font '../../../Engine/Content/Editor/Slate/Fonts/FontAwesome.ttf' (139K)
[2020.07.07-04.03.59:944][  0]LogRenderer: Reallocating scene render targets to support 1064x636 Format 10 NumSamples 1 (Frame:1).
[2020.07.07-04.04.00:657][  0]LogContentBrowser: Native class hierarchy updated for 'HierarchicalLODOutliner' in 0.0006 seconds. Added 0 classes and 0 folders.
[2020.07.07-04.04.00:658][  0]LogLoad: (Engine Initialization) Total time: 20.29 seconds
[2020.07.07-04.04.00:658][  0]LogLoad: (Engine Initialization) Total Blueprint compile time: 0.00 seconds
[2020.07.07-04.04.00:718][  0]LogAssetRegistry: Asset discovery search completed in 8.3588 seconds
[2020.07.07-04.04.00:726][  0]LogCollectionManager: Fixed up redirectors for 0 collections in 0.000002 seconds (updated 0 objects)
[2020.07.07-04.04.00:727][  0]LogContentStreaming: Texture pool size now 1000 MB
[2020.07.07-04.04.05:974][567]Candidate modules for hot reload:
[2020.07.07-04.04.05:974][567]  TCTD
[2020.07.07-04.04.05:974][567]Launching UnrealBuildTool... [F:/UE_4.25/Engine/Binaries/DotNET/UnrealBuildTool.exe  -ModuleWithSuffix=TCTD,8367 TCTDEditor Win64 Development -Project="F:/TCTD/TCTD/TCTD.uproject" "F:/TCTD/TCTD/TCTD.uproject"  -IgnoreJunk]
[2020.07.07-04.04.05:980][567]Warning: Starting HotReload took  0.0s.
[2020.07.07-04.04.10:670][  8]CompilerResultsLog: New page: Compilation - Jul 6, 2020, 8:04:10 PM
[2020.07.07-04.04.10:671][  8]CompilerResultsLog: Using 'git status' to determine working set for adaptive non-unity build (F:\TCTD).
[2020.07.07-04.04.10:672][  8]CompilerResultsLog: Building TCTDEditor...
[2020.07.07-04.04.10:673][  8]CompilerResultsLog: Using Visual Studio 2019 14.25.28614 toolchain (C:\Program Files (x86)\Microsoft Visual Studio\2019\Professional\VC\Tools\MSVC\14.25.28610) and Windows 10.0.18362.0 SDK (C:\Program Files (x86)\Windows Kits\10).
[2020.07.07-04.04.10:674][  8]CompilerResultsLog: Building 3 actions with 4 processes...
[2020.07.07-04.04.10:675][  8]CompilerResultsLog:   [1/3] UE4Editor-TCTD-8367.lib
[2020.07.07-04.04.10:675][  8]CompilerResultsLog:      Creating library F:\TCTD\TCTD\Intermediate\Build\Win64\UE4Editor\Development\TCTD\UE4Editor-TCTD-8367.lib and object F:\TCTD\TCTD\Intermediate\Build\Win64\UE4Editor\Development\TCTD\UE4Editor-TCTD-8367.exp
[2020.07.07-04.04.10:675][  8]CompilerResultsLog:   [2/3] UE4Editor-TCTD-8367.dll
[2020.07.07-04.04.10:676][  8]CompilerResultsLog:      Creating library F:\TCTD\TCTD\Intermediate\Build\Win64\UE4Editor\Development\TCTD\UE4Editor-TCTD-8367.suppressed.lib and object F:\TCTD\TCTD\Intermediate\Build\Win64\UE4Editor\Development\TCTD\UE4Editor-TCTD-8367.suppressed.exp
[2020.07.07-04.04.10:677][  8]CompilerResultsLog:   [3/3] TCTDEditor.target
[2020.07.07-04.04.10:678][  8]CompilerResultsLog: Total time in Parallel executor: 3.14 seconds
[2020.07.07-04.04.10:679][  8]CompilerResultsLog: Total execution time: 4.51 seconds
[2020.07.07-04.04.10:679][  8]LogMainFrame: MainFrame: Module compiling took 4.710 seconds
[2020.07.07-04.04.11:028][  8]LogContentBrowser: Native class hierarchy updated for 'TCTD' in 0.0005 seconds. Added 12 classes and 2 folders.
[2020.07.07-04.04.11:035][  8]Display: HotReload successful (6 functions remapped  0 scriptstructs remapped)
[2020.07.07-04.04.11:113][  8]LogContentBrowser: Native class hierarchy populated in 0.0239 seconds. Added 3439 classes and 823 folders.
[2020.07.07-04.04.11:114][  8]Display: HotReload took  5.1s.
[2020.07.07-04.04.15:999][526]LogTemp: Repeating last play command: Selected Viewport
[2020.07.07-04.04.16:019][526]LogPlayLevel: PlayLevel: No blueprints needed recompiling
[2020.07.07-04.04.16:020][526]PIE: New page: PIE session: TCTD (Jul 6, 2020, 8:04:16 PM)
[2020.07.07-04.04.16:022][526]LogOnline: OSS: Creating online subsystem instance for: NULL
[2020.07.07-04.04.16:024][526]LogOnline: OSS: TryLoadSubsystemAndSetDefault: Loaded subsystem for module [NULL]
[2020.07.07-04.04.16:025][526]LogPlayLevel: Creating play world package: /Game/Scenes/UEDPIE_0_TCTD
[2020.07.07-04.04.16:032][526]LogPlayLevel: PIE: StaticDuplicateObject took: (0.007389s)
[2020.07.07-04.04.16:034][526]LogAIModule: Creating AISystem for world TCTD
[2020.07.07-04.04.16:034][526]LogAISub: UAISubsystem::UAISubsystem EnvQueryManager (00000292DCEB8200), frame # 1526
[2020.07.07-04.04.16:035][526]LogAISub: UAISubsystem::UAISubsystem AIPerceptionSystem (00000292B5E8C2C0), frame # 1526
[2020.07.07-04.04.16:035][526]LogPlayLevel: PIE: World Init took: (0.002992s)
[2020.07.07-04.04.16:036][526]LogPlayLevel: PIE: Created PIE world by copying editor world from /Game/Scenes/TCTD.TCTD to /Game/Scenes/UEDPIE_0_TCTD.TCTD (0.011214s)
[2020.07.07-04.04.16:046][526]LogUObjectHash: Compacting FUObjectHashTables data took   0.72ms
[2020.07.07-04.04.16:048][526]LogAudioMixer: Display: Audio Mixer Platform Settings:
[2020.07.07-04.04.16:051][526]LogAudioMixer: Display: 	Sample Rate:						  48000
[2020.07.07-04.04.16:052][526]LogAudioMixer: Display: 	Callback Buffer Frame Size Requested: 1024
[2020.07.07-04.04.16:053][526]LogAudioMixer: Display: 	Callback Buffer Frame Size To Use:	  1024
[2020.07.07-04.04.16:053][526]LogAudioMixer: Display: 	Number of buffers to queue:			  2
[2020.07.07-04.04.16:053][526]LogAudioMixer: Display: 	Max Channels (voices):				  32
[2020.07.07-04.04.16:054][526]LogAudioMixer: Display: 	Number of Async Source Workers:		  0
[2020.07.07-04.04.16:054][526]LogAudio: Display: AudioDevice MaxSources: 32
[2020.07.07-04.04.16:055][526]LogAudio: Display: Using built-in audio occlusion.
[2020.07.07-04.04.16:056][526]LogAudioMixer: Display: Initializing audio mixer.
[2020.07.07-04.04.16:063][526]LogAudioMixer: Display: 0: FrontLeft
[2020.07.07-04.04.16:063][526]LogAudioMixer: Display: 1: FrontRight
[2020.07.07-04.04.16:119][526]LogAudioMixer: Display: Using Audio Device Headset Earphone (Razer Audio Controller - Chat)
[2020.07.07-04.04.16:120][526]LogAudioMixer: Display: Initializing Sound Submixes...
[2020.07.07-04.04.16:121][526]LogAudioMixer: Display: Creating Master Submix 'MasterSubmixDefault'
[2020.07.07-04.04.16:121][526]LogAudioMixer: Display: Creating Master Submix 'MasterReverbSubmixDefault'
[2020.07.07-04.04.16:123][526]LogAudioMixer: Display: Creating Master Submix 'MasterEQSubmixDefault'
[2020.07.07-04.04.16:154][526]LogInit: FAudioDevice initialized.
[2020.07.07-04.04.16:173][526]LogLoad: Game class is 'GameModeBase'
[2020.07.07-04.04.16:178][526]LogWorld: Bringing World /Game/Scenes/UEDPIE_0_TCTD.TCTD up for play (max tick rate 0) at 2020.07.07-00.04.16
[2020.07.07-04.04.16:178][526]LogWorld: Bringing up level for play took: 0.004345
[2020.07.07-04.04.16:179][526]LogOnline: OSS: Creating online subsystem instance for: :Context_1
[2020.07.07-04.04.16:212][526]LogContentBrowser: Native class hierarchy updated for 'MovieSceneCapture' in 0.0005 seconds. Added 20 classes and 0 folders.
[2020.07.07-04.04.16:218][526]PIE: Server logged in
[2020.07.07-04.04.16:220][526]PIE: Play in editor total start time 0.206 seconds.
[2020.07.07-04.04.17:104][612]LogActor: Warning: MyTurret_C /Game/Scenes/UEDPIE_0_TCTD.TCTD:PersistentLevel.MyTurret_C_0 has natively added scene component(s), but none of them were set as the actor's RootComponent - picking one arbitrarily
[2020.07.07-04.04.17:104][612]LogActor: Warning: MyProjectile_C /Game/Scenes/UEDPIE_0_TCTD.TCTD:PersistentLevel.MyProjectile_C_0 has natively added scene component(s), but none of them were set as the actor's RootComponent - picking one arbitrarily
[2020.07.07-04.04.17:105][612]LogActor: Warning: MyProjectile_C /Game/Scenes/UEDPIE_0_TCTD.TCTD:PersistentLevel.MyProjectile_C_1 has natively added scene component(s), but none of them were set as the actor's RootComponent - picking one arbitrarily
[2020.07.07-04.04.17:106][612]LogActor: Warning: MyProjectile_C /Game/Scenes/UEDPIE_0_TCTD.TCTD:PersistentLevel.MyProjectile_C_2 has natively added scene component(s), but none of them were set as the actor's RootComponent - picking one arbitrarily
[2020.07.07-04.04.21:004][ 73]LogActor: Warning: MyEnemy_Standard_C /Game/Scenes/UEDPIE_0_TCTD.TCTD:PersistentLevel.MyEnemy_Standard_C_0 has natively added scene component(s), but none of them were set as the actor's RootComponent - picking one arbitrarily
[2020.07.07-04.04.21:006][ 73]LogOutputDevice: Warning: 

Script Stack (1 frames):
Turret.OnBeginOverlap

[2020.07.07-04.04.21:006][ 73]LogOutputDevice: Error: Ensure condition failed: InvocationList[ CurFunctionIndex ] != InDelegate [File:F:\UE_4.25\Engine\Source\Runtime\Core\Public\UObject/ScriptDelegates.h] [Line: 556] 


[2020.07.07-04.04.21:006][ 73]LogStats:             FDebug::EnsureFailed -  0.000 s
[2020.07.07-04.04.43:833][215]LogActor: Warning: MyEnemy_Standard_C /Game/Scenes/UEDPIE_0_TCTD.TCTD:PersistentLevel.MyEnemy_Standard_C_1 has natively added scene component(s), but none of them were set as the actor's RootComponent - picking one arbitrarily
[2020.07.07-04.05.16:256][230]LogActor: Warning: MyEnemy_Standard_C /Game/Scenes/UEDPIE_0_TCTD.TCTD:PersistentLevel.MyEnemy_Standard_C_2 has natively added scene component(s), but none of them were set as the actor's RootComponent - picking one arbitrarily
