Log file open, 07/11/20 20:25:23
LogInit: Display: Running engine for game: TCTD
LogPlatformFile: Not using cached read wrapper
LogTaskGraph: Started task graph with 5 named threads and 14 total threads with 3 sets of task threads.
LogStats: Stats thread started at 2.777582
LogD3D11RHI: Loaded GFSDK_Aftermath_Lib.x64.dll
LogICUInternationalization: ICU TimeZone Detection - Raw Offset: -5:00, Platform Override: ''
LogPluginManager: Mounting plugin Paper2D
LogPluginManager: Mounting plugin AISupport
LogPluginManager: Mounting plugin LightPropagationVolume
LogPluginManager: Mounting plugin CameraShakePreviewer
LogPluginManager: Mounting plugin ActorLayerUtilities
LogPluginManager: Mounting plugin AnimationSharing
LogPluginManager: Mounting plugin CLionSourceCodeAccess
LogPluginManager: Mounting plugin CodeLiteSourceCodeAccess
LogPluginManager: Mounting plugin GitSourceControl
LogPluginManager: Mounting plugin KDevelopSourceCodeAccess
LogPluginManager: Mounting plugin NullSourceCodeAccess
LogPluginManager: Mounting plugin PerforceSourceControl
LogPluginManager: Mounting plugin PlasticSourceControl
LogPluginManager: Mounting plugin RiderSourceCodeAccess
LogPluginManager: Mounting plugin SubversionSourceControl
LogPluginManager: Mounting plugin UObjectPlugin
LogPluginManager: Mounting plugin VisualStudioCodeSourceCodeAccess
LogPluginManager: Mounting plugin VisualStudioSourceCodeAccess
LogPluginManager: Mounting plugin XCodeSourceCodeAccess
LogPluginManager: Mounting plugin AssetManagerEditor
LogPluginManager: Mounting plugin CryptoKeys
LogPluginManager: Mounting plugin CurveEditorTools
LogPluginManager: Mounting plugin DataValidation
LogPluginManager: Mounting plugin EditorScriptingUtilities
LogPluginManager: Mounting plugin FacialAnimation
LogPluginManager: Mounting plugin GameplayTagsEditor
LogPluginManager: Mounting plugin GeometryMode
LogPluginManager: Mounting plugin MacGraphicsSwitching
LogPluginManager: Mounting plugin MaterialAnalyzer
LogPluginManager: Mounting plugin MobileLauncherProfileWizard
LogPluginManager: Mounting plugin PluginBrowser
LogPluginManager: Mounting plugin SpeedTreeImporter
LogPluginManager: Mounting plugin DatasmithContent
LogPluginManager: Mounting plugin VariantManagerContent
LogPluginManager: Mounting plugin AlembicImporter
LogPluginManager: Mounting plugin AutomationUtils
LogPluginManager: Mounting plugin BackChannel
LogPluginManager: Mounting plugin ChaosCloth
LogPluginManager: Mounting plugin ChaosClothEditor
LogPluginManager: Mounting plugin ChaosEditor
LogPluginManager: Mounting plugin ChaosNiagara
LogPluginManager: Mounting plugin ChaosSolverPlugin
LogPluginManager: Mounting plugin CharacterAI
LogPluginManager: Mounting plugin GeometryCache
LogPluginManager: Mounting plugin GeometryCollectionPlugin
LogPluginManager: Mounting plugin GeometryProcessing
LogPluginManager: Mounting plugin PlanarCut
LogPluginManager: Mounting plugin PlatformCrypto
LogPluginManager: Mounting plugin ProxyLODPlugin
LogPluginManager: Mounting plugin SkeletalReduction
LogPluginManager: Mounting plugin Niagara
LogPluginManager: Mounting plugin MagicLeap
LogPluginManager: Mounting plugin MagicLeapLightEstimation
LogPluginManager: Mounting plugin MagicLeapMedia
LogPluginManager: Mounting plugin MagicLeapPassableWorld
LogPluginManager: Mounting plugin MLSDK
LogPluginManager: Mounting plugin AndroidMedia
LogPluginManager: Mounting plugin AvfMedia
LogPluginManager: Mounting plugin ImgMedia
LogPluginManager: Mounting plugin MediaCompositing
LogPluginManager: Mounting plugin MediaPlayerEditor
LogPluginManager: Mounting plugin WebMMedia
LogPluginManager: Mounting plugin WmfMedia
LogPluginManager: Mounting plugin MeshPainting
LogPluginManager: Mounting plugin TcpMessaging
LogPluginManager: Mounting plugin UdpMessaging
LogPluginManager: Mounting plugin ActorSequence
LogPluginManager: Mounting plugin LevelSequenceEditor
LogPluginManager: Mounting plugin MatineeToLevelSequence
LogPluginManager: Mounting plugin MovieRenderPipeline
LogPluginManager: Mounting plugin TemplateSequence
LogPluginManager: Mounting plugin NetcodeUnitTest
LogPluginManager: Mounting plugin NUTUnrealEngine4
LogPluginManager: Mounting plugin OnlineSubsystemGooglePlay
LogPluginManager: Mounting plugin OnlineSubsystemIOS
LogPluginManager: Mounting plugin OnlineSubsystem
LogPluginManager: Mounting plugin OnlineSubsystemNull
LogPluginManager: Mounting plugin OnlineSubsystemUtils
LogPluginManager: Mounting plugin LauncherChunkInstaller
LogPluginManager: Mounting plugin AndroidDeviceProfileSelector
LogPluginManager: Mounting plugin AndroidMoviePlayer
LogPluginManager: Mounting plugin AndroidPermission
LogPluginManager: Mounting plugin AppleImageUtils
LogPluginManager: Mounting plugin AppleMoviePlayer
LogPluginManager: Mounting plugin ArchVisCharacter
LogPluginManager: Mounting plugin AssetTags
LogPluginManager: Mounting plugin AudioCapture
LogPluginManager: Mounting plugin CableComponent
LogPluginManager: Mounting plugin CustomMeshComponent
LogPluginManager: Mounting plugin EditableMesh
LogPluginManager: Mounting plugin ExampleDeviceProfileSelector
LogPluginManager: Mounting plugin GoogleCloudMessaging
LogPluginManager: Mounting plugin GooglePAD
LogPluginManager: Mounting plugin IOSDeviceProfileSelector
LogPluginManager: Mounting plugin LinuxDeviceProfileSelector
LogPluginManager: Mounting plugin LocationServicesBPLibrary
LogPluginManager: Mounting plugin MobilePatchingUtils
LogPluginManager: Mounting plugin OculusVR
LogPluginManager: Mounting plugin PhysXVehicles
LogPluginManager: Mounting plugin PostSplashScreen
LogPluginManager: Mounting plugin ProceduralMeshComponent
LogPluginManager: Mounting plugin RuntimePhysXCooking
LogPluginManager: Mounting plugin SignificanceManager
LogPluginManager: Mounting plugin SoundFields
LogPluginManager: Mounting plugin SteamVR
LogPluginManager: Mounting plugin Synthesis
LogPluginManager: Mounting plugin WebMMoviePlayer
LogPluginManager: Mounting plugin WindowsMoviePlayer
LogPluginManager: Mounting plugin ScreenshotTools
LogPluginManager: Mounting plugin RiderLink
LogInit: Using libcurl 7.55.1-DEV
LogInit:  - built for x86_64-pc-win32
LogInit:  - supports SSL with OpenSSL/1.1.1
LogInit:  - supports HTTP deflate (compression) using libz 1.2.8
LogInit:  - other features:
LogInit:      CURL_VERSION_SSL
LogInit:      CURL_VERSION_LIBZ
LogInit:      CURL_VERSION_IPV6
LogInit:      CURL_VERSION_ASYNCHDNS
LogInit:      CURL_VERSION_LARGEFILE
LogInit:      CURL_VERSION_IDN
LogInit:  CurlRequestOptions (configurable via config and command line):
LogInit:  - bVerifyPeer = true  - Libcurl will verify peer certificate
LogInit:  - bUseHttpProxy = false  - Libcurl will NOT use HTTP proxy
LogInit:  - bDontReuseConnections = false  - Libcurl will reuse connections
LogInit:  - MaxHostConnections = 16  - Libcurl will limit the number of connections to a host
LogInit:  - LocalHostAddr = Default
LogInit:  - BufferSize = 65536
LogOnline: OSS: Creating online subsystem instance for: NULL
LogInit: WinSock: version 1.1 (2.2), MaxSocks=32767, MaxUdp=65467
LogOnline: OSS: TryLoadSubsystemAndSetDefault: Loaded subsystem for module [NULL]
LogInit: Build: ++UE4+Release-4.25-CL-13594126
LogInit: Engine Version: 4.25.1-13594126+++UE4+Release-4.25
LogInit: Compatible Engine Version: 4.25.0-13144385+++UE4+Release-4.25
LogInit: Net CL: 13144385
LogInit: OS: Windows 10 (Release 1903) (), CPU: AMD Ryzen 3 2200G with Radeon Vega Graphics    , GPU: NVIDIA GeForce GTX 1660 Ti
LogInit: Compiled (64-bit): Jun  2 2020 02:10:36
LogInit: Compiled with Visual C++: 19.24.28315.00
LogInit: Build Configuration: Development
LogInit: Branch Name: ++UE4+Release-4.25
LogInit: Command Line:  -skipcompile
LogInit: Base Directory: F:/UE_4.25/Engine/Binaries/Win64/
LogInit: Allocator: TBB
LogInit: Installed Engine Build: 1
LogDevObjectVersion: Number of dev versions registered: 26
LogDevObjectVersion:   Dev-Blueprints (B0D832E4-1F89-4F0D-ACCF-7EB736FD4AA2): 10
LogDevObjectVersion:   Dev-Build (E1C64328-A22C-4D53-A36C-8E866417BD8C): 0
LogDevObjectVersion:   Dev-Core (375EC13C-06E4-48FB-B500-84F0262A717E): 4
LogDevObjectVersion:   Dev-Editor (E4B068ED-F494-42E9-A231-DA0B2E46BB41): 38
LogDevObjectVersion:   Dev-Framework (CFFC743F-43B0-4480-9391-14DF171D2073): 37
LogDevObjectVersion:   Dev-Mobile (B02B49B5-BB20-44E9-A304-32B752E40360): 2
LogDevObjectVersion:   Dev-Networking (A4E4105C-59A1-49B5-A7C5-40C4547EDFEE): 0
LogDevObjectVersion:   Dev-Online (39C831C9-5AE6-47DC-9A44-9C173E1C8E7C): 0
LogDevObjectVersion:   Dev-Physics (78F01B33-EBEA-4F98-B9B4-84EACCB95AA2): 4
LogDevObjectVersion:   Dev-Platform (6631380F-2D4D-43E0-8009-CF276956A95A): 0
LogDevObjectVersion:   Dev-Rendering (12F88B9F-8875-4AFC-A67C-D90C383ABD29): 43
LogDevObjectVersion:   Dev-Sequencer (7B5AE74C-D270-4C10-A958-57980B212A5A): 12
LogDevObjectVersion:   Dev-VR (D7296918-1DD6-4BDD-9DE2-64A83CC13884): 3
LogDevObjectVersion:   Dev-LoadTimes (C2A15278-BFE7-4AFE-6C17-90FF531DF755): 1
LogDevObjectVersion:   Private-Geometry (6EACA3D4-40EC-4CC1-B786-8BED09428FC5): 3
LogDevObjectVersion:   Dev-AnimPhys (29E575DD-E0A3-4627-9D10-D276232CDCEA): 17
LogDevObjectVersion:   Dev-Anim (AF43A65D-7FD3-4947-9873-3E8ED9C1BB05): 7
LogDevObjectVersion:   Dev-ReflectionCapture (6B266CEC-1EC7-4B8F-A30B-E4D90942FC07): 1
LogDevObjectVersion:   Dev-Automation (0DF73D61-A23F-47EA-B727-89E90C41499A): 1
LogDevObjectVersion:   FortniteMain (601D1886-AC64-4F84-AA16-D3DE0DEAC7D6): 31
LogDevObjectVersion:   Dev-Enterprise (9DFFBCD6-494F-0158-E221-12823C92A888): 10
LogDevObjectVersion:   Dev-Niagara (F2AED0AC-9AFE-416F-8664-AA7FFA26D6FC): 1
LogDevObjectVersion:   Dev-Destruction (174F1F0B-B4C6-45A5-B13F-2EE8D0FB917D): 10
LogDevObjectVersion:   Dev-Physics-Ext (35F94A83-E258-406C-A318-09F59610247C): 37
LogDevObjectVersion:   Dev-PhysicsMaterial-Chaos (B68FC16E-8B1B-42E2-B453-215C058844FE): 1
LogDevObjectVersion:   Dev-CineCamera (B2E18506-4273-CFC2-A54E-F4BB758BBA07): 1
LogInit: Presizing for max 25165824 objects, including 0 objects not considered by GC, pre-allocating 0 bytes for permanent pool.
LogConfig: Applying CVar settings from Section [/Script/Engine.StreamingSettings] File [F:/TCTD/TCTD/Saved/Config/Windows/Engine.ini]
LogConfig: Setting CVar [[s.MinBulkDataSizeForAsyncLoading:131072]]
LogConfig: Setting CVar [[s.AsyncLoadingThreadEnabled:0]]
LogConfig: Setting CVar [[s.EventDrivenLoaderEnabled:1]]
LogConfig: Setting CVar [[s.WarnIfTimeLimitExceeded:0]]
LogConfig: Setting CVar [[s.TimeLimitExceededMultiplier:1.5]]
LogConfig: Setting CVar [[s.TimeLimitExceededMinTime:0.005]]
LogConfig: Setting CVar [[s.UseBackgroundLevelStreaming:1]]
LogConfig: Setting CVar [[s.PriorityAsyncLoadingExtraTime:15.0]]
LogConfig: Setting CVar [[s.LevelStreamingActorsUpdateTimeLimit:5.0]]
LogConfig: Setting CVar [[s.PriorityLevelStreamingActorsUpdateExtraTime:5.0]]
LogConfig: Setting CVar [[s.LevelStreamingComponentsRegistrationGranularity:10]]
LogConfig: Setting CVar [[s.UnregisterComponentsTimeLimit:1.0]]
LogConfig: Setting CVar [[s.LevelStreamingComponentsUnregistrationGranularity:5]]
LogConfig: Setting CVar [[s.FlushStreamingOnExit:1]]
LogInit: Object subsystem initialized
LogConfig: Setting CVar [[con.DebugEarlyDefault:1]]
LogConfig: Setting CVar [[r.setres:1280x720]]
[2020.07.12-00.25.25:943][  0]LogConfig: Setting CVar [[r.VSync:0]]
[2020.07.12-00.25.25:943][  0]LogConfig: Setting CVar [[r.RHICmdBypass:0]]
[2020.07.12-00.25.25:943][  0]LogConfig: Applying CVar settings from Section [/Script/Engine.RendererSettings] File [F:/TCTD/TCTD/Saved/Config/Windows/Engine.ini]
[2020.07.12-00.25.25:943][  0]LogConfig: Setting CVar [[r.GPUCrashDebugging:0]]
[2020.07.12-00.25.25:943][  0]LogConfig: Applying CVar settings from Section [/Script/Engine.RendererOverrideSettings] File [F:/TCTD/TCTD/Saved/Config/Windows/Engine.ini]
[2020.07.12-00.25.25:943][  0]LogConfig: Applying CVar settings from Section [/Script/Engine.StreamingSettings] File [F:/TCTD/TCTD/Saved/Config/Windows/Engine.ini]
[2020.07.12-00.25.25:943][  0]LogConfig: Setting CVar [[s.MinBulkDataSizeForAsyncLoading:131072]]
[2020.07.12-00.25.25:943][  0]LogConfig: Setting CVar [[s.AsyncLoadingThreadEnabled:0]]
[2020.07.12-00.25.25:943][  0]LogConfig: Setting CVar [[s.EventDrivenLoaderEnabled:1]]
[2020.07.12-00.25.25:943][  0]LogConfig: Setting CVar [[s.WarnIfTimeLimitExceeded:0]]
[2020.07.12-00.25.25:943][  0]LogConfig: Setting CVar [[s.TimeLimitExceededMultiplier:1.5]]
[2020.07.12-00.25.25:943][  0]LogConfig: Setting CVar [[s.TimeLimitExceededMinTime:0.005]]
[2020.07.12-00.25.25:943][  0]LogConfig: Setting CVar [[s.UseBackgroundLevelStreaming:1]]
[2020.07.12-00.25.25:944][  0]LogConfig: Setting CVar [[s.PriorityAsyncLoadingExtraTime:15.0]]
[2020.07.12-00.25.25:944][  0]LogConfig: Setting CVar [[s.LevelStreamingActorsUpdateTimeLimit:5.0]]
[2020.07.12-00.25.25:944][  0]LogConfig: Setting CVar [[s.PriorityLevelStreamingActorsUpdateExtraTime:5.0]]
[2020.07.12-00.25.25:944][  0]LogConfig: Setting CVar [[s.LevelStreamingComponentsRegistrationGranularity:10]]
[2020.07.12-00.25.25:944][  0]LogConfig: Setting CVar [[s.UnregisterComponentsTimeLimit:1.0]]
[2020.07.12-00.25.25:944][  0]LogConfig: Setting CVar [[s.LevelStreamingComponentsUnregistrationGranularity:5]]
[2020.07.12-00.25.25:944][  0]LogConfig: Setting CVar [[s.FlushStreamingOnExit:1]]
[2020.07.12-00.25.25:944][  0]LogConfig: Applying CVar settings from Section [/Script/Engine.GarbageCollectionSettings] File [F:/TCTD/TCTD/Saved/Config/Windows/Engine.ini]
[2020.07.12-00.25.25:944][  0]LogConfig: Setting CVar [[gc.MaxObjectsNotConsideredByGC:1]]
[2020.07.12-00.25.25:944][  0]LogConfig: Setting CVar [[gc.SizeOfPermanentObjectPool:0]]
[2020.07.12-00.25.25:944][  0]LogConfig: Setting CVar [[gc.FlushStreamingOnGC:0]]
[2020.07.12-00.25.25:945][  0]LogConfig: Setting CVar [[gc.NumRetriesBeforeForcingGC:10]]
[2020.07.12-00.25.25:945][  0]LogConfig: Setting CVar [[gc.AllowParallelGC:1]]
[2020.07.12-00.25.25:945][  0]LogConfig: Setting CVar [[gc.TimeBetweenPurgingPendingKillObjects:61.1]]
[2020.07.12-00.25.25:945][  0]LogConfig: Setting CVar [[gc.MaxObjectsInEditor:25165824]]
[2020.07.12-00.25.25:945][  0]LogConfig: Setting CVar [[gc.IncrementalBeginDestroyEnabled:1]]
[2020.07.12-00.25.25:945][  0]LogConfig: Setting CVar [[gc.CreateGCClusters:1]]
[2020.07.12-00.25.25:945][  0]LogConfig: Setting CVar [[gc.MinGCClusterSize:5]]
[2020.07.12-00.25.25:945][  0]LogConfig: Setting CVar [[gc.ActorClusteringEnabled:0]]
[2020.07.12-00.25.25:945][  0]LogConfig: Setting CVar [[gc.BlueprintClusteringEnabled:0]]
[2020.07.12-00.25.25:945][  0]LogConfig: Setting CVar [[gc.UseDisregardForGCOnDedicatedServers:0]]
[2020.07.12-00.25.25:946][  0]LogConfig: Applying CVar settings from Section [/Script/Engine.NetworkSettings] File [F:/TCTD/TCTD/Saved/Config/Windows/Engine.ini]
[2020.07.12-00.25.25:946][  0]LogConfig: Applying CVar settings from Section [/Script/UnrealEd.CookerSettings] File [F:/TCTD/TCTD/Saved/Config/Windows/Engine.ini]
[2020.07.12-00.25.25:965][  0]LogConfig: Applying CVar settings from Section [ViewDistanceQuality@3] File [F:/TCTD/TCTD/Saved/Config/Windows/Scalability.ini]
[2020.07.12-00.25.25:965][  0]LogConfig: Setting CVar [[r.SkeletalMeshLODBias:0]]
[2020.07.12-00.25.25:965][  0]LogConfig: Setting CVar [[r.ViewDistanceScale:1.0]]
[2020.07.12-00.25.25:965][  0]LogConfig: Applying CVar settings from Section [AntiAliasingQuality@3] File [F:/TCTD/TCTD/Saved/Config/Windows/Scalability.ini]
[2020.07.12-00.25.25:965][  0]LogConfig: Setting CVar [[r.PostProcessAAQuality:4]]
[2020.07.12-00.25.25:965][  0]LogConfig: Applying CVar settings from Section [ShadowQuality@3] File [F:/TCTD/TCTD/Saved/Config/Windows/Scalability.ini]
[2020.07.12-00.25.25:965][  0]LogConfig: Setting CVar [[r.LightFunctionQuality:1]]
[2020.07.12-00.25.25:965][  0]LogConfig: Setting CVar [[r.ShadowQuality:5]]
[2020.07.12-00.25.25:965][  0]LogConfig: Setting CVar [[r.Shadow.CSM.MaxCascades:10]]
[2020.07.12-00.25.25:965][  0]LogConfig: Setting CVar [[r.Shadow.MaxResolution:2048]]
[2020.07.12-00.25.25:965][  0]LogConfig: Setting CVar [[r.Shadow.MaxCSMResolution:2048]]
[2020.07.12-00.25.25:965][  0]LogConfig: Setting CVar [[r.Shadow.RadiusThreshold:0.01]]
[2020.07.12-00.25.25:965][  0]LogConfig: Setting CVar [[r.Shadow.DistanceScale:1.0]]
[2020.07.12-00.25.25:965][  0]LogConfig: Setting CVar [[r.Shadow.CSM.TransitionScale:1.0]]
[2020.07.12-00.25.25:965][  0]LogConfig: Setting CVar [[r.Shadow.PreShadowResolutionFactor:1.0]]
[2020.07.12-00.25.25:966][  0]LogConfig: Setting CVar [[r.DistanceFieldShadowing:1]]
[2020.07.12-00.25.25:966][  0]LogConfig: Setting CVar [[r.DistanceFieldAO:1]]
[2020.07.12-00.25.25:966][  0]LogConfig: Setting CVar [[r.AOQuality:2]]
[2020.07.12-00.25.25:966][  0]LogConfig: Setting CVar [[r.VolumetricFog:1]]
[2020.07.12-00.25.25:966][  0]LogConfig: Setting CVar [[r.VolumetricFog.GridPixelSize:8]]
[2020.07.12-00.25.25:966][  0]LogConfig: Setting CVar [[r.VolumetricFog.GridSizeZ:128]]
[2020.07.12-00.25.25:966][  0]LogConfig: Setting CVar [[r.VolumetricFog.HistoryMissSupersampleCount:4]]
[2020.07.12-00.25.25:966][  0]LogConfig: Setting CVar [[r.LightMaxDrawDistanceScale:1]]
[2020.07.12-00.25.25:966][  0]LogConfig: Setting CVar [[r.CapsuleShadows:1]]
[2020.07.12-00.25.25:966][  0]LogConfig: Applying CVar settings from Section [PostProcessQuality@3] File [F:/TCTD/TCTD/Saved/Config/Windows/Scalability.ini]
[2020.07.12-00.25.25:966][  0]LogConfig: Setting CVar [[r.MotionBlurQuality:4]]
[2020.07.12-00.25.25:966][  0]LogConfig: Setting CVar [[r.AmbientOcclusionMipLevelFactor:0.4]]
[2020.07.12-00.25.25:966][  0]LogConfig: Setting CVar [[r.AmbientOcclusionMaxQuality:100]]
[2020.07.12-00.25.25:966][  0]LogConfig: Setting CVar [[r.AmbientOcclusionLevels:-1]]
[2020.07.12-00.25.25:966][  0]LogConfig: Setting CVar [[r.AmbientOcclusionRadiusScale:1.0]]
[2020.07.12-00.25.25:967][  0]LogConfig: Setting CVar [[r.DepthOfFieldQuality:2]]
[2020.07.12-00.25.25:967][  0]LogConfig: Setting CVar [[r.RenderTargetPoolMin:400]]
[2020.07.12-00.25.25:967][  0]LogConfig: Setting CVar [[r.LensFlareQuality:2]]
[2020.07.12-00.25.25:967][  0]LogConfig: Setting CVar [[r.SceneColorFringeQuality:1]]
[2020.07.12-00.25.25:967][  0]LogConfig: Setting CVar [[r.EyeAdaptationQuality:2]]
[2020.07.12-00.25.25:967][  0]LogConfig: Setting CVar [[r.BloomQuality:5]]
[2020.07.12-00.25.25:967][  0]LogConfig: Setting CVar [[r.FastBlurThreshold:100]]
[2020.07.12-00.25.25:967][  0]LogConfig: Setting CVar [[r.Upscale.Quality:3]]
[2020.07.12-00.25.25:967][  0]LogConfig: Setting CVar [[r.Tonemapper.GrainQuantization:1]]
[2020.07.12-00.25.25:967][  0]LogConfig: Setting CVar [[r.LightShaftQuality:1]]
[2020.07.12-00.25.25:967][  0]LogConfig: Setting CVar [[r.Filter.SizeScale:1]]
[2020.07.12-00.25.25:967][  0]LogConfig: Setting CVar [[r.Tonemapper.Quality:5]]
[2020.07.12-00.25.25:967][  0]LogConfig: Setting CVar [[r.DOF.Gather.AccumulatorQuality:1        ; higher gathering accumulator quality]]
[2020.07.12-00.25.25:967][  0]LogConfig: Setting CVar [[r.DOF.Gather.PostfilterMethod:1          ; Median3x3 postfilering method]]
[2020.07.12-00.25.25:967][  0]LogConfig: Setting CVar [[r.DOF.Gather.EnableBokehSettings:0       ; no bokeh simulation when gathering]]
[2020.07.12-00.25.25:967][  0]LogConfig: Setting CVar [[r.DOF.Gather.RingCount:4                 ; medium number of samples when gathering]]
[2020.07.12-00.25.25:967][  0]LogConfig: Setting CVar [[r.DOF.Scatter.ForegroundCompositing:1    ; additive foreground scattering]]
[2020.07.12-00.25.25:968][  0]LogConfig: Setting CVar [[r.DOF.Scatter.BackgroundCompositing:2    ; additive background scattering]]
[2020.07.12-00.25.25:968][  0]LogConfig: Setting CVar [[r.DOF.Scatter.EnableBokehSettings:1      ; bokeh simulation when scattering]]
[2020.07.12-00.25.25:968][  0]LogConfig: Setting CVar [[r.DOF.Scatter.MaxSpriteRatio:0.1         ; only a maximum of 10% of scattered bokeh]]
[2020.07.12-00.25.25:968][  0]LogConfig: Setting CVar [[r.DOF.Recombine.Quality:1                ; cheap slight out of focus]]
[2020.07.12-00.25.25:968][  0]LogConfig: Setting CVar [[r.DOF.Recombine.EnableBokehSettings:0    ; no bokeh simulation on slight out of focus]]
[2020.07.12-00.25.25:968][  0]LogConfig: Setting CVar [[r.DOF.TemporalAAQuality:1                ; more stable temporal accumulation]]
[2020.07.12-00.25.25:968][  0]LogConfig: Setting CVar [[r.DOF.Kernel.MaxForegroundRadius:0.025]]
[2020.07.12-00.25.25:968][  0]LogConfig: Setting CVar [[r.DOF.Kernel.MaxBackgroundRadius:0.025]]
[2020.07.12-00.25.25:968][  0]LogConfig: Applying CVar settings from Section [TextureQuality@3] File [F:/TCTD/TCTD/Saved/Config/Windows/Scalability.ini]
[2020.07.12-00.25.25:968][  0]LogConfig: Setting CVar [[r.Streaming.MipBias:0]]
[2020.07.12-00.25.25:968][  0]LogConfig: Setting CVar [[r.Streaming.AmortizeCPUToGPUCopy:0]]
[2020.07.12-00.25.25:968][  0]LogConfig: Setting CVar [[r.Streaming.MaxNumTexturesToStreamPerFrame:0]]
[2020.07.12-00.25.25:968][  0]LogConfig: Setting CVar [[r.Streaming.Boost:1]]
[2020.07.12-00.25.25:968][  0]LogConfig: Setting CVar [[r.MaxAnisotropy:8]]
[2020.07.12-00.25.25:968][  0]LogConfig: Setting CVar [[r.VT.MaxAnisotropy:8]]
[2020.07.12-00.25.25:969][  0]LogConfig: Setting CVar [[r.Streaming.LimitPoolSizeToVRAM:0]]
[2020.07.12-00.25.25:969][  0]LogConfig: Setting CVar [[r.Streaming.PoolSize:1000]]
[2020.07.12-00.25.25:969][  0]LogConfig: Setting CVar [[r.Streaming.MaxEffectiveScreenSize:0]]
[2020.07.12-00.25.25:969][  0]LogConfig: Applying CVar settings from Section [EffectsQuality@3] File [F:/TCTD/TCTD/Saved/Config/Windows/Scalability.ini]
[2020.07.12-00.25.25:969][  0]LogConfig: Setting CVar [[r.TranslucencyLightingVolumeDim:64]]
[2020.07.12-00.25.25:969][  0]LogConfig: Setting CVar [[r.RefractionQuality:2]]
[2020.07.12-00.25.25:969][  0]LogConfig: Setting CVar [[r.SSR.Quality:3]]
[2020.07.12-00.25.25:969][  0]LogConfig: Setting CVar [[r.SSR.HalfResSceneColor:0]]
[2020.07.12-00.25.25:969][  0]LogConfig: Setting CVar [[r.SceneColorFormat:4]]
[2020.07.12-00.25.25:969][  0]LogConfig: Setting CVar [[r.DetailMode:2]]
[2020.07.12-00.25.25:969][  0]LogConfig: Setting CVar [[r.TranslucencyVolumeBlur:1]]
[2020.07.12-00.25.25:969][  0]LogConfig: Setting CVar [[r.MaterialQualityLevel:1 ; High quality]]
[2020.07.12-00.25.25:969][  0]LogConfig: Setting CVar [[r.SSS.Scale:1]]
[2020.07.12-00.25.25:969][  0]LogConfig: Setting CVar [[r.SSS.SampleSet:2]]
[2020.07.12-00.25.25:969][  0]LogConfig: Setting CVar [[r.SSS.Quality:1]]
[2020.07.12-00.25.25:970][  0]LogConfig: Setting CVar [[r.SSS.HalfRes:0]]
[2020.07.12-00.25.25:970][  0]LogConfig: Setting CVar [[r.SSGI.Quality:3]]
[2020.07.12-00.25.25:970][  0]LogConfig: Setting CVar [[r.EmitterSpawnRateScale:1.0]]
[2020.07.12-00.25.25:970][  0]LogConfig: Setting CVar [[r.ParticleLightQuality:2]]
[2020.07.12-00.25.25:970][  0]LogConfig: Setting CVar [[r.SkyAtmosphere.AerialPerspectiveLUT.FastApplyOnOpaque:1 ; Always have FastSkyLUT 1 in this case to avoid wrong sky]]
[2020.07.12-00.25.25:970][  0]LogConfig: Setting CVar [[r.SkyAtmosphere.AerialPerspectiveLUT.SampleCountPerSlice:1]]
[2020.07.12-00.25.25:970][  0]LogConfig: Setting CVar [[r.SkyAtmosphere.AerialPerspectiveLUT.DepthResolution:16.0]]
[2020.07.12-00.25.25:970][  0]LogConfig: Setting CVar [[r.SkyAtmosphere.FastSkyLUT:1]]
[2020.07.12-00.25.25:970][  0]LogConfig: Setting CVar [[r.SkyAtmosphere.FastSkyLUT.SampleCountMin:4.0]]
[2020.07.12-00.25.25:970][  0]LogConfig: Setting CVar [[r.SkyAtmosphere.FastSkyLUT.SampleCountMax:32.0]]
[2020.07.12-00.25.25:970][  0]LogConfig: Setting CVar [[r.SkyAtmosphere.SampleCountMin:4.0]]
[2020.07.12-00.25.25:970][  0]LogConfig: Setting CVar [[r.SkyAtmosphere.SampleCountMax:32.0]]
[2020.07.12-00.25.25:970][  0]LogConfig: Setting CVar [[r.SkyAtmosphere.TransmittanceLUT.UseSmallFormat:0]]
[2020.07.12-00.25.25:970][  0]LogConfig: Setting CVar [[r.SkyAtmosphere.TransmittanceLUT.SampleCount:10.0]]
[2020.07.12-00.25.25:970][  0]LogConfig: Setting CVar [[r.SkyAtmosphere.MultiScatteringLUT.SampleCount:15.0]]
[2020.07.12-00.25.25:970][  0]LogConfig: Applying CVar settings from Section [FoliageQuality@3] File [F:/TCTD/TCTD/Saved/Config/Windows/Scalability.ini]
[2020.07.12-00.25.25:971][  0]LogConfig: Setting CVar [[foliage.DensityScale:1.0]]
[2020.07.12-00.25.25:971][  0]LogConfig: Setting CVar [[grass.DensityScale:1.0]]
[2020.07.12-00.25.25:971][  0]LogConfig: Applying CVar settings from Section [ShadingQuality@3] File [F:/TCTD/TCTD/Saved/Config/Windows/Scalability.ini]
[2020.07.12-00.25.25:971][  0]LogConfig: Setting CVar [[r.HairStrands.SkyLighting.SampleCount:16]]
[2020.07.12-00.25.25:971][  0]LogConfig: Setting CVar [[r.HairStrands.SkyLighting.JitterIntegration:0]]
[2020.07.12-00.25.25:971][  0]LogConfig: Setting CVar [[r.HairStrands.SkyAO.SampleCount:16]]
[2020.07.12-00.25.25:972][  0]LogConfig: Setting CVar [[r.HairStrands.DeepShadow.SuperSampling:0]]
[2020.07.12-00.25.25:972][  0]LogConfig: Setting CVar [[r.HairStrands.VisibilityPPLL:0]]
[2020.07.12-00.25.25:972][  0]LogConfig: Setting CVar [[r.HairStrands.RasterizationScale:0.5]]
[2020.07.12-00.25.25:972][  0]LogConfig: Setting CVar [[r.HairStrands.VelocityRasterizationScale:1]]
[2020.07.12-00.25.25:972][  0]LogInit: Selected Device Profile: [Windows]
[2020.07.12-00.25.25:972][  0]LogInit: Applying CVar settings loaded from the selected device profile: [Windows]
[2020.07.12-00.25.25:973][  0]LogHAL: Display: Platform has ~ 31 GB [33225981952 / 34359738368 / 31], which maps to Larger [LargestMinGB=32, LargerMinGB=12, DefaultMinGB=8, SmallerMinGB=6, SmallestMinGB=0)
[2020.07.12-00.25.25:973][  0]LogInit: Going up to parent DeviceProfile []
[2020.07.12-00.25.25:973][  0]LogConfig: Applying CVar settings from Section [ViewDistanceQuality@3] File [F:/TCTD/TCTD/Saved/Config/Windows/Scalability.ini]
[2020.07.12-00.25.25:973][  0]LogConfig: Setting CVar [[r.SkeletalMeshLODBias:0]]
[2020.07.12-00.25.25:973][  0]LogConfig: Setting CVar [[r.ViewDistanceScale:1.0]]
[2020.07.12-00.25.25:973][  0]LogConfig: Applying CVar settings from Section [AntiAliasingQuality@3] File [F:/TCTD/TCTD/Saved/Config/Windows/Scalability.ini]
[2020.07.12-00.25.25:973][  0]LogConfig: Setting CVar [[r.PostProcessAAQuality:4]]
[2020.07.12-00.25.25:973][  0]LogConfig: Applying CVar settings from Section [ShadowQuality@3] File [F:/TCTD/TCTD/Saved/Config/Windows/Scalability.ini]
[2020.07.12-00.25.25:974][  0]LogConfig: Setting CVar [[r.LightFunctionQuality:1]]
[2020.07.12-00.25.25:974][  0]LogConfig: Setting CVar [[r.ShadowQuality:5]]
[2020.07.12-00.25.25:974][  0]LogConfig: Setting CVar [[r.Shadow.CSM.MaxCascades:10]]
[2020.07.12-00.25.25:974][  0]LogConfig: Setting CVar [[r.Shadow.MaxResolution:2048]]
[2020.07.12-00.25.25:974][  0]LogConfig: Setting CVar [[r.Shadow.MaxCSMResolution:2048]]
[2020.07.12-00.25.25:974][  0]LogConfig: Setting CVar [[r.Shadow.RadiusThreshold:0.01]]
[2020.07.12-00.25.25:974][  0]LogConfig: Setting CVar [[r.Shadow.DistanceScale:1.0]]
[2020.07.12-00.25.25:974][  0]LogConfig: Setting CVar [[r.Shadow.CSM.TransitionScale:1.0]]
[2020.07.12-00.25.25:974][  0]LogConfig: Setting CVar [[r.Shadow.PreShadowResolutionFactor:1.0]]
[2020.07.12-00.25.25:974][  0]LogConfig: Setting CVar [[r.DistanceFieldShadowing:1]]
[2020.07.12-00.25.25:974][  0]LogConfig: Setting CVar [[r.DistanceFieldAO:1]]
[2020.07.12-00.25.25:975][  0]LogConfig: Setting CVar [[r.AOQuality:2]]
[2020.07.12-00.25.25:975][  0]LogConfig: Setting CVar [[r.VolumetricFog:1]]
[2020.07.12-00.25.25:975][  0]LogConfig: Setting CVar [[r.VolumetricFog.GridPixelSize:8]]
[2020.07.12-00.25.25:975][  0]LogConfig: Setting CVar [[r.VolumetricFog.GridSizeZ:128]]
[2020.07.12-00.25.25:975][  0]LogConfig: Setting CVar [[r.VolumetricFog.HistoryMissSupersampleCount:4]]
[2020.07.12-00.25.25:975][  0]LogConfig: Setting CVar [[r.LightMaxDrawDistanceScale:1]]
[2020.07.12-00.25.25:975][  0]LogConfig: Setting CVar [[r.CapsuleShadows:1]]
[2020.07.12-00.25.25:975][  0]LogConfig: Applying CVar settings from Section [PostProcessQuality@3] File [F:/TCTD/TCTD/Saved/Config/Windows/Scalability.ini]
[2020.07.12-00.25.25:975][  0]LogConfig: Setting CVar [[r.MotionBlurQuality:4]]
[2020.07.12-00.25.25:975][  0]LogConfig: Setting CVar [[r.AmbientOcclusionMipLevelFactor:0.4]]
[2020.07.12-00.25.25:975][  0]LogConfig: Setting CVar [[r.AmbientOcclusionMaxQuality:100]]
[2020.07.12-00.25.25:975][  0]LogConfig: Setting CVar [[r.AmbientOcclusionLevels:-1]]
[2020.07.12-00.25.25:975][  0]LogConfig: Setting CVar [[r.AmbientOcclusionRadiusScale:1.0]]
[2020.07.12-00.25.25:976][  0]LogConfig: Setting CVar [[r.DepthOfFieldQuality:2]]
[2020.07.12-00.25.25:976][  0]LogConfig: Setting CVar [[r.RenderTargetPoolMin:400]]
[2020.07.12-00.25.25:976][  0]LogConfig: Setting CVar [[r.LensFlareQuality:2]]
[2020.07.12-00.25.25:976][  0]LogConfig: Setting CVar [[r.SceneColorFringeQuality:1]]
[2020.07.12-00.25.25:977][  0]LogConfig: Setting CVar [[r.EyeAdaptationQuality:2]]
[2020.07.12-00.25.25:977][  0]LogConfig: Setting CVar [[r.BloomQuality:5]]
[2020.07.12-00.25.25:977][  0]LogConfig: Setting CVar [[r.FastBlurThreshold:100]]
[2020.07.12-00.25.25:977][  0]LogConfig: Setting CVar [[r.Upscale.Quality:3]]
[2020.07.12-00.25.25:977][  0]LogConfig: Setting CVar [[r.Tonemapper.GrainQuantization:1]]
[2020.07.12-00.25.25:977][  0]LogConfig: Setting CVar [[r.LightShaftQuality:1]]
[2020.07.12-00.25.25:977][  0]LogConfig: Setting CVar [[r.Filter.SizeScale:1]]
[2020.07.12-00.25.25:977][  0]LogConfig: Setting CVar [[r.Tonemapper.Quality:5]]
[2020.07.12-00.25.25:977][  0]LogConfig: Setting CVar [[r.DOF.Gather.AccumulatorQuality:1        ; higher gathering accumulator quality]]
[2020.07.12-00.25.25:977][  0]LogConfig: Setting CVar [[r.DOF.Gather.PostfilterMethod:1          ; Median3x3 postfilering method]]
[2020.07.12-00.25.25:977][  0]LogConfig: Setting CVar [[r.DOF.Gather.EnableBokehSettings:0       ; no bokeh simulation when gathering]]
[2020.07.12-00.25.25:977][  0]LogConfig: Setting CVar [[r.DOF.Gather.RingCount:4                 ; medium number of samples when gathering]]
[2020.07.12-00.25.25:977][  0]LogConfig: Setting CVar [[r.DOF.Scatter.ForegroundCompositing:1    ; additive foreground scattering]]
[2020.07.12-00.25.25:978][  0]LogConfig: Setting CVar [[r.DOF.Scatter.BackgroundCompositing:2    ; additive background scattering]]
[2020.07.12-00.25.25:978][  0]LogConfig: Setting CVar [[r.DOF.Scatter.EnableBokehSettings:1      ; bokeh simulation when scattering]]
[2020.07.12-00.25.25:978][  0]LogConfig: Setting CVar [[r.DOF.Scatter.MaxSpriteRatio:0.1         ; only a maximum of 10% of scattered bokeh]]
[2020.07.12-00.25.25:978][  0]LogConfig: Setting CVar [[r.DOF.Recombine.Quality:1                ; cheap slight out of focus]]
[2020.07.12-00.25.25:978][  0]LogConfig: Setting CVar [[r.DOF.Recombine.EnableBokehSettings:0    ; no bokeh simulation on slight out of focus]]
[2020.07.12-00.25.25:978][  0]LogConfig: Setting CVar [[r.DOF.TemporalAAQuality:1                ; more stable temporal accumulation]]
[2020.07.12-00.25.25:978][  0]LogConfig: Setting CVar [[r.DOF.Kernel.MaxForegroundRadius:0.025]]
[2020.07.12-00.25.25:978][  0]LogConfig: Setting CVar [[r.DOF.Kernel.MaxBackgroundRadius:0.025]]
[2020.07.12-00.25.25:978][  0]LogConfig: Applying CVar settings from Section [TextureQuality@3] File [F:/TCTD/TCTD/Saved/Config/Windows/Scalability.ini]
[2020.07.12-00.25.25:978][  0]LogConfig: Setting CVar [[r.Streaming.MipBias:0]]
[2020.07.12-00.25.25:978][  0]LogConfig: Setting CVar [[r.Streaming.AmortizeCPUToGPUCopy:0]]
[2020.07.12-00.25.25:978][  0]LogConfig: Setting CVar [[r.Streaming.MaxNumTexturesToStreamPerFrame:0]]
[2020.07.12-00.25.25:978][  0]LogConfig: Setting CVar [[r.Streaming.Boost:1]]
[2020.07.12-00.25.25:978][  0]LogConfig: Setting CVar [[r.MaxAnisotropy:8]]
[2020.07.12-00.25.25:978][  0]LogConfig: Setting CVar [[r.VT.MaxAnisotropy:8]]
[2020.07.12-00.25.25:978][  0]LogConfig: Setting CVar [[r.Streaming.LimitPoolSizeToVRAM:0]]
[2020.07.12-00.25.25:978][  0]LogConfig: Setting CVar [[r.Streaming.PoolSize:1000]]
[2020.07.12-00.25.25:979][  0]LogConfig: Setting CVar [[r.Streaming.MaxEffectiveScreenSize:0]]
[2020.07.12-00.25.25:979][  0]LogConfig: Applying CVar settings from Section [EffectsQuality@3] File [F:/TCTD/TCTD/Saved/Config/Windows/Scalability.ini]
[2020.07.12-00.25.25:979][  0]LogConfig: Setting CVar [[r.TranslucencyLightingVolumeDim:64]]
[2020.07.12-00.25.25:979][  0]LogConfig: Setting CVar [[r.RefractionQuality:2]]
[2020.07.12-00.25.25:979][  0]LogConfig: Setting CVar [[r.SSR.Quality:3]]
[2020.07.12-00.25.25:979][  0]LogConfig: Setting CVar [[r.SSR.HalfResSceneColor:0]]
[2020.07.12-00.25.25:979][  0]LogConfig: Setting CVar [[r.SceneColorFormat:4]]
[2020.07.12-00.25.25:979][  0]LogConfig: Setting CVar [[r.DetailMode:2]]
[2020.07.12-00.25.25:979][  0]LogConfig: Setting CVar [[r.TranslucencyVolumeBlur:1]]
[2020.07.12-00.25.25:979][  0]LogConfig: Setting CVar [[r.MaterialQualityLevel:1 ; High quality]]
[2020.07.12-00.25.25:979][  0]LogConfig: Setting CVar [[r.SSS.Scale:1]]
[2020.07.12-00.25.25:979][  0]LogConfig: Setting CVar [[r.SSS.SampleSet:2]]
[2020.07.12-00.25.25:979][  0]LogConfig: Setting CVar [[r.SSS.Quality:1]]
[2020.07.12-00.25.25:979][  0]LogConfig: Setting CVar [[r.SSS.HalfRes:0]]
[2020.07.12-00.25.25:979][  0]LogConfig: Setting CVar [[r.SSGI.Quality:3]]
[2020.07.12-00.25.25:979][  0]LogConfig: Setting CVar [[r.EmitterSpawnRateScale:1.0]]
[2020.07.12-00.25.25:980][  0]LogConfig: Setting CVar [[r.ParticleLightQuality:2]]
[2020.07.12-00.25.25:980][  0]LogConfig: Setting CVar [[r.SkyAtmosphere.AerialPerspectiveLUT.FastApplyOnOpaque:1 ; Always have FastSkyLUT 1 in this case to avoid wrong sky]]
[2020.07.12-00.25.25:980][  0]LogConfig: Setting CVar [[r.SkyAtmosphere.AerialPerspectiveLUT.SampleCountPerSlice:1]]
[2020.07.12-00.25.25:980][  0]LogConfig: Setting CVar [[r.SkyAtmosphere.AerialPerspectiveLUT.DepthResolution:16.0]]
[2020.07.12-00.25.25:980][  0]LogConfig: Setting CVar [[r.SkyAtmosphere.FastSkyLUT:1]]
[2020.07.12-00.25.25:980][  0]LogConfig: Setting CVar [[r.SkyAtmosphere.FastSkyLUT.SampleCountMin:4.0]]
[2020.07.12-00.25.25:980][  0]LogConfig: Setting CVar [[r.SkyAtmosphere.FastSkyLUT.SampleCountMax:32.0]]
[2020.07.12-00.25.25:980][  0]LogConfig: Setting CVar [[r.SkyAtmosphere.SampleCountMin:4.0]]
[2020.07.12-00.25.25:980][  0]LogConfig: Setting CVar [[r.SkyAtmosphere.SampleCountMax:32.0]]
[2020.07.12-00.25.25:980][  0]LogConfig: Setting CVar [[r.SkyAtmosphere.TransmittanceLUT.UseSmallFormat:0]]
[2020.07.12-00.25.25:980][  0]LogConfig: Setting CVar [[r.SkyAtmosphere.TransmittanceLUT.SampleCount:10.0]]
[2020.07.12-00.25.25:980][  0]LogConfig: Setting CVar [[r.SkyAtmosphere.MultiScatteringLUT.SampleCount:15.0]]
[2020.07.12-00.25.25:980][  0]LogConfig: Applying CVar settings from Section [FoliageQuality@3] File [F:/TCTD/TCTD/Saved/Config/Windows/Scalability.ini]
[2020.07.12-00.25.25:980][  0]LogConfig: Setting CVar [[foliage.DensityScale:1.0]]
[2020.07.12-00.25.25:980][  0]LogConfig: Setting CVar [[grass.DensityScale:1.0]]
[2020.07.12-00.25.25:981][  0]LogConfig: Applying CVar settings from Section [ShadingQuality@3] File [F:/TCTD/TCTD/Saved/Config/Windows/Scalability.ini]
[2020.07.12-00.25.25:981][  0]LogConfig: Setting CVar [[r.HairStrands.SkyLighting.SampleCount:16]]
[2020.07.12-00.25.25:981][  0]LogConfig: Setting CVar [[r.HairStrands.SkyLighting.JitterIntegration:0]]
[2020.07.12-00.25.25:981][  0]LogConfig: Setting CVar [[r.HairStrands.SkyAO.SampleCount:16]]
[2020.07.12-00.25.25:981][  0]LogConfig: Setting CVar [[r.HairStrands.DeepShadow.SuperSampling:0]]
[2020.07.12-00.25.25:981][  0]LogConfig: Setting CVar [[r.HairStrands.VisibilityPPLL:0]]
[2020.07.12-00.25.25:981][  0]LogConfig: Setting CVar [[r.HairStrands.RasterizationScale:0.5]]
[2020.07.12-00.25.25:981][  0]LogConfig: Setting CVar [[r.HairStrands.VelocityRasterizationScale:1]]
[2020.07.12-00.25.25:981][  0]LogConfig: Applying CVar settings from Section [Startup] File [../../../Engine/Config/ConsoleVariables.ini]
[2020.07.12-00.25.25:981][  0]LogConfig: Setting CVar [[net.UseAdaptiveNetUpdateFrequency:0]]
[2020.07.12-00.25.25:982][  0]LogConfig: Setting CVar [[p.chaos.AllowCreatePhysxBodies:1]]
[2020.07.12-00.25.25:982][  0]LogConfig: Setting CVar [[fx.SkipVectorVMBackendOptimizations:1]]
[2020.07.12-00.25.25:982][  0]LogConfig: Applying CVar settings from Section [ConsoleVariables] File [F:/TCTD/TCTD/Saved/Config/Windows/Engine.ini]
[2020.07.12-00.25.25:982][  0]LogInit: Computer: DESKTOP-4CJ4ISN
[2020.07.12-00.25.25:982][  0]LogInit: User: kylej
[2020.07.12-00.25.25:982][  0]LogInit: CPU Page size=4096, Cores=4
[2020.07.12-00.25.25:982][  0]LogInit: High frequency timer resolution =10.000000 MHz
[2020.07.12-00.25.25:982][  0]LogMemory: Memory total: Physical=30.9GB (31GB approx)
[2020.07.12-00.25.25:982][  0]LogMemory: Platform Memory Stats for Windows
[2020.07.12-00.25.25:982][  0]LogMemory: Process Physical Memory: 115.95 MB used, 115.95 MB peak
[2020.07.12-00.25.25:982][  0]LogMemory: Process Virtual Memory: 104.66 MB used, 104.66 MB peak
[2020.07.12-00.25.25:983][  0]LogMemory: Physical Memory: 22498.66 MB used,  9188.11 MB free, 31686.77 MB total
[2020.07.12-00.25.25:983][  0]LogMemory: Virtual Memory: 5135.61 MB used,  134212592.00 MB free, 134217728.00 MB total
[2020.07.12-00.25.26:004][  0]LogWindows: WindowsPlatformFeatures enabled
[2020.07.12-00.25.28:251][  0]LogInit: Physics initialised using underlying interface: PhysX
[2020.07.12-00.25.28:252][  0]LogInit: Using OS detected language (en-US).
[2020.07.12-00.25.28:252][  0]LogInit: Using OS detected locale (en-US).
[2020.07.12-00.25.28:256][  0]LogTextLocalizationManager: No specific localization for 'en-US' exists, so the 'en' localization will be used.
[2020.07.12-00.25.28:925][  0]LogInit: Setting process to per monitor DPI aware
[2020.07.12-00.25.29:141][  0]LogSlate: New Slate User Created.  User Index 0, Is Virtual User: 0
[2020.07.12-00.25.29:141][  0]LogSlate: Slate User Registered.  User Index 0, Is Virtual User: 0
[2020.07.12-00.25.33:709][  0]LogHMD: Failed to initialize OpenVR with code 110
[2020.07.12-00.25.33:709][  0]LogD3D11RHI: D3D11 min allowed feature level: 11_0
[2020.07.12-00.25.33:709][  0]LogD3D11RHI: D3D11 max allowed feature level: 11_0
[2020.07.12-00.25.33:709][  0]LogD3D11RHI: D3D11 adapters:
[2020.07.12-00.25.34:210][  0]LogD3D11RHI:    0. 'NVIDIA GeForce GTX 1660 Ti' (Feature Level 11_0)
[2020.07.12-00.25.34:210][  0]LogD3D11RHI:       5991/0/15843 MB DedicatedVideo/DedicatedSystem/SharedSystem, Outputs:2, VendorId:0x10de
[2020.07.12-00.25.34:221][  0]LogD3D11RHI:    1. 'Microsoft Basic Render Driver' (Feature Level 11_0)
[2020.07.12-00.25.34:221][  0]LogD3D11RHI:       0/0/15843 MB DedicatedVideo/DedicatedSystem/SharedSystem, Outputs:0, VendorId:0x1414
[2020.07.12-00.25.34:221][  0]LogD3D11RHI: Chosen D3D11 Adapter: 0
[2020.07.12-00.25.34:244][  0]LogD3D11RHI: Creating new Direct3DDevice
[2020.07.12-00.25.34:244][  0]LogD3D11RHI:     GPU DeviceId: 0x2182 (for the marketing name, search the web for "GPU Device Id")
[2020.07.12-00.25.34:244][  0]LogWindows: EnumDisplayDevices:
[2020.07.12-00.25.34:245][  0]LogWindows:    0. 'NVIDIA GeForce GTX 1660 Ti' (P:0 D:1)
[2020.07.12-00.25.34:245][  0]LogWindows:    1. 'NVIDIA GeForce GTX 1660 Ti' (P:1 D:1)
[2020.07.12-00.25.34:246][  0]LogWindows:    2. 'NVIDIA GeForce GTX 1660 Ti' (P:0 D:0)
[2020.07.12-00.25.34:246][  0]LogWindows:    3. 'NVIDIA GeForce GTX 1660 Ti' (P:0 D:0)
[2020.07.12-00.25.34:247][  0]LogWindows: DebugString: FoundDriverCount:4 
[2020.07.12-00.25.34:247][  0]LogD3D11RHI:     Adapter Name: NVIDIA GeForce GTX 1660 Ti
[2020.07.12-00.25.34:247][  0]LogD3D11RHI:   Driver Version: 445.87 (internal:26.21.14.4587, unified:445.87)
[2020.07.12-00.25.34:247][  0]LogD3D11RHI:      Driver Date: 4-3-2020
[2020.07.12-00.25.34:247][  0]LogRHI: Texture pool is 4193 MB (70% of 5991 MB)
[2020.07.12-00.25.34:429][  0]LogD3D11RHI: RHI has support for 64 bit atomics
[2020.07.12-00.25.34:443][  0]LogD3D11RHI: [Aftermath] Enabled and primed
[2020.07.12-00.25.34:443][  0]LogD3D11RHI: Async texture creation enabled
[2020.07.12-00.25.34:443][  0]LogD3D11RHI: Array index from any shader is supported
[2020.07.12-00.25.34:448][  0]LogD3D11RHI: HDR output is supported on display 0 (NvId: 0x80061087).
[2020.07.12-00.25.34:555][  0]LogD3D11RHI: GPU Timing Frequency: 1000.000000 (Debug: 2 2)
[2020.07.12-00.25.35:154][  0]LogTargetPlatformManager: Display: Loaded TargetPlatform 'AllDesktop'
[2020.07.12-00.25.35:231][  0]LogTargetPlatformManager: Display: Loaded TargetPlatform 'Android'
[2020.07.12-00.25.35:233][  0]LogTargetPlatformManager: Display: Loaded TargetPlatform 'Android_ASTC'
[2020.07.12-00.25.35:234][  0]LogTargetPlatformManager: Display: Loaded TargetPlatform 'Android_DXT'
[2020.07.12-00.25.35:236][  0]LogTargetPlatformManager: Display: Loaded TargetPlatform 'Android_ETC2'
[2020.07.12-00.25.35:240][  0]LogTargetPlatformManager: Display: Loaded TargetPlatform 'AndroidClient'
[2020.07.12-00.25.35:241][  0]LogTargetPlatformManager: Display: Loaded TargetPlatform 'Android_ASTCClient'
[2020.07.12-00.25.35:241][  0]LogTargetPlatformManager: Display: Loaded TargetPlatform 'Android_DXTClient'
[2020.07.12-00.25.35:243][  0]LogTargetPlatformManager: Display: Loaded TargetPlatform 'Android_ETC2Client'
[2020.07.12-00.25.35:244][  0]LogTargetPlatformManager: Display: Loaded TargetPlatform 'Android_Multi'
[2020.07.12-00.25.35:244][  0]LogTargetPlatformManager: Display: Loaded TargetPlatform 'Android_MultiClient'
[2020.07.12-00.25.35:435][  0]LogTargetPlatformManager: Display: Loaded TargetPlatform 'IOSClient'
[2020.07.12-00.25.35:435][  0]LogTargetPlatformManager: Display: Loaded TargetPlatform 'IOS'
[2020.07.12-00.25.35:501][  0]LogTargetPlatformManager: Display: Loaded TargetPlatform 'Linux'
[2020.07.12-00.25.35:567][  0]LogTargetPlatformManager: Display: Loaded TargetPlatform 'LinuxNoEditor'
[2020.07.12-00.25.35:610][  0]LogTargetPlatformManager: Display: Loaded TargetPlatform 'LinuxClient'
[2020.07.12-00.25.35:653][  0]LogTargetPlatformManager: Display: Loaded TargetPlatform 'LinuxServer'
[2020.07.12-00.25.35:710][  0]LogTargetPlatformManager: Display: Loaded TargetPlatform 'LinuxAArch64NoEditor'
[2020.07.12-00.25.35:754][  0]LogTargetPlatformManager: Display: Loaded TargetPlatform 'LinuxAArch64Client'
[2020.07.12-00.25.35:797][  0]LogTargetPlatformManager: Display: Loaded TargetPlatform 'LinuxAArch64Server'
[2020.07.12-00.25.35:888][  0]LogTargetPlatformManager: Display: Loaded TargetPlatform 'Lumin'
[2020.07.12-00.25.35:888][  0]LogTargetPlatformManager: Display: Loaded TargetPlatform 'LuminClient'
[2020.07.12-00.25.35:954][  0]LogTargetPlatformManager: Display: Loaded TargetPlatform 'TVOSClient'
[2020.07.12-00.25.35:954][  0]LogTargetPlatformManager: Display: Loaded TargetPlatform 'TVOS'
[2020.07.12-00.25.36:028][  0]LogTargetPlatformManager: Display: Loaded TargetPlatform 'WindowsNoEditor'
[2020.07.12-00.25.36:083][  0]LogTargetPlatformManager: Display: Loaded TargetPlatform 'Windows'
[2020.07.12-00.25.36:126][  0]LogTargetPlatformManager: Display: Loaded TargetPlatform 'WindowsClient'
[2020.07.12-00.25.36:176][  0]LogTargetPlatformManager: Display: Loaded TargetPlatform 'WindowsServer'
[2020.07.12-00.25.36:177][  0]LogTargetPlatformManager: Display: Building Assets For Windows
[2020.07.12-00.25.36:362][  0]LogAudioDebug: Display: Lib vorbis DLL was dynamically loaded.
[2020.07.12-00.25.37:309][  0]LogShaderCompilers: Guid format shader working directory is 24 characters bigger than the processId version (../../../../TCTD/TCTD/Intermediate/Shaders/WorkingDirectory/73216/).
[2020.07.12-00.25.37:309][  0]LogShaderCompilers: Cleaned the shader compiler working directory 'C:/Users/kylej/AppData/Local/Temp/UnrealShaderWorkingDir/D600DA8C4C5DF33B7CCAEDB0361343CF/'.
[2020.07.12-00.25.37:310][  0]LogXGEController: Cannot use XGE Controller as Incredibuild is not installed on this machine.
[2020.07.12-00.25.37:310][  0]LogShaderCompilers: Cannot use XGE Shader Compiler as Incredibuild is not installed on this machine.
[2020.07.12-00.25.37:310][  0]LogShaderCompilers: Display: Using Local Shader Compiler.
[2020.07.12-00.25.43:046][  0]LogDerivedDataCache: Display: Max Cache Size: 512 MB
[2020.07.12-00.25.43:252][  0]LogDerivedDataCache: Loaded boot cache 0.20s 75MB C:/Users/kylej/AppData/Local/UnrealEngine/4.25/DerivedDataCache/Boot.ddc.
[2020.07.12-00.25.43:252][  0]LogDerivedDataCache: Display: Loaded Boot cache: C:/Users/kylej/AppData/Local/UnrealEngine/4.25/DerivedDataCache/Boot.ddc
[2020.07.12-00.25.43:252][  0]LogDerivedDataCache: FDerivedDataBackendGraph:  Pak pak cache file ../../../../TCTD/TCTD/DerivedDataCache/DDC.ddp not found, will not use a pak cache.
[2020.07.12-00.25.43:252][  0]LogDerivedDataCache: Unable to find inner node Pak for hierarchical cache Hierarchy.
[2020.07.12-00.25.43:252][  0]LogDerivedDataCache: FDerivedDataBackendGraph:  CompressedPak pak cache file ../../../../TCTD/TCTD/DerivedDataCache/Compressed.ddp not found, will not use a pak cache.
[2020.07.12-00.25.43:253][  0]LogDerivedDataCache: Unable to find inner node CompressedPak for hierarchical cache Hierarchy.
[2020.07.12-00.25.43:292][  0]LogDerivedDataCache: Display: Pak cache opened for reading ../../../Engine/DerivedDataCache/Compressed.ddp.
[2020.07.12-00.25.43:293][  0]LogDerivedDataCache: FDerivedDataBackendGraph:  EnterprisePak pak cache file ../../../Enterprise/DerivedDataCache/Compressed.ddp not found, will not use a pak cache.
[2020.07.12-00.25.43:293][  0]LogDerivedDataCache: Unable to find inner node EnterprisePak for hierarchical cache Hierarchy.
[2020.07.12-00.25.43:296][  0]LogDerivedDataCache: Using Local data cache path C:/Users/kylej/AppData/Local/UnrealEngine/Common/DerivedDataCache: Writable
[2020.07.12-00.25.43:296][  0]LogDerivedDataCache: Shared data cache path not found in *engine.ini, will not use an Shared cache.
[2020.07.12-00.25.43:297][  0]LogDerivedDataCache: Unable to find inner node Shared for hierarchical cache Hierarchy.
[2020.07.12-00.25.43:380][  0]LogSlate: Using FreeType 2.10.0
[2020.07.12-00.25.43:435][  0]LogSlate: SlateFontServices - WITH_FREETYPE: 1, WITH_HARFBUZZ: 1
[2020.07.12-00.25.43:695][  0]LogAssetRegistry: FAssetRegistry took 0.0038 seconds to start up
[2020.07.12-00.25.44:100][  0]LogInit: Selected Device Profile: [Windows]
[2020.07.12-00.25.45:085][  0]LogMeshReduction: Using QuadricMeshReduction for automatic static mesh reduction
[2020.07.12-00.25.45:085][  0]LogMeshReduction: Using SimplygonMeshReduction for automatic skeletal mesh reduction
[2020.07.12-00.25.45:085][  0]LogMeshReduction: Using ProxyLODMeshReduction for automatic mesh merging
[2020.07.12-00.25.45:085][  0]LogMeshReduction: No distributed automatic mesh merging module available
[2020.07.12-00.25.45:085][  0]LogMeshMerging: No distributed automatic mesh merging module available
[2020.07.12-00.25.45:213][  0]LogNetVersion: TCTD 1.0.0, NetCL: 13144385, EngineNetVer: 14, GameNetVer: 0 (Checksum: 3815092598)
[2020.07.12-00.25.48:858][  0]LogAISub: UAISubsystem::UAISubsystem AISubsystem (000001EF444B69C0), frame # 0
[2020.07.12-00.25.48:858][  0]LogAISub: UAISubsystem::UAISubsystem AIPerceptionSystem (000001EF44372AC0), frame # 0
[2020.07.12-00.25.48:860][  0]LogAISub: UAISubsystem::UAISubsystem EnvQueryManager (000001EF443B9C00), frame # 0
[2020.07.12-00.25.48:972][  0]LogPackageLocalizationCache: Processed 19 localized package path(s) for 1 prioritized culture(s) in 0.064230 seconds
[2020.07.12-00.25.48:979][  0]LogUObjectArray: 15917 objects as part of root set at end of initial load.
[2020.07.12-00.25.48:979][  0]LogUObjectAllocator: 3965568 out of 0 bytes used by permanent object pool.
[2020.07.12-00.25.48:979][  0]LogUObjectArray: CloseDisregardForGC: 0/0 objects in disregard for GC pool
[2020.07.12-00.25.53:494][  0]LogTcpMessaging: Initializing TcpMessaging bridge
[2020.07.12-00.25.53:547][  0]LogUdpMessaging: Initializing bridge on interface 0.0.0.0:0 to multicast group 230.0.0.1:6666.
[2020.07.12-00.25.53:959][  0]FLogRiderLinkModule: INIT START
[2020.07.12-00.25.53:959][  0]FLogRiderLinkModule: INIT FINISH
[2020.07.12-00.25.55:003][  0]SourceControl: Source control is disabled
[2020.07.12-00.25.55:003][  0]SourceControl: Source control is disabled
[2020.07.12-00.25.55:070][  0]SourceControl: Source control is disabled
[2020.07.12-00.25.55:121][  0]SourceControl: Source control is disabled
[2020.07.12-00.25.55:223][  0]SourceControl: Source control is disabled
[2020.07.12-00.25.58:634][  0]LogAndroidPermission: UAndroidPermissionCallbackProxy::GetInstance
[2020.07.12-00.25.58:901][  0]LogAudioCaptureCore: Display: No Audio Capture implementations found. Audio input will be silent.
[2020.07.12-00.25.58:901][  0]LogAudioCaptureCore: Display: No Audio Capture implementations found. Audio input will be silent.
[2020.07.12-00.25.59:435][  0]LogOcInput: OculusInput pre-init called
[2020.07.12-00.25.59:531][  0]LogWindows: Failed to load 'OVRPlugin.dll' (GetLastError=126)
[2020.07.12-00.25.59:532][  0]LogWindows: File 'OVRPlugin.dll' does not exist
[2020.07.12-00.26.00:049][  0]LogEngine: Initializing Engine...
[2020.07.12-00.26.00:052][  0]LogHMD: Failed to initialize OpenVR with code 110
[2020.07.12-00.26.00:052][  0]LogMagicLeap: Warning: VR disabled because ZI is not enabled.  To enable, in the editor, Edit -> Project Settings -> Plugins -> Magic Leap Plugin -> Enable Zero Iteration
[2020.07.12-00.26.00:053][  0]LogStats: UGameplayTagsManager::InitializeManager -  0.000 s
[2020.07.12-00.26.00:757][  0]LogInit: Initializing FReadOnlyCVARCache
[2020.07.12-00.26.00:816][  0]LogAIModule: Creating AISystem for world Untitled
[2020.07.12-00.26.00:817][  0]LogAISub: UAISubsystem::UAISubsystem EnvQueryManager (000001EF4957BC00), frame # 0
[2020.07.12-00.26.00:817][  0]LogAISub: UAISubsystem::UAISubsystem AIPerceptionSystem (000001EF495D9300), frame # 0
[2020.07.12-00.26.00:863][  0]LogAudioMixer: Display: Audio Mixer Platform Settings:
[2020.07.12-00.26.00:864][  0]LogAudioMixer: Display: 	Sample Rate:						  48000
[2020.07.12-00.26.00:864][  0]LogAudioMixer: Display: 	Callback Buffer Frame Size Requested: 1024
[2020.07.12-00.26.00:865][  0]LogAudioMixer: Display: 	Callback Buffer Frame Size To Use:	  1024
[2020.07.12-00.26.00:865][  0]LogAudioMixer: Display: 	Number of buffers to queue:			  2
[2020.07.12-00.26.00:865][  0]LogAudioMixer: Display: 	Max Channels (voices):				  32
[2020.07.12-00.26.00:867][  0]LogAudioMixer: Display: 	Number of Async Source Workers:		  0
[2020.07.12-00.26.00:867][  0]LogAudio: Display: AudioDevice MaxSources: 32
[2020.07.12-00.26.00:868][  0]LogAudio: Display: Using built-in audio occlusion.
[2020.07.12-00.26.00:869][  0]LogAudioMixer: Display: Initializing audio mixer.
[2020.07.12-00.26.00:949][  0]LogAudioMixer: Display: 0: FrontLeft
[2020.07.12-00.26.00:949][  0]LogAudioMixer: Display: 1: FrontRight
[2020.07.12-00.26.01:054][  0]LogAudioMixer: Display: Using Audio Device Headset Earphone (Razer Audio Controller - Chat)
[2020.07.12-00.26.01:055][  0]LogAudioMixer: Display: Initializing Sound Submixes...
[2020.07.12-00.26.01:081][  0]LogAudioMixer: Display: Creating Master Submix 'MasterSubmixDefault'
[2020.07.12-00.26.01:082][  0]LogAudioMixer: Display: Creating Master Submix 'MasterReverbSubmixDefault'
[2020.07.12-00.26.01:084][  0]LogAudioMixer: Display: Creating Master Submix 'MasterEQSubmixDefault'
[2020.07.12-00.26.01:086][  0]LogInit: FAudioDevice initialized.
[2020.07.12-00.26.01:086][  0]LogNetVersion: Set ProjectVersion to 1.0.0.0. Version Checksum will be recalculated on next use.
[2020.07.12-00.26.01:213][  0]LogDerivedDataCache: Saved boot cache 0.13s 75MB C:/Users/kylej/AppData/Local/UnrealEngine/4.25/DerivedDataCache/Boot.ddc.
[2020.07.12-00.26.01:228][  0]LogInit: Texture streaming: Enabled
[2020.07.12-00.26.01:401][  0]LogEngineSessionManager: EngineSessionManager initialized
[2020.07.12-00.26.01:401][  0]LogEditorSessionSummary: Verbose: Initializing EditorSessionSummaryWriter for editor session tracking
[2020.07.12-00.26.01:405][  0]LogEditorSessionSummary: EditorSessionSummaryWriter initialized
[2020.07.12-00.26.01:576][  0]LogInit: Transaction tracking system initialized
[2020.07.12-00.26.01:883][  0]BlueprintLog: New page: Editor Load
[2020.07.12-00.26.02:940][  0]LocalizationService: Localization service is disabled
[2020.07.12-00.26.04:708][  0]LogCook: Display: Max memory allowance for cook 16384mb min free memory 0mb
[2020.07.12-00.26.04:708][  0]LogCook: Display: Mobile HDR setting 1
[2020.07.12-00.26.04:884][  0]LogFileCache: Scanning file cache for directory 'F:/TCTD/TCTD/Content/' took 0.00s
[2020.07.12-00.26.07:208][  0]SourceControl: Source control is disabled
[2020.07.12-00.26.07:417][  0]LogSlate: Took 0.000222 seconds to synchronously load lazily loaded font '../../../Engine/Content/Slate/Fonts/Roboto-Regular.ttf' (155K)
[2020.07.12-00.26.12:851][  0]LogSlate: Window 'Restore Packages' being destroyed
[2020.07.12-00.26.12:852][  0]LogWindowsTextInputMethodSystem: Display: IME system now deactivated.
[2020.07.12-00.26.12:899][  0]LogWindowsTextInputMethodSystem: Display: IME system now deactivated.
[2020.07.12-00.26.12:900][  0]LogUnrealEdMisc: Loading editor; pre map load, took 55.018
[2020.07.12-00.26.12:902][  0]Cmd: MAP LOAD FILE="../../../../TCTD/TCTD/Content/Scenes/TCTD.umap" TEMPLATE=0 SHOWPROGRESS=1 FEATURELEVEL=3
[2020.07.12-00.26.12:908][  0]LightingResults: New page: Lighting Build
[2020.07.12-00.26.12:910][  0]LogWorld: UWorld::CleanupWorld for Untitled, bSessionEnded=true, bCleanupResources=true
[2020.07.12-00.26.12:910][  0]LogSlate: InvalidateAllWidgets triggered.  All widgets were invalidated
[2020.07.12-00.26.12:911][  0]MapCheck: New page: Map Check
[2020.07.12-00.26.12:911][  0]LightingResults: New page: Lighting Build
[2020.07.12-00.26.12:970][  0]LogAISub: UAISubsystem::~UAISubsystem EnvQueryManager (000001EF4957BC00), frame # 0
[2020.07.12-00.26.12:974][  0]LogAISub: UAISubsystem::~UAISubsystem AIPerceptionSystem (000001EF495D9300), frame # 0
[2020.07.12-00.26.12:975][  0]LogUObjectHash: Compacting FUObjectHashTables data took   0.93ms
[2020.07.12-00.26.13:844][  0]LogAIModule: Creating AISystem for world TCTD
[2020.07.12-00.26.13:895][  0]LogAISub: UAISubsystem::UAISubsystem EnvQueryManager (000001EF39A54C00), frame # 0
[2020.07.12-00.26.13:896][  0]LogAISub: UAISubsystem::UAISubsystem AIPerceptionSystem (000001EF39A72FC0), frame # 0
[2020.07.12-00.26.13:962][  0]LogEditorServer: Finished looking for orphan Actors (0.000 secs)
[2020.07.12-00.26.13:978][  0]LogUObjectHash: Compacting FUObjectHashTables data took   0.90ms
[2020.07.12-00.26.13:980][  0]Cmd: MAP CHECKDEP NOCLEARLOG
[2020.07.12-00.26.13:984][  0]MapCheck: Map check complete: 0 Error(s), 0 Warning(s), took 0.144ms to complete.
[2020.07.12-00.26.13:984][  0]LogFileHelpers: Loading map 'TCTD' took 1.083
[2020.07.12-00.26.14:032][  0]LogUnrealEdMisc: Total Editor Startup Time, took 56.149
[2020.07.12-00.26.14:251][  0]LogSlate: Updating window title bar state: overlay mode, drag disabled, window buttons hidden, title bar hidden
[2020.07.12-00.26.14:261][  0]LogSlate: Updating window title bar state: overlay mode, drag disabled, window buttons hidden, title bar hidden
[2020.07.12-00.26.14:277][  0]LogSlate: Updating window title bar state: overlay mode, drag disabled, window buttons hidden, title bar hidden
[2020.07.12-00.26.14:304][  0]LogSlate: Updating window title bar state: overlay mode, drag disabled, window buttons hidden, title bar hidden
[2020.07.12-00.26.14:374][  0]LogCollectionManager: Loaded 0 collections in 0.001905 seconds
[2020.07.12-00.26.14:457][  0]LogFileCache: Scanning file cache for directory 'F:/TCTD/TCTD/Saved/Collections/' took 0.04s
[2020.07.12-00.26.14:457][  0]LogFileCache: Scanning file cache for directory 'F:/TCTD/TCTD/Content/Developers/kylej/Collections/' took 0.02s
[2020.07.12-00.26.14:458][  0]LogFileCache: Scanning file cache for directory 'F:/TCTD/TCTD/Content/Collections/' took 0.00s
[2020.07.12-00.26.14:458][  0]LogContentBrowser: Native class hierarchy populated in 0.0164 seconds. Added 3439 classes and 823 folders.
[2020.07.12-00.26.14:464][  0]LogContentBrowser: Native class hierarchy updated for 'WidgetCarousel' in 0.0006 seconds. Added 0 classes and 0 folders.
[2020.07.12-00.26.15:692][  0]LogContentBrowser: Native class hierarchy updated for 'AddContentDialog' in 0.0006 seconds. Added 0 classes and 0 folders.
[2020.07.12-00.26.15:775][  0]LogSlate: Took 0.000230 seconds to synchronously load lazily loaded font '../../../Engine/Content/Slate/Fonts/Roboto-Bold.ttf' (160K)
[2020.07.12-00.26.15:778][  0]LogSlate: Took 0.000218 seconds to synchronously load lazily loaded font '../../../Engine/Content/Editor/Slate/Fonts/FontAwesome.ttf' (139K)
[2020.07.12-00.26.15:945][  0]LogRenderer: Reallocating scene render targets to support 1064x552 Format 10 NumSamples 1 (Frame:1).
[2020.07.12-00.26.17:193][  0]LogContentBrowser: Native class hierarchy updated for 'HierarchicalLODOutliner' in 0.0005 seconds. Added 0 classes and 0 folders.
[2020.07.12-00.26.17:193][  0]LogLoad: (Engine Initialization) Total time: 59.31 seconds
[2020.07.12-00.26.17:193][  0]LogLoad: (Engine Initialization) Total Blueprint compile time: 0.00 seconds
[2020.07.12-00.26.17:253][  0]LogAssetRegistry: Asset discovery search completed in 33.5598 seconds
[2020.07.12-00.26.17:259][  0]LogCollectionManager: Fixed up redirectors for 0 collections in 0.000003 seconds (updated 0 objects)
[2020.07.12-00.26.17:260][  0]LogContentStreaming: Texture pool size now 1000 MB
[2020.07.12-00.26.19:527][188]LogTemp: Repeating last play command: Selected Viewport
[2020.07.12-00.26.19:543][188]LogPlayLevel: PlayLevel: No blueprints needed recompiling
[2020.07.12-00.26.19:544][188]PIE: New page: PIE session: TCTD (Jul 11, 2020, 4:26:19 PM)
[2020.07.12-00.26.19:547][188]LogOnline: OSS: Creating online subsystem instance for: NULL
[2020.07.12-00.26.19:549][188]LogOnline: OSS: TryLoadSubsystemAndSetDefault: Loaded subsystem for module [NULL]
[2020.07.12-00.26.19:550][188]LogPlayLevel: Creating play world package: /Game/Scenes/UEDPIE_0_TCTD
[2020.07.12-00.26.19:555][188]LogPlayLevel: PIE: StaticDuplicateObject took: (0.004740s)
[2020.07.12-00.26.19:556][188]LogAIModule: Creating AISystem for world TCTD
[2020.07.12-00.26.19:557][188]LogAISub: UAISubsystem::UAISubsystem EnvQueryManager (000001EF5D9BFE00), frame # 188
[2020.07.12-00.26.19:557][188]LogAISub: UAISubsystem::UAISubsystem AIPerceptionSystem (000001EF39A70F40), frame # 188
[2020.07.12-00.26.19:558][188]LogPlayLevel: PIE: World Init took: (0.003424s)
[2020.07.12-00.26.19:559][188]LogPlayLevel: PIE: Created PIE world by copying editor world from /Game/Scenes/TCTD.TCTD to /Game/Scenes/UEDPIE_0_TCTD.TCTD (0.009221s)
[2020.07.12-00.26.19:569][188]LogUObjectHash: Compacting FUObjectHashTables data took   0.94ms
[2020.07.12-00.26.19:571][188]LogAudioMixer: Display: Audio Mixer Platform Settings:
[2020.07.12-00.26.19:572][188]LogAudioMixer: Display: 	Sample Rate:						  48000
[2020.07.12-00.26.19:572][188]LogAudioMixer: Display: 	Callback Buffer Frame Size Requested: 1024
[2020.07.12-00.26.19:573][188]LogAudioMixer: Display: 	Callback Buffer Frame Size To Use:	  1024
[2020.07.12-00.26.19:573][188]LogAudioMixer: Display: 	Number of buffers to queue:			  2
[2020.07.12-00.26.19:574][188]LogAudioMixer: Display: 	Max Channels (voices):				  32
[2020.07.12-00.26.19:574][188]LogAudioMixer: Display: 	Number of Async Source Workers:		  0
[2020.07.12-00.26.19:575][188]LogAudio: Display: AudioDevice MaxSources: 32
[2020.07.12-00.26.19:576][188]LogAudio: Display: Using built-in audio occlusion.
[2020.07.12-00.26.19:577][188]LogAudioMixer: Display: Initializing audio mixer.
[2020.07.12-00.26.19:582][188]LogAudioMixer: Display: 0: FrontLeft
[2020.07.12-00.26.19:582][188]LogAudioMixer: Display: 1: FrontRight
[2020.07.12-00.26.19:635][188]LogAudioMixer: Display: Using Audio Device Headset Earphone (Razer Audio Controller - Chat)
[2020.07.12-00.26.19:636][188]LogAudioMixer: Display: Initializing Sound Submixes...
[2020.07.12-00.26.19:638][188]LogAudioMixer: Display: Creating Master Submix 'MasterSubmixDefault'
[2020.07.12-00.26.19:638][188]LogAudioMixer: Display: Creating Master Submix 'MasterReverbSubmixDefault'
[2020.07.12-00.26.19:639][188]LogAudioMixer: Display: Creating Master Submix 'MasterEQSubmixDefault'
[2020.07.12-00.26.19:671][188]LogInit: FAudioDevice initialized.
[2020.07.12-00.26.19:688][188]LogLoad: Game class is 'GameModeBase'
[2020.07.12-00.26.19:691][188]LogWorld: Bringing World /Game/Scenes/UEDPIE_0_TCTD.TCTD up for play (max tick rate 0) at 2020.07.11-20.26.19
[2020.07.12-00.26.19:691][188]LogWorld: Bringing up level for play took: 0.002377
[2020.07.12-00.26.19:692][188]LogOnline: OSS: Creating online subsystem instance for: :Context_1
[2020.07.12-00.26.19:697][188]LogContentBrowser: Native class hierarchy updated for 'MovieSceneCapture' in 0.0005 seconds. Added 20 classes and 0 folders.
[2020.07.12-00.26.19:698][188]LogOutputDevice: Warning: 

Script Stack (0 frames):

[2020.07.12-00.26.19:698][188]LogOutputDevice: Error: Ensure condition failed: this->IsBound() [File:F:\UE_4.25\Engine\Source\Runtime\Core\Public\Delegates/DelegateSignatureImpl.inl] [Line: 1132] 
Unable to bind delegate to 'Wave1' (function might not be marked as a UFUNCTION or object may be pending kill)

[2020.07.12-00.26.19:699][188]LogStats:             FDebug::EnsureFailed -  0.001 s
[2020.07.12-00.26.46:168][188]PIE: Server logged in
[2020.07.12-00.26.46:171][188]PIE: Play in editor total start time 26.629 seconds.
[2020.07.12-00.26.54:955][216]LogAudioMixer: Display: Audio Buffer Underrun detected.
[2020.07.12-00.26.54:955][216]LogAudioMixer: Display: Audio Buffer Underrun detected.
