Log file open, 07/09/20 10:55:11
LogInit: Display: Running engine for game: TCTD
LogPlatformFile: Not using cached read wrapper
LogTaskGraph: Started task graph with 5 named threads and 14 total threads with 3 sets of task threads.
LogStats: Stats thread started at 2.022787
LogD3D11RHI: Loaded GFSDK_Aftermath_Lib.x64.dll
LogICUInternationalization: ICU TimeZone Detection - Raw Offset: -5:00, Platform Override: ''
LogPluginManager: Mounting plugin Paper2D
LogPluginManager: Mounting plugin AISupport
LogPluginManager: Mounting plugin LightPropagationVolume
LogPluginManager: Mounting plugin CameraShakePreviewer
LogPluginManager: Mounting plugin ActorLayerUtilities
LogPluginManager: Mounting plugin AnimationSharing
LogPluginManager: Mounting plugin CLionSourceCodeAccess
LogPluginManager: Mounting plugin CodeLiteSourceCodeAccess
LogPluginManager: Mounting plugin GitSourceControl
LogPluginManager: Mounting plugin KDevelopSourceCodeAccess
LogPluginManager: Mounting plugin NullSourceCodeAccess
LogPluginManager: Mounting plugin PerforceSourceControl
LogPluginManager: Mounting plugin PlasticSourceControl
LogPluginManager: Mounting plugin RiderSourceCodeAccess
LogPluginManager: Mounting plugin SubversionSourceControl
LogPluginManager: Mounting plugin UObjectPlugin
LogPluginManager: Mounting plugin VisualStudioCodeSourceCodeAccess
LogPluginManager: Mounting plugin VisualStudioSourceCodeAccess
LogPluginManager: Mounting plugin XCodeSourceCodeAccess
LogPluginManager: Mounting plugin AssetManagerEditor
LogPluginManager: Mounting plugin CryptoKeys
LogPluginManager: Mounting plugin CurveEditorTools
LogPluginManager: Mounting plugin DataValidation
LogPluginManager: Mounting plugin EditorScriptingUtilities
LogPluginManager: Mounting plugin FacialAnimation
LogPluginManager: Mounting plugin GameplayTagsEditor
LogPluginManager: Mounting plugin GeometryMode
LogPluginManager: Mounting plugin MacGraphicsSwitching
LogPluginManager: Mounting plugin MaterialAnalyzer
LogPluginManager: Mounting plugin MobileLauncherProfileWizard
LogPluginManager: Mounting plugin PluginBrowser
LogPluginManager: Mounting plugin SpeedTreeImporter
LogPluginManager: Mounting plugin DatasmithContent
LogPluginManager: Mounting plugin VariantManagerContent
LogPluginManager: Mounting plugin AlembicImporter
LogPluginManager: Mounting plugin AutomationUtils
LogPluginManager: Mounting plugin BackChannel
LogPluginManager: Mounting plugin ChaosCloth
LogPluginManager: Mounting plugin ChaosClothEditor
LogPluginManager: Mounting plugin ChaosEditor
LogPluginManager: Mounting plugin ChaosNiagara
LogPluginManager: Mounting plugin ChaosSolverPlugin
LogPluginManager: Mounting plugin CharacterAI
LogPluginManager: Mounting plugin GeometryCache
LogPluginManager: Mounting plugin GeometryCollectionPlugin
LogPluginManager: Mounting plugin GeometryProcessing
LogPluginManager: Mounting plugin PlanarCut
LogPluginManager: Mounting plugin PlatformCrypto
LogPluginManager: Mounting plugin ProxyLODPlugin
LogPluginManager: Mounting plugin SkeletalReduction
LogPluginManager: Mounting plugin Niagara
LogPluginManager: Mounting plugin MagicLeap
LogPluginManager: Mounting plugin MagicLeapLightEstimation
LogPluginManager: Mounting plugin MagicLeapMedia
LogPluginManager: Mounting plugin MagicLeapPassableWorld
LogPluginManager: Mounting plugin MLSDK
LogPluginManager: Mounting plugin AndroidMedia
LogPluginManager: Mounting plugin AvfMedia
LogPluginManager: Mounting plugin ImgMedia
LogPluginManager: Mounting plugin MediaCompositing
LogPluginManager: Mounting plugin MediaPlayerEditor
LogPluginManager: Mounting plugin WebMMedia
LogPluginManager: Mounting plugin WmfMedia
LogPluginManager: Mounting plugin MeshPainting
LogPluginManager: Mounting plugin TcpMessaging
LogPluginManager: Mounting plugin UdpMessaging
LogPluginManager: Mounting plugin ActorSequence
LogPluginManager: Mounting plugin LevelSequenceEditor
LogPluginManager: Mounting plugin MatineeToLevelSequence
LogPluginManager: Mounting plugin MovieRenderPipeline
LogPluginManager: Mounting plugin TemplateSequence
LogPluginManager: Mounting plugin NetcodeUnitTest
LogPluginManager: Mounting plugin NUTUnrealEngine4
LogPluginManager: Mounting plugin OnlineSubsystemGooglePlay
LogPluginManager: Mounting plugin OnlineSubsystemIOS
LogPluginManager: Mounting plugin OnlineSubsystem
LogPluginManager: Mounting plugin OnlineSubsystemNull
LogPluginManager: Mounting plugin OnlineSubsystemUtils
LogPluginManager: Mounting plugin LauncherChunkInstaller
LogPluginManager: Mounting plugin AndroidDeviceProfileSelector
LogPluginManager: Mounting plugin AndroidMoviePlayer
LogPluginManager: Mounting plugin AndroidPermission
LogPluginManager: Mounting plugin AppleImageUtils
LogPluginManager: Mounting plugin AppleMoviePlayer
LogPluginManager: Mounting plugin ArchVisCharacter
LogPluginManager: Mounting plugin AssetTags
LogPluginManager: Mounting plugin AudioCapture
LogPluginManager: Mounting plugin CableComponent
LogPluginManager: Mounting plugin CustomMeshComponent
LogPluginManager: Mounting plugin EditableMesh
LogPluginManager: Mounting plugin ExampleDeviceProfileSelector
LogPluginManager: Mounting plugin GoogleCloudMessaging
LogPluginManager: Mounting plugin GooglePAD
LogPluginManager: Mounting plugin IOSDeviceProfileSelector
LogPluginManager: Mounting plugin LinuxDeviceProfileSelector
LogPluginManager: Mounting plugin LocationServicesBPLibrary
LogPluginManager: Mounting plugin MobilePatchingUtils
LogPluginManager: Mounting plugin OculusVR
LogPluginManager: Mounting plugin PhysXVehicles
LogPluginManager: Mounting plugin PostSplashScreen
LogPluginManager: Mounting plugin ProceduralMeshComponent
LogPluginManager: Mounting plugin RuntimePhysXCooking
LogPluginManager: Mounting plugin SignificanceManager
LogPluginManager: Mounting plugin SoundFields
LogPluginManager: Mounting plugin SteamVR
LogPluginManager: Mounting plugin Synthesis
LogPluginManager: Mounting plugin WebMMoviePlayer
LogPluginManager: Mounting plugin WindowsMoviePlayer
LogPluginManager: Mounting plugin ScreenshotTools
LogPluginManager: Mounting plugin RiderLink
LogInit: Using libcurl 7.55.1-DEV
LogInit:  - built for x86_64-pc-win32
LogInit:  - supports SSL with OpenSSL/1.1.1
LogInit:  - supports HTTP deflate (compression) using libz 1.2.8
LogInit:  - other features:
LogInit:      CURL_VERSION_SSL
LogInit:      CURL_VERSION_LIBZ
LogInit:      CURL_VERSION_IPV6
LogInit:      CURL_VERSION_ASYNCHDNS
LogInit:      CURL_VERSION_LARGEFILE
LogInit:      CURL_VERSION_IDN
LogInit:  CurlRequestOptions (configurable via config and command line):
LogInit:  - bVerifyPeer = true  - Libcurl will verify peer certificate
LogInit:  - bUseHttpProxy = false  - Libcurl will NOT use HTTP proxy
LogInit:  - bDontReuseConnections = false  - Libcurl will reuse connections
LogInit:  - MaxHostConnections = 16  - Libcurl will limit the number of connections to a host
LogInit:  - LocalHostAddr = Default
LogInit:  - BufferSize = 65536
LogOnline: OSS: Creating online subsystem instance for: NULL
LogInit: WinSock: version 1.1 (2.2), MaxSocks=32767, MaxUdp=65467
LogOnline: OSS: TryLoadSubsystemAndSetDefault: Loaded subsystem for module [NULL]
LogInit: Build: ++UE4+Release-4.25-CL-13594126
LogInit: Engine Version: 4.25.1-13594126+++UE4+Release-4.25
LogInit: Compatible Engine Version: 4.25.0-13144385+++UE4+Release-4.25
LogInit: Net CL: 13144385
LogInit: OS: Windows 10 (Release 1903) (), CPU: AMD Ryzen 3 2200G with Radeon Vega Graphics    , GPU: NVIDIA GeForce GTX 1660 Ti
LogInit: Compiled (64-bit): Jun  2 2020 02:10:36
LogInit: Compiled with Visual C++: 19.24.28315.00
LogInit: Build Configuration: Development
LogInit: Branch Name: ++UE4+Release-4.25
LogInit: Command Line: 
LogInit: Base Directory: F:/UE_4.25/Engine/Binaries/Win64/
LogInit: Allocator: TBB
LogInit: Installed Engine Build: 1
LogDevObjectVersion: Number of dev versions registered: 26
LogDevObjectVersion:   Dev-Blueprints (B0D832E4-1F89-4F0D-ACCF-7EB736FD4AA2): 10
LogDevObjectVersion:   Dev-Build (E1C64328-A22C-4D53-A36C-8E866417BD8C): 0
LogDevObjectVersion:   Dev-Core (375EC13C-06E4-48FB-B500-84F0262A717E): 4
LogDevObjectVersion:   Dev-Editor (E4B068ED-F494-42E9-A231-DA0B2E46BB41): 38
LogDevObjectVersion:   Dev-Framework (CFFC743F-43B0-4480-9391-14DF171D2073): 37
LogDevObjectVersion:   Dev-Mobile (B02B49B5-BB20-44E9-A304-32B752E40360): 2
LogDevObjectVersion:   Dev-Networking (A4E4105C-59A1-49B5-A7C5-40C4547EDFEE): 0
LogDevObjectVersion:   Dev-Online (39C831C9-5AE6-47DC-9A44-9C173E1C8E7C): 0
LogDevObjectVersion:   Dev-Physics (78F01B33-EBEA-4F98-B9B4-84EACCB95AA2): 4
LogDevObjectVersion:   Dev-Platform (6631380F-2D4D-43E0-8009-CF276956A95A): 0
LogDevObjectVersion:   Dev-Rendering (12F88B9F-8875-4AFC-A67C-D90C383ABD29): 43
LogDevObjectVersion:   Dev-Sequencer (7B5AE74C-D270-4C10-A958-57980B212A5A): 12
LogDevObjectVersion:   Dev-VR (D7296918-1DD6-4BDD-9DE2-64A83CC13884): 3
LogDevObjectVersion:   Dev-LoadTimes (C2A15278-BFE7-4AFE-6C17-90FF531DF755): 1
LogDevObjectVersion:   Private-Geometry (6EACA3D4-40EC-4CC1-B786-8BED09428FC5): 3
LogDevObjectVersion:   Dev-AnimPhys (29E575DD-E0A3-4627-9D10-D276232CDCEA): 17
LogDevObjectVersion:   Dev-Anim (AF43A65D-7FD3-4947-9873-3E8ED9C1BB05): 7
LogDevObjectVersion:   Dev-ReflectionCapture (6B266CEC-1EC7-4B8F-A30B-E4D90942FC07): 1
LogDevObjectVersion:   Dev-Automation (0DF73D61-A23F-47EA-B727-89E90C41499A): 1
LogDevObjectVersion:   FortniteMain (601D1886-AC64-4F84-AA16-D3DE0DEAC7D6): 31
LogDevObjectVersion:   Dev-Enterprise (9DFFBCD6-494F-0158-E221-12823C92A888): 10
LogDevObjectVersion:   Dev-Niagara (F2AED0AC-9AFE-416F-8664-AA7FFA26D6FC): 1
LogDevObjectVersion:   Dev-Destruction (174F1F0B-B4C6-45A5-B13F-2EE8D0FB917D): 10
LogDevObjectVersion:   Dev-Physics-Ext (35F94A83-E258-406C-A318-09F59610247C): 37
LogDevObjectVersion:   Dev-PhysicsMaterial-Chaos (B68FC16E-8B1B-42E2-B453-215C058844FE): 1
LogDevObjectVersion:   Dev-CineCamera (B2E18506-4273-CFC2-A54E-F4BB758BBA07): 1
LogInit: Presizing for max 25165824 objects, including 0 objects not considered by GC, pre-allocating 0 bytes for permanent pool.
LogConfig: Applying CVar settings from Section [/Script/Engine.StreamingSettings] File [F:/TCTD/TCTD/Saved/Config/Windows/Engine.ini]
LogConfig: Setting CVar [[s.MinBulkDataSizeForAsyncLoading:131072]]
LogConfig: Setting CVar [[s.AsyncLoadingThreadEnabled:0]]
LogConfig: Setting CVar [[s.EventDrivenLoaderEnabled:1]]
LogConfig: Setting CVar [[s.WarnIfTimeLimitExceeded:0]]
LogConfig: Setting CVar [[s.TimeLimitExceededMultiplier:1.5]]
LogConfig: Setting CVar [[s.TimeLimitExceededMinTime:0.005]]
LogConfig: Setting CVar [[s.UseBackgroundLevelStreaming:1]]
LogConfig: Setting CVar [[s.PriorityAsyncLoadingExtraTime:15.0]]
LogConfig: Setting CVar [[s.LevelStreamingActorsUpdateTimeLimit:5.0]]
LogConfig: Setting CVar [[s.PriorityLevelStreamingActorsUpdateExtraTime:5.0]]
LogConfig: Setting CVar [[s.LevelStreamingComponentsRegistrationGranularity:10]]
LogConfig: Setting CVar [[s.UnregisterComponentsTimeLimit:1.0]]
LogConfig: Setting CVar [[s.LevelStreamingComponentsUnregistrationGranularity:5]]
LogConfig: Setting CVar [[s.FlushStreamingOnExit:1]]
LogInit: Object subsystem initialized
LogConfig: Setting CVar [[con.DebugEarlyDefault:1]]
LogConfig: Setting CVar [[r.setres:1280x720]]
[2020.07.09-14.55.11:888][  0]LogConfig: Setting CVar [[r.VSync:0]]
[2020.07.09-14.55.11:888][  0]LogConfig: Setting CVar [[r.RHICmdBypass:0]]
[2020.07.09-14.55.11:888][  0]LogConfig: Applying CVar settings from Section [/Script/Engine.RendererSettings] File [F:/TCTD/TCTD/Saved/Config/Windows/Engine.ini]
[2020.07.09-14.55.11:888][  0]LogConfig: Setting CVar [[r.GPUCrashDebugging:0]]
[2020.07.09-14.55.11:888][  0]LogConfig: Applying CVar settings from Section [/Script/Engine.RendererOverrideSettings] File [F:/TCTD/TCTD/Saved/Config/Windows/Engine.ini]
[2020.07.09-14.55.11:888][  0]LogConfig: Applying CVar settings from Section [/Script/Engine.StreamingSettings] File [F:/TCTD/TCTD/Saved/Config/Windows/Engine.ini]
[2020.07.09-14.55.11:888][  0]LogConfig: Setting CVar [[s.MinBulkDataSizeForAsyncLoading:131072]]
[2020.07.09-14.55.11:888][  0]LogConfig: Setting CVar [[s.AsyncLoadingThreadEnabled:0]]
[2020.07.09-14.55.11:888][  0]LogConfig: Setting CVar [[s.EventDrivenLoaderEnabled:1]]
[2020.07.09-14.55.11:888][  0]LogConfig: Setting CVar [[s.WarnIfTimeLimitExceeded:0]]
[2020.07.09-14.55.11:888][  0]LogConfig: Setting CVar [[s.TimeLimitExceededMultiplier:1.5]]
[2020.07.09-14.55.11:888][  0]LogConfig: Setting CVar [[s.TimeLimitExceededMinTime:0.005]]
[2020.07.09-14.55.11:888][  0]LogConfig: Setting CVar [[s.UseBackgroundLevelStreaming:1]]
[2020.07.09-14.55.11:888][  0]LogConfig: Setting CVar [[s.PriorityAsyncLoadingExtraTime:15.0]]
[2020.07.09-14.55.11:888][  0]LogConfig: Setting CVar [[s.LevelStreamingActorsUpdateTimeLimit:5.0]]
[2020.07.09-14.55.11:888][  0]LogConfig: Setting CVar [[s.PriorityLevelStreamingActorsUpdateExtraTime:5.0]]
[2020.07.09-14.55.11:888][  0]LogConfig: Setting CVar [[s.LevelStreamingComponentsRegistrationGranularity:10]]
[2020.07.09-14.55.11:888][  0]LogConfig: Setting CVar [[s.UnregisterComponentsTimeLimit:1.0]]
[2020.07.09-14.55.11:888][  0]LogConfig: Setting CVar [[s.LevelStreamingComponentsUnregistrationGranularity:5]]
[2020.07.09-14.55.11:888][  0]LogConfig: Setting CVar [[s.FlushStreamingOnExit:1]]
[2020.07.09-14.55.11:888][  0]LogConfig: Applying CVar settings from Section [/Script/Engine.GarbageCollectionSettings] File [F:/TCTD/TCTD/Saved/Config/Windows/Engine.ini]
[2020.07.09-14.55.11:888][  0]LogConfig: Setting CVar [[gc.MaxObjectsNotConsideredByGC:1]]
[2020.07.09-14.55.11:888][  0]LogConfig: Setting CVar [[gc.SizeOfPermanentObjectPool:0]]
[2020.07.09-14.55.11:888][  0]LogConfig: Setting CVar [[gc.FlushStreamingOnGC:0]]
[2020.07.09-14.55.11:888][  0]LogConfig: Setting CVar [[gc.NumRetriesBeforeForcingGC:10]]
[2020.07.09-14.55.11:888][  0]LogConfig: Setting CVar [[gc.AllowParallelGC:1]]
[2020.07.09-14.55.11:888][  0]LogConfig: Setting CVar [[gc.TimeBetweenPurgingPendingKillObjects:61.1]]
[2020.07.09-14.55.11:888][  0]LogConfig: Setting CVar [[gc.MaxObjectsInEditor:25165824]]
[2020.07.09-14.55.11:888][  0]LogConfig: Setting CVar [[gc.IncrementalBeginDestroyEnabled:1]]
[2020.07.09-14.55.11:888][  0]LogConfig: Setting CVar [[gc.CreateGCClusters:1]]
[2020.07.09-14.55.11:888][  0]LogConfig: Setting CVar [[gc.MinGCClusterSize:5]]
[2020.07.09-14.55.11:889][  0]LogConfig: Setting CVar [[gc.ActorClusteringEnabled:0]]
[2020.07.09-14.55.11:889][  0]LogConfig: Setting CVar [[gc.BlueprintClusteringEnabled:0]]
[2020.07.09-14.55.11:889][  0]LogConfig: Setting CVar [[gc.UseDisregardForGCOnDedicatedServers:0]]
[2020.07.09-14.55.11:889][  0]LogConfig: Applying CVar settings from Section [/Script/Engine.NetworkSettings] File [F:/TCTD/TCTD/Saved/Config/Windows/Engine.ini]
[2020.07.09-14.55.11:889][  0]LogConfig: Applying CVar settings from Section [/Script/UnrealEd.CookerSettings] File [F:/TCTD/TCTD/Saved/Config/Windows/Engine.ini]
[2020.07.09-14.55.11:895][  0]LogConfig: Applying CVar settings from Section [ViewDistanceQuality@3] File [F:/TCTD/TCTD/Saved/Config/Windows/Scalability.ini]
[2020.07.09-14.55.11:895][  0]LogConfig: Setting CVar [[r.SkeletalMeshLODBias:0]]
[2020.07.09-14.55.11:895][  0]LogConfig: Setting CVar [[r.ViewDistanceScale:1.0]]
[2020.07.09-14.55.11:895][  0]LogConfig: Applying CVar settings from Section [AntiAliasingQuality@3] File [F:/TCTD/TCTD/Saved/Config/Windows/Scalability.ini]
[2020.07.09-14.55.11:895][  0]LogConfig: Setting CVar [[r.PostProcessAAQuality:4]]
[2020.07.09-14.55.11:895][  0]LogConfig: Applying CVar settings from Section [ShadowQuality@3] File [F:/TCTD/TCTD/Saved/Config/Windows/Scalability.ini]
[2020.07.09-14.55.11:895][  0]LogConfig: Setting CVar [[r.LightFunctionQuality:1]]
[2020.07.09-14.55.11:895][  0]LogConfig: Setting CVar [[r.ShadowQuality:5]]
[2020.07.09-14.55.11:895][  0]LogConfig: Setting CVar [[r.Shadow.CSM.MaxCascades:10]]
[2020.07.09-14.55.11:895][  0]LogConfig: Setting CVar [[r.Shadow.MaxResolution:2048]]
[2020.07.09-14.55.11:895][  0]LogConfig: Setting CVar [[r.Shadow.MaxCSMResolution:2048]]
[2020.07.09-14.55.11:895][  0]LogConfig: Setting CVar [[r.Shadow.RadiusThreshold:0.01]]
[2020.07.09-14.55.11:895][  0]LogConfig: Setting CVar [[r.Shadow.DistanceScale:1.0]]
[2020.07.09-14.55.11:895][  0]LogConfig: Setting CVar [[r.Shadow.CSM.TransitionScale:1.0]]
[2020.07.09-14.55.11:895][  0]LogConfig: Setting CVar [[r.Shadow.PreShadowResolutionFactor:1.0]]
[2020.07.09-14.55.11:896][  0]LogConfig: Setting CVar [[r.DistanceFieldShadowing:1]]
[2020.07.09-14.55.11:896][  0]LogConfig: Setting CVar [[r.DistanceFieldAO:1]]
[2020.07.09-14.55.11:896][  0]LogConfig: Setting CVar [[r.AOQuality:2]]
[2020.07.09-14.55.11:896][  0]LogConfig: Setting CVar [[r.VolumetricFog:1]]
[2020.07.09-14.55.11:896][  0]LogConfig: Setting CVar [[r.VolumetricFog.GridPixelSize:8]]
[2020.07.09-14.55.11:896][  0]LogConfig: Setting CVar [[r.VolumetricFog.GridSizeZ:128]]
[2020.07.09-14.55.11:896][  0]LogConfig: Setting CVar [[r.VolumetricFog.HistoryMissSupersampleCount:4]]
[2020.07.09-14.55.11:896][  0]LogConfig: Setting CVar [[r.LightMaxDrawDistanceScale:1]]
[2020.07.09-14.55.11:896][  0]LogConfig: Setting CVar [[r.CapsuleShadows:1]]
[2020.07.09-14.55.11:896][  0]LogConfig: Applying CVar settings from Section [PostProcessQuality@3] File [F:/TCTD/TCTD/Saved/Config/Windows/Scalability.ini]
[2020.07.09-14.55.11:896][  0]LogConfig: Setting CVar [[r.MotionBlurQuality:4]]
[2020.07.09-14.55.11:896][  0]LogConfig: Setting CVar [[r.AmbientOcclusionMipLevelFactor:0.4]]
[2020.07.09-14.55.11:896][  0]LogConfig: Setting CVar [[r.AmbientOcclusionMaxQuality:100]]
[2020.07.09-14.55.11:896][  0]LogConfig: Setting CVar [[r.AmbientOcclusionLevels:-1]]
[2020.07.09-14.55.11:896][  0]LogConfig: Setting CVar [[r.AmbientOcclusionRadiusScale:1.0]]
[2020.07.09-14.55.11:896][  0]LogConfig: Setting CVar [[r.DepthOfFieldQuality:2]]
[2020.07.09-14.55.11:896][  0]LogConfig: Setting CVar [[r.RenderTargetPoolMin:400]]
[2020.07.09-14.55.11:896][  0]LogConfig: Setting CVar [[r.LensFlareQuality:2]]
[2020.07.09-14.55.11:896][  0]LogConfig: Setting CVar [[r.SceneColorFringeQuality:1]]
[2020.07.09-14.55.11:896][  0]LogConfig: Setting CVar [[r.EyeAdaptationQuality:2]]
[2020.07.09-14.55.11:896][  0]LogConfig: Setting CVar [[r.BloomQuality:5]]
[2020.07.09-14.55.11:896][  0]LogConfig: Setting CVar [[r.FastBlurThreshold:100]]
[2020.07.09-14.55.11:896][  0]LogConfig: Setting CVar [[r.Upscale.Quality:3]]
[2020.07.09-14.55.11:896][  0]LogConfig: Setting CVar [[r.Tonemapper.GrainQuantization:1]]
[2020.07.09-14.55.11:896][  0]LogConfig: Setting CVar [[r.LightShaftQuality:1]]
[2020.07.09-14.55.11:896][  0]LogConfig: Setting CVar [[r.Filter.SizeScale:1]]
[2020.07.09-14.55.11:896][  0]LogConfig: Setting CVar [[r.Tonemapper.Quality:5]]
[2020.07.09-14.55.11:896][  0]LogConfig: Setting CVar [[r.DOF.Gather.AccumulatorQuality:1        ; higher gathering accumulator quality]]
[2020.07.09-14.55.11:896][  0]LogConfig: Setting CVar [[r.DOF.Gather.PostfilterMethod:1          ; Median3x3 postfilering method]]
[2020.07.09-14.55.11:896][  0]LogConfig: Setting CVar [[r.DOF.Gather.EnableBokehSettings:0       ; no bokeh simulation when gathering]]
[2020.07.09-14.55.11:896][  0]LogConfig: Setting CVar [[r.DOF.Gather.RingCount:4                 ; medium number of samples when gathering]]
[2020.07.09-14.55.11:896][  0]LogConfig: Setting CVar [[r.DOF.Scatter.ForegroundCompositing:1    ; additive foreground scattering]]
[2020.07.09-14.55.11:896][  0]LogConfig: Setting CVar [[r.DOF.Scatter.BackgroundCompositing:2    ; additive background scattering]]
[2020.07.09-14.55.11:896][  0]LogConfig: Setting CVar [[r.DOF.Scatter.EnableBokehSettings:1      ; bokeh simulation when scattering]]
[2020.07.09-14.55.11:896][  0]LogConfig: Setting CVar [[r.DOF.Scatter.MaxSpriteRatio:0.1         ; only a maximum of 10% of scattered bokeh]]
[2020.07.09-14.55.11:896][  0]LogConfig: Setting CVar [[r.DOF.Recombine.Quality:1                ; cheap slight out of focus]]
[2020.07.09-14.55.11:896][  0]LogConfig: Setting CVar [[r.DOF.Recombine.EnableBokehSettings:0    ; no bokeh simulation on slight out of focus]]
[2020.07.09-14.55.11:896][  0]LogConfig: Setting CVar [[r.DOF.TemporalAAQuality:1                ; more stable temporal accumulation]]
[2020.07.09-14.55.11:896][  0]LogConfig: Setting CVar [[r.DOF.Kernel.MaxForegroundRadius:0.025]]
[2020.07.09-14.55.11:896][  0]LogConfig: Setting CVar [[r.DOF.Kernel.MaxBackgroundRadius:0.025]]
[2020.07.09-14.55.11:896][  0]LogConfig: Applying CVar settings from Section [TextureQuality@3] File [F:/TCTD/TCTD/Saved/Config/Windows/Scalability.ini]
[2020.07.09-14.55.11:896][  0]LogConfig: Setting CVar [[r.Streaming.MipBias:0]]
[2020.07.09-14.55.11:896][  0]LogConfig: Setting CVar [[r.Streaming.AmortizeCPUToGPUCopy:0]]
[2020.07.09-14.55.11:896][  0]LogConfig: Setting CVar [[r.Streaming.MaxNumTexturesToStreamPerFrame:0]]
[2020.07.09-14.55.11:896][  0]LogConfig: Setting CVar [[r.Streaming.Boost:1]]
[2020.07.09-14.55.11:896][  0]LogConfig: Setting CVar [[r.MaxAnisotropy:8]]
[2020.07.09-14.55.11:896][  0]LogConfig: Setting CVar [[r.VT.MaxAnisotropy:8]]
[2020.07.09-14.55.11:896][  0]LogConfig: Setting CVar [[r.Streaming.LimitPoolSizeToVRAM:0]]
[2020.07.09-14.55.11:896][  0]LogConfig: Setting CVar [[r.Streaming.PoolSize:1000]]
[2020.07.09-14.55.11:896][  0]LogConfig: Setting CVar [[r.Streaming.MaxEffectiveScreenSize:0]]
[2020.07.09-14.55.11:896][  0]LogConfig: Applying CVar settings from Section [EffectsQuality@3] File [F:/TCTD/TCTD/Saved/Config/Windows/Scalability.ini]
[2020.07.09-14.55.11:896][  0]LogConfig: Setting CVar [[r.TranslucencyLightingVolumeDim:64]]
[2020.07.09-14.55.11:896][  0]LogConfig: Setting CVar [[r.RefractionQuality:2]]
[2020.07.09-14.55.11:896][  0]LogConfig: Setting CVar [[r.SSR.Quality:3]]
[2020.07.09-14.55.11:896][  0]LogConfig: Setting CVar [[r.SSR.HalfResSceneColor:0]]
[2020.07.09-14.55.11:896][  0]LogConfig: Setting CVar [[r.SceneColorFormat:4]]
[2020.07.09-14.55.11:896][  0]LogConfig: Setting CVar [[r.DetailMode:2]]
[2020.07.09-14.55.11:896][  0]LogConfig: Setting CVar [[r.TranslucencyVolumeBlur:1]]
[2020.07.09-14.55.11:896][  0]LogConfig: Setting CVar [[r.MaterialQualityLevel:1 ; High quality]]
[2020.07.09-14.55.11:896][  0]LogConfig: Setting CVar [[r.SSS.Scale:1]]
[2020.07.09-14.55.11:896][  0]LogConfig: Setting CVar [[r.SSS.SampleSet:2]]
[2020.07.09-14.55.11:897][  0]LogConfig: Setting CVar [[r.SSS.Quality:1]]
[2020.07.09-14.55.11:897][  0]LogConfig: Setting CVar [[r.SSS.HalfRes:0]]
[2020.07.09-14.55.11:897][  0]LogConfig: Setting CVar [[r.SSGI.Quality:3]]
[2020.07.09-14.55.11:897][  0]LogConfig: Setting CVar [[r.EmitterSpawnRateScale:1.0]]
[2020.07.09-14.55.11:897][  0]LogConfig: Setting CVar [[r.ParticleLightQuality:2]]
[2020.07.09-14.55.11:897][  0]LogConfig: Setting CVar [[r.SkyAtmosphere.AerialPerspectiveLUT.FastApplyOnOpaque:1 ; Always have FastSkyLUT 1 in this case to avoid wrong sky]]
[2020.07.09-14.55.11:897][  0]LogConfig: Setting CVar [[r.SkyAtmosphere.AerialPerspectiveLUT.SampleCountPerSlice:1]]
[2020.07.09-14.55.11:897][  0]LogConfig: Setting CVar [[r.SkyAtmosphere.AerialPerspectiveLUT.DepthResolution:16.0]]
[2020.07.09-14.55.11:897][  0]LogConfig: Setting CVar [[r.SkyAtmosphere.FastSkyLUT:1]]
[2020.07.09-14.55.11:897][  0]LogConfig: Setting CVar [[r.SkyAtmosphere.FastSkyLUT.SampleCountMin:4.0]]
[2020.07.09-14.55.11:897][  0]LogConfig: Setting CVar [[r.SkyAtmosphere.FastSkyLUT.SampleCountMax:32.0]]
[2020.07.09-14.55.11:897][  0]LogConfig: Setting CVar [[r.SkyAtmosphere.SampleCountMin:4.0]]
[2020.07.09-14.55.11:897][  0]LogConfig: Setting CVar [[r.SkyAtmosphere.SampleCountMax:32.0]]
[2020.07.09-14.55.11:897][  0]LogConfig: Setting CVar [[r.SkyAtmosphere.TransmittanceLUT.UseSmallFormat:0]]
[2020.07.09-14.55.11:897][  0]LogConfig: Setting CVar [[r.SkyAtmosphere.TransmittanceLUT.SampleCount:10.0]]
[2020.07.09-14.55.11:897][  0]LogConfig: Setting CVar [[r.SkyAtmosphere.MultiScatteringLUT.SampleCount:15.0]]
[2020.07.09-14.55.11:897][  0]LogConfig: Applying CVar settings from Section [FoliageQuality@3] File [F:/TCTD/TCTD/Saved/Config/Windows/Scalability.ini]
[2020.07.09-14.55.11:897][  0]LogConfig: Setting CVar [[foliage.DensityScale:1.0]]
[2020.07.09-14.55.11:897][  0]LogConfig: Setting CVar [[grass.DensityScale:1.0]]
[2020.07.09-14.55.11:897][  0]LogConfig: Applying CVar settings from Section [ShadingQuality@3] File [F:/TCTD/TCTD/Saved/Config/Windows/Scalability.ini]
[2020.07.09-14.55.11:897][  0]LogConfig: Setting CVar [[r.HairStrands.SkyLighting.SampleCount:16]]
[2020.07.09-14.55.11:897][  0]LogConfig: Setting CVar [[r.HairStrands.SkyLighting.JitterIntegration:0]]
[2020.07.09-14.55.11:897][  0]LogConfig: Setting CVar [[r.HairStrands.SkyAO.SampleCount:16]]
[2020.07.09-14.55.11:897][  0]LogConfig: Setting CVar [[r.HairStrands.DeepShadow.SuperSampling:0]]
[2020.07.09-14.55.11:897][  0]LogConfig: Setting CVar [[r.HairStrands.VisibilityPPLL:0]]
[2020.07.09-14.55.11:897][  0]LogConfig: Setting CVar [[r.HairStrands.RasterizationScale:0.5]]
[2020.07.09-14.55.11:897][  0]LogConfig: Setting CVar [[r.HairStrands.VelocityRasterizationScale:1]]
[2020.07.09-14.55.11:897][  0]LogInit: Selected Device Profile: [Windows]
[2020.07.09-14.55.11:897][  0]LogInit: Applying CVar settings loaded from the selected device profile: [Windows]
[2020.07.09-14.55.11:897][  0]LogHAL: Display: Platform has ~ 31 GB [33225981952 / 34359738368 / 31], which maps to Larger [LargestMinGB=32, LargerMinGB=12, DefaultMinGB=8, SmallerMinGB=6, SmallestMinGB=0)
[2020.07.09-14.55.11:897][  0]LogInit: Going up to parent DeviceProfile []
[2020.07.09-14.55.11:897][  0]LogConfig: Applying CVar settings from Section [ViewDistanceQuality@3] File [F:/TCTD/TCTD/Saved/Config/Windows/Scalability.ini]
[2020.07.09-14.55.11:897][  0]LogConfig: Setting CVar [[r.SkeletalMeshLODBias:0]]
[2020.07.09-14.55.11:897][  0]LogConfig: Setting CVar [[r.ViewDistanceScale:1.0]]
[2020.07.09-14.55.11:897][  0]LogConfig: Applying CVar settings from Section [AntiAliasingQuality@3] File [F:/TCTD/TCTD/Saved/Config/Windows/Scalability.ini]
[2020.07.09-14.55.11:897][  0]LogConfig: Setting CVar [[r.PostProcessAAQuality:4]]
[2020.07.09-14.55.11:897][  0]LogConfig: Applying CVar settings from Section [ShadowQuality@3] File [F:/TCTD/TCTD/Saved/Config/Windows/Scalability.ini]
[2020.07.09-14.55.11:897][  0]LogConfig: Setting CVar [[r.LightFunctionQuality:1]]
[2020.07.09-14.55.11:897][  0]LogConfig: Setting CVar [[r.ShadowQuality:5]]
[2020.07.09-14.55.11:897][  0]LogConfig: Setting CVar [[r.Shadow.CSM.MaxCascades:10]]
[2020.07.09-14.55.11:897][  0]LogConfig: Setting CVar [[r.Shadow.MaxResolution:2048]]
[2020.07.09-14.55.11:897][  0]LogConfig: Setting CVar [[r.Shadow.MaxCSMResolution:2048]]
[2020.07.09-14.55.11:897][  0]LogConfig: Setting CVar [[r.Shadow.RadiusThreshold:0.01]]
[2020.07.09-14.55.11:897][  0]LogConfig: Setting CVar [[r.Shadow.DistanceScale:1.0]]
[2020.07.09-14.55.11:897][  0]LogConfig: Setting CVar [[r.Shadow.CSM.TransitionScale:1.0]]
[2020.07.09-14.55.11:897][  0]LogConfig: Setting CVar [[r.Shadow.PreShadowResolutionFactor:1.0]]
[2020.07.09-14.55.11:897][  0]LogConfig: Setting CVar [[r.DistanceFieldShadowing:1]]
[2020.07.09-14.55.11:897][  0]LogConfig: Setting CVar [[r.DistanceFieldAO:1]]
[2020.07.09-14.55.11:897][  0]LogConfig: Setting CVar [[r.AOQuality:2]]
[2020.07.09-14.55.11:897][  0]LogConfig: Setting CVar [[r.VolumetricFog:1]]
[2020.07.09-14.55.11:897][  0]LogConfig: Setting CVar [[r.VolumetricFog.GridPixelSize:8]]
[2020.07.09-14.55.11:897][  0]LogConfig: Setting CVar [[r.VolumetricFog.GridSizeZ:128]]
[2020.07.09-14.55.11:898][  0]LogConfig: Setting CVar [[r.VolumetricFog.HistoryMissSupersampleCount:4]]
[2020.07.09-14.55.11:898][  0]LogConfig: Setting CVar [[r.LightMaxDrawDistanceScale:1]]
[2020.07.09-14.55.11:898][  0]LogConfig: Setting CVar [[r.CapsuleShadows:1]]
[2020.07.09-14.55.11:898][  0]LogConfig: Applying CVar settings from Section [PostProcessQuality@3] File [F:/TCTD/TCTD/Saved/Config/Windows/Scalability.ini]
[2020.07.09-14.55.11:898][  0]LogConfig: Setting CVar [[r.MotionBlurQuality:4]]
[2020.07.09-14.55.11:898][  0]LogConfig: Setting CVar [[r.AmbientOcclusionMipLevelFactor:0.4]]
[2020.07.09-14.55.11:898][  0]LogConfig: Setting CVar [[r.AmbientOcclusionMaxQuality:100]]
[2020.07.09-14.55.11:898][  0]LogConfig: Setting CVar [[r.AmbientOcclusionLevels:-1]]
[2020.07.09-14.55.11:898][  0]LogConfig: Setting CVar [[r.AmbientOcclusionRadiusScale:1.0]]
[2020.07.09-14.55.11:898][  0]LogConfig: Setting CVar [[r.DepthOfFieldQuality:2]]
[2020.07.09-14.55.11:898][  0]LogConfig: Setting CVar [[r.RenderTargetPoolMin:400]]
[2020.07.09-14.55.11:898][  0]LogConfig: Setting CVar [[r.LensFlareQuality:2]]
[2020.07.09-14.55.11:898][  0]LogConfig: Setting CVar [[r.SceneColorFringeQuality:1]]
[2020.07.09-14.55.11:898][  0]LogConfig: Setting CVar [[r.EyeAdaptationQuality:2]]
[2020.07.09-14.55.11:898][  0]LogConfig: Setting CVar [[r.BloomQuality:5]]
[2020.07.09-14.55.11:898][  0]LogConfig: Setting CVar [[r.FastBlurThreshold:100]]
[2020.07.09-14.55.11:898][  0]LogConfig: Setting CVar [[r.Upscale.Quality:3]]
[2020.07.09-14.55.11:898][  0]LogConfig: Setting CVar [[r.Tonemapper.GrainQuantization:1]]
[2020.07.09-14.55.11:898][  0]LogConfig: Setting CVar [[r.LightShaftQuality:1]]
[2020.07.09-14.55.11:898][  0]LogConfig: Setting CVar [[r.Filter.SizeScale:1]]
[2020.07.09-14.55.11:898][  0]LogConfig: Setting CVar [[r.Tonemapper.Quality:5]]
[2020.07.09-14.55.11:898][  0]LogConfig: Setting CVar [[r.DOF.Gather.AccumulatorQuality:1        ; higher gathering accumulator quality]]
[2020.07.09-14.55.11:898][  0]LogConfig: Setting CVar [[r.DOF.Gather.PostfilterMethod:1          ; Median3x3 postfilering method]]
[2020.07.09-14.55.11:898][  0]LogConfig: Setting CVar [[r.DOF.Gather.EnableBokehSettings:0       ; no bokeh simulation when gathering]]
[2020.07.09-14.55.11:898][  0]LogConfig: Setting CVar [[r.DOF.Gather.RingCount:4                 ; medium number of samples when gathering]]
[2020.07.09-14.55.11:898][  0]LogConfig: Setting CVar [[r.DOF.Scatter.ForegroundCompositing:1    ; additive foreground scattering]]
[2020.07.09-14.55.11:898][  0]LogConfig: Setting CVar [[r.DOF.Scatter.BackgroundCompositing:2    ; additive background scattering]]
[2020.07.09-14.55.11:898][  0]LogConfig: Setting CVar [[r.DOF.Scatter.EnableBokehSettings:1      ; bokeh simulation when scattering]]
[2020.07.09-14.55.11:898][  0]LogConfig: Setting CVar [[r.DOF.Scatter.MaxSpriteRatio:0.1         ; only a maximum of 10% of scattered bokeh]]
[2020.07.09-14.55.11:898][  0]LogConfig: Setting CVar [[r.DOF.Recombine.Quality:1                ; cheap slight out of focus]]
[2020.07.09-14.55.11:898][  0]LogConfig: Setting CVar [[r.DOF.Recombine.EnableBokehSettings:0    ; no bokeh simulation on slight out of focus]]
[2020.07.09-14.55.11:898][  0]LogConfig: Setting CVar [[r.DOF.TemporalAAQuality:1                ; more stable temporal accumulation]]
[2020.07.09-14.55.11:898][  0]LogConfig: Setting CVar [[r.DOF.Kernel.MaxForegroundRadius:0.025]]
[2020.07.09-14.55.11:898][  0]LogConfig: Setting CVar [[r.DOF.Kernel.MaxBackgroundRadius:0.025]]
[2020.07.09-14.55.11:898][  0]LogConfig: Applying CVar settings from Section [TextureQuality@3] File [F:/TCTD/TCTD/Saved/Config/Windows/Scalability.ini]
[2020.07.09-14.55.11:898][  0]LogConfig: Setting CVar [[r.Streaming.MipBias:0]]
[2020.07.09-14.55.11:898][  0]LogConfig: Setting CVar [[r.Streaming.AmortizeCPUToGPUCopy:0]]
[2020.07.09-14.55.11:898][  0]LogConfig: Setting CVar [[r.Streaming.MaxNumTexturesToStreamPerFrame:0]]
[2020.07.09-14.55.11:898][  0]LogConfig: Setting CVar [[r.Streaming.Boost:1]]
[2020.07.09-14.55.11:898][  0]LogConfig: Setting CVar [[r.MaxAnisotropy:8]]
[2020.07.09-14.55.11:898][  0]LogConfig: Setting CVar [[r.VT.MaxAnisotropy:8]]
[2020.07.09-14.55.11:898][  0]LogConfig: Setting CVar [[r.Streaming.LimitPoolSizeToVRAM:0]]
[2020.07.09-14.55.11:898][  0]LogConfig: Setting CVar [[r.Streaming.PoolSize:1000]]
[2020.07.09-14.55.11:898][  0]LogConfig: Setting CVar [[r.Streaming.MaxEffectiveScreenSize:0]]
[2020.07.09-14.55.11:898][  0]LogConfig: Applying CVar settings from Section [EffectsQuality@3] File [F:/TCTD/TCTD/Saved/Config/Windows/Scalability.ini]
[2020.07.09-14.55.11:898][  0]LogConfig: Setting CVar [[r.TranslucencyLightingVolumeDim:64]]
[2020.07.09-14.55.11:898][  0]LogConfig: Setting CVar [[r.RefractionQuality:2]]
[2020.07.09-14.55.11:898][  0]LogConfig: Setting CVar [[r.SSR.Quality:3]]
[2020.07.09-14.55.11:898][  0]LogConfig: Setting CVar [[r.SSR.HalfResSceneColor:0]]
[2020.07.09-14.55.11:898][  0]LogConfig: Setting CVar [[r.SceneColorFormat:4]]
[2020.07.09-14.55.11:898][  0]LogConfig: Setting CVar [[r.DetailMode:2]]
[2020.07.09-14.55.11:898][  0]LogConfig: Setting CVar [[r.TranslucencyVolumeBlur:1]]
[2020.07.09-14.55.11:898][  0]LogConfig: Setting CVar [[r.MaterialQualityLevel:1 ; High quality]]
[2020.07.09-14.55.11:898][  0]LogConfig: Setting CVar [[r.SSS.Scale:1]]
[2020.07.09-14.55.11:898][  0]LogConfig: Setting CVar [[r.SSS.SampleSet:2]]
[2020.07.09-14.55.11:898][  0]LogConfig: Setting CVar [[r.SSS.Quality:1]]
[2020.07.09-14.55.11:898][  0]LogConfig: Setting CVar [[r.SSS.HalfRes:0]]
[2020.07.09-14.55.11:898][  0]LogConfig: Setting CVar [[r.SSGI.Quality:3]]
[2020.07.09-14.55.11:899][  0]LogConfig: Setting CVar [[r.EmitterSpawnRateScale:1.0]]
[2020.07.09-14.55.11:899][  0]LogConfig: Setting CVar [[r.ParticleLightQuality:2]]
[2020.07.09-14.55.11:899][  0]LogConfig: Setting CVar [[r.SkyAtmosphere.AerialPerspectiveLUT.FastApplyOnOpaque:1 ; Always have FastSkyLUT 1 in this case to avoid wrong sky]]
[2020.07.09-14.55.11:899][  0]LogConfig: Setting CVar [[r.SkyAtmosphere.AerialPerspectiveLUT.SampleCountPerSlice:1]]
[2020.07.09-14.55.11:899][  0]LogConfig: Setting CVar [[r.SkyAtmosphere.AerialPerspectiveLUT.DepthResolution:16.0]]
[2020.07.09-14.55.11:899][  0]LogConfig: Setting CVar [[r.SkyAtmosphere.FastSkyLUT:1]]
[2020.07.09-14.55.11:899][  0]LogConfig: Setting CVar [[r.SkyAtmosphere.FastSkyLUT.SampleCountMin:4.0]]
[2020.07.09-14.55.11:899][  0]LogConfig: Setting CVar [[r.SkyAtmosphere.FastSkyLUT.SampleCountMax:32.0]]
[2020.07.09-14.55.11:899][  0]LogConfig: Setting CVar [[r.SkyAtmosphere.SampleCountMin:4.0]]
[2020.07.09-14.55.11:899][  0]LogConfig: Setting CVar [[r.SkyAtmosphere.SampleCountMax:32.0]]
[2020.07.09-14.55.11:899][  0]LogConfig: Setting CVar [[r.SkyAtmosphere.TransmittanceLUT.UseSmallFormat:0]]
[2020.07.09-14.55.11:899][  0]LogConfig: Setting CVar [[r.SkyAtmosphere.TransmittanceLUT.SampleCount:10.0]]
[2020.07.09-14.55.11:899][  0]LogConfig: Setting CVar [[r.SkyAtmosphere.MultiScatteringLUT.SampleCount:15.0]]
[2020.07.09-14.55.11:899][  0]LogConfig: Applying CVar settings from Section [FoliageQuality@3] File [F:/TCTD/TCTD/Saved/Config/Windows/Scalability.ini]
[2020.07.09-14.55.11:899][  0]LogConfig: Setting CVar [[foliage.DensityScale:1.0]]
[2020.07.09-14.55.11:899][  0]LogConfig: Setting CVar [[grass.DensityScale:1.0]]
[2020.07.09-14.55.11:899][  0]LogConfig: Applying CVar settings from Section [ShadingQuality@3] File [F:/TCTD/TCTD/Saved/Config/Windows/Scalability.ini]
[2020.07.09-14.55.11:899][  0]LogConfig: Setting CVar [[r.HairStrands.SkyLighting.SampleCount:16]]
[2020.07.09-14.55.11:899][  0]LogConfig: Setting CVar [[r.HairStrands.SkyLighting.JitterIntegration:0]]
[2020.07.09-14.55.11:899][  0]LogConfig: Setting CVar [[r.HairStrands.SkyAO.SampleCount:16]]
[2020.07.09-14.55.11:899][  0]LogConfig: Setting CVar [[r.HairStrands.DeepShadow.SuperSampling:0]]
[2020.07.09-14.55.11:899][  0]LogConfig: Setting CVar [[r.HairStrands.VisibilityPPLL:0]]
[2020.07.09-14.55.11:899][  0]LogConfig: Setting CVar [[r.HairStrands.RasterizationScale:0.5]]
[2020.07.09-14.55.11:899][  0]LogConfig: Setting CVar [[r.HairStrands.VelocityRasterizationScale:1]]
[2020.07.09-14.55.11:899][  0]LogConfig: Applying CVar settings from Section [Startup] File [../../../Engine/Config/ConsoleVariables.ini]
[2020.07.09-14.55.11:899][  0]LogConfig: Setting CVar [[net.UseAdaptiveNetUpdateFrequency:0]]
[2020.07.09-14.55.11:899][  0]LogConfig: Setting CVar [[p.chaos.AllowCreatePhysxBodies:1]]
[2020.07.09-14.55.11:899][  0]LogConfig: Setting CVar [[fx.SkipVectorVMBackendOptimizations:1]]
[2020.07.09-14.55.11:899][  0]LogConfig: Applying CVar settings from Section [ConsoleVariables] File [F:/TCTD/TCTD/Saved/Config/Windows/Engine.ini]
[2020.07.09-14.55.11:900][  0]LogInit: Computer: DESKTOP-4CJ4ISN
[2020.07.09-14.55.11:900][  0]LogInit: User: kylej
[2020.07.09-14.55.11:900][  0]LogInit: CPU Page size=4096, Cores=4
[2020.07.09-14.55.11:900][  0]LogInit: High frequency timer resolution =10.000000 MHz
[2020.07.09-14.55.11:900][  0]LogMemory: Memory total: Physical=30.9GB (31GB approx)
[2020.07.09-14.55.11:900][  0]LogMemory: Platform Memory Stats for Windows
[2020.07.09-14.55.11:900][  0]LogMemory: Process Physical Memory: 114.58 MB used, 114.59 MB peak
[2020.07.09-14.55.11:900][  0]LogMemory: Process Virtual Memory: 95.68 MB used, 95.68 MB peak
[2020.07.09-14.55.11:900][  0]LogMemory: Physical Memory: 20714.81 MB used,  10971.95 MB free, 31686.77 MB total
[2020.07.09-14.55.11:900][  0]LogMemory: Virtual Memory: 5127.76 MB used,  134212600.00 MB free, 134217728.00 MB total
[2020.07.09-14.55.11:909][  0]LogWindows: WindowsPlatformFeatures enabled
[2020.07.09-14.55.11:973][  0]LogInit: Physics initialised using underlying interface: PhysX
[2020.07.09-14.55.11:974][  0]LogInit: Using OS detected language (en-US).
[2020.07.09-14.55.11:974][  0]LogInit: Using OS detected locale (en-US).
[2020.07.09-14.55.11:977][  0]LogTextLocalizationManager: No specific localization for 'en-US' exists, so the 'en' localization will be used.
[2020.07.09-14.55.12:275][  0]LogInit: Setting process to per monitor DPI aware
[2020.07.09-14.55.12:336][  0]LogSlate: New Slate User Created.  User Index 0, Is Virtual User: 0
[2020.07.09-14.55.12:336][  0]LogSlate: Slate User Registered.  User Index 0, Is Virtual User: 0
[2020.07.09-14.55.12:537][  0]LogHMD: Failed to initialize OpenVR with code 110
[2020.07.09-14.55.12:537][  0]LogD3D11RHI: D3D11 min allowed feature level: 11_0
[2020.07.09-14.55.12:537][  0]LogD3D11RHI: D3D11 max allowed feature level: 11_0
[2020.07.09-14.55.12:537][  0]LogD3D11RHI: D3D11 adapters:
[2020.07.09-14.55.12:674][  0]LogD3D11RHI:    0. 'NVIDIA GeForce GTX 1660 Ti' (Feature Level 11_0)
[2020.07.09-14.55.12:674][  0]LogD3D11RHI:       5991/0/15843 MB DedicatedVideo/DedicatedSystem/SharedSystem, Outputs:2, VendorId:0x10de
[2020.07.09-14.55.12:677][  0]LogD3D11RHI:    1. 'Microsoft Basic Render Driver' (Feature Level 11_0)
[2020.07.09-14.55.12:677][  0]LogD3D11RHI:       0/0/15843 MB DedicatedVideo/DedicatedSystem/SharedSystem, Outputs:0, VendorId:0x1414
[2020.07.09-14.55.12:677][  0]LogD3D11RHI: Chosen D3D11 Adapter: 0
[2020.07.09-14.55.12:698][  0]LogD3D11RHI: Creating new Direct3DDevice
[2020.07.09-14.55.12:698][  0]LogD3D11RHI:     GPU DeviceId: 0x2182 (for the marketing name, search the web for "GPU Device Id")
[2020.07.09-14.55.12:698][  0]LogWindows: EnumDisplayDevices:
[2020.07.09-14.55.12:698][  0]LogWindows:    0. 'NVIDIA GeForce GTX 1660 Ti' (P:0 D:1)
[2020.07.09-14.55.12:699][  0]LogWindows:    1. 'NVIDIA GeForce GTX 1660 Ti' (P:1 D:1)
[2020.07.09-14.55.12:699][  0]LogWindows:    2. 'NVIDIA GeForce GTX 1660 Ti' (P:0 D:0)
[2020.07.09-14.55.12:699][  0]LogWindows:    3. 'NVIDIA GeForce GTX 1660 Ti' (P:0 D:0)
[2020.07.09-14.55.12:700][  0]LogWindows: DebugString: FoundDriverCount:4 
[2020.07.09-14.55.12:700][  0]LogD3D11RHI:     Adapter Name: NVIDIA GeForce GTX 1660 Ti
[2020.07.09-14.55.12:700][  0]LogD3D11RHI:   Driver Version: 445.87 (internal:26.21.14.4587, unified:445.87)
[2020.07.09-14.55.12:700][  0]LogD3D11RHI:      Driver Date: 4-3-2020
[2020.07.09-14.55.12:700][  0]LogRHI: Texture pool is 4193 MB (70% of 5991 MB)
[2020.07.09-14.55.12:774][  0]LogD3D11RHI: RHI has support for 64 bit atomics
[2020.07.09-14.55.12:777][  0]LogD3D11RHI: [Aftermath] Enabled and primed
[2020.07.09-14.55.12:777][  0]LogD3D11RHI: Async texture creation enabled
[2020.07.09-14.55.12:777][  0]LogD3D11RHI: Array index from any shader is supported
[2020.07.09-14.55.12:780][  0]LogD3D11RHI: HDR output is supported on display 0 (NvId: 0x80061087).
[2020.07.09-14.55.12:826][  0]LogD3D11RHI: GPU Timing Frequency: 1000.000000 (Debug: 2 2)
[2020.07.09-14.55.13:766][  0]LogTargetPlatformManager: Display: Loaded TargetPlatform 'AllDesktop'
[2020.07.09-14.55.13:799][  0]LogTargetPlatformManager: Display: Loaded TargetPlatform 'Android'
[2020.07.09-14.55.13:799][  0]LogTargetPlatformManager: Display: Loaded TargetPlatform 'Android_ASTC'
[2020.07.09-14.55.13:799][  0]LogTargetPlatformManager: Display: Loaded TargetPlatform 'Android_DXT'
[2020.07.09-14.55.13:799][  0]LogTargetPlatformManager: Display: Loaded TargetPlatform 'Android_ETC2'
[2020.07.09-14.55.13:799][  0]LogTargetPlatformManager: Display: Loaded TargetPlatform 'AndroidClient'
[2020.07.09-14.55.13:799][  0]LogTargetPlatformManager: Display: Loaded TargetPlatform 'Android_ASTCClient'
[2020.07.09-14.55.13:799][  0]LogTargetPlatformManager: Display: Loaded TargetPlatform 'Android_DXTClient'
[2020.07.09-14.55.13:799][  0]LogTargetPlatformManager: Display: Loaded TargetPlatform 'Android_ETC2Client'
[2020.07.09-14.55.13:799][  0]LogTargetPlatformManager: Display: Loaded TargetPlatform 'Android_Multi'
[2020.07.09-14.55.13:799][  0]LogTargetPlatformManager: Display: Loaded TargetPlatform 'Android_MultiClient'
[2020.07.09-14.55.13:853][  0]LogTargetPlatformManager: Display: Loaded TargetPlatform 'IOSClient'
[2020.07.09-14.55.13:853][  0]LogTargetPlatformManager: Display: Loaded TargetPlatform 'IOS'
[2020.07.09-14.55.13:868][  0]LogTargetPlatformManager: Display: Loaded TargetPlatform 'Linux'
[2020.07.09-14.55.13:882][  0]LogTargetPlatformManager: Display: Loaded TargetPlatform 'LinuxNoEditor'
[2020.07.09-14.55.13:895][  0]LogTargetPlatformManager: Display: Loaded TargetPlatform 'LinuxClient'
[2020.07.09-14.55.13:909][  0]LogTargetPlatformManager: Display: Loaded TargetPlatform 'LinuxServer'
[2020.07.09-14.55.13:923][  0]LogTargetPlatformManager: Display: Loaded TargetPlatform 'LinuxAArch64NoEditor'
[2020.07.09-14.55.13:936][  0]LogTargetPlatformManager: Display: Loaded TargetPlatform 'LinuxAArch64Client'
[2020.07.09-14.55.13:951][  0]LogTargetPlatformManager: Display: Loaded TargetPlatform 'LinuxAArch64Server'
[2020.07.09-14.55.13:990][  0]LogTargetPlatformManager: Display: Loaded TargetPlatform 'Lumin'
[2020.07.09-14.55.13:990][  0]LogTargetPlatformManager: Display: Loaded TargetPlatform 'LuminClient'
[2020.07.09-14.55.14:011][  0]LogTargetPlatformManager: Display: Loaded TargetPlatform 'TVOSClient'
[2020.07.09-14.55.14:011][  0]LogTargetPlatformManager: Display: Loaded TargetPlatform 'TVOS'
[2020.07.09-14.55.14:025][  0]LogTargetPlatformManager: Display: Loaded TargetPlatform 'WindowsNoEditor'
[2020.07.09-14.55.14:038][  0]LogTargetPlatformManager: Display: Loaded TargetPlatform 'Windows'
[2020.07.09-14.55.14:052][  0]LogTargetPlatformManager: Display: Loaded TargetPlatform 'WindowsClient'
[2020.07.09-14.55.14:066][  0]LogTargetPlatformManager: Display: Loaded TargetPlatform 'WindowsServer'
[2020.07.09-14.55.14:066][  0]LogTargetPlatformManager: Display: Building Assets For Windows
[2020.07.09-14.55.14:081][  0]LogAudioDebug: Display: Lib vorbis DLL was dynamically loaded.
[2020.07.09-14.55.14:193][  0]LogShaderCompilers: Guid format shader working directory is 24 characters bigger than the processId version (../../../../TCTD/TCTD/Intermediate/Shaders/WorkingDirectory/54472/).
[2020.07.09-14.55.14:194][  0]LogShaderCompilers: Cleaned the shader compiler working directory 'C:/Users/kylej/AppData/Local/Temp/UnrealShaderWorkingDir/42C972DD4FFF47366A04928C456FCCE0/'.
[2020.07.09-14.55.14:194][  0]LogXGEController: Cleaning working directory: C:/Users/kylej/AppData/Local/Temp/UnrealXGEWorkingDir/
[2020.07.09-14.55.14:194][  0]LogXGEController: Cannot use XGE Controller as Incredibuild is not installed on this machine.
[2020.07.09-14.55.14:194][  0]LogShaderCompilers: Cannot use XGE Shader Compiler as Incredibuild is not installed on this machine.
[2020.07.09-14.55.14:194][  0]LogShaderCompilers: Display: Using Local Shader Compiler.
[2020.07.09-14.55.15:159][  0]LogDerivedDataCache: Display: Max Cache Size: 512 MB
[2020.07.09-14.55.15:223][  0]LogDerivedDataCache: Loaded boot cache 0.06s 75MB C:/Users/kylej/AppData/Local/UnrealEngine/4.25/DerivedDataCache/Boot.ddc.
[2020.07.09-14.55.15:224][  0]LogDerivedDataCache: Display: Loaded Boot cache: C:/Users/kylej/AppData/Local/UnrealEngine/4.25/DerivedDataCache/Boot.ddc
[2020.07.09-14.55.15:224][  0]LogDerivedDataCache: FDerivedDataBackendGraph:  Pak pak cache file ../../../../TCTD/TCTD/DerivedDataCache/DDC.ddp not found, will not use a pak cache.
[2020.07.09-14.55.15:224][  0]LogDerivedDataCache: Unable to find inner node Pak for hierarchical cache Hierarchy.
[2020.07.09-14.55.15:224][  0]LogDerivedDataCache: FDerivedDataBackendGraph:  CompressedPak pak cache file ../../../../TCTD/TCTD/DerivedDataCache/Compressed.ddp not found, will not use a pak cache.
[2020.07.09-14.55.15:224][  0]LogDerivedDataCache: Unable to find inner node CompressedPak for hierarchical cache Hierarchy.
[2020.07.09-14.55.15:238][  0]LogDerivedDataCache: Display: Pak cache opened for reading ../../../Engine/DerivedDataCache/Compressed.ddp.
[2020.07.09-14.55.15:238][  0]LogDerivedDataCache: FDerivedDataBackendGraph:  EnterprisePak pak cache file ../../../Enterprise/DerivedDataCache/Compressed.ddp not found, will not use a pak cache.
[2020.07.09-14.55.15:238][  0]LogDerivedDataCache: Unable to find inner node EnterprisePak for hierarchical cache Hierarchy.
[2020.07.09-14.55.15:251][  0]LogDerivedDataCache: Using Local data cache path C:/Users/kylej/AppData/Local/UnrealEngine/Common/DerivedDataCache: Writable
[2020.07.09-14.55.15:252][  0]LogDerivedDataCache: Shared data cache path not found in *engine.ini, will not use an Shared cache.
[2020.07.09-14.55.15:252][  0]LogDerivedDataCache: Unable to find inner node Shared for hierarchical cache Hierarchy.
[2020.07.09-14.55.15:320][  0]LogSlate: Using FreeType 2.10.0
[2020.07.09-14.55.15:320][  0]LogSlate: SlateFontServices - WITH_FREETYPE: 1, WITH_HARFBUZZ: 1
[2020.07.09-14.55.15:394][  0]LogAssetRegistry: FAssetRegistry took 0.0229 seconds to start up
[2020.07.09-14.55.15:704][  0]LogInit: Selected Device Profile: [Windows]
[2020.07.09-14.55.15:870][  0]LogMeshReduction: Using QuadricMeshReduction for automatic static mesh reduction
[2020.07.09-14.55.15:870][  0]LogMeshReduction: Using SimplygonMeshReduction for automatic skeletal mesh reduction
[2020.07.09-14.55.15:870][  0]LogMeshReduction: Using ProxyLODMeshReduction for automatic mesh merging
[2020.07.09-14.55.15:870][  0]LogMeshReduction: No distributed automatic mesh merging module available
[2020.07.09-14.55.15:870][  0]LogMeshMerging: No distributed automatic mesh merging module available
[2020.07.09-14.55.15:896][  0]LogNetVersion: TCTD 1.0.0, NetCL: 13144385, EngineNetVer: 14, GameNetVer: 0 (Checksum: 3815092598)
[2020.07.09-14.55.16:563][  0]LogAISub: UAISubsystem::UAISubsystem AISubsystem (00000233ACF283C0), frame # 0
[2020.07.09-14.55.16:563][  0]LogAISub: UAISubsystem::UAISubsystem AIPerceptionSystem (00000233ACE791C0), frame # 0
[2020.07.09-14.55.16:565][  0]LogAISub: UAISubsystem::UAISubsystem EnvQueryManager (00000233ACEC1E00), frame # 0
[2020.07.09-14.55.17:877][  0]LogPackageLocalizationCache: Processed 19 localized package path(s) for 1 prioritized culture(s) in 0.059384 seconds
[2020.07.09-14.55.17:884][  0]LogUObjectArray: 15917 objects as part of root set at end of initial load.
[2020.07.09-14.55.17:884][  0]LogUObjectAllocator: 3965568 out of 0 bytes used by permanent object pool.
[2020.07.09-14.55.17:884][  0]LogUObjectArray: CloseDisregardForGC: 0/0 objects in disregard for GC pool
[2020.07.09-14.55.18:471][  0]LogTcpMessaging: Initializing TcpMessaging bridge
[2020.07.09-14.55.18:506][  0]LogUdpMessaging: Initializing bridge on interface 0.0.0.0:0 to multicast group 230.0.0.1:6666.
[2020.07.09-14.55.18:604][  0]FLogRiderLinkModule: INIT START
[2020.07.09-14.55.18:604][  0]FLogRiderLinkModule: INIT FINISH
[2020.07.09-14.55.18:698][  0]SourceControl: Source control is disabled
[2020.07.09-14.55.18:698][  0]SourceControl: Source control is disabled
[2020.07.09-14.55.18:704][  0]SourceControl: Source control is disabled
[2020.07.09-14.55.18:710][  0]SourceControl: Source control is disabled
[2020.07.09-14.55.18:722][  0]SourceControl: Source control is disabled
[2020.07.09-14.55.19:133][  0]LogAndroidPermission: UAndroidPermissionCallbackProxy::GetInstance
[2020.07.09-14.55.19:170][  0]LogAudioCaptureCore: Display: No Audio Capture implementations found. Audio input will be silent.
[2020.07.09-14.55.19:170][  0]LogAudioCaptureCore: Display: No Audio Capture implementations found. Audio input will be silent.
[2020.07.09-14.55.19:247][  0]LogOcInput: OculusInput pre-init called
[2020.07.09-14.55.19:265][  0]LogWindows: Failed to load 'OVRPlugin.dll' (GetLastError=126)
[2020.07.09-14.55.19:266][  0]LogWindows: File 'OVRPlugin.dll' does not exist
[2020.07.09-14.55.19:406][  0]LogEngine: Initializing Engine...
[2020.07.09-14.55.19:408][  0]LogHMD: Failed to initialize OpenVR with code 110
[2020.07.09-14.55.19:408][  0]LogMagicLeap: Warning: VR disabled because ZI is not enabled.  To enable, in the editor, Edit -> Project Settings -> Plugins -> Magic Leap Plugin -> Enable Zero Iteration
[2020.07.09-14.55.19:409][  0]LogStats: UGameplayTagsManager::InitializeManager -  0.000 s
[2020.07.09-14.55.19:572][  0]LogInit: Initializing FReadOnlyCVARCache
[2020.07.09-14.55.19:583][  0]LogAIModule: Creating AISystem for world Untitled
[2020.07.09-14.55.19:583][  0]LogAISub: UAISubsystem::UAISubsystem EnvQueryManager (00000233B450FC00), frame # 0
[2020.07.09-14.55.19:583][  0]LogAISub: UAISubsystem::UAISubsystem AIPerceptionSystem (00000233B451B880), frame # 0
[2020.07.09-14.55.19:601][  0]LogAudioMixer: Display: Audio Mixer Platform Settings:
[2020.07.09-14.55.19:601][  0]LogAudioMixer: Display: 	Sample Rate:						  48000
[2020.07.09-14.55.19:601][  0]LogAudioMixer: Display: 	Callback Buffer Frame Size Requested: 1024
[2020.07.09-14.55.19:601][  0]LogAudioMixer: Display: 	Callback Buffer Frame Size To Use:	  1024
[2020.07.09-14.55.19:601][  0]LogAudioMixer: Display: 	Number of buffers to queue:			  2
[2020.07.09-14.55.19:601][  0]LogAudioMixer: Display: 	Max Channels (voices):				  32
[2020.07.09-14.55.19:601][  0]LogAudioMixer: Display: 	Number of Async Source Workers:		  0
[2020.07.09-14.55.19:601][  0]LogAudio: Display: AudioDevice MaxSources: 32
[2020.07.09-14.55.19:602][  0]LogAudio: Display: Using built-in audio occlusion.
[2020.07.09-14.55.19:602][  0]LogAudioMixer: Display: Initializing audio mixer.
[2020.07.09-14.55.19:621][  0]LogAudioMixer: Display: 0: FrontLeft
[2020.07.09-14.55.19:621][  0]LogAudioMixer: Display: 1: FrontRight
[2020.07.09-14.55.19:737][  0]LogAudioMixer: Display: Using Audio Device Headset Earphone (Razer Audio Controller - Chat)
[2020.07.09-14.55.19:743][  0]LogAudioMixer: Display: Initializing Sound Submixes...
[2020.07.09-14.55.19:746][  0]LogAudioMixer: Display: Creating Master Submix 'MasterSubmixDefault'
[2020.07.09-14.55.19:746][  0]LogAudioMixer: Display: Creating Master Submix 'MasterReverbSubmixDefault'
[2020.07.09-14.55.19:748][  0]LogAudioMixer: Display: Creating Master Submix 'MasterEQSubmixDefault'
[2020.07.09-14.55.19:752][  0]LogInit: FAudioDevice initialized.
[2020.07.09-14.55.19:752][  0]LogNetVersion: Set ProjectVersion to 1.0.0.0. Version Checksum will be recalculated on next use.
[2020.07.09-14.55.19:867][  0]LogDerivedDataCache: Saved boot cache 0.11s 75MB C:/Users/kylej/AppData/Local/UnrealEngine/4.25/DerivedDataCache/Boot.ddc.
[2020.07.09-14.55.19:874][  0]LogInit: Texture streaming: Enabled
[2020.07.09-14.55.19:902][  0]LogEngineSessionManager: EngineSessionManager initialized
[2020.07.09-14.55.19:902][  0]LogEngineSessionManager: EngineSessionManager sent abnormal shutdown report. Type=Crashed, SessionId={FA601304-4581-F7ED-42D6-BAB882CE0BBD}
[2020.07.09-14.55.19:902][  0]LogEditorSessionSummary: Verbose: Initializing EditorSessionSummaryWriter for editor session tracking
[2020.07.09-14.55.19:904][  0]LogEditorSessionSummary: EditorSessionSummaryWriter initialized
[2020.07.09-14.55.19:982][  0]LogInit: Transaction tracking system initialized
[2020.07.09-14.55.20:022][  0]BlueprintLog: New page: Editor Load
[2020.07.09-14.55.20:144][  0]LocalizationService: Localization service is disabled
[2020.07.09-14.55.20:414][  0]LogCook: Display: Max memory allowance for cook 16384mb min free memory 0mb
[2020.07.09-14.55.20:414][  0]LogCook: Display: Mobile HDR setting 1
[2020.07.09-14.55.20:644][  0]LogFileCache: Scanning file cache for directory 'F:/TCTD/TCTD/Content/' took 0.04s
[2020.07.09-14.55.21:027][  0]SourceControl: Source control is disabled
[2020.07.09-14.55.21:027][  0]LogUnrealEdMisc: Loading editor; pre map load, took 13.151
[2020.07.09-14.55.21:027][  0]Cmd: MAP LOAD FILE="../../../../TCTD/TCTD/Content/Scenes/TCTD.umap" TEMPLATE=0 SHOWPROGRESS=1 FEATURELEVEL=3
[2020.07.09-14.55.21:027][  0]LightingResults: New page: Lighting Build
[2020.07.09-14.55.21:028][  0]LogWorld: UWorld::CleanupWorld for Untitled, bSessionEnded=true, bCleanupResources=true
[2020.07.09-14.55.21:028][  0]LogSlate: InvalidateAllWidgets triggered.  All widgets were invalidated
[2020.07.09-14.55.21:028][  0]MapCheck: New page: Map Check
[2020.07.09-14.55.21:028][  0]LightingResults: New page: Lighting Build
[2020.07.09-14.55.23:196][  0]LogAISub: UAISubsystem::~UAISubsystem EnvQueryManager (00000233B450FC00), frame # 0
[2020.07.09-14.55.23:196][  0]LogAISub: UAISubsystem::~UAISubsystem AIPerceptionSystem (00000233B451B880), frame # 0
[2020.07.09-14.55.23:197][  0]LogUObjectHash: Compacting FUObjectHashTables data took   0.81ms
[2020.07.09-14.55.23:346][  0]LogAIModule: Creating AISystem for world TCTD
[2020.07.09-14.55.23:346][  0]LogAISub: UAISubsystem::UAISubsystem EnvQueryManager (00000233A0C14600), frame # 0
[2020.07.09-14.55.23:346][  0]LogAISub: UAISubsystem::UAISubsystem AIPerceptionSystem (00000233B4F59580), frame # 0
[2020.07.09-14.55.23:352][  0]LogEditorServer: Finished looking for orphan Actors (0.000 secs)
[2020.07.09-14.55.23:377][  0]LogUObjectHash: Compacting FUObjectHashTables data took   0.92ms
[2020.07.09-14.55.23:378][  0]Cmd: MAP CHECKDEP NOCLEARLOG
[2020.07.09-14.55.23:378][  0]MapCheck: Map check complete: 0 Error(s), 0 Warning(s), took 0.162ms to complete.
[2020.07.09-14.55.23:378][  0]LogFileHelpers: Loading map 'TCTD' took 2.352
[2020.07.09-14.55.23:381][  0]LogUnrealEdMisc: Total Editor Startup Time, took 15.506
[2020.07.09-14.55.23:604][  0]LogSlate: Updating window title bar state: overlay mode, drag disabled, window buttons hidden, title bar hidden
[2020.07.09-14.55.23:614][  0]LogSlate: Updating window title bar state: overlay mode, drag disabled, window buttons hidden, title bar hidden
[2020.07.09-14.55.23:623][  0]LogSlate: Updating window title bar state: overlay mode, drag disabled, window buttons hidden, title bar hidden
[2020.07.09-14.55.23:633][  0]LogSlate: Updating window title bar state: overlay mode, drag disabled, window buttons hidden, title bar hidden
[2020.07.09-14.55.23:643][  0]LogCollectionManager: Loaded 0 collections in 0.000995 seconds
[2020.07.09-14.55.23:661][  0]LogFileCache: Scanning file cache for directory 'F:/TCTD/TCTD/Saved/Collections/' took 0.00s
[2020.07.09-14.55.23:661][  0]LogFileCache: Scanning file cache for directory 'F:/TCTD/TCTD/Content/Developers/kylej/Collections/' took 0.00s
[2020.07.09-14.55.23:661][  0]LogFileCache: Scanning file cache for directory 'F:/TCTD/TCTD/Content/Collections/' took 0.00s
[2020.07.09-14.55.23:661][  0]LogContentBrowser: Native class hierarchy populated in 0.0129 seconds. Added 3439 classes and 823 folders.
[2020.07.09-14.55.23:666][  0]LogContentBrowser: Native class hierarchy updated for 'WidgetCarousel' in 0.0004 seconds. Added 0 classes and 0 folders.
[2020.07.09-14.55.23:728][  0]LogContentBrowser: Native class hierarchy updated for 'AddContentDialog' in 0.0004 seconds. Added 0 classes and 0 folders.
[2020.07.09-14.55.23:789][  0]LogSlate: Took 0.000284 seconds to synchronously load lazily loaded font '../../../Engine/Content/Slate/Fonts/Roboto-Regular.ttf' (155K)
[2020.07.09-14.55.23:794][  0]LogSlate: Took 0.000201 seconds to synchronously load lazily loaded font '../../../Engine/Content/Slate/Fonts/Roboto-Bold.ttf' (160K)
[2020.07.09-14.55.23:796][  0]LogSlate: Took 0.000218 seconds to synchronously load lazily loaded font '../../../Engine/Content/Editor/Slate/Fonts/FontAwesome.ttf' (139K)
[2020.07.09-14.55.23:874][  0]LogRenderer: Reallocating scene render targets to support 1064x552 Format 10 NumSamples 1 (Frame:1).
[2020.07.09-14.55.23:995][  0]LogContentBrowser: Native class hierarchy updated for 'HierarchicalLODOutliner' in 0.0005 seconds. Added 0 classes and 0 folders.
[2020.07.09-14.55.23:996][  0]LogLoad: (Engine Initialization) Total time: 16.12 seconds
[2020.07.09-14.55.23:996][  0]LogLoad: (Engine Initialization) Total Blueprint compile time: 0.00 seconds
[2020.07.09-14.55.24:056][  0]LogAssetRegistry: Asset discovery search completed in 8.6838 seconds
[2020.07.09-14.55.24:063][  0]LogCollectionManager: Fixed up redirectors for 0 collections in 0.000002 seconds (updated 0 objects)
[2020.07.09-14.55.24:065][  0]LogPlayLevel: PlayLevel: No blueprints needed recompiling
[2020.07.09-14.55.24:066][  0]PIE: New page: PIE session: TCTD (Jul 9, 2020, 6:55:24 AM)
[2020.07.09-14.55.24:067][  0]LogOnline: OSS: Creating online subsystem instance for: NULL
[2020.07.09-14.55.24:068][  0]LogOnline: OSS: TryLoadSubsystemAndSetDefault: Loaded subsystem for module [NULL]
[2020.07.09-14.55.24:069][  0]LogPlayLevel: Creating play world package: /Game/Scenes/UEDPIE_0_TCTD
[2020.07.09-14.55.24:073][  0]LogPlayLevel: PIE: StaticDuplicateObject took: (0.004884s)
[2020.07.09-14.55.24:075][  0]LogAIModule: Creating AISystem for world TCTD
[2020.07.09-14.55.24:075][  0]LogAISub: UAISubsystem::UAISubsystem EnvQueryManager (00000233CBC38C00), frame # 0
[2020.07.09-14.55.24:075][  0]LogAISub: UAISubsystem::UAISubsystem AIPerceptionSystem (00000233A0DE96C0), frame # 0
[2020.07.09-14.55.24:075][  0]LogPlayLevel: PIE: World Init took: (0.001495s)
[2020.07.09-14.55.24:075][  0]LogPlayLevel: PIE: Created PIE world by copying editor world from /Game/Scenes/TCTD.TCTD to /Game/Scenes/UEDPIE_0_TCTD.TCTD (0.006594s)
[2020.07.09-14.55.24:086][  0]LogUObjectHash: Compacting FUObjectHashTables data took   0.71ms
[2020.07.09-14.55.24:091][  0]LogAudioMixer: Display: Audio Mixer Platform Settings:
[2020.07.09-14.55.24:091][  0]LogAudioMixer: Display: 	Sample Rate:						  48000
[2020.07.09-14.55.24:091][  0]LogAudioMixer: Display: 	Callback Buffer Frame Size Requested: 1024
[2020.07.09-14.55.24:091][  0]LogAudioMixer: Display: 	Callback Buffer Frame Size To Use:	  1024
[2020.07.09-14.55.24:091][  0]LogAudioMixer: Display: 	Number of buffers to queue:			  2
[2020.07.09-14.55.24:091][  0]LogAudioMixer: Display: 	Max Channels (voices):				  32
[2020.07.09-14.55.24:091][  0]LogAudioMixer: Display: 	Number of Async Source Workers:		  0
[2020.07.09-14.55.24:091][  0]LogAudio: Display: AudioDevice MaxSources: 32
[2020.07.09-14.55.24:092][  0]LogAudio: Display: Using built-in audio occlusion.
[2020.07.09-14.55.24:092][  0]LogAudioMixer: Display: Initializing audio mixer.
[2020.07.09-14.55.24:098][  0]LogAudioMixer: Display: 0: FrontLeft
[2020.07.09-14.55.24:098][  0]LogAudioMixer: Display: 1: FrontRight
[2020.07.09-14.55.24:341][  0]LogAudioMixer: Display: Using Audio Device Headset Earphone (Razer Audio Controller - Chat)
[2020.07.09-14.55.24:342][  0]LogAudioMixer: Display: Initializing Sound Submixes...
[2020.07.09-14.55.24:342][  0]LogAudioMixer: Display: Creating Master Submix 'MasterSubmixDefault'
[2020.07.09-14.55.24:342][  0]LogAudioMixer: Display: Creating Master Submix 'MasterReverbSubmixDefault'
[2020.07.09-14.55.24:342][  0]LogAudioMixer: Display: Creating Master Submix 'MasterEQSubmixDefault'
[2020.07.09-14.55.24:344][  0]LogInit: FAudioDevice initialized.
[2020.07.09-14.55.24:429][  0]LogSlate: Updating window title bar state: overlay mode, drag disabled, window buttons hidden, title bar hidden
[2020.07.09-14.55.24:429][  0]LogLoad: Game class is 'GameModeBase'
[2020.07.09-14.55.24:432][  0]LogWorld: Bringing World /Game/Scenes/UEDPIE_0_TCTD.TCTD up for play (max tick rate 0) at 2020.07.09-10.55.24
[2020.07.09-14.55.24:432][  0]LogWorld: Bringing up level for play took: 0.002016
[2020.07.09-14.55.24:433][  0]LogOnline: OSS: Creating online subsystem instance for: :Context_1
[2020.07.09-14.55.24:435][  0]LogGameMode: FindPlayerStart: PATHS NOT DEFINED or NO PLAYERSTART with positive rating
[2020.07.09-14.55.24:436][  0]LogContentBrowser: Native class hierarchy updated for 'MovieSceneCapture' in 0.0005 seconds. Added 20 classes and 0 folders.
[2020.07.09-14.55.24:440][  0]PIE: Server logged in
[2020.07.09-14.55.24:441][  0]PIE: Play in editor total start time 0.377 seconds.
[2020.07.09-14.55.24:444][  0]LogContentStreaming: Texture pool size now 1000 MB
[2020.07.09-14.55.24:540][  1]LogRenderer: Reallocating scene render targets to support 1280x688 Format 10 NumSamples 1 (Frame:1).
[2020.07.09-14.55.26:780][106]LogSlate: Updating window title bar state: overlay mode, drag disabled, window buttons hidden, title bar hidden
[2020.07.09-14.55.26:780][106]LogWorld: BeginTearingDown for /Game/Scenes/UEDPIE_0_TCTD
[2020.07.09-14.55.26:780][106]LogSlate: Window 'TCTD Preview [NetMode: Standalone] (64-bit/Windows) ' being destroyed
[2020.07.09-14.55.26:784][106]LogWorld: UWorld::CleanupWorld for TCTD, bSessionEnded=true, bCleanupResources=true
[2020.07.09-14.55.26:785][106]LogSlate: InvalidateAllWidgets triggered.  All widgets were invalidated
[2020.07.09-14.55.26:798][106]LogPlayLevel: Display: Shutting down PIE online subsystems
[2020.07.09-14.55.26:800][106]LogSlate: InvalidateAllWidgets triggered.  All widgets were invalidated
[2020.07.09-14.55.26:900][106]LogAISub: UAISubsystem::~UAISubsystem AIPerceptionSystem (00000233A0DE96C0), frame # 106
[2020.07.09-14.55.26:900][106]LogAISub: UAISubsystem::~UAISubsystem EnvQueryManager (00000233CBC38C00), frame # 106
[2020.07.09-14.55.26:901][106]LogUObjectHash: Compacting FUObjectHashTables data took   0.91ms
[2020.07.09-14.55.26:926][107]LogPlayLevel: Display: Destroying online subsystem :Context_1
[2020.07.09-14.55.47:168][308]Candidate modules for hot reload:
[2020.07.09-14.55.47:168][308]  TCTD
[2020.07.09-14.55.47:169][308]Launching UnrealBuildTool... [F:/UE_4.25/Engine/Binaries/DotNET/UnrealBuildTool.exe  -ModuleWithSuffix=TCTD,2642 TCTDEditor Win64 Development -Project="F:/TCTD/TCTD/TCTD.uproject" "F:/TCTD/TCTD/TCTD.uproject"  -IgnoreJunk]
[2020.07.09-14.55.47:175][308]Warning: Starting HotReload took  0.0s.
[2020.07.09-14.55.59:528][384]CompilerResultsLog: New page: Compilation - Jul 9, 2020, 6:55:59 AM
[2020.07.09-14.55.59:529][384]CompilerResultsLog: Using 'git status' to determine working set for adaptive non-unity build (F:\TCTD).
[2020.07.09-14.55.59:529][384]CompilerResultsLog: Building TCTDEditor...
[2020.07.09-14.55.59:529][384]CompilerResultsLog: Using Visual Studio 2019 14.25.28614 toolchain (C:\Program Files (x86)\Microsoft Visual Studio\2019\Professional\VC\Tools\MSVC\14.25.28610) and Windows 10.0.18362.0 SDK (C:\Program Files (x86)\Windows Kits\10).
[2020.07.09-14.55.59:529][384]CompilerResultsLog: Building 4 actions with 4 processes...
[2020.07.09-14.55.59:530][384]CompilerResultsLog:   [1/4] Enemy_Base.cpp
[2020.07.09-14.55.59:530][384]CompilerResultsLog:   F:\TCTD\TCTD\Source\TCTD\Enemy_Base.h(93): warning C4263: 'void AEnemy_Base::TakeDamage(int)': member function does not override any base class virtual member function
[2020.07.09-14.55.59:530][384]CompilerResultsLog:   F:\TCTD\TCTD\Source\TCTD\Enemy_Base.h(97): warning C4264: 'float AActor::TakeDamage(float,const FDamageEvent &,AController *,AActor *)': no override available for virtual member function from base 'AActor'; function is hidden
[2020.07.09-14.55.59:530][384]CompilerResultsLog:   F:\UE_4.25\Engine\Source\Runtime\Engine\Classes\GameFramework/Actor.h(2675): note: see declaration of 'AActor::TakeDamage'
[2020.07.09-14.55.59:530][384]CompilerResultsLog:   F:\UE_4.25\Engine\Source\Runtime\Engine\Classes\Engine/LocalPlayer.h(28): note: see declaration of 'AActor'
[2020.07.09-14.55.59:530][384]CompilerResultsLog:   [2/4] UE4Editor-TCTD-2642.lib
[2020.07.09-14.55.59:530][384]CompilerResultsLog:      Creating library F:\TCTD\TCTD\Intermediate\Build\Win64\UE4Editor\Development\TCTD\UE4Editor-TCTD-2642.lib and object F:\TCTD\TCTD\Intermediate\Build\Win64\UE4Editor\Development\TCTD\UE4Editor-TCTD-2642.exp
[2020.07.09-14.55.59:530][384]CompilerResultsLog:   [3/4] UE4Editor-TCTD-2642.dll
[2020.07.09-14.55.59:531][384]CompilerResultsLog:      Creating library F:\TCTD\TCTD\Intermediate\Build\Win64\UE4Editor\Development\TCTD\UE4Editor-TCTD-2642.suppressed.lib and object F:\TCTD\TCTD\Intermediate\Build\Win64\UE4Editor\Development\TCTD\UE4Editor-TCTD-2642.suppressed.exp
[2020.07.09-14.55.59:531][384]CompilerResultsLog:   [4/4] TCTDEditor.target
[2020.07.09-14.55.59:531][384]CompilerResultsLog: Total time in Parallel executor: 10.57 seconds
[2020.07.09-14.55.59:531][384]CompilerResultsLog: Total execution time: 12.14 seconds
[2020.07.09-14.55.59:531][384]LogMainFrame: MainFrame: Module compiling took 12.369 seconds
[2020.07.09-14.55.59:571][384]LogContentBrowser: Native class hierarchy updated for 'TCTD' in 0.0004 seconds. Added 12 classes and 2 folders.
[2020.07.09-14.55.59:575][384]Display: HotReload successful (6 functions remapped  0 scriptstructs remapped)
[2020.07.09-14.55.59:662][384]LogContentBrowser: Native class hierarchy populated in 0.0208 seconds. Added 3439 classes and 823 folders.
[2020.07.09-14.55.59:662][384]Display: HotReload took 12.5s.
[2020.07.09-14.56.05:262][396]LogTemp: Repeating last play command: Selected Viewport
[2020.07.09-14.56.05:284][396]LogPlayLevel: PlayLevel: No blueprints needed recompiling
[2020.07.09-14.56.05:284][396]PIE: New page: PIE session: TCTD (Jul 9, 2020, 6:56:05 AM)
[2020.07.09-14.56.05:284][396]LogPlayLevel: Creating play world package: /Game/Scenes/UEDPIE_0_TCTD
[2020.07.09-14.56.05:289][396]LogPlayLevel: PIE: StaticDuplicateObject took: (0.004719s)
[2020.07.09-14.56.05:291][396]LogAIModule: Creating AISystem for world TCTD
[2020.07.09-14.56.05:291][396]LogAISub: UAISubsystem::UAISubsystem EnvQueryManager (00000233CA15EC00), frame # 396
[2020.07.09-14.56.05:291][396]LogAISub: UAISubsystem::UAISubsystem AIPerceptionSystem (00000233CB422FC0), frame # 396
[2020.07.09-14.56.05:291][396]LogPlayLevel: PIE: World Init took: (0.002238s)
[2020.07.09-14.56.05:291][396]LogPlayLevel: PIE: Created PIE world by copying editor world from /Game/Scenes/TCTD.TCTD to /Game/Scenes/UEDPIE_0_TCTD.TCTD (0.007387s)
[2020.07.09-14.56.05:309][396]LogUObjectHash: Compacting FUObjectHashTables data took   0.87ms
[2020.07.09-14.56.05:311][396]LogAudioMixer: Display: Audio Mixer Platform Settings:
[2020.07.09-14.56.05:311][396]LogAudioMixer: Display: 	Sample Rate:						  48000
[2020.07.09-14.56.05:311][396]LogAudioMixer: Display: 	Callback Buffer Frame Size Requested: 1024
[2020.07.09-14.56.05:311][396]LogAudioMixer: Display: 	Callback Buffer Frame Size To Use:	  1024
[2020.07.09-14.56.05:311][396]LogAudioMixer: Display: 	Number of buffers to queue:			  2
[2020.07.09-14.56.05:311][396]LogAudioMixer: Display: 	Max Channels (voices):				  32
[2020.07.09-14.56.05:311][396]LogAudioMixer: Display: 	Number of Async Source Workers:		  0
[2020.07.09-14.56.05:311][396]LogAudio: Display: AudioDevice MaxSources: 32
[2020.07.09-14.56.05:311][396]LogAudio: Display: Using built-in audio occlusion.
[2020.07.09-14.56.05:311][396]LogAudioMixer: Display: Initializing audio mixer.
[2020.07.09-14.56.05:317][396]LogAudioMixer: Display: 0: FrontLeft
[2020.07.09-14.56.05:317][396]LogAudioMixer: Display: 1: FrontRight
[2020.07.09-14.56.05:353][396]LogAudioMixer: Display: Using Audio Device Headset Earphone (Razer Audio Controller - Chat)
[2020.07.09-14.56.05:354][396]LogAudioMixer: Display: Initializing Sound Submixes...
[2020.07.09-14.56.05:354][396]LogAudioMixer: Display: Creating Master Submix 'MasterSubmixDefault'
[2020.07.09-14.56.05:354][396]LogAudioMixer: Display: Creating Master Submix 'MasterReverbSubmixDefault'
[2020.07.09-14.56.05:354][396]LogAudioMixer: Display: Creating Master Submix 'MasterEQSubmixDefault'
[2020.07.09-14.56.05:380][396]LogInit: FAudioDevice initialized.
[2020.07.09-14.56.05:393][396]LogLoad: Game class is 'GameModeBase'
[2020.07.09-14.56.05:395][396]LogWorld: Bringing World /Game/Scenes/UEDPIE_0_TCTD.TCTD up for play (max tick rate 0) at 2020.07.09-10.56.05
[2020.07.09-14.56.05:396][396]LogWorld: Bringing up level for play took: 0.002167
[2020.07.09-14.56.05:396][396]LogOnline: OSS: Creating online subsystem instance for: :Context_2
[2020.07.09-14.56.05:398][396]PIE: Server logged in
[2020.07.09-14.56.05:400][396]PIE: Play in editor total start time 0.12 seconds.
[2020.07.09-14.56.07:260][591]LogSlate: Updating window title bar state: overlay mode, drag disabled, window buttons hidden, title bar hidden
[2020.07.09-14.56.07:260][591]LogWorld: BeginTearingDown for /Game/Scenes/UEDPIE_0_TCTD
[2020.07.09-14.56.07:260][591]LogWorld: UWorld::CleanupWorld for TCTD, bSessionEnded=true, bCleanupResources=true
[2020.07.09-14.56.07:261][591]LogSlate: InvalidateAllWidgets triggered.  All widgets were invalidated
[2020.07.09-14.56.07:272][591]LogPlayLevel: Display: Shutting down PIE online subsystems
[2020.07.09-14.56.07:274][591]LogSlate: InvalidateAllWidgets triggered.  All widgets were invalidated
[2020.07.09-14.56.07:315][591]LogSlate: Updating window title bar state: overlay mode, drag disabled, window buttons hidden, title bar hidden
[2020.07.09-14.56.07:317][591]LogAISub: UAISubsystem::~UAISubsystem AIPerceptionSystem (00000233CB422FC0), frame # 591
[2020.07.09-14.56.07:317][591]LogAISub: UAISubsystem::~UAISubsystem EnvQueryManager (00000233CA15EC00), frame # 591
[2020.07.09-14.56.07:319][591]LogUObjectHash: Compacting FUObjectHashTables data took   1.51ms
[2020.07.09-14.56.07:350][592]LogPlayLevel: Display: Destroying online subsystem :Context_2
[2020.07.09-14.56.12:902][790]LogSlate: Took 0.000225 seconds to synchronously load lazily loaded font '../../../Engine/Content/Slate/Fonts/Roboto-Light.ttf' (167K)
[2020.07.09-14.56.12:934][790]Cmd: OBJ SAVEPACKAGE PACKAGE="/Game/Scenes/TCTD" FILE="../../../../TCTD/TCTD/Content/Scenes/TCTD.umap" SILENT=true AUTOSAVING=false KEEPDIRTY=false
[2020.07.09-14.56.12:945][790]LogUObjectHash: Compacting FUObjectHashTables data took   0.68ms
[2020.07.09-14.56.12:971][790]LogSavePackage: Moving '../../../../TCTD/TCTD/Saved/TCTD426F88A440D3390C5688A1B6FA539F50.tmp' to '../../../../TCTD/TCTD/Content/Scenes/TCTD.umap'
[2020.07.09-14.56.12:997][790]Cmd: OBJ SAVEPACKAGE PACKAGE="/Game/Scenes/TCTD_BuiltData" FILE="../../../../TCTD/TCTD/Content/Scenes/TCTD_BuiltData.uasset" SILENT=true
[2020.07.09-14.56.13:011][790]LogSavePackage: Moving '../../../../TCTD/TCTD/Saved/TCTD_BuiltData7FF7F1C447287F5BCE0672B3C9146F6D.tmp' to '../../../../TCTD/TCTD/Content/Scenes/TCTD_BuiltData.uasset'
[2020.07.09-14.56.13:029][790]AssetCheck: New page: Asset Save: multiple assets
[2020.07.09-14.56.13:029][790]LogContentValidation: Display: Validating World /Game/Scenes/TCTD.TCTD
[2020.07.09-14.56.13:029][790]LogContentValidation: Display: Validating MapBuildDataRegistry /Game/Scenes/TCTD_BuiltData.TCTD_BuiltData
[2020.07.09-14.56.13:849][878]Candidate modules for hot reload:
[2020.07.09-14.56.13:849][878]  TCTD
[2020.07.09-14.56.13:849][878]Launching UnrealBuildTool... [F:/UE_4.25/Engine/Binaries/DotNET/UnrealBuildTool.exe  -ModuleWithSuffix=TCTD,4960 TCTDEditor Win64 Development -Project="F:/TCTD/TCTD/TCTD.uproject" "F:/TCTD/TCTD/TCTD.uproject"  -IgnoreJunk]
[2020.07.09-14.56.13:854][878]Warning: Starting HotReload took  0.0s.
[2020.07.09-14.56.19:641][ 57]CompilerResultsLog: New page: Compilation - Jul 9, 2020, 6:56:19 AM
[2020.07.09-14.56.19:641][ 57]CompilerResultsLog: Using 'git status' to determine working set for adaptive non-unity build (F:\TCTD).
[2020.07.09-14.56.19:641][ 57]CompilerResultsLog: Building TCTDEditor...
[2020.07.09-14.56.19:642][ 57]CompilerResultsLog: Using Visual Studio 2019 14.25.28614 toolchain (C:\Program Files (x86)\Microsoft Visual Studio\2019\Professional\VC\Tools\MSVC\14.25.28610) and Windows 10.0.18362.0 SDK (C:\Program Files (x86)\Windows Kits\10).
[2020.07.09-14.56.19:642][ 57]CompilerResultsLog: Building 3 actions with 4 processes...
[2020.07.09-14.56.19:642][ 57]CompilerResultsLog:   [1/3] UE4Editor-TCTD-4960.lib
[2020.07.09-14.56.19:642][ 57]CompilerResultsLog:      Creating library F:\TCTD\TCTD\Intermediate\Build\Win64\UE4Editor\Development\TCTD\UE4Editor-TCTD-4960.lib and object F:\TCTD\TCTD\Intermediate\Build\Win64\UE4Editor\Development\TCTD\UE4Editor-TCTD-4960.exp
[2020.07.09-14.56.19:642][ 57]CompilerResultsLog:   [2/3] UE4Editor-TCTD-4960.dll
[2020.07.09-14.56.19:642][ 57]CompilerResultsLog:      Creating library F:\TCTD\TCTD\Intermediate\Build\Win64\UE4Editor\Development\TCTD\UE4Editor-TCTD-4960.suppressed.lib and object F:\TCTD\TCTD\Intermediate\Build\Win64\UE4Editor\Development\TCTD\UE4Editor-TCTD-4960.suppressed.exp
[2020.07.09-14.56.19:642][ 57]CompilerResultsLog:   [3/3] TCTDEditor.target
[2020.07.09-14.56.19:642][ 57]CompilerResultsLog: Total time in Parallel executor: 4.20 seconds
[2020.07.09-14.56.19:643][ 57]CompilerResultsLog: Total execution time: 5.62 seconds
[2020.07.09-14.56.19:643][ 57]LogMainFrame: MainFrame: Module compiling took 5.798 seconds
[2020.07.09-14.56.19:674][ 57]LogContentBrowser: Native class hierarchy updated for 'TCTD' in 0.0005 seconds. Added 12 classes and 2 folders.
[2020.07.09-14.56.19:675][ 57]Display: HotReload successful (6 functions remapped  0 scriptstructs remapped)
[2020.07.09-14.56.19:735][ 57]LogContentBrowser: Native class hierarchy populated in 0.0155 seconds. Added 3439 classes and 823 folders.
[2020.07.09-14.56.19:736][ 57]Display: HotReload took  5.9s.
[2020.07.09-14.56.40:904][115]LogTemp: Repeating last play command: Selected Viewport
[2020.07.09-14.56.40:924][115]LogPlayLevel: PlayLevel: No blueprints needed recompiling
[2020.07.09-14.56.40:924][115]PIE: New page: PIE session: TCTD (Jul 9, 2020, 6:56:40 AM)
[2020.07.09-14.56.40:924][115]LogPlayLevel: Creating play world package: /Game/Scenes/UEDPIE_0_TCTD
[2020.07.09-14.56.40:928][115]LogPlayLevel: PIE: StaticDuplicateObject took: (0.004269s)
[2020.07.09-14.56.40:930][115]LogAIModule: Creating AISystem for world TCTD
[2020.07.09-14.56.40:930][115]LogAISub: UAISubsystem::UAISubsystem EnvQueryManager (00000233CA6F3E00), frame # 1115
[2020.07.09-14.56.40:930][115]LogAISub: UAISubsystem::UAISubsystem AIPerceptionSystem (00000233B4F420C0), frame # 1115
[2020.07.09-14.56.40:930][115]LogPlayLevel: PIE: World Init took: (0.001850s)
[2020.07.09-14.56.40:930][115]LogPlayLevel: PIE: Created PIE world by copying editor world from /Game/Scenes/TCTD.TCTD to /Game/Scenes/UEDPIE_0_TCTD.TCTD (0.006302s)
[2020.07.09-14.56.40:940][115]LogUObjectHash: Compacting FUObjectHashTables data took   0.72ms
[2020.07.09-14.56.40:942][115]LogAudioMixer: Display: Audio Mixer Platform Settings:
[2020.07.09-14.56.40:942][115]LogAudioMixer: Display: 	Sample Rate:						  48000
[2020.07.09-14.56.40:942][115]LogAudioMixer: Display: 	Callback Buffer Frame Size Requested: 1024
[2020.07.09-14.56.40:943][115]LogAudioMixer: Display: 	Callback Buffer Frame Size To Use:	  1024
[2020.07.09-14.56.40:943][115]LogAudioMixer: Display: 	Number of buffers to queue:			  2
[2020.07.09-14.56.40:943][115]LogAudioMixer: Display: 	Max Channels (voices):				  32
[2020.07.09-14.56.40:943][115]LogAudioMixer: Display: 	Number of Async Source Workers:		  0
[2020.07.09-14.56.40:943][115]LogAudio: Display: AudioDevice MaxSources: 32
[2020.07.09-14.56.40:943][115]LogAudio: Display: Using built-in audio occlusion.
[2020.07.09-14.56.40:943][115]LogAudioMixer: Display: Initializing audio mixer.
[2020.07.09-14.56.40:954][115]LogAudioMixer: Display: 0: FrontLeft
[2020.07.09-14.56.40:954][115]LogAudioMixer: Display: 1: FrontRight
[2020.07.09-14.56.41:042][115]LogAudioMixer: Display: Using Audio Device Headset Earphone (Razer Audio Controller - Chat)
[2020.07.09-14.56.41:042][115]LogAudioMixer: Display: Initializing Sound Submixes...
[2020.07.09-14.56.41:043][115]LogAudioMixer: Display: Creating Master Submix 'MasterSubmixDefault'
[2020.07.09-14.56.41:043][115]LogAudioMixer: Display: Creating Master Submix 'MasterReverbSubmixDefault'
[2020.07.09-14.56.41:043][115]LogAudioMixer: Display: Creating Master Submix 'MasterEQSubmixDefault'
[2020.07.09-14.56.41:053][115]LogInit: FAudioDevice initialized.
[2020.07.09-14.56.41:064][115]LogLoad: Game class is 'GameModeBase'
[2020.07.09-14.56.41:069][115]LogWorld: Bringing World /Game/Scenes/UEDPIE_0_TCTD.TCTD up for play (max tick rate 0) at 2020.07.09-10.56.41
[2020.07.09-14.56.41:069][115]LogWorld: Bringing up level for play took: 0.004304
[2020.07.09-14.56.41:070][115]LogOnline: OSS: Creating online subsystem instance for: :Context_3
[2020.07.09-14.56.41:074][115]PIE: Server logged in
[2020.07.09-14.56.41:077][115]PIE: Play in editor total start time 0.158 seconds.
[2020.07.09-14.56.45:929][669]LogActor: Warning: MyEnemy_Standard_C /Game/Scenes/UEDPIE_0_TCTD.TCTD:PersistentLevel.MyEnemy_Standard_C_0 has natively added scene component(s), but none of them were set as the actor's RootComponent - picking one arbitrarily
[2020.07.09-14.56.46:451][716]LogSlate: Updating window title bar state: overlay mode, drag disabled, window buttons hidden, title bar hidden
[2020.07.09-14.56.46:451][716]LogWorld: BeginTearingDown for /Game/Scenes/UEDPIE_0_TCTD
[2020.07.09-14.56.46:451][716]LogWorld: UWorld::CleanupWorld for TCTD, bSessionEnded=true, bCleanupResources=true
[2020.07.09-14.56.46:452][716]LogSlate: InvalidateAllWidgets triggered.  All widgets were invalidated
[2020.07.09-14.56.46:460][716]LogPlayLevel: Display: Shutting down PIE online subsystems
[2020.07.09-14.56.46:462][716]LogSlate: InvalidateAllWidgets triggered.  All widgets were invalidated
[2020.07.09-14.56.46:495][716]LogSlate: Updating window title bar state: overlay mode, drag disabled, window buttons hidden, title bar hidden
[2020.07.09-14.56.46:496][716]LogAISub: UAISubsystem::~UAISubsystem AIPerceptionSystem (00000233B4F420C0), frame # 1716
[2020.07.09-14.56.46:496][716]LogAISub: UAISubsystem::~UAISubsystem EnvQueryManager (00000233CA6F3E00), frame # 1716
[2020.07.09-14.56.46:497][716]LogUObjectHash: Compacting FUObjectHashTables data took   0.90ms
[2020.07.09-14.56.46:522][717]LogPlayLevel: Display: Destroying online subsystem :Context_3
[2020.07.09-14.56.48:041][855]Candidate modules for hot reload:
[2020.07.09-14.56.48:041][855]  TCTD
[2020.07.09-14.56.48:041][855]Launching UnrealBuildTool... [F:/UE_4.25/Engine/Binaries/DotNET/UnrealBuildTool.exe  -ModuleWithSuffix=TCTD,6459 TCTDEditor Win64 Development -Project="F:/TCTD/TCTD/TCTD.uproject" "F:/TCTD/TCTD/TCTD.uproject"  -IgnoreJunk]
[2020.07.09-14.56.48:045][855]Warning: Starting HotReload took  0.0s.
[2020.07.09-14.56.54:713][ 85]CompilerResultsLog: New page: Compilation - Jul 9, 2020, 6:56:54 AM
[2020.07.09-14.56.54:714][ 85]CompilerResultsLog: Using 'git status' to determine working set for adaptive non-unity build (F:\TCTD).
[2020.07.09-14.56.54:714][ 85]CompilerResultsLog: Building TCTDEditor...
[2020.07.09-14.56.54:714][ 85]CompilerResultsLog: Using Visual Studio 2019 14.25.28614 toolchain (C:\Program Files (x86)\Microsoft Visual Studio\2019\Professional\VC\Tools\MSVC\14.25.28610) and Windows 10.0.18362.0 SDK (C:\Program Files (x86)\Windows Kits\10).
[2020.07.09-14.56.54:715][ 85]CompilerResultsLog: Building 3 actions with 4 processes...
[2020.07.09-14.56.54:715][ 85]CompilerResultsLog:   [1/3] UE4Editor-TCTD-6459.lib
[2020.07.09-14.56.54:715][ 85]CompilerResultsLog:      Creating library F:\TCTD\TCTD\Intermediate\Build\Win64\UE4Editor\Development\TCTD\UE4Editor-TCTD-6459.lib and object F:\TCTD\TCTD\Intermediate\Build\Win64\UE4Editor\Development\TCTD\UE4Editor-TCTD-6459.exp
[2020.07.09-14.56.54:715][ 85]CompilerResultsLog:   [2/3] UE4Editor-TCTD-6459.dll
[2020.07.09-14.56.54:715][ 85]CompilerResultsLog:      Creating library F:\TCTD\TCTD\Intermediate\Build\Win64\UE4Editor\Development\TCTD\UE4Editor-TCTD-6459.suppressed.lib and object F:\TCTD\TCTD\Intermediate\Build\Win64\UE4Editor\Development\TCTD\UE4Editor-TCTD-6459.suppressed.exp
[2020.07.09-14.56.54:716][ 85]CompilerResultsLog:   [3/3] TCTDEditor.target
[2020.07.09-14.56.54:716][ 85]CompilerResultsLog: Total time in Parallel executor: 4.77 seconds
[2020.07.09-14.56.54:716][ 85]CompilerResultsLog: Total execution time: 6.36 seconds
[2020.07.09-14.56.54:716][ 85]LogMainFrame: MainFrame: Module compiling took 6.680 seconds
[2020.07.09-14.56.54:746][ 85]LogContentBrowser: Native class hierarchy updated for 'TCTD' in 0.0004 seconds. Added 12 classes and 2 folders.
[2020.07.09-14.56.54:748][ 85]Display: HotReload successful (6 functions remapped  0 scriptstructs remapped)
[2020.07.09-14.56.54:811][ 85]LogContentBrowser: Native class hierarchy populated in 0.0141 seconds. Added 3439 classes and 823 folders.
[2020.07.09-14.56.54:811][ 85]Display: HotReload took  6.8s.
[2020.07.09-14.56.59:389][ 98]LogTemp: Repeating last play command: Selected Viewport
[2020.07.09-14.56.59:410][ 98]LogPlayLevel: PlayLevel: No blueprints needed recompiling
[2020.07.09-14.56.59:410][ 98]PIE: New page: PIE session: TCTD (Jul 9, 2020, 6:56:59 AM)
[2020.07.09-14.56.59:410][ 98]LogPlayLevel: Creating play world package: /Game/Scenes/UEDPIE_0_TCTD
[2020.07.09-14.56.59:415][ 98]LogPlayLevel: PIE: StaticDuplicateObject took: (0.004411s)
[2020.07.09-14.56.59:416][ 98]LogAIModule: Creating AISystem for world TCTD
[2020.07.09-14.56.59:416][ 98]LogAISub: UAISubsystem::UAISubsystem EnvQueryManager (00000233D3CF0800), frame # 2098
[2020.07.09-14.56.59:416][ 98]LogAISub: UAISubsystem::UAISubsystem AIPerceptionSystem (00000233A0BD39C0), frame # 2098
[2020.07.09-14.56.59:417][ 98]LogPlayLevel: PIE: World Init took: (0.001479s)
[2020.07.09-14.56.59:417][ 98]LogPlayLevel: PIE: Created PIE world by copying editor world from /Game/Scenes/TCTD.TCTD to /Game/Scenes/UEDPIE_0_TCTD.TCTD (0.006313s)
[2020.07.09-14.56.59:428][ 98]LogUObjectHash: Compacting FUObjectHashTables data took   1.00ms
[2020.07.09-14.56.59:430][ 98]LogAudioMixer: Display: Audio Mixer Platform Settings:
[2020.07.09-14.56.59:430][ 98]LogAudioMixer: Display: 	Sample Rate:						  48000
[2020.07.09-14.56.59:430][ 98]LogAudioMixer: Display: 	Callback Buffer Frame Size Requested: 1024
[2020.07.09-14.56.59:430][ 98]LogAudioMixer: Display: 	Callback Buffer Frame Size To Use:	  1024
[2020.07.09-14.56.59:430][ 98]LogAudioMixer: Display: 	Number of buffers to queue:			  2
[2020.07.09-14.56.59:431][ 98]LogAudioMixer: Display: 	Max Channels (voices):				  32
[2020.07.09-14.56.59:431][ 98]LogAudioMixer: Display: 	Number of Async Source Workers:		  0
[2020.07.09-14.56.59:431][ 98]LogAudio: Display: AudioDevice MaxSources: 32
[2020.07.09-14.56.59:431][ 98]LogAudio: Display: Using built-in audio occlusion.
[2020.07.09-14.56.59:431][ 98]LogAudioMixer: Display: Initializing audio mixer.
[2020.07.09-14.56.59:438][ 98]LogAudioMixer: Display: 0: FrontLeft
[2020.07.09-14.56.59:438][ 98]LogAudioMixer: Display: 1: FrontRight
[2020.07.09-14.56.59:470][ 98]LogAudioMixer: Display: Using Audio Device Headset Earphone (Razer Audio Controller - Chat)
[2020.07.09-14.56.59:471][ 98]LogAudioMixer: Display: Initializing Sound Submixes...
[2020.07.09-14.56.59:471][ 98]LogAudioMixer: Display: Creating Master Submix 'MasterSubmixDefault'
[2020.07.09-14.56.59:471][ 98]LogAudioMixer: Display: Creating Master Submix 'MasterReverbSubmixDefault'
[2020.07.09-14.56.59:471][ 98]LogAudioMixer: Display: Creating Master Submix 'MasterEQSubmixDefault'
[2020.07.09-14.56.59:498][ 98]LogInit: FAudioDevice initialized.
[2020.07.09-14.56.59:507][ 98]LogLoad: Game class is 'GameModeBase'
[2020.07.09-14.56.59:510][ 98]LogWorld: Bringing World /Game/Scenes/UEDPIE_0_TCTD.TCTD up for play (max tick rate 0) at 2020.07.09-10.56.59
[2020.07.09-14.56.59:510][ 98]LogWorld: Bringing up level for play took: 0.002362
[2020.07.09-14.56.59:510][ 98]LogOnline: OSS: Creating online subsystem instance for: :Context_4
[2020.07.09-14.56.59:513][ 98]PIE: Server logged in
[2020.07.09-14.56.59:515][ 98]PIE: Play in editor total start time 0.109 seconds.
[2020.07.09-14.57.04:393][617]LogActor: Warning: MyEnemy_Standard_C /Game/Scenes/UEDPIE_0_TCTD.TCTD:PersistentLevel.MyEnemy_Standard_C_0 has natively added scene component(s), but none of them were set as the actor's RootComponent - picking one arbitrarily
[2020.07.09-14.57.10:225][145]LogActor: Warning: MyEnemy_Standard_C /Game/Scenes/UEDPIE_0_TCTD.TCTD:PersistentLevel.MyEnemy_Standard_C_1 has natively added scene component(s), but none of them were set as the actor's RootComponent - picking one arbitrarily
[2020.07.09-14.57.15:230][640]LogActor: Warning: MyEnemy_Standard_C /Game/Scenes/UEDPIE_0_TCTD.TCTD:PersistentLevel.MyEnemy_Standard_C_2 has natively added scene component(s), but none of them were set as the actor's RootComponent - picking one arbitrarily
[2020.07.09-14.57.17:599][880]LogOutputDevice: Warning: 

Script Stack (0 frames):

[2020.07.09-14.57.17:599][880]LogWindows: Windows GetLastError: The operation completed successfully. (0)
[2020.07.09-14.57.19:793][880]LogWindows: Error: === Critical error: ===
[2020.07.09-14.57.19:793][880]LogWindows: Error: 
[2020.07.09-14.57.19:793][880]LogWindows: Error: Assertion failed: (Index >= 0) & (Index < ArrayNum) [File:F:\UE_4.25\Engine\Source\Runtime\Core\Public\Containers/Array.h] [Line: 674] 
[2020.07.09-14.57.19:793][880]LogWindows: Error: Array index out of bounds: 0 from an array of size 0
[2020.07.09-14.57.19:793][880]LogWindows: Error: 
[2020.07.09-14.57.19:793][880]LogWindows: Error: 
[2020.07.09-14.57.19:793][880]LogWindows: Error: [Callstack] 0x00007fff3e2ba799 KERNELBASE.dll!UnknownFunction []
[2020.07.09-14.57.19:793][880]LogWindows: Error: [Callstack] 0x00007ffeecd7eb46 UE4Editor-Core.dll!UnknownFunction []
[2020.07.09-14.57.19:794][880]LogWindows: Error: [Callstack] 0x00007ffeecd81f28 UE4Editor-Core.dll!UnknownFunction []
[2020.07.09-14.57.19:794][880]LogWindows: Error: [Callstack] 0x00007ffeecb0e53d UE4Editor-Core.dll!UnknownFunction []
[2020.07.09-14.57.19:794][880]LogWindows: Error: [Callstack] 0x00007ffeeca997b5 UE4Editor-Core.dll!UnknownFunction []
[2020.07.09-14.57.19:794][880]LogWindows: Error: [Callstack] 0x00007ffeeca9baf0 UE4Editor-Core.dll!UnknownFunction []
[2020.07.09-14.57.19:794][880]LogWindows: Error: [Callstack] 0x00007fff29776318 UE4Editor-TCTD-6459.dll!DispatchCheckVerify<void,<lambda_9d6946ec8b2a1aa3b2553f3e014f102c> >() [F:\UE_4.25\Engine\Source\Runtime\Core\Public\Misc\AssertionMacros.h:162]
[2020.07.09-14.57.19:794][880]LogWindows: Error: [Callstack] 0x00007fff29766009 UE4Editor-TCTD-6459.dll!AEnemy_Base::CalculateDistanceFromStartToEnd() [F:\TCTD\TCTD\Source\TCTD\Enemy_Base.cpp:167]
[2020.07.09-14.57.19:794][880]LogWindows: Error: [Callstack] 0x00007fff29766378 UE4Editor-TCTD-6459.dll!AEnemy_Base::GoToNextWaypoint() [F:\TCTD\TCTD\Source\TCTD\Enemy_Base.cpp:69]
[2020.07.09-14.57.19:794][880]LogWindows: Error: [Callstack] 0x00007fff297664a8 UE4Editor-TCTD-6459.dll!AEnemy_Base::MoveToWaypoint() [F:\TCTD\TCTD\Source\TCTD\Enemy_Base.cpp:43]
[2020.07.09-14.57.19:794][880]LogWindows: Error: [Callstack] 0x00007ffeaa592f8a UE4Editor-Engine.dll!UnknownFunction []
[2020.07.09-14.57.19:794][880]LogWindows: Error: [Callstack] 0x00007ffeaa5594c4 UE4Editor-Engine.dll!UnknownFunction []
[2020.07.09-14.57.19:794][880]LogWindows: Error: [Callstack] 0x00007ffeab61616f UE4Editor-Engine.dll!UnknownFunction []
[2020.07.09-14.57.19:794][880]LogWindows: Error: [Callstack] 0x00007ffeab61b1c7 UE4Editor-Engine.dll!UnknownFunction []
[2020.07.09-14.57.19:794][880]LogWindows: Error: [Callstack] 0x00007ffeec8b87d8 UE4Editor-Core.dll!UnknownFunction []
[2020.07.09-14.57.19:794][880]LogWindows: Error: [Callstack] 0x00007ffeec8b8aa3 UE4Editor-Core.dll!UnknownFunction []
[2020.07.09-14.57.19:794][880]LogWindows: Error: [Callstack] 0x00007ffeec8cf027 UE4Editor-Core.dll!UnknownFunction []
[2020.07.09-14.57.19:794][880]LogWindows: Error: [Callstack] 0x00007ffeab6371b2 UE4Editor-Engine.dll!UnknownFunction []
[2020.07.09-14.57.19:794][880]LogWindows: Error: [Callstack] 0x00007ffeab63c47a UE4Editor-Engine.dll!UnknownFunction []
[2020.07.09-14.57.19:794][880]LogWindows: Error: [Callstack] 0x00007ffeaadfc43f UE4Editor-Engine.dll!UnknownFunction []
[2020.07.09-14.57.19:794][880]LogWindows: Error: [Callstack] 0x00007ffeaae06cd7 UE4Editor-Engine.dll!UnknownFunction []
[2020.07.09-14.57.19:794][880]LogWindows: Error: [Callstack] 0x00007ffeb7aaa737 UE4Editor-UnrealEd.dll!UnknownFunction []
[2020.07.09-14.57.19:794][880]LogWindows: Error: [Callstack] 0x00007ffeb83800d6 UE4Editor-UnrealEd.dll!UnknownFunction []
[2020.07.09-14.57.19:794][880]LogWindows: Error: [Callstack] 0x00007ff7f1397800 UE4Editor.exe!UnknownFunction []
[2020.07.09-14.57.19:794][880]LogWindows: Error: [Callstack] 0x00007ff7f13aba7c UE4Editor.exe!UnknownFunction []
[2020.07.09-14.57.19:794][880]LogWindows: Error: [Callstack] 0x00007ff7f13abb5a UE4Editor.exe!UnknownFunction []
[2020.07.09-14.57.19:794][880]LogWindows: Error: [Callstack] 0x00007ff7f13be31d UE4Editor.exe!UnknownFunction []
[2020.07.09-14.57.19:794][880]LogWindows: Error: [Callstack] 0x00007ff7f13c145a UE4Editor.exe!UnknownFunction []
[2020.07.09-14.57.19:794][880]LogWindows: Error: [Callstack] 0x00007fff3f147bd4 KERNEL32.DLL!UnknownFunction []
[2020.07.09-14.57.19:794][880]LogWindows: Error: [Callstack] 0x00007fff40dece51 ntdll.dll!UnknownFunction []
[2020.07.09-14.57.19:794][880]LogWindows: Error: 
[2020.07.09-14.57.19:815][880]LogExit: Executing StaticShutdownAfterError
[2020.07.09-14.57.19:817][880]LogWindows: FPlatformMisc::RequestExit(1)
[2020.07.09-14.57.19:817][880]LogCore: Engine exit requested (reason: Win RequestExit)
[2020.07.09-14.57.19:858][880]Log file closed, 07/09/20 10:57:19
