Log file open, 07/04/20 15:24:23
LogInit: Display: Running engine for game: TCTD
LogPlatformFile: Not using cached read wrapper
LogTaskGraph: Started task graph with 5 named threads and 14 total threads with 3 sets of task threads.
LogStats: Stats thread started at 1.612549
LogD3D11RHI: Loaded GFSDK_Aftermath_Lib.x64.dll
LogICUInternationalization: ICU TimeZone Detection - Raw Offset: -5:00, Platform Override: ''
LogPluginManager: Mounting plugin Paper2D
LogPluginManager: Mounting plugin AISupport
LogPluginManager: Mounting plugin LightPropagationVolume
LogPluginManager: Mounting plugin CameraShakePreviewer
LogPluginManager: Mounting plugin ActorLayerUtilities
LogPluginManager: Mounting plugin AnimationSharing
LogPluginManager: Mounting plugin CLionSourceCodeAccess
LogPluginManager: Mounting plugin CodeLiteSourceCodeAccess
LogPluginManager: Mounting plugin GitSourceControl
LogPluginManager: Mounting plugin KDevelopSourceCodeAccess
LogPluginManager: Mounting plugin NullSourceCodeAccess
LogPluginManager: Mounting plugin PerforceSourceControl
LogPluginManager: Mounting plugin PlasticSourceControl
LogPluginManager: Mounting plugin RiderSourceCodeAccess
LogPluginManager: Mounting plugin SubversionSourceControl
LogPluginManager: Mounting plugin UObjectPlugin
LogPluginManager: Mounting plugin VisualStudioCodeSourceCodeAccess
LogPluginManager: Mounting plugin VisualStudioSourceCodeAccess
LogPluginManager: Mounting plugin XCodeSourceCodeAccess
LogPluginManager: Mounting plugin AssetManagerEditor
LogPluginManager: Mounting plugin CryptoKeys
LogPluginManager: Mounting plugin CurveEditorTools
LogPluginManager: Mounting plugin DataValidation
LogPluginManager: Mounting plugin EditorScriptingUtilities
LogPluginManager: Mounting plugin FacialAnimation
LogPluginManager: Mounting plugin GameplayTagsEditor
LogPluginManager: Mounting plugin GeometryMode
LogPluginManager: Mounting plugin MacGraphicsSwitching
LogPluginManager: Mounting plugin MaterialAnalyzer
LogPluginManager: Mounting plugin MobileLauncherProfileWizard
LogPluginManager: Mounting plugin PluginBrowser
LogPluginManager: Mounting plugin SpeedTreeImporter
LogPluginManager: Mounting plugin DatasmithContent
LogPluginManager: Mounting plugin VariantManagerContent
LogPluginManager: Mounting plugin AlembicImporter
LogPluginManager: Mounting plugin AutomationUtils
LogPluginManager: Mounting plugin BackChannel
LogPluginManager: Mounting plugin ChaosCloth
LogPluginManager: Mounting plugin ChaosClothEditor
LogPluginManager: Mounting plugin ChaosEditor
LogPluginManager: Mounting plugin ChaosNiagara
LogPluginManager: Mounting plugin ChaosSolverPlugin
LogPluginManager: Mounting plugin CharacterAI
LogPluginManager: Mounting plugin GeometryCache
LogPluginManager: Mounting plugin GeometryCollectionPlugin
LogPluginManager: Mounting plugin GeometryProcessing
LogPluginManager: Mounting plugin PlanarCut
LogPluginManager: Mounting plugin PlatformCrypto
LogPluginManager: Mounting plugin ProxyLODPlugin
LogPluginManager: Mounting plugin SkeletalReduction
LogPluginManager: Mounting plugin Niagara
LogPluginManager: Mounting plugin MagicLeap
LogPluginManager: Mounting plugin MagicLeapLightEstimation
LogPluginManager: Mounting plugin MagicLeapMedia
LogPluginManager: Mounting plugin MagicLeapPassableWorld
LogPluginManager: Mounting plugin MLSDK
LogPluginManager: Mounting plugin AndroidMedia
LogPluginManager: Mounting plugin AvfMedia
LogPluginManager: Mounting plugin ImgMedia
LogPluginManager: Mounting plugin MediaCompositing
LogPluginManager: Mounting plugin MediaPlayerEditor
LogPluginManager: Mounting plugin WebMMedia
LogPluginManager: Mounting plugin WmfMedia
LogPluginManager: Mounting plugin MeshPainting
LogPluginManager: Mounting plugin TcpMessaging
LogPluginManager: Mounting plugin UdpMessaging
LogPluginManager: Mounting plugin ActorSequence
LogPluginManager: Mounting plugin LevelSequenceEditor
LogPluginManager: Mounting plugin MatineeToLevelSequence
LogPluginManager: Mounting plugin MovieRenderPipeline
LogPluginManager: Mounting plugin TemplateSequence
LogPluginManager: Mounting plugin NetcodeUnitTest
LogPluginManager: Mounting plugin NUTUnrealEngine4
LogPluginManager: Mounting plugin OnlineSubsystemGooglePlay
LogPluginManager: Mounting plugin OnlineSubsystemIOS
LogPluginManager: Mounting plugin OnlineSubsystem
LogPluginManager: Mounting plugin OnlineSubsystemNull
LogPluginManager: Mounting plugin OnlineSubsystemUtils
LogPluginManager: Mounting plugin LauncherChunkInstaller
LogPluginManager: Mounting plugin AndroidDeviceProfileSelector
LogPluginManager: Mounting plugin AndroidMoviePlayer
LogPluginManager: Mounting plugin AndroidPermission
LogPluginManager: Mounting plugin AppleImageUtils
LogPluginManager: Mounting plugin AppleMoviePlayer
LogPluginManager: Mounting plugin ArchVisCharacter
LogPluginManager: Mounting plugin AssetTags
LogPluginManager: Mounting plugin AudioCapture
LogPluginManager: Mounting plugin CableComponent
LogPluginManager: Mounting plugin CustomMeshComponent
LogPluginManager: Mounting plugin EditableMesh
LogPluginManager: Mounting plugin ExampleDeviceProfileSelector
LogPluginManager: Mounting plugin GoogleCloudMessaging
LogPluginManager: Mounting plugin GooglePAD
LogPluginManager: Mounting plugin IOSDeviceProfileSelector
LogPluginManager: Mounting plugin LinuxDeviceProfileSelector
LogPluginManager: Mounting plugin LocationServicesBPLibrary
LogPluginManager: Mounting plugin MobilePatchingUtils
LogPluginManager: Mounting plugin OculusVR
LogPluginManager: Mounting plugin PhysXVehicles
LogPluginManager: Mounting plugin PostSplashScreen
LogPluginManager: Mounting plugin ProceduralMeshComponent
LogPluginManager: Mounting plugin RuntimePhysXCooking
LogPluginManager: Mounting plugin SignificanceManager
LogPluginManager: Mounting plugin SoundFields
LogPluginManager: Mounting plugin SteamVR
LogPluginManager: Mounting plugin Synthesis
LogPluginManager: Mounting plugin WebMMoviePlayer
LogPluginManager: Mounting plugin WindowsMoviePlayer
LogPluginManager: Mounting plugin ScreenshotTools
LogPluginManager: Mounting plugin RiderLink
LogInit: Using libcurl 7.55.1-DEV
LogInit:  - built for x86_64-pc-win32
LogInit:  - supports SSL with OpenSSL/1.1.1
LogInit:  - supports HTTP deflate (compression) using libz 1.2.8
LogInit:  - other features:
LogInit:      CURL_VERSION_SSL
LogInit:      CURL_VERSION_LIBZ
LogInit:      CURL_VERSION_IPV6
LogInit:      CURL_VERSION_ASYNCHDNS
LogInit:      CURL_VERSION_LARGEFILE
LogInit:      CURL_VERSION_IDN
LogInit:  CurlRequestOptions (configurable via config and command line):
LogInit:  - bVerifyPeer = true  - Libcurl will verify peer certificate
LogInit:  - bUseHttpProxy = false  - Libcurl will NOT use HTTP proxy
LogInit:  - bDontReuseConnections = false  - Libcurl will reuse connections
LogInit:  - MaxHostConnections = 16  - Libcurl will limit the number of connections to a host
LogInit:  - LocalHostAddr = Default
LogInit:  - BufferSize = 65536
LogOnline: OSS: Creating online subsystem instance for: NULL
LogInit: WinSock: version 1.1 (2.2), MaxSocks=32767, MaxUdp=65467
LogOnline: OSS: TryLoadSubsystemAndSetDefault: Loaded subsystem for module [NULL]
LogInit: Build: ++UE4+Release-4.25-CL-13594126
LogInit: Engine Version: 4.25.1-13594126+++UE4+Release-4.25
LogInit: Compatible Engine Version: 4.25.0-13144385+++UE4+Release-4.25
LogInit: Net CL: 13144385
LogInit: OS: Windows 10 (Release 1903) (), CPU: AMD Ryzen 3 2200G with Radeon Vega Graphics    , GPU: NVIDIA GeForce GTX 1660 Ti
LogInit: Compiled (64-bit): Jun  2 2020 02:10:36
LogInit: Compiled with Visual C++: 19.24.28315.00
LogInit: Build Configuration: Development
LogInit: Branch Name: ++UE4+Release-4.25
LogInit: Command Line: 
LogInit: Base Directory: F:/UE_4.25/Engine/Binaries/Win64/
LogInit: Allocator: TBB
LogInit: Installed Engine Build: 1
LogDevObjectVersion: Number of dev versions registered: 26
LogDevObjectVersion:   Dev-Blueprints (B0D832E4-1F89-4F0D-ACCF-7EB736FD4AA2): 10
LogDevObjectVersion:   Dev-Build (E1C64328-A22C-4D53-A36C-8E866417BD8C): 0
LogDevObjectVersion:   Dev-Core (375EC13C-06E4-48FB-B500-84F0262A717E): 4
LogDevObjectVersion:   Dev-Editor (E4B068ED-F494-42E9-A231-DA0B2E46BB41): 38
LogDevObjectVersion:   Dev-Framework (CFFC743F-43B0-4480-9391-14DF171D2073): 37
LogDevObjectVersion:   Dev-Mobile (B02B49B5-BB20-44E9-A304-32B752E40360): 2
LogDevObjectVersion:   Dev-Networking (A4E4105C-59A1-49B5-A7C5-40C4547EDFEE): 0
LogDevObjectVersion:   Dev-Online (39C831C9-5AE6-47DC-9A44-9C173E1C8E7C): 0
LogDevObjectVersion:   Dev-Physics (78F01B33-EBEA-4F98-B9B4-84EACCB95AA2): 4
LogDevObjectVersion:   Dev-Platform (6631380F-2D4D-43E0-8009-CF276956A95A): 0
LogDevObjectVersion:   Dev-Rendering (12F88B9F-8875-4AFC-A67C-D90C383ABD29): 43
LogDevObjectVersion:   Dev-Sequencer (7B5AE74C-D270-4C10-A958-57980B212A5A): 12
LogDevObjectVersion:   Dev-VR (D7296918-1DD6-4BDD-9DE2-64A83CC13884): 3
LogDevObjectVersion:   Dev-LoadTimes (C2A15278-BFE7-4AFE-6C17-90FF531DF755): 1
LogDevObjectVersion:   Private-Geometry (6EACA3D4-40EC-4CC1-B786-8BED09428FC5): 3
LogDevObjectVersion:   Dev-AnimPhys (29E575DD-E0A3-4627-9D10-D276232CDCEA): 17
LogDevObjectVersion:   Dev-Anim (AF43A65D-7FD3-4947-9873-3E8ED9C1BB05): 7
LogDevObjectVersion:   Dev-ReflectionCapture (6B266CEC-1EC7-4B8F-A30B-E4D90942FC07): 1
LogDevObjectVersion:   Dev-Automation (0DF73D61-A23F-47EA-B727-89E90C41499A): 1
LogDevObjectVersion:   FortniteMain (601D1886-AC64-4F84-AA16-D3DE0DEAC7D6): 31
LogDevObjectVersion:   Dev-Enterprise (9DFFBCD6-494F-0158-E221-12823C92A888): 10
LogDevObjectVersion:   Dev-Niagara (F2AED0AC-9AFE-416F-8664-AA7FFA26D6FC): 1
LogDevObjectVersion:   Dev-Destruction (174F1F0B-B4C6-45A5-B13F-2EE8D0FB917D): 10
LogDevObjectVersion:   Dev-Physics-Ext (35F94A83-E258-406C-A318-09F59610247C): 37
LogDevObjectVersion:   Dev-PhysicsMaterial-Chaos (B68FC16E-8B1B-42E2-B453-215C058844FE): 1
LogDevObjectVersion:   Dev-CineCamera (B2E18506-4273-CFC2-A54E-F4BB758BBA07): 1
LogInit: Presizing for max 25165824 objects, including 0 objects not considered by GC, pre-allocating 0 bytes for permanent pool.
LogConfig: Applying CVar settings from Section [/Script/Engine.StreamingSettings] File [F:/TCTD/TCTD/Saved/Config/Windows/Engine.ini]
LogConfig: Setting CVar [[s.MinBulkDataSizeForAsyncLoading:131072]]
LogConfig: Setting CVar [[s.AsyncLoadingThreadEnabled:0]]
LogConfig: Setting CVar [[s.EventDrivenLoaderEnabled:1]]
LogConfig: Setting CVar [[s.WarnIfTimeLimitExceeded:0]]
LogConfig: Setting CVar [[s.TimeLimitExceededMultiplier:1.5]]
LogConfig: Setting CVar [[s.TimeLimitExceededMinTime:0.005]]
LogConfig: Setting CVar [[s.UseBackgroundLevelStreaming:1]]
LogConfig: Setting CVar [[s.PriorityAsyncLoadingExtraTime:15.0]]
LogConfig: Setting CVar [[s.LevelStreamingActorsUpdateTimeLimit:5.0]]
LogConfig: Setting CVar [[s.PriorityLevelStreamingActorsUpdateExtraTime:5.0]]
LogConfig: Setting CVar [[s.LevelStreamingComponentsRegistrationGranularity:10]]
LogConfig: Setting CVar [[s.UnregisterComponentsTimeLimit:1.0]]
LogConfig: Setting CVar [[s.LevelStreamingComponentsUnregistrationGranularity:5]]
LogConfig: Setting CVar [[s.FlushStreamingOnExit:1]]
LogInit: Object subsystem initialized
LogConfig: Setting CVar [[con.DebugEarlyDefault:1]]
LogConfig: Setting CVar [[r.setres:1280x720]]
[2020.07.04-19.24.23:537][  0]LogConfig: Setting CVar [[r.VSync:0]]
[2020.07.04-19.24.23:537][  0]LogConfig: Setting CVar [[r.RHICmdBypass:0]]
[2020.07.04-19.24.23:537][  0]LogConfig: Applying CVar settings from Section [/Script/Engine.RendererSettings] File [F:/TCTD/TCTD/Saved/Config/Windows/Engine.ini]
[2020.07.04-19.24.23:537][  0]LogConfig: Setting CVar [[r.GPUCrashDebugging:0]]
[2020.07.04-19.24.23:537][  0]LogConfig: Applying CVar settings from Section [/Script/Engine.RendererOverrideSettings] File [F:/TCTD/TCTD/Saved/Config/Windows/Engine.ini]
[2020.07.04-19.24.23:537][  0]LogConfig: Applying CVar settings from Section [/Script/Engine.StreamingSettings] File [F:/TCTD/TCTD/Saved/Config/Windows/Engine.ini]
[2020.07.04-19.24.23:537][  0]LogConfig: Setting CVar [[s.MinBulkDataSizeForAsyncLoading:131072]]
[2020.07.04-19.24.23:537][  0]LogConfig: Setting CVar [[s.AsyncLoadingThreadEnabled:0]]
[2020.07.04-19.24.23:537][  0]LogConfig: Setting CVar [[s.EventDrivenLoaderEnabled:1]]
[2020.07.04-19.24.23:537][  0]LogConfig: Setting CVar [[s.WarnIfTimeLimitExceeded:0]]
[2020.07.04-19.24.23:537][  0]LogConfig: Setting CVar [[s.TimeLimitExceededMultiplier:1.5]]
[2020.07.04-19.24.23:537][  0]LogConfig: Setting CVar [[s.TimeLimitExceededMinTime:0.005]]
[2020.07.04-19.24.23:537][  0]LogConfig: Setting CVar [[s.UseBackgroundLevelStreaming:1]]
[2020.07.04-19.24.23:537][  0]LogConfig: Setting CVar [[s.PriorityAsyncLoadingExtraTime:15.0]]
[2020.07.04-19.24.23:537][  0]LogConfig: Setting CVar [[s.LevelStreamingActorsUpdateTimeLimit:5.0]]
[2020.07.04-19.24.23:537][  0]LogConfig: Setting CVar [[s.PriorityLevelStreamingActorsUpdateExtraTime:5.0]]
[2020.07.04-19.24.23:537][  0]LogConfig: Setting CVar [[s.LevelStreamingComponentsRegistrationGranularity:10]]
[2020.07.04-19.24.23:537][  0]LogConfig: Setting CVar [[s.UnregisterComponentsTimeLimit:1.0]]
[2020.07.04-19.24.23:537][  0]LogConfig: Setting CVar [[s.LevelStreamingComponentsUnregistrationGranularity:5]]
[2020.07.04-19.24.23:537][  0]LogConfig: Setting CVar [[s.FlushStreamingOnExit:1]]
[2020.07.04-19.24.23:537][  0]LogConfig: Applying CVar settings from Section [/Script/Engine.GarbageCollectionSettings] File [F:/TCTD/TCTD/Saved/Config/Windows/Engine.ini]
[2020.07.04-19.24.23:537][  0]LogConfig: Setting CVar [[gc.MaxObjectsNotConsideredByGC:1]]
[2020.07.04-19.24.23:537][  0]LogConfig: Setting CVar [[gc.SizeOfPermanentObjectPool:0]]
[2020.07.04-19.24.23:537][  0]LogConfig: Setting CVar [[gc.FlushStreamingOnGC:0]]
[2020.07.04-19.24.23:537][  0]LogConfig: Setting CVar [[gc.NumRetriesBeforeForcingGC:10]]
[2020.07.04-19.24.23:537][  0]LogConfig: Setting CVar [[gc.AllowParallelGC:1]]
[2020.07.04-19.24.23:537][  0]LogConfig: Setting CVar [[gc.TimeBetweenPurgingPendingKillObjects:61.1]]
[2020.07.04-19.24.23:537][  0]LogConfig: Setting CVar [[gc.MaxObjectsInEditor:25165824]]
[2020.07.04-19.24.23:537][  0]LogConfig: Setting CVar [[gc.IncrementalBeginDestroyEnabled:1]]
[2020.07.04-19.24.23:537][  0]LogConfig: Setting CVar [[gc.CreateGCClusters:1]]
[2020.07.04-19.24.23:537][  0]LogConfig: Setting CVar [[gc.MinGCClusterSize:5]]
[2020.07.04-19.24.23:537][  0]LogConfig: Setting CVar [[gc.ActorClusteringEnabled:0]]
[2020.07.04-19.24.23:537][  0]LogConfig: Setting CVar [[gc.BlueprintClusteringEnabled:0]]
[2020.07.04-19.24.23:538][  0]LogConfig: Setting CVar [[gc.UseDisregardForGCOnDedicatedServers:0]]
[2020.07.04-19.24.23:538][  0]LogConfig: Applying CVar settings from Section [/Script/Engine.NetworkSettings] File [F:/TCTD/TCTD/Saved/Config/Windows/Engine.ini]
[2020.07.04-19.24.23:538][  0]LogConfig: Applying CVar settings from Section [/Script/UnrealEd.CookerSettings] File [F:/TCTD/TCTD/Saved/Config/Windows/Engine.ini]
[2020.07.04-19.24.23:544][  0]LogConfig: Applying CVar settings from Section [ViewDistanceQuality@3] File [F:/TCTD/TCTD/Saved/Config/Windows/Scalability.ini]
[2020.07.04-19.24.23:544][  0]LogConfig: Setting CVar [[r.SkeletalMeshLODBias:0]]
[2020.07.04-19.24.23:544][  0]LogConfig: Setting CVar [[r.ViewDistanceScale:1.0]]
[2020.07.04-19.24.23:545][  0]LogConfig: Applying CVar settings from Section [AntiAliasingQuality@3] File [F:/TCTD/TCTD/Saved/Config/Windows/Scalability.ini]
[2020.07.04-19.24.23:545][  0]LogConfig: Setting CVar [[r.PostProcessAAQuality:4]]
[2020.07.04-19.24.23:545][  0]LogConfig: Applying CVar settings from Section [ShadowQuality@3] File [F:/TCTD/TCTD/Saved/Config/Windows/Scalability.ini]
[2020.07.04-19.24.23:545][  0]LogConfig: Setting CVar [[r.LightFunctionQuality:1]]
[2020.07.04-19.24.23:545][  0]LogConfig: Setting CVar [[r.ShadowQuality:5]]
[2020.07.04-19.24.23:545][  0]LogConfig: Setting CVar [[r.Shadow.CSM.MaxCascades:10]]
[2020.07.04-19.24.23:545][  0]LogConfig: Setting CVar [[r.Shadow.MaxResolution:2048]]
[2020.07.04-19.24.23:545][  0]LogConfig: Setting CVar [[r.Shadow.MaxCSMResolution:2048]]
[2020.07.04-19.24.23:545][  0]LogConfig: Setting CVar [[r.Shadow.RadiusThreshold:0.01]]
[2020.07.04-19.24.23:545][  0]LogConfig: Setting CVar [[r.Shadow.DistanceScale:1.0]]
[2020.07.04-19.24.23:545][  0]LogConfig: Setting CVar [[r.Shadow.CSM.TransitionScale:1.0]]
[2020.07.04-19.24.23:545][  0]LogConfig: Setting CVar [[r.Shadow.PreShadowResolutionFactor:1.0]]
[2020.07.04-19.24.23:545][  0]LogConfig: Setting CVar [[r.DistanceFieldShadowing:1]]
[2020.07.04-19.24.23:545][  0]LogConfig: Setting CVar [[r.DistanceFieldAO:1]]
[2020.07.04-19.24.23:545][  0]LogConfig: Setting CVar [[r.AOQuality:2]]
[2020.07.04-19.24.23:545][  0]LogConfig: Setting CVar [[r.VolumetricFog:1]]
[2020.07.04-19.24.23:545][  0]LogConfig: Setting CVar [[r.VolumetricFog.GridPixelSize:8]]
[2020.07.04-19.24.23:545][  0]LogConfig: Setting CVar [[r.VolumetricFog.GridSizeZ:128]]
[2020.07.04-19.24.23:545][  0]LogConfig: Setting CVar [[r.VolumetricFog.HistoryMissSupersampleCount:4]]
[2020.07.04-19.24.23:545][  0]LogConfig: Setting CVar [[r.LightMaxDrawDistanceScale:1]]
[2020.07.04-19.24.23:545][  0]LogConfig: Setting CVar [[r.CapsuleShadows:1]]
[2020.07.04-19.24.23:545][  0]LogConfig: Applying CVar settings from Section [PostProcessQuality@3] File [F:/TCTD/TCTD/Saved/Config/Windows/Scalability.ini]
[2020.07.04-19.24.23:545][  0]LogConfig: Setting CVar [[r.MotionBlurQuality:4]]
[2020.07.04-19.24.23:545][  0]LogConfig: Setting CVar [[r.AmbientOcclusionMipLevelFactor:0.4]]
[2020.07.04-19.24.23:545][  0]LogConfig: Setting CVar [[r.AmbientOcclusionMaxQuality:100]]
[2020.07.04-19.24.23:545][  0]LogConfig: Setting CVar [[r.AmbientOcclusionLevels:-1]]
[2020.07.04-19.24.23:545][  0]LogConfig: Setting CVar [[r.AmbientOcclusionRadiusScale:1.0]]
[2020.07.04-19.24.23:545][  0]LogConfig: Setting CVar [[r.DepthOfFieldQuality:2]]
[2020.07.04-19.24.23:545][  0]LogConfig: Setting CVar [[r.RenderTargetPoolMin:400]]
[2020.07.04-19.24.23:545][  0]LogConfig: Setting CVar [[r.LensFlareQuality:2]]
[2020.07.04-19.24.23:545][  0]LogConfig: Setting CVar [[r.SceneColorFringeQuality:1]]
[2020.07.04-19.24.23:545][  0]LogConfig: Setting CVar [[r.EyeAdaptationQuality:2]]
[2020.07.04-19.24.23:545][  0]LogConfig: Setting CVar [[r.BloomQuality:5]]
[2020.07.04-19.24.23:545][  0]LogConfig: Setting CVar [[r.FastBlurThreshold:100]]
[2020.07.04-19.24.23:545][  0]LogConfig: Setting CVar [[r.Upscale.Quality:3]]
[2020.07.04-19.24.23:545][  0]LogConfig: Setting CVar [[r.Tonemapper.GrainQuantization:1]]
[2020.07.04-19.24.23:545][  0]LogConfig: Setting CVar [[r.LightShaftQuality:1]]
[2020.07.04-19.24.23:545][  0]LogConfig: Setting CVar [[r.Filter.SizeScale:1]]
[2020.07.04-19.24.23:545][  0]LogConfig: Setting CVar [[r.Tonemapper.Quality:5]]
[2020.07.04-19.24.23:545][  0]LogConfig: Setting CVar [[r.DOF.Gather.AccumulatorQuality:1        ; higher gathering accumulator quality]]
[2020.07.04-19.24.23:545][  0]LogConfig: Setting CVar [[r.DOF.Gather.PostfilterMethod:1          ; Median3x3 postfilering method]]
[2020.07.04-19.24.23:545][  0]LogConfig: Setting CVar [[r.DOF.Gather.EnableBokehSettings:0       ; no bokeh simulation when gathering]]
[2020.07.04-19.24.23:545][  0]LogConfig: Setting CVar [[r.DOF.Gather.RingCount:4                 ; medium number of samples when gathering]]
[2020.07.04-19.24.23:545][  0]LogConfig: Setting CVar [[r.DOF.Scatter.ForegroundCompositing:1    ; additive foreground scattering]]
[2020.07.04-19.24.23:545][  0]LogConfig: Setting CVar [[r.DOF.Scatter.BackgroundCompositing:2    ; additive background scattering]]
[2020.07.04-19.24.23:545][  0]LogConfig: Setting CVar [[r.DOF.Scatter.EnableBokehSettings:1      ; bokeh simulation when scattering]]
[2020.07.04-19.24.23:545][  0]LogConfig: Setting CVar [[r.DOF.Scatter.MaxSpriteRatio:0.1         ; only a maximum of 10% of scattered bokeh]]
[2020.07.04-19.24.23:545][  0]LogConfig: Setting CVar [[r.DOF.Recombine.Quality:1                ; cheap slight out of focus]]
[2020.07.04-19.24.23:545][  0]LogConfig: Setting CVar [[r.DOF.Recombine.EnableBokehSettings:0    ; no bokeh simulation on slight out of focus]]
[2020.07.04-19.24.23:545][  0]LogConfig: Setting CVar [[r.DOF.TemporalAAQuality:1                ; more stable temporal accumulation]]
[2020.07.04-19.24.23:545][  0]LogConfig: Setting CVar [[r.DOF.Kernel.MaxForegroundRadius:0.025]]
[2020.07.04-19.24.23:546][  0]LogConfig: Setting CVar [[r.DOF.Kernel.MaxBackgroundRadius:0.025]]
[2020.07.04-19.24.23:546][  0]LogConfig: Applying CVar settings from Section [TextureQuality@3] File [F:/TCTD/TCTD/Saved/Config/Windows/Scalability.ini]
[2020.07.04-19.24.23:546][  0]LogConfig: Setting CVar [[r.Streaming.MipBias:0]]
[2020.07.04-19.24.23:546][  0]LogConfig: Setting CVar [[r.Streaming.AmortizeCPUToGPUCopy:0]]
[2020.07.04-19.24.23:546][  0]LogConfig: Setting CVar [[r.Streaming.MaxNumTexturesToStreamPerFrame:0]]
[2020.07.04-19.24.23:546][  0]LogConfig: Setting CVar [[r.Streaming.Boost:1]]
[2020.07.04-19.24.23:546][  0]LogConfig: Setting CVar [[r.MaxAnisotropy:8]]
[2020.07.04-19.24.23:546][  0]LogConfig: Setting CVar [[r.VT.MaxAnisotropy:8]]
[2020.07.04-19.24.23:546][  0]LogConfig: Setting CVar [[r.Streaming.LimitPoolSizeToVRAM:0]]
[2020.07.04-19.24.23:546][  0]LogConfig: Setting CVar [[r.Streaming.PoolSize:1000]]
[2020.07.04-19.24.23:546][  0]LogConfig: Setting CVar [[r.Streaming.MaxEffectiveScreenSize:0]]
[2020.07.04-19.24.23:546][  0]LogConfig: Applying CVar settings from Section [EffectsQuality@3] File [F:/TCTD/TCTD/Saved/Config/Windows/Scalability.ini]
[2020.07.04-19.24.23:546][  0]LogConfig: Setting CVar [[r.TranslucencyLightingVolumeDim:64]]
[2020.07.04-19.24.23:546][  0]LogConfig: Setting CVar [[r.RefractionQuality:2]]
[2020.07.04-19.24.23:546][  0]LogConfig: Setting CVar [[r.SSR.Quality:3]]
[2020.07.04-19.24.23:546][  0]LogConfig: Setting CVar [[r.SSR.HalfResSceneColor:0]]
[2020.07.04-19.24.23:546][  0]LogConfig: Setting CVar [[r.SceneColorFormat:4]]
[2020.07.04-19.24.23:546][  0]LogConfig: Setting CVar [[r.DetailMode:2]]
[2020.07.04-19.24.23:546][  0]LogConfig: Setting CVar [[r.TranslucencyVolumeBlur:1]]
[2020.07.04-19.24.23:546][  0]LogConfig: Setting CVar [[r.MaterialQualityLevel:1 ; High quality]]
[2020.07.04-19.24.23:546][  0]LogConfig: Setting CVar [[r.SSS.Scale:1]]
[2020.07.04-19.24.23:546][  0]LogConfig: Setting CVar [[r.SSS.SampleSet:2]]
[2020.07.04-19.24.23:546][  0]LogConfig: Setting CVar [[r.SSS.Quality:1]]
[2020.07.04-19.24.23:546][  0]LogConfig: Setting CVar [[r.SSS.HalfRes:0]]
[2020.07.04-19.24.23:546][  0]LogConfig: Setting CVar [[r.SSGI.Quality:3]]
[2020.07.04-19.24.23:546][  0]LogConfig: Setting CVar [[r.EmitterSpawnRateScale:1.0]]
[2020.07.04-19.24.23:546][  0]LogConfig: Setting CVar [[r.ParticleLightQuality:2]]
[2020.07.04-19.24.23:546][  0]LogConfig: Setting CVar [[r.SkyAtmosphere.AerialPerspectiveLUT.FastApplyOnOpaque:1 ; Always have FastSkyLUT 1 in this case to avoid wrong sky]]
[2020.07.04-19.24.23:546][  0]LogConfig: Setting CVar [[r.SkyAtmosphere.AerialPerspectiveLUT.SampleCountPerSlice:1]]
[2020.07.04-19.24.23:546][  0]LogConfig: Setting CVar [[r.SkyAtmosphere.AerialPerspectiveLUT.DepthResolution:16.0]]
[2020.07.04-19.24.23:546][  0]LogConfig: Setting CVar [[r.SkyAtmosphere.FastSkyLUT:1]]
[2020.07.04-19.24.23:546][  0]LogConfig: Setting CVar [[r.SkyAtmosphere.FastSkyLUT.SampleCountMin:4.0]]
[2020.07.04-19.24.23:546][  0]LogConfig: Setting CVar [[r.SkyAtmosphere.FastSkyLUT.SampleCountMax:32.0]]
[2020.07.04-19.24.23:546][  0]LogConfig: Setting CVar [[r.SkyAtmosphere.SampleCountMin:4.0]]
[2020.07.04-19.24.23:546][  0]LogConfig: Setting CVar [[r.SkyAtmosphere.SampleCountMax:32.0]]
[2020.07.04-19.24.23:546][  0]LogConfig: Setting CVar [[r.SkyAtmosphere.TransmittanceLUT.UseSmallFormat:0]]
[2020.07.04-19.24.23:546][  0]LogConfig: Setting CVar [[r.SkyAtmosphere.TransmittanceLUT.SampleCount:10.0]]
[2020.07.04-19.24.23:546][  0]LogConfig: Setting CVar [[r.SkyAtmosphere.MultiScatteringLUT.SampleCount:15.0]]
[2020.07.04-19.24.23:546][  0]LogConfig: Applying CVar settings from Section [FoliageQuality@3] File [F:/TCTD/TCTD/Saved/Config/Windows/Scalability.ini]
[2020.07.04-19.24.23:546][  0]LogConfig: Setting CVar [[foliage.DensityScale:1.0]]
[2020.07.04-19.24.23:546][  0]LogConfig: Setting CVar [[grass.DensityScale:1.0]]
[2020.07.04-19.24.23:546][  0]LogConfig: Applying CVar settings from Section [ShadingQuality@3] File [F:/TCTD/TCTD/Saved/Config/Windows/Scalability.ini]
[2020.07.04-19.24.23:546][  0]LogConfig: Setting CVar [[r.HairStrands.SkyLighting.SampleCount:16]]
[2020.07.04-19.24.23:546][  0]LogConfig: Setting CVar [[r.HairStrands.SkyLighting.JitterIntegration:0]]
[2020.07.04-19.24.23:546][  0]LogConfig: Setting CVar [[r.HairStrands.SkyAO.SampleCount:16]]
[2020.07.04-19.24.23:546][  0]LogConfig: Setting CVar [[r.HairStrands.DeepShadow.SuperSampling:0]]
[2020.07.04-19.24.23:546][  0]LogConfig: Setting CVar [[r.HairStrands.VisibilityPPLL:0]]
[2020.07.04-19.24.23:546][  0]LogConfig: Setting CVar [[r.HairStrands.RasterizationScale:0.5]]
[2020.07.04-19.24.23:546][  0]LogConfig: Setting CVar [[r.HairStrands.VelocityRasterizationScale:1]]
[2020.07.04-19.24.23:546][  0]LogInit: Selected Device Profile: [Windows]
[2020.07.04-19.24.23:547][  0]LogInit: Applying CVar settings loaded from the selected device profile: [Windows]
[2020.07.04-19.24.23:547][  0]LogHAL: Display: Platform has ~ 31 GB [33225981952 / 34359738368 / 31], which maps to Larger [LargestMinGB=32, LargerMinGB=12, DefaultMinGB=8, SmallerMinGB=6, SmallestMinGB=0)
[2020.07.04-19.24.23:547][  0]LogInit: Going up to parent DeviceProfile []
[2020.07.04-19.24.23:547][  0]LogConfig: Applying CVar settings from Section [ViewDistanceQuality@3] File [F:/TCTD/TCTD/Saved/Config/Windows/Scalability.ini]
[2020.07.04-19.24.23:547][  0]LogConfig: Setting CVar [[r.SkeletalMeshLODBias:0]]
[2020.07.04-19.24.23:547][  0]LogConfig: Setting CVar [[r.ViewDistanceScale:1.0]]
[2020.07.04-19.24.23:547][  0]LogConfig: Applying CVar settings from Section [AntiAliasingQuality@3] File [F:/TCTD/TCTD/Saved/Config/Windows/Scalability.ini]
[2020.07.04-19.24.23:547][  0]LogConfig: Setting CVar [[r.PostProcessAAQuality:4]]
[2020.07.04-19.24.23:547][  0]LogConfig: Applying CVar settings from Section [ShadowQuality@3] File [F:/TCTD/TCTD/Saved/Config/Windows/Scalability.ini]
[2020.07.04-19.24.23:547][  0]LogConfig: Setting CVar [[r.LightFunctionQuality:1]]
[2020.07.04-19.24.23:547][  0]LogConfig: Setting CVar [[r.ShadowQuality:5]]
[2020.07.04-19.24.23:547][  0]LogConfig: Setting CVar [[r.Shadow.CSM.MaxCascades:10]]
[2020.07.04-19.24.23:547][  0]LogConfig: Setting CVar [[r.Shadow.MaxResolution:2048]]
[2020.07.04-19.24.23:547][  0]LogConfig: Setting CVar [[r.Shadow.MaxCSMResolution:2048]]
[2020.07.04-19.24.23:547][  0]LogConfig: Setting CVar [[r.Shadow.RadiusThreshold:0.01]]
[2020.07.04-19.24.23:547][  0]LogConfig: Setting CVar [[r.Shadow.DistanceScale:1.0]]
[2020.07.04-19.24.23:547][  0]LogConfig: Setting CVar [[r.Shadow.CSM.TransitionScale:1.0]]
[2020.07.04-19.24.23:547][  0]LogConfig: Setting CVar [[r.Shadow.PreShadowResolutionFactor:1.0]]
[2020.07.04-19.24.23:547][  0]LogConfig: Setting CVar [[r.DistanceFieldShadowing:1]]
[2020.07.04-19.24.23:547][  0]LogConfig: Setting CVar [[r.DistanceFieldAO:1]]
[2020.07.04-19.24.23:547][  0]LogConfig: Setting CVar [[r.AOQuality:2]]
[2020.07.04-19.24.23:547][  0]LogConfig: Setting CVar [[r.VolumetricFog:1]]
[2020.07.04-19.24.23:547][  0]LogConfig: Setting CVar [[r.VolumetricFog.GridPixelSize:8]]
[2020.07.04-19.24.23:547][  0]LogConfig: Setting CVar [[r.VolumetricFog.GridSizeZ:128]]
[2020.07.04-19.24.23:547][  0]LogConfig: Setting CVar [[r.VolumetricFog.HistoryMissSupersampleCount:4]]
[2020.07.04-19.24.23:547][  0]LogConfig: Setting CVar [[r.LightMaxDrawDistanceScale:1]]
[2020.07.04-19.24.23:547][  0]LogConfig: Setting CVar [[r.CapsuleShadows:1]]
[2020.07.04-19.24.23:547][  0]LogConfig: Applying CVar settings from Section [PostProcessQuality@3] File [F:/TCTD/TCTD/Saved/Config/Windows/Scalability.ini]
[2020.07.04-19.24.23:547][  0]LogConfig: Setting CVar [[r.MotionBlurQuality:4]]
[2020.07.04-19.24.23:547][  0]LogConfig: Setting CVar [[r.AmbientOcclusionMipLevelFactor:0.4]]
[2020.07.04-19.24.23:547][  0]LogConfig: Setting CVar [[r.AmbientOcclusionMaxQuality:100]]
[2020.07.04-19.24.23:547][  0]LogConfig: Setting CVar [[r.AmbientOcclusionLevels:-1]]
[2020.07.04-19.24.23:547][  0]LogConfig: Setting CVar [[r.AmbientOcclusionRadiusScale:1.0]]
[2020.07.04-19.24.23:547][  0]LogConfig: Setting CVar [[r.DepthOfFieldQuality:2]]
[2020.07.04-19.24.23:547][  0]LogConfig: Setting CVar [[r.RenderTargetPoolMin:400]]
[2020.07.04-19.24.23:547][  0]LogConfig: Setting CVar [[r.LensFlareQuality:2]]
[2020.07.04-19.24.23:547][  0]LogConfig: Setting CVar [[r.SceneColorFringeQuality:1]]
[2020.07.04-19.24.23:547][  0]LogConfig: Setting CVar [[r.EyeAdaptationQuality:2]]
[2020.07.04-19.24.23:547][  0]LogConfig: Setting CVar [[r.BloomQuality:5]]
[2020.07.04-19.24.23:547][  0]LogConfig: Setting CVar [[r.FastBlurThreshold:100]]
[2020.07.04-19.24.23:547][  0]LogConfig: Setting CVar [[r.Upscale.Quality:3]]
[2020.07.04-19.24.23:547][  0]LogConfig: Setting CVar [[r.Tonemapper.GrainQuantization:1]]
[2020.07.04-19.24.23:547][  0]LogConfig: Setting CVar [[r.LightShaftQuality:1]]
[2020.07.04-19.24.23:547][  0]LogConfig: Setting CVar [[r.Filter.SizeScale:1]]
[2020.07.04-19.24.23:547][  0]LogConfig: Setting CVar [[r.Tonemapper.Quality:5]]
[2020.07.04-19.24.23:547][  0]LogConfig: Setting CVar [[r.DOF.Gather.AccumulatorQuality:1        ; higher gathering accumulator quality]]
[2020.07.04-19.24.23:547][  0]LogConfig: Setting CVar [[r.DOF.Gather.PostfilterMethod:1          ; Median3x3 postfilering method]]
[2020.07.04-19.24.23:547][  0]LogConfig: Setting CVar [[r.DOF.Gather.EnableBokehSettings:0       ; no bokeh simulation when gathering]]
[2020.07.04-19.24.23:548][  0]LogConfig: Setting CVar [[r.DOF.Gather.RingCount:4                 ; medium number of samples when gathering]]
[2020.07.04-19.24.23:548][  0]LogConfig: Setting CVar [[r.DOF.Scatter.ForegroundCompositing:1    ; additive foreground scattering]]
[2020.07.04-19.24.23:548][  0]LogConfig: Setting CVar [[r.DOF.Scatter.BackgroundCompositing:2    ; additive background scattering]]
[2020.07.04-19.24.23:548][  0]LogConfig: Setting CVar [[r.DOF.Scatter.EnableBokehSettings:1      ; bokeh simulation when scattering]]
[2020.07.04-19.24.23:548][  0]LogConfig: Setting CVar [[r.DOF.Scatter.MaxSpriteRatio:0.1         ; only a maximum of 10% of scattered bokeh]]
[2020.07.04-19.24.23:548][  0]LogConfig: Setting CVar [[r.DOF.Recombine.Quality:1                ; cheap slight out of focus]]
[2020.07.04-19.24.23:548][  0]LogConfig: Setting CVar [[r.DOF.Recombine.EnableBokehSettings:0    ; no bokeh simulation on slight out of focus]]
[2020.07.04-19.24.23:548][  0]LogConfig: Setting CVar [[r.DOF.TemporalAAQuality:1                ; more stable temporal accumulation]]
[2020.07.04-19.24.23:548][  0]LogConfig: Setting CVar [[r.DOF.Kernel.MaxForegroundRadius:0.025]]
[2020.07.04-19.24.23:548][  0]LogConfig: Setting CVar [[r.DOF.Kernel.MaxBackgroundRadius:0.025]]
[2020.07.04-19.24.23:548][  0]LogConfig: Applying CVar settings from Section [TextureQuality@3] File [F:/TCTD/TCTD/Saved/Config/Windows/Scalability.ini]
[2020.07.04-19.24.23:548][  0]LogConfig: Setting CVar [[r.Streaming.MipBias:0]]
[2020.07.04-19.24.23:548][  0]LogConfig: Setting CVar [[r.Streaming.AmortizeCPUToGPUCopy:0]]
[2020.07.04-19.24.23:548][  0]LogConfig: Setting CVar [[r.Streaming.MaxNumTexturesToStreamPerFrame:0]]
[2020.07.04-19.24.23:548][  0]LogConfig: Setting CVar [[r.Streaming.Boost:1]]
[2020.07.04-19.24.23:548][  0]LogConfig: Setting CVar [[r.MaxAnisotropy:8]]
[2020.07.04-19.24.23:548][  0]LogConfig: Setting CVar [[r.VT.MaxAnisotropy:8]]
[2020.07.04-19.24.23:548][  0]LogConfig: Setting CVar [[r.Streaming.LimitPoolSizeToVRAM:0]]
[2020.07.04-19.24.23:548][  0]LogConfig: Setting CVar [[r.Streaming.PoolSize:1000]]
[2020.07.04-19.24.23:548][  0]LogConfig: Setting CVar [[r.Streaming.MaxEffectiveScreenSize:0]]
[2020.07.04-19.24.23:548][  0]LogConfig: Applying CVar settings from Section [EffectsQuality@3] File [F:/TCTD/TCTD/Saved/Config/Windows/Scalability.ini]
[2020.07.04-19.24.23:548][  0]LogConfig: Setting CVar [[r.TranslucencyLightingVolumeDim:64]]
[2020.07.04-19.24.23:548][  0]LogConfig: Setting CVar [[r.RefractionQuality:2]]
[2020.07.04-19.24.23:548][  0]LogConfig: Setting CVar [[r.SSR.Quality:3]]
[2020.07.04-19.24.23:548][  0]LogConfig: Setting CVar [[r.SSR.HalfResSceneColor:0]]
[2020.07.04-19.24.23:548][  0]LogConfig: Setting CVar [[r.SceneColorFormat:4]]
[2020.07.04-19.24.23:548][  0]LogConfig: Setting CVar [[r.DetailMode:2]]
[2020.07.04-19.24.23:548][  0]LogConfig: Setting CVar [[r.TranslucencyVolumeBlur:1]]
[2020.07.04-19.24.23:548][  0]LogConfig: Setting CVar [[r.MaterialQualityLevel:1 ; High quality]]
[2020.07.04-19.24.23:548][  0]LogConfig: Setting CVar [[r.SSS.Scale:1]]
[2020.07.04-19.24.23:548][  0]LogConfig: Setting CVar [[r.SSS.SampleSet:2]]
[2020.07.04-19.24.23:548][  0]LogConfig: Setting CVar [[r.SSS.Quality:1]]
[2020.07.04-19.24.23:548][  0]LogConfig: Setting CVar [[r.SSS.HalfRes:0]]
[2020.07.04-19.24.23:548][  0]LogConfig: Setting CVar [[r.SSGI.Quality:3]]
[2020.07.04-19.24.23:548][  0]LogConfig: Setting CVar [[r.EmitterSpawnRateScale:1.0]]
[2020.07.04-19.24.23:548][  0]LogConfig: Setting CVar [[r.ParticleLightQuality:2]]
[2020.07.04-19.24.23:548][  0]LogConfig: Setting CVar [[r.SkyAtmosphere.AerialPerspectiveLUT.FastApplyOnOpaque:1 ; Always have FastSkyLUT 1 in this case to avoid wrong sky]]
[2020.07.04-19.24.23:548][  0]LogConfig: Setting CVar [[r.SkyAtmosphere.AerialPerspectiveLUT.SampleCountPerSlice:1]]
[2020.07.04-19.24.23:548][  0]LogConfig: Setting CVar [[r.SkyAtmosphere.AerialPerspectiveLUT.DepthResolution:16.0]]
[2020.07.04-19.24.23:548][  0]LogConfig: Setting CVar [[r.SkyAtmosphere.FastSkyLUT:1]]
[2020.07.04-19.24.23:548][  0]LogConfig: Setting CVar [[r.SkyAtmosphere.FastSkyLUT.SampleCountMin:4.0]]
[2020.07.04-19.24.23:549][  0]LogConfig: Setting CVar [[r.SkyAtmosphere.FastSkyLUT.SampleCountMax:32.0]]
[2020.07.04-19.24.23:549][  0]LogConfig: Setting CVar [[r.SkyAtmosphere.SampleCountMin:4.0]]
[2020.07.04-19.24.23:549][  0]LogConfig: Setting CVar [[r.SkyAtmosphere.SampleCountMax:32.0]]
[2020.07.04-19.24.23:549][  0]LogConfig: Setting CVar [[r.SkyAtmosphere.TransmittanceLUT.UseSmallFormat:0]]
[2020.07.04-19.24.23:549][  0]LogConfig: Setting CVar [[r.SkyAtmosphere.TransmittanceLUT.SampleCount:10.0]]
[2020.07.04-19.24.23:549][  0]LogConfig: Setting CVar [[r.SkyAtmosphere.MultiScatteringLUT.SampleCount:15.0]]
[2020.07.04-19.24.23:549][  0]LogConfig: Applying CVar settings from Section [FoliageQuality@3] File [F:/TCTD/TCTD/Saved/Config/Windows/Scalability.ini]
[2020.07.04-19.24.23:549][  0]LogConfig: Setting CVar [[foliage.DensityScale:1.0]]
[2020.07.04-19.24.23:549][  0]LogConfig: Setting CVar [[grass.DensityScale:1.0]]
[2020.07.04-19.24.23:549][  0]LogConfig: Applying CVar settings from Section [ShadingQuality@3] File [F:/TCTD/TCTD/Saved/Config/Windows/Scalability.ini]
[2020.07.04-19.24.23:549][  0]LogConfig: Setting CVar [[r.HairStrands.SkyLighting.SampleCount:16]]
[2020.07.04-19.24.23:549][  0]LogConfig: Setting CVar [[r.HairStrands.SkyLighting.JitterIntegration:0]]
[2020.07.04-19.24.23:549][  0]LogConfig: Setting CVar [[r.HairStrands.SkyAO.SampleCount:16]]
[2020.07.04-19.24.23:549][  0]LogConfig: Setting CVar [[r.HairStrands.DeepShadow.SuperSampling:0]]
[2020.07.04-19.24.23:549][  0]LogConfig: Setting CVar [[r.HairStrands.VisibilityPPLL:0]]
[2020.07.04-19.24.23:549][  0]LogConfig: Setting CVar [[r.HairStrands.RasterizationScale:0.5]]
[2020.07.04-19.24.23:549][  0]LogConfig: Setting CVar [[r.HairStrands.VelocityRasterizationScale:1]]
[2020.07.04-19.24.23:549][  0]LogConfig: Applying CVar settings from Section [Startup] File [../../../Engine/Config/ConsoleVariables.ini]
[2020.07.04-19.24.23:549][  0]LogConfig: Setting CVar [[net.UseAdaptiveNetUpdateFrequency:0]]
[2020.07.04-19.24.23:549][  0]LogConfig: Setting CVar [[p.chaos.AllowCreatePhysxBodies:1]]
[2020.07.04-19.24.23:549][  0]LogConfig: Setting CVar [[fx.SkipVectorVMBackendOptimizations:1]]
[2020.07.04-19.24.23:549][  0]LogConfig: Applying CVar settings from Section [ConsoleVariables] File [F:/TCTD/TCTD/Saved/Config/Windows/Engine.ini]
[2020.07.04-19.24.23:549][  0]LogInit: Computer: DESKTOP-4CJ4ISN
[2020.07.04-19.24.23:549][  0]LogInit: User: kylej
[2020.07.04-19.24.23:549][  0]LogInit: CPU Page size=4096, Cores=4
[2020.07.04-19.24.23:549][  0]LogInit: High frequency timer resolution =10.000000 MHz
[2020.07.04-19.24.23:550][  0]LogMemory: Memory total: Physical=30.9GB (31GB approx)
[2020.07.04-19.24.23:550][  0]LogMemory: Platform Memory Stats for Windows
[2020.07.04-19.24.23:550][  0]LogMemory: Process Physical Memory: 114.66 MB used, 114.66 MB peak
[2020.07.04-19.24.23:550][  0]LogMemory: Process Virtual Memory: 95.71 MB used, 95.71 MB peak
[2020.07.04-19.24.23:550][  0]LogMemory: Physical Memory: 18276.94 MB used,  13409.83 MB free, 31686.77 MB total
[2020.07.04-19.24.23:550][  0]LogMemory: Virtual Memory: 5127.76 MB used,  134212600.00 MB free, 134217728.00 MB total
[2020.07.04-19.24.23:558][  0]LogWindows: WindowsPlatformFeatures enabled
[2020.07.04-19.24.23:619][  0]LogInit: Physics initialised using underlying interface: PhysX
[2020.07.04-19.24.23:620][  0]LogInit: Using OS detected language (en-US).
[2020.07.04-19.24.23:620][  0]LogInit: Using OS detected locale (en-US).
[2020.07.04-19.24.23:623][  0]LogTextLocalizationManager: No specific localization for 'en-US' exists, so the 'en' localization will be used.
[2020.07.04-19.24.23:870][  0]LogInit: Setting process to per monitor DPI aware
[2020.07.04-19.24.23:912][  0]LogSlate: New Slate User Created.  User Index 0, Is Virtual User: 0
[2020.07.04-19.24.23:912][  0]LogSlate: Slate User Registered.  User Index 0, Is Virtual User: 0
[2020.07.04-19.24.24:099][  0]LogHMD: Failed to initialize OpenVR with code 110
[2020.07.04-19.24.24:100][  0]LogD3D11RHI: D3D11 min allowed feature level: 11_0
[2020.07.04-19.24.24:100][  0]LogD3D11RHI: D3D11 max allowed feature level: 11_0
[2020.07.04-19.24.24:100][  0]LogD3D11RHI: D3D11 adapters:
[2020.07.04-19.24.24:211][  0]LogD3D11RHI:    0. 'NVIDIA GeForce GTX 1660 Ti' (Feature Level 11_0)
[2020.07.04-19.24.24:211][  0]LogD3D11RHI:       5991/0/15843 MB DedicatedVideo/DedicatedSystem/SharedSystem, Outputs:2, VendorId:0x10de
[2020.07.04-19.24.24:214][  0]LogD3D11RHI:    1. 'Microsoft Basic Render Driver' (Feature Level 11_0)
[2020.07.04-19.24.24:214][  0]LogD3D11RHI:       0/0/15843 MB DedicatedVideo/DedicatedSystem/SharedSystem, Outputs:0, VendorId:0x1414
[2020.07.04-19.24.24:214][  0]LogD3D11RHI: Chosen D3D11 Adapter: 0
[2020.07.04-19.24.24:234][  0]LogD3D11RHI: Creating new Direct3DDevice
[2020.07.04-19.24.24:234][  0]LogD3D11RHI:     GPU DeviceId: 0x2182 (for the marketing name, search the web for "GPU Device Id")
[2020.07.04-19.24.24:234][  0]LogWindows: EnumDisplayDevices:
[2020.07.04-19.24.24:234][  0]LogWindows:    0. 'NVIDIA GeForce GTX 1660 Ti' (P:0 D:1)
[2020.07.04-19.24.24:235][  0]LogWindows:    1. 'NVIDIA GeForce GTX 1660 Ti' (P:1 D:1)
[2020.07.04-19.24.24:235][  0]LogWindows:    2. 'NVIDIA GeForce GTX 1660 Ti' (P:0 D:0)
[2020.07.04-19.24.24:235][  0]LogWindows:    3. 'NVIDIA GeForce GTX 1660 Ti' (P:0 D:0)
[2020.07.04-19.24.24:235][  0]LogWindows: DebugString: FoundDriverCount:4 
[2020.07.04-19.24.24:235][  0]LogD3D11RHI:     Adapter Name: NVIDIA GeForce GTX 1660 Ti
[2020.07.04-19.24.24:235][  0]LogD3D11RHI:   Driver Version: 445.87 (internal:26.21.14.4587, unified:445.87)
[2020.07.04-19.24.24:235][  0]LogD3D11RHI:      Driver Date: 4-3-2020
[2020.07.04-19.24.24:235][  0]LogRHI: Texture pool is 4193 MB (70% of 5991 MB)
[2020.07.04-19.24.24:315][  0]LogD3D11RHI: RHI has support for 64 bit atomics
[2020.07.04-19.24.24:318][  0]LogD3D11RHI: [Aftermath] Enabled and primed
[2020.07.04-19.24.24:318][  0]LogD3D11RHI: Async texture creation enabled
[2020.07.04-19.24.24:318][  0]LogD3D11RHI: Array index from any shader is supported
[2020.07.04-19.24.24:320][  0]LogD3D11RHI: HDR output is supported on display 0 (NvId: 0x80061087).
[2020.07.04-19.24.24:366][  0]LogD3D11RHI: GPU Timing Frequency: 1000.000000 (Debug: 2 2)
[2020.07.04-19.24.24:847][  0]LogTargetPlatformManager: Display: Loaded TargetPlatform 'AllDesktop'
[2020.07.04-19.24.24:875][  0]LogTargetPlatformManager: Display: Loaded TargetPlatform 'Android'
[2020.07.04-19.24.24:875][  0]LogTargetPlatformManager: Display: Loaded TargetPlatform 'Android_ASTC'
[2020.07.04-19.24.24:875][  0]LogTargetPlatformManager: Display: Loaded TargetPlatform 'Android_DXT'
[2020.07.04-19.24.24:875][  0]LogTargetPlatformManager: Display: Loaded TargetPlatform 'Android_ETC2'
[2020.07.04-19.24.24:875][  0]LogTargetPlatformManager: Display: Loaded TargetPlatform 'AndroidClient'
[2020.07.04-19.24.24:875][  0]LogTargetPlatformManager: Display: Loaded TargetPlatform 'Android_ASTCClient'
[2020.07.04-19.24.24:875][  0]LogTargetPlatformManager: Display: Loaded TargetPlatform 'Android_DXTClient'
[2020.07.04-19.24.24:875][  0]LogTargetPlatformManager: Display: Loaded TargetPlatform 'Android_ETC2Client'
[2020.07.04-19.24.24:875][  0]LogTargetPlatformManager: Display: Loaded TargetPlatform 'Android_Multi'
[2020.07.04-19.24.24:875][  0]LogTargetPlatformManager: Display: Loaded TargetPlatform 'Android_MultiClient'
[2020.07.04-19.24.24:912][  0]LogTargetPlatformManager: Display: Loaded TargetPlatform 'IOSClient'
[2020.07.04-19.24.24:912][  0]LogTargetPlatformManager: Display: Loaded TargetPlatform 'IOS'
[2020.07.04-19.24.24:928][  0]LogTargetPlatformManager: Display: Loaded TargetPlatform 'Linux'
[2020.07.04-19.24.24:941][  0]LogTargetPlatformManager: Display: Loaded TargetPlatform 'LinuxNoEditor'
[2020.07.04-19.24.24:954][  0]LogTargetPlatformManager: Display: Loaded TargetPlatform 'LinuxClient'
[2020.07.04-19.24.24:967][  0]LogTargetPlatformManager: Display: Loaded TargetPlatform 'LinuxServer'
[2020.07.04-19.24.24:981][  0]LogTargetPlatformManager: Display: Loaded TargetPlatform 'LinuxAArch64NoEditor'
[2020.07.04-19.24.24:996][  0]LogTargetPlatformManager: Display: Loaded TargetPlatform 'LinuxAArch64Client'
[2020.07.04-19.24.25:010][  0]LogTargetPlatformManager: Display: Loaded TargetPlatform 'LinuxAArch64Server'
[2020.07.04-19.24.25:045][  0]LogTargetPlatformManager: Display: Loaded TargetPlatform 'Lumin'
[2020.07.04-19.24.25:045][  0]LogTargetPlatformManager: Display: Loaded TargetPlatform 'LuminClient'
[2020.07.04-19.24.25:068][  0]LogTargetPlatformManager: Display: Loaded TargetPlatform 'TVOSClient'
[2020.07.04-19.24.25:068][  0]LogTargetPlatformManager: Display: Loaded TargetPlatform 'TVOS'
[2020.07.04-19.24.25:081][  0]LogTargetPlatformManager: Display: Loaded TargetPlatform 'WindowsNoEditor'
[2020.07.04-19.24.25:094][  0]LogTargetPlatformManager: Display: Loaded TargetPlatform 'Windows'
[2020.07.04-19.24.25:107][  0]LogTargetPlatformManager: Display: Loaded TargetPlatform 'WindowsClient'
[2020.07.04-19.24.25:120][  0]LogTargetPlatformManager: Display: Loaded TargetPlatform 'WindowsServer'
[2020.07.04-19.24.25:120][  0]LogTargetPlatformManager: Display: Building Assets For Windows
[2020.07.04-19.24.25:135][  0]LogAudioDebug: Display: Lib vorbis DLL was dynamically loaded.
[2020.07.04-19.24.25:245][  0]LogShaderCompilers: Guid format shader working directory is 24 characters bigger than the processId version (../../../../TCTD/TCTD/Intermediate/Shaders/WorkingDirectory/43100/).
[2020.07.04-19.24.25:245][  0]LogShaderCompilers: Cleaned the shader compiler working directory 'C:/Users/kylej/AppData/Local/Temp/UnrealShaderWorkingDir/28F28F1A42C2401E785006A0E9458A6A/'.
[2020.07.04-19.24.25:246][  0]LogXGEController: Cleaning working directory: C:/Users/kylej/AppData/Local/Temp/UnrealXGEWorkingDir/
[2020.07.04-19.24.25:246][  0]LogXGEController: Cannot use XGE Controller as Incredibuild is not installed on this machine.
[2020.07.04-19.24.25:246][  0]LogShaderCompilers: Cannot use XGE Shader Compiler as Incredibuild is not installed on this machine.
[2020.07.04-19.24.25:246][  0]LogShaderCompilers: Display: Using Local Shader Compiler.
[2020.07.04-19.24.26:298][  0]LogDerivedDataCache: Display: Max Cache Size: 512 MB
[2020.07.04-19.24.26:360][  0]LogDerivedDataCache: Loaded boot cache 0.06s 75MB C:/Users/kylej/AppData/Local/UnrealEngine/4.25/DerivedDataCache/Boot.ddc.
[2020.07.04-19.24.26:360][  0]LogDerivedDataCache: Display: Loaded Boot cache: C:/Users/kylej/AppData/Local/UnrealEngine/4.25/DerivedDataCache/Boot.ddc
[2020.07.04-19.24.26:360][  0]LogDerivedDataCache: FDerivedDataBackendGraph:  Pak pak cache file ../../../../TCTD/TCTD/DerivedDataCache/DDC.ddp not found, will not use a pak cache.
[2020.07.04-19.24.26:360][  0]LogDerivedDataCache: Unable to find inner node Pak for hierarchical cache Hierarchy.
[2020.07.04-19.24.26:360][  0]LogDerivedDataCache: FDerivedDataBackendGraph:  CompressedPak pak cache file ../../../../TCTD/TCTD/DerivedDataCache/Compressed.ddp not found, will not use a pak cache.
[2020.07.04-19.24.26:360][  0]LogDerivedDataCache: Unable to find inner node CompressedPak for hierarchical cache Hierarchy.
[2020.07.04-19.24.26:375][  0]LogDerivedDataCache: Display: Pak cache opened for reading ../../../Engine/DerivedDataCache/Compressed.ddp.
[2020.07.04-19.24.26:375][  0]LogDerivedDataCache: FDerivedDataBackendGraph:  EnterprisePak pak cache file ../../../Enterprise/DerivedDataCache/Compressed.ddp not found, will not use a pak cache.
[2020.07.04-19.24.26:375][  0]LogDerivedDataCache: Unable to find inner node EnterprisePak for hierarchical cache Hierarchy.
[2020.07.04-19.24.26:377][  0]LogDerivedDataCache: Using Local data cache path C:/Users/kylej/AppData/Local/UnrealEngine/Common/DerivedDataCache: Writable
[2020.07.04-19.24.26:377][  0]LogDerivedDataCache: Shared data cache path not found in *engine.ini, will not use an Shared cache.
[2020.07.04-19.24.26:377][  0]LogDerivedDataCache: Unable to find inner node Shared for hierarchical cache Hierarchy.
[2020.07.04-19.24.26:446][  0]LogSlate: Using FreeType 2.10.0
[2020.07.04-19.24.26:447][  0]LogSlate: SlateFontServices - WITH_FREETYPE: 1, WITH_HARFBUZZ: 1
[2020.07.04-19.24.26:488][  0]LogAssetRegistry: FAssetRegistry took 0.0034 seconds to start up
[2020.07.04-19.24.26:823][  0]LogInit: Selected Device Profile: [Windows]
[2020.07.04-19.24.26:986][  0]LogMeshReduction: Using QuadricMeshReduction for automatic static mesh reduction
[2020.07.04-19.24.26:986][  0]LogMeshReduction: Using SimplygonMeshReduction for automatic skeletal mesh reduction
[2020.07.04-19.24.26:986][  0]LogMeshReduction: Using ProxyLODMeshReduction for automatic mesh merging
[2020.07.04-19.24.26:986][  0]LogMeshReduction: No distributed automatic mesh merging module available
[2020.07.04-19.24.26:986][  0]LogMeshMerging: No distributed automatic mesh merging module available
[2020.07.04-19.24.27:015][  0]LogNetVersion: TCTD 1.0.0, NetCL: 13144385, EngineNetVer: 14, GameNetVer: 0 (Checksum: 3815092598)
[2020.07.04-19.24.27:631][  0]LogAISub: UAISubsystem::UAISubsystem AISubsystem (000001B785330800), frame # 0
[2020.07.04-19.24.27:631][  0]LogAISub: UAISubsystem::UAISubsystem AIPerceptionSystem (000001B7885311C0), frame # 0
[2020.07.04-19.24.27:633][  0]LogAISub: UAISubsystem::UAISubsystem EnvQueryManager (000001B788579E00), frame # 0
[2020.07.04-19.24.27:701][  0]LogPackageLocalizationCache: Processed 19 localized package path(s) for 1 prioritized culture(s) in 0.060698 seconds
[2020.07.04-19.24.27:708][  0]LogUObjectArray: 15917 objects as part of root set at end of initial load.
[2020.07.04-19.24.27:708][  0]LogUObjectAllocator: 3965568 out of 0 bytes used by permanent object pool.
[2020.07.04-19.24.27:708][  0]LogUObjectArray: CloseDisregardForGC: 0/0 objects in disregard for GC pool
[2020.07.04-19.24.28:295][  0]LogTcpMessaging: Initializing TcpMessaging bridge
[2020.07.04-19.24.28:303][  0]LogUdpMessaging: Initializing bridge on interface 0.0.0.0:0 to multicast group 230.0.0.1:6666.
[2020.07.04-19.24.28:368][  0]FLogRiderLinkModule: INIT START
[2020.07.04-19.24.28:368][  0]FLogRiderLinkModule: INIT FINISH
[2020.07.04-19.24.28:466][  0]SourceControl: Source control is disabled
[2020.07.04-19.24.28:466][  0]SourceControl: Source control is disabled
[2020.07.04-19.24.28:472][  0]SourceControl: Source control is disabled
[2020.07.04-19.24.28:478][  0]SourceControl: Source control is disabled
[2020.07.04-19.24.28:491][  0]SourceControl: Source control is disabled
[2020.07.04-19.24.28:903][  0]LogAndroidPermission: UAndroidPermissionCallbackProxy::GetInstance
[2020.07.04-19.24.28:941][  0]LogAudioCaptureCore: Display: No Audio Capture implementations found. Audio input will be silent.
[2020.07.04-19.24.28:941][  0]LogAudioCaptureCore: Display: No Audio Capture implementations found. Audio input will be silent.
[2020.07.04-19.24.29:024][  0]LogOcInput: OculusInput pre-init called
[2020.07.04-19.24.29:041][  0]LogWindows: Failed to load 'OVRPlugin.dll' (GetLastError=126)
[2020.07.04-19.24.29:041][  0]LogWindows: File 'OVRPlugin.dll' does not exist
[2020.07.04-19.24.29:138][  0]LogEngine: Initializing Engine...
[2020.07.04-19.24.29:139][  0]LogHMD: Failed to initialize OpenVR with code 110
[2020.07.04-19.24.29:139][  0]LogMagicLeap: Warning: VR disabled because ZI is not enabled.  To enable, in the editor, Edit -> Project Settings -> Plugins -> Magic Leap Plugin -> Enable Zero Iteration
[2020.07.04-19.24.29:140][  0]LogStats: UGameplayTagsManager::InitializeManager -  0.000 s
[2020.07.04-19.24.29:287][  0]LogInit: Initializing FReadOnlyCVARCache
[2020.07.04-19.24.29:300][  0]LogAIModule: Creating AISystem for world Untitled
[2020.07.04-19.24.29:300][  0]LogAISub: UAISubsystem::UAISubsystem EnvQueryManager (000001B78DE87C00), frame # 0
[2020.07.04-19.24.29:300][  0]LogAISub: UAISubsystem::UAISubsystem AIPerceptionSystem (000001B78DE93880), frame # 0
[2020.07.04-19.24.29:312][  0]LogAudioMixer: Display: Audio Mixer Platform Settings:
[2020.07.04-19.24.29:312][  0]LogAudioMixer: Display: 	Sample Rate:						  48000
[2020.07.04-19.24.29:312][  0]LogAudioMixer: Display: 	Callback Buffer Frame Size Requested: 1024
[2020.07.04-19.24.29:312][  0]LogAudioMixer: Display: 	Callback Buffer Frame Size To Use:	  1024
[2020.07.04-19.24.29:312][  0]LogAudioMixer: Display: 	Number of buffers to queue:			  2
[2020.07.04-19.24.29:312][  0]LogAudioMixer: Display: 	Max Channels (voices):				  32
[2020.07.04-19.24.29:312][  0]LogAudioMixer: Display: 	Number of Async Source Workers:		  0
[2020.07.04-19.24.29:312][  0]LogAudio: Display: AudioDevice MaxSources: 32
[2020.07.04-19.24.29:312][  0]LogAudio: Display: Using built-in audio occlusion.
[2020.07.04-19.24.29:312][  0]LogAudioMixer: Display: Initializing audio mixer.
[2020.07.04-19.24.29:331][  0]LogAudioMixer: Display: 0: FrontLeft
[2020.07.04-19.24.29:331][  0]LogAudioMixer: Display: 1: FrontRight
[2020.07.04-19.24.29:421][  0]LogAudioMixer: Display: Using Audio Device Headset Earphone (Razer Audio Controller - Chat)
[2020.07.04-19.24.29:425][  0]LogAudioMixer: Display: Initializing Sound Submixes...
[2020.07.04-19.24.29:428][  0]LogAudioMixer: Display: Creating Master Submix 'MasterSubmixDefault'
[2020.07.04-19.24.29:428][  0]LogAudioMixer: Display: Creating Master Submix 'MasterReverbSubmixDefault'
[2020.07.04-19.24.29:429][  0]LogAudioMixer: Display: Creating Master Submix 'MasterEQSubmixDefault'
[2020.07.04-19.24.29:439][  0]LogInit: FAudioDevice initialized.
[2020.07.04-19.24.29:439][  0]LogNetVersion: Set ProjectVersion to 1.0.0.0. Version Checksum will be recalculated on next use.
[2020.07.04-19.24.29:563][  0]LogDerivedDataCache: Saved boot cache 0.12s 75MB C:/Users/kylej/AppData/Local/UnrealEngine/4.25/DerivedDataCache/Boot.ddc.
[2020.07.04-19.24.29:575][  0]LogInit: Texture streaming: Enabled
[2020.07.04-19.24.29:604][  0]LogEngineSessionManager: EngineSessionManager initialized
[2020.07.04-19.24.29:604][  0]LogEngineSessionManager: EngineSessionManager sent abnormal shutdown report. Type=Crashed, SessionId={77AF9DAB-40FB-ED24-9CD2-C3A22F798F86}
[2020.07.04-19.24.29:604][  0]LogEditorSessionSummary: Verbose: Initializing EditorSessionSummaryWriter for editor session tracking
[2020.07.04-19.24.29:606][  0]LogEditorSessionSummary: EditorSessionSummaryWriter initialized
[2020.07.04-19.24.29:681][  0]LogInit: Transaction tracking system initialized
[2020.07.04-19.24.29:719][  0]BlueprintLog: New page: Editor Load
[2020.07.04-19.24.29:840][  0]LocalizationService: Localization service is disabled
[2020.07.04-19.24.30:072][  0]LogCook: Display: Max memory allowance for cook 16384mb min free memory 0mb
[2020.07.04-19.24.30:072][  0]LogCook: Display: Mobile HDR setting 1
[2020.07.04-19.24.30:288][  0]LogFileCache: Scanning file cache for directory 'F:/TCTD/TCTD/Content/' took 0.00s
[2020.07.04-19.24.30:641][  0]SourceControl: Source control is disabled
[2020.07.04-19.24.30:642][  0]LogUnrealEdMisc: Loading editor; pre map load, took 10.385
[2020.07.04-19.24.30:642][  0]Cmd: MAP LOAD FILE="../../../../TCTD/TCTD/Content/Scenes/TCTD.umap" TEMPLATE=0 SHOWPROGRESS=1 FEATURELEVEL=3
[2020.07.04-19.24.30:642][  0]LightingResults: New page: Lighting Build
[2020.07.04-19.24.30:643][  0]LogWorld: UWorld::CleanupWorld for Untitled, bSessionEnded=true, bCleanupResources=true
[2020.07.04-19.24.30:643][  0]LogSlate: InvalidateAllWidgets triggered.  All widgets were invalidated
[2020.07.04-19.24.30:643][  0]MapCheck: New page: Map Check
[2020.07.04-19.24.30:643][  0]LightingResults: New page: Lighting Build
[2020.07.04-19.24.30:655][  0]LogAISub: UAISubsystem::~UAISubsystem EnvQueryManager (000001B78DE87C00), frame # 0
[2020.07.04-19.24.30:655][  0]LogAISub: UAISubsystem::~UAISubsystem AIPerceptionSystem (000001B78DE93880), frame # 0
[2020.07.04-19.24.30:656][  0]LogUObjectHash: Compacting FUObjectHashTables data took   0.89ms
[2020.07.04-19.24.30:819][  0]LogAIModule: Creating AISystem for world TCTD
[2020.07.04-19.24.30:819][  0]LogAISub: UAISubsystem::UAISubsystem EnvQueryManager (000001B79C3D0600), frame # 0
[2020.07.04-19.24.30:819][  0]LogAISub: UAISubsystem::UAISubsystem AIPerceptionSystem (000001B7858CDE40), frame # 0
[2020.07.04-19.24.30:830][  0]LogEditorServer: Finished looking for orphan Actors (0.000 secs)
[2020.07.04-19.24.30:847][  0]LogUObjectHash: Compacting FUObjectHashTables data took   0.87ms
[2020.07.04-19.24.30:848][  0]Cmd: MAP CHECKDEP NOCLEARLOG
[2020.07.04-19.24.30:849][  0]MapCheck: Map check complete: 0 Error(s), 0 Warning(s), took 0.225ms to complete.
[2020.07.04-19.24.30:849][  0]LogFileHelpers: Loading map 'TCTD' took 0.207
[2020.07.04-19.24.30:851][  0]LogUnrealEdMisc: Total Editor Startup Time, took 10.595
[2020.07.04-19.24.31:040][  0]LogSlate: Updating window title bar state: overlay mode, drag disabled, window buttons hidden, title bar hidden
[2020.07.04-19.24.31:050][  0]LogSlate: Updating window title bar state: overlay mode, drag disabled, window buttons hidden, title bar hidden
[2020.07.04-19.24.31:061][  0]LogSlate: Updating window title bar state: overlay mode, drag disabled, window buttons hidden, title bar hidden
[2020.07.04-19.24.31:071][  0]LogSlate: Updating window title bar state: overlay mode, drag disabled, window buttons hidden, title bar hidden
[2020.07.04-19.24.31:080][  0]LogCollectionManager: Loaded 0 collections in 0.000869 seconds
[2020.07.04-19.24.31:101][  0]LogFileCache: Scanning file cache for directory 'F:/TCTD/TCTD/Saved/Collections/' took 0.00s
[2020.07.04-19.24.31:101][  0]LogFileCache: Scanning file cache for directory 'F:/TCTD/TCTD/Content/Developers/kylej/Collections/' took 0.00s
[2020.07.04-19.24.31:101][  0]LogFileCache: Scanning file cache for directory 'F:/TCTD/TCTD/Content/Collections/' took 0.00s
[2020.07.04-19.24.31:101][  0]LogContentBrowser: Native class hierarchy populated in 0.0144 seconds. Added 3439 classes and 823 folders.
[2020.07.04-19.24.31:106][  0]LogContentBrowser: Native class hierarchy updated for 'WidgetCarousel' in 0.0003 seconds. Added 0 classes and 0 folders.
[2020.07.04-19.24.31:165][  0]LogContentBrowser: Native class hierarchy updated for 'AddContentDialog' in 0.0004 seconds. Added 0 classes and 0 folders.
[2020.07.04-19.24.31:224][  0]LogSlate: Took 0.000205 seconds to synchronously load lazily loaded font '../../../Engine/Content/Slate/Fonts/Roboto-Regular.ttf' (155K)
[2020.07.04-19.24.31:230][  0]LogSlate: Took 0.000202 seconds to synchronously load lazily loaded font '../../../Engine/Content/Slate/Fonts/Roboto-Bold.ttf' (160K)
[2020.07.04-19.24.31:232][  0]LogSlate: Took 0.000188 seconds to synchronously load lazily loaded font '../../../Engine/Content/Editor/Slate/Fonts/FontAwesome.ttf' (139K)
[2020.07.04-19.24.31:309][  0]LogRenderer: Reallocating scene render targets to support 1064x636 Format 10 NumSamples 1 (Frame:1).
[2020.07.04-19.24.31:602][  0]LogContentBrowser: Native class hierarchy updated for 'HierarchicalLODOutliner' in 0.0004 seconds. Added 0 classes and 0 folders.
[2020.07.04-19.24.31:602][  0]LogLoad: (Engine Initialization) Total time: 11.35 seconds
[2020.07.04-19.24.31:602][  0]LogLoad: (Engine Initialization) Total Blueprint compile time: 0.00 seconds
[2020.07.04-19.24.31:647][  0]LogAssetRegistry: Asset discovery search completed in 5.1603 seconds
[2020.07.04-19.24.31:651][  0]LogCollectionManager: Fixed up redirectors for 0 collections in 0.000003 seconds (updated 0 objects)
[2020.07.04-19.24.31:653][  0]LogContentStreaming: Texture pool size now 1000 MB
[2020.07.04-19.24.32:623][  3]LogPlayLevel: PlayLevel: No blueprints needed recompiling
[2020.07.04-19.24.32:624][  3]PIE: New page: PIE session: TCTD (Jul 4, 2020, 11:24:32 AM)
[2020.07.04-19.24.32:626][  3]LogOnline: OSS: Creating online subsystem instance for: NULL
[2020.07.04-19.24.32:628][  3]LogOnline: OSS: TryLoadSubsystemAndSetDefault: Loaded subsystem for module [NULL]
[2020.07.04-19.24.32:628][  3]LogPlayLevel: Creating play world package: /Game/Scenes/UEDPIE_0_TCTD
[2020.07.04-19.24.32:635][  3]LogPlayLevel: PIE: StaticDuplicateObject took: (0.006863s)
[2020.07.04-19.24.32:636][  3]LogAIModule: Creating AISystem for world TCTD
[2020.07.04-19.24.32:636][  3]LogAISub: UAISubsystem::UAISubsystem EnvQueryManager (000001B7A88D9800), frame # 3
[2020.07.04-19.24.32:637][  3]LogAISub: UAISubsystem::UAISubsystem AIPerceptionSystem (000001B78D8CC180), frame # 3
[2020.07.04-19.24.32:637][  3]LogPlayLevel: PIE: World Init took: (0.002188s)
[2020.07.04-19.24.32:637][  3]LogPlayLevel: PIE: Created PIE world by copying editor world from /Game/Scenes/TCTD.TCTD to /Game/Scenes/UEDPIE_0_TCTD.TCTD (0.009293s)
[2020.07.04-19.24.32:645][  3]LogUObjectHash: Compacting FUObjectHashTables data took   0.66ms
[2020.07.04-19.24.32:650][  3]LogAudioMixer: Display: Audio Mixer Platform Settings:
[2020.07.04-19.24.32:650][  3]LogAudioMixer: Display: 	Sample Rate:						  48000
[2020.07.04-19.24.32:650][  3]LogAudioMixer: Display: 	Callback Buffer Frame Size Requested: 1024
[2020.07.04-19.24.32:650][  3]LogAudioMixer: Display: 	Callback Buffer Frame Size To Use:	  1024
[2020.07.04-19.24.32:650][  3]LogAudioMixer: Display: 	Number of buffers to queue:			  2
[2020.07.04-19.24.32:650][  3]LogAudioMixer: Display: 	Max Channels (voices):				  32
[2020.07.04-19.24.32:650][  3]LogAudioMixer: Display: 	Number of Async Source Workers:		  0
[2020.07.04-19.24.32:650][  3]LogAudio: Display: AudioDevice MaxSources: 32
[2020.07.04-19.24.32:650][  3]LogAudio: Display: Using built-in audio occlusion.
[2020.07.04-19.24.32:650][  3]LogAudioMixer: Display: Initializing audio mixer.
[2020.07.04-19.24.32:655][  3]LogAudioMixer: Display: 0: FrontLeft
[2020.07.04-19.24.32:655][  3]LogAudioMixer: Display: 1: FrontRight
[2020.07.04-19.24.32:692][  3]LogAudioMixer: Display: Using Audio Device Headset Earphone (Razer Audio Controller - Chat)
[2020.07.04-19.24.32:692][  3]LogAudioMixer: Display: Initializing Sound Submixes...
[2020.07.04-19.24.32:692][  3]LogAudioMixer: Display: Creating Master Submix 'MasterSubmixDefault'
[2020.07.04-19.24.32:692][  3]LogAudioMixer: Display: Creating Master Submix 'MasterReverbSubmixDefault'
[2020.07.04-19.24.32:693][  3]LogAudioMixer: Display: Creating Master Submix 'MasterEQSubmixDefault'
[2020.07.04-19.24.32:719][  3]LogInit: FAudioDevice initialized.
[2020.07.04-19.24.32:738][  3]LogLoad: Game class is 'GameModeBase'
[2020.07.04-19.24.32:745][  3]LogWorld: Bringing World /Game/Scenes/UEDPIE_0_TCTD.TCTD up for play (max tick rate 3) at 2020.07.04-15.24.32
[2020.07.04-19.24.32:745][  3]LogWorld: Bringing up level for play took: 0.004596
[2020.07.04-19.24.32:745][  3]LogOnline: OSS: Creating online subsystem instance for: :Context_1
[2020.07.04-19.24.32:751][  3]LogGameMode: FindPlayerStart: PATHS NOT DEFINED or NO PLAYERSTART with positive rating
[2020.07.04-19.24.32:753][  3]LogContentBrowser: Native class hierarchy updated for 'MovieSceneCapture' in 0.0005 seconds. Added 20 classes and 0 folders.
[2020.07.04-19.24.32:754][  3]PIE: Server logged in
[2020.07.04-19.24.32:756][  3]PIE: Play in editor total start time 0.135 seconds.
[2020.07.04-19.24.37:640][ 18]LogActor: Warning: MyEnemy_Standard_C /Game/Scenes/UEDPIE_0_TCTD.TCTD:PersistentLevel.MyEnemy_Standard_C_0 has natively added scene component(s), but none of them were set as the actor's RootComponent - picking one arbitrarily
[2020.07.04-19.24.42:648][ 33]LogActor: Warning: MyEnemy_Standard_C /Game/Scenes/UEDPIE_0_TCTD.TCTD:PersistentLevel.MyEnemy_Standard_C_1 has natively added scene component(s), but none of them were set as the actor's RootComponent - picking one arbitrarily
[2020.07.04-19.24.46:119][225]LogSlate: Updating window title bar state: overlay mode, drag disabled, window buttons hidden, title bar hidden
[2020.07.04-19.24.46:119][225]LogWorld: BeginTearingDown for /Game/Scenes/UEDPIE_0_TCTD
[2020.07.04-19.24.46:119][225]LogWorld: UWorld::CleanupWorld for TCTD, bSessionEnded=true, bCleanupResources=true
[2020.07.04-19.24.46:120][225]LogSlate: InvalidateAllWidgets triggered.  All widgets were invalidated
[2020.07.04-19.24.46:130][225]LogPlayLevel: Display: Shutting down PIE online subsystems
[2020.07.04-19.24.46:131][225]LogSlate: InvalidateAllWidgets triggered.  All widgets were invalidated
[2020.07.04-19.24.46:166][225]LogSlate: Updating window title bar state: overlay mode, drag disabled, window buttons hidden, title bar hidden
[2020.07.04-19.24.46:168][225]LogAISub: UAISubsystem::~UAISubsystem EnvQueryManager (000001B7A88D9800), frame # 225
[2020.07.04-19.24.46:168][225]LogAISub: UAISubsystem::~UAISubsystem AIPerceptionSystem (000001B78D8CC180), frame # 225
[2020.07.04-19.24.46:169][225]LogUObjectHash: Compacting FUObjectHashTables data took   0.68ms
[2020.07.04-19.24.46:192][226]LogPlayLevel: Display: Destroying online subsystem :Context_1
[2020.07.04-19.27.51:392][502]LogHotReload: New module detected: UE4Editor-TCTD-0089.dll
[2020.07.04-19.27.53:456][509]LogHotReload: Starting Hot-Reload from IDE
[2020.07.04-19.27.53:462][509]LogSlate: Took 0.000244 seconds to synchronously load lazily loaded font '../../../Engine/Content/Slate/Fonts/Roboto-Light.ttf' (167K)
[2020.07.04-19.27.53:529][509]LogContentBrowser: Native class hierarchy updated for 'TCTD' in 0.0005 seconds. Added 12 classes and 2 folders.
[2020.07.04-19.27.53:530][509]Display: HotReload successful (6 functions remapped  0 scriptstructs remapped)
[2020.07.04-19.27.53:595][509]LogContentBrowser: Native class hierarchy populated in 0.0128 seconds. Added 3439 classes and 823 folders.
[2020.07.04-19.27.53:600][509]Display: HotReload took  0.1s.
[2020.07.04-19.29.29:511][964]LogHotReload: New module detected: UE4Editor-TCTD-1981.dll
[2020.07.04-19.29.33:464][976]LogHotReload: Starting Hot-Reload from IDE
[2020.07.04-19.29.33:522][976]LogContentBrowser: Native class hierarchy updated for 'TCTD' in 0.0005 seconds. Added 12 classes and 2 folders.
[2020.07.04-19.29.33:523][976]Display: HotReload successful (6 functions remapped  0 scriptstructs remapped)
[2020.07.04-19.29.33:583][976]LogContentBrowser: Native class hierarchy populated in 0.0130 seconds. Added 3439 classes and 823 folders.
[2020.07.04-19.29.33:588][976]Display: HotReload took  0.1s.
[2020.07.04-19.33.37:271][697]Candidate modules for hot reload:
[2020.07.04-19.33.37:271][697]  TCTD
[2020.07.04-19.33.37:271][697]Launching UnrealBuildTool... [F:/UE_4.25/Engine/Binaries/DotNET/UnrealBuildTool.exe  -ModuleWithSuffix=TCTD,2520 TCTDEditor Win64 Development -Project="F:/TCTD/TCTD/TCTD.uproject" "F:/TCTD/TCTD/TCTD.uproject"  -IgnoreJunk]
[2020.07.04-19.33.37:277][697]Warning: Starting HotReload took  0.0s.
[2020.07.04-19.34.24:335][ 40]CompilerResultsLog: New page: Compilation - Jul 4, 2020, 11:34:24 AM
[2020.07.04-19.34.24:336][ 40]CompilerResultsLog: Using 'git status' to determine working set for adaptive non-unity build (F:\TCTD).
[2020.07.04-19.34.24:336][ 40]CompilerResultsLog: Parsing headers for TCTDEditor
[2020.07.04-19.34.24:336][ 40]CompilerResultsLog:   Running UnrealHeaderTool "F:\TCTD\TCTD\TCTD.uproject" "F:\TCTD\TCTD\Intermediate\Build\Win64\TCTDEditor\Development\TCTDEditor.uhtmanifest" -LogCmds="loginit warning, logexit warning, logdatabase error" -Unattended -WarningsAsErrors -abslog="C:\Users\kylej\AppData\Local\UnrealBuildTool\Log_UHT.txt" -installed
[2020.07.04-19.34.24:336][ 40]CompilerResultsLog: Reflection code generated for TCTDEditor in 8.3514389 seconds
[2020.07.04-19.34.24:336][ 40]CompilerResultsLog: Building TCTDEditor...
[2020.07.04-19.34.24:336][ 40]CompilerResultsLog: Using Visual Studio 2019 14.25.28614 toolchain (C:\Program Files (x86)\Microsoft Visual Studio\2019\Professional\VC\Tools\MSVC\14.25.28610) and Windows 10.0.18362.0 SDK (C:\Program Files (x86)\Windows Kits\10).
[2020.07.04-19.34.24:337][ 40]CompilerResultsLog: Building 12 actions with 4 processes...
[2020.07.04-19.34.24:337][ 40]CompilerResultsLog:   [1/12] MyPlayerPawn.gen.cpp
[2020.07.04-19.34.24:337][ 40]CompilerResultsLog:   F:\TCTD\TCTD\Source\TCTD\Enemy_Base.h(82): warning C4263: 'void AEnemy_Base::TakeDamage(int)': member function does not override any base class virtual member function
[2020.07.04-19.34.24:337][ 40]CompilerResultsLog:   F:\TCTD\TCTD\Source\TCTD\Enemy_Base.h(86): warning C4264: 'float AActor::TakeDamage(float,const FDamageEvent &,AController *,AActor *)': no override available for virtual member function from base 'AActor'; function is hidden
[2020.07.04-19.34.24:337][ 40]CompilerResultsLog:   F:\UE_4.25\Engine\Source\Runtime\Engine\Classes\GameFramework/Actor.h(2675): note: see declaration of 'AActor::TakeDamage'
[2020.07.04-19.34.24:337][ 40]CompilerResultsLog:   F:\UE_4.25\Engine\Source\Runtime\Engine\Classes\Engine/LocalPlayer.h(28): note: see declaration of 'AActor'
[2020.07.04-19.34.24:337][ 40]CompilerResultsLog:   [2/12] Turret.gen.cpp
[2020.07.04-19.34.24:337][ 40]CompilerResultsLog:   F:\TCTD\TCTD\Source\TCTD\Enemy_Base.h(82): warning C4263: 'void AEnemy_Base::TakeDamage(int)': member function does not override any base class virtual member function
[2020.07.04-19.34.24:337][ 40]CompilerResultsLog:   F:\TCTD\TCTD\Source\TCTD\Enemy_Base.h(86): warning C4264: 'float AActor::TakeDamage(float,const FDamageEvent &,AController *,AActor *)': no override available for virtual member function from base 'AActor'; function is hidden
[2020.07.04-19.34.24:337][ 40]CompilerResultsLog:   F:\UE_4.25\Engine\Source\Runtime\Engine\Classes\GameFramework/Actor.h(2675): note: see declaration of 'AActor::TakeDamage'
[2020.07.04-19.34.24:337][ 40]CompilerResultsLog:   F:\UE_4.25\Engine\Source\Runtime\Engine\Classes\Engine/LocalPlayer.h(28): note: see declaration of 'AActor'
[2020.07.04-19.34.24:337][ 40]CompilerResultsLog:   [3/12] TowerNode.gen.cpp
[2020.07.04-19.34.24:337][ 40]CompilerResultsLog:   F:\TCTD\TCTD\Source\TCTD\Enemy_Base.h(82): warning C4263: 'void AEnemy_Base::TakeDamage(int)': member function does not override any base class virtual member function
[2020.07.04-19.34.24:337][ 40]CompilerResultsLog:   F:\TCTD\TCTD\Source\TCTD\Enemy_Base.h(86): warning C4264: 'float AActor::TakeDamage(float,const FDamageEvent &,AController *,AActor *)': no override available for virtual member function from base 'AActor'; function is hidden
[2020.07.04-19.34.24:337][ 40]CompilerResultsLog:   F:\UE_4.25\Engine\Source\Runtime\Engine\Classes\GameFramework/Actor.h(2675): note: see declaration of 'AActor::TakeDamage'
[2020.07.04-19.34.24:337][ 40]CompilerResultsLog:   F:\UE_4.25\Engine\Source\Runtime\Engine\Classes\Engine/LocalPlayer.h(28): note: see declaration of 'AActor'
[2020.07.04-19.34.24:337][ 40]CompilerResultsLog:   [4/12] PlayerPawn.gen.cpp
[2020.07.04-19.34.24:337][ 40]CompilerResultsLog:   F:\TCTD\TCTD\Source\TCTD\Enemy_Base.h(82): warning C4263: 'void AEnemy_Base::TakeDamage(int)': member function does not override any base class virtual member function
[2020.07.04-19.34.24:337][ 40]CompilerResultsLog:   F:\TCTD\TCTD\Source\TCTD\Enemy_Base.h(86): warning C4264: 'float AActor::TakeDamage(float,const FDamageEvent &,AController *,AActor *)': no override available for virtual member function from base 'AActor'; function is hidden
[2020.07.04-19.34.24:337][ 40]CompilerResultsLog:   F:\UE_4.25\Engine\Source\Runtime\Engine\Classes\GameFramework/Actor.h(2675): note: see declaration of 'AActor::TakeDamage'
[2020.07.04-19.34.24:337][ 40]CompilerResultsLog:   F:\UE_4.25\Engine\Source\Runtime\Engine\Classes\Engine/LocalPlayer.h(28): note: see declaration of 'AActor'
[2020.07.04-19.34.24:337][ 40]CompilerResultsLog:   [5/12] TowerNode.cpp
[2020.07.04-19.34.24:337][ 40]CompilerResultsLog:   F:\TCTD\TCTD\Source\TCTD\Enemy_Base.h(82): warning C4263: 'void AEnemy_Base::TakeDamage(int)': member function does not override any base class virtual member function
[2020.07.04-19.34.24:338][ 40]CompilerResultsLog:   F:\TCTD\TCTD\Source\TCTD\Enemy_Base.h(86): warning C4264: 'float AActor::TakeDamage(float,const FDamageEvent &,AController *,AActor *)': no override available for virtual member function from base 'AActor'; function is hidden
[2020.07.04-19.34.24:338][ 40]CompilerResultsLog:   F:\UE_4.25\Engine\Source\Runtime\Engine\Classes\GameFramework/Actor.h(2675): note: see declaration of 'AActor::TakeDamage'
[2020.07.04-19.34.24:338][ 40]CompilerResultsLog:   F:\UE_4.25\Engine\Source\Runtime\Engine\Classes\Engine/LocalPlayer.h(28): note: see declaration of 'AActor'
[2020.07.04-19.34.24:338][ 40]CompilerResultsLog:   [6/12] Turret.cpp
[2020.07.04-19.34.24:338][ 40]CompilerResultsLog:   F:\TCTD\TCTD\Source\TCTD\Enemy_Base.h(82): warning C4263: 'void AEnemy_Base::TakeDamage(int)': member function does not override any base class virtual member function
[2020.07.04-19.34.24:338][ 40]CompilerResultsLog:   F:\TCTD\TCTD\Source\TCTD\Enemy_Base.h(86): warning C4264: 'float AActor::TakeDamage(float,const FDamageEvent &,AController *,AActor *)': no override available for virtual member function from base 'AActor'; function is hidden
[2020.07.04-19.34.24:338][ 40]CompilerResultsLog:   F:\UE_4.25\Engine\Source\Runtime\Engine\Classes\GameFramework/Actor.h(2675): note: see declaration of 'AActor::TakeDamage'
[2020.07.04-19.34.24:338][ 40]CompilerResultsLog:   F:\UE_4.25\Engine\Source\Runtime\Engine\Classes\Engine/LocalPlayer.h(28): note: see declaration of 'AActor'
[2020.07.04-19.34.24:338][ 40]CompilerResultsLog:   [7/12] Enemy_Base.cpp
[2020.07.04-19.34.24:338][ 40]CompilerResultsLog:   F:\TCTD\TCTD\Source\TCTD\Enemy_Base.h(82): warning C4263: 'void AEnemy_Base::TakeDamage(int)': member function does not override any base class virtual member function
[2020.07.04-19.34.24:338][ 40]CompilerResultsLog:   F:\TCTD\TCTD\Source\TCTD\Enemy_Base.h(86): warning C4264: 'float AActor::TakeDamage(float,const FDamageEvent &,AController *,AActor *)': no override available for virtual member function from base 'AActor'; function is hidden
[2020.07.04-19.34.24:338][ 40]CompilerResultsLog:   F:\UE_4.25\Engine\Source\Runtime\Engine\Classes\GameFramework/Actor.h(2675): note: see declaration of 'AActor::TakeDamage'
[2020.07.04-19.34.24:338][ 40]CompilerResultsLog:   F:\UE_4.25\Engine\Source\Runtime\Engine\Classes\Engine/LocalPlayer.h(28): note: see declaration of 'AActor'
[2020.07.04-19.34.24:338][ 40]CompilerResultsLog:   [8/12] PlayerPawn.cpp
[2020.07.04-19.34.24:338][ 40]CompilerResultsLog:   F:\TCTD\TCTD\Source\TCTD\Enemy_Base.h(82): warning C4263: 'void AEnemy_Base::TakeDamage(int)': member function does not override any base class virtual member function
[2020.07.04-19.34.24:338][ 40]CompilerResultsLog:   F:\TCTD\TCTD\Source\TCTD\Enemy_Base.h(86): warning C4264: 'float AActor::TakeDamage(float,const FDamageEvent &,AController *,AActor *)': no override available for virtual member function from base 'AActor'; function is hidden
[2020.07.04-19.34.24:338][ 40]CompilerResultsLog:   F:\UE_4.25\Engine\Source\Runtime\Engine\Classes\GameFramework/Actor.h(2675): note: see declaration of 'AActor::TakeDamage'
[2020.07.04-19.34.24:338][ 40]CompilerResultsLog:   F:\UE_4.25\Engine\Source\Runtime\Engine\Classes\Engine/LocalPlayer.h(28): note: see declaration of 'AActor'
[2020.07.04-19.34.24:338][ 40]CompilerResultsLog:   [9/12] MyPlayerPawn.cpp
[2020.07.04-19.34.24:338][ 40]CompilerResultsLog:   F:\TCTD\TCTD\Source\TCTD\Enemy_Base.h(82): warning C4263: 'void AEnemy_Base::TakeDamage(int)': member function does not override any base class virtual member function
[2020.07.04-19.34.24:338][ 40]CompilerResultsLog:   F:\TCTD\TCTD\Source\TCTD\Enemy_Base.h(86): warning C4264: 'float AActor::TakeDamage(float,const FDamageEvent &,AController *,AActor *)': no override available for virtual member function from base 'AActor'; function is hidden
[2020.07.04-19.34.24:338][ 40]CompilerResultsLog:   F:\UE_4.25\Engine\Source\Runtime\Engine\Classes\GameFramework/Actor.h(2675): note: see declaration of 'AActor::TakeDamage'
[2020.07.04-19.34.24:338][ 40]CompilerResultsLog:   F:\UE_4.25\Engine\Source\Runtime\Engine\Classes\Engine/LocalPlayer.h(28): note: see declaration of 'AActor'
[2020.07.04-19.34.24:338][ 40]CompilerResultsLog:   [10/12] UE4Editor-TCTD-2520.lib
[2020.07.04-19.34.24:338][ 40]CompilerResultsLog:      Creating library F:\TCTD\TCTD\Intermediate\Build\Win64\UE4Editor\Development\TCTD\UE4Editor-TCTD-2520.lib and object F:\TCTD\TCTD\Intermediate\Build\Win64\UE4Editor\Development\TCTD\UE4Editor-TCTD-2520.exp
[2020.07.04-19.34.24:338][ 40]CompilerResultsLog:   [11/12] UE4Editor-TCTD-2520.dll
[2020.07.04-19.34.24:338][ 40]CompilerResultsLog:      Creating library F:\TCTD\TCTD\Intermediate\Build\Win64\UE4Editor\Development\TCTD\UE4Editor-TCTD-2520.suppressed.lib and object F:\TCTD\TCTD\Intermediate\Build\Win64\UE4Editor\Development\TCTD\UE4Editor-TCTD-2520.suppressed.exp
[2020.07.04-19.34.24:338][ 40]CompilerResultsLog:   [12/12] TCTDEditor.target
[2020.07.04-19.34.24:338][ 40]CompilerResultsLog: Total time in Parallel executor: 37.31 seconds
[2020.07.04-19.34.24:338][ 40]CompilerResultsLog: Total execution time: 46.89 seconds
[2020.07.04-19.34.24:338][ 40]LogMainFrame: MainFrame: Module compiling took 47.074 seconds
[2020.07.04-19.34.24:368][ 40]LogContentBrowser: Native class hierarchy updated for 'TCTD' in 0.0004 seconds. Added 12 classes and 2 folders.
[2020.07.04-19.34.24:370][ 40]Display: HotReload successful (6 functions remapped  0 scriptstructs remapped)
[2020.07.04-19.34.24:453][ 40]LogContentBrowser: Native class hierarchy populated in 0.0144 seconds. Added 3439 classes and 823 folders.
[2020.07.04-19.34.24:453][ 40]Display: HotReload took 47.2s.
[2020.07.04-19.34.27:343][369]LogTemp: Repeating last play command: Selected Viewport
[2020.07.04-19.34.27:361][369]LogPlayLevel: PlayLevel: No blueprints needed recompiling
[2020.07.04-19.34.27:361][369]PIE: New page: PIE session: TCTD (Jul 4, 2020, 11:34:27 AM)
[2020.07.04-19.34.27:361][369]LogPlayLevel: Creating play world package: /Game/Scenes/UEDPIE_0_TCTD
[2020.07.04-19.34.27:369][369]LogPlayLevel: PIE: StaticDuplicateObject took: (0.007863s)
[2020.07.04-19.34.27:370][369]LogAIModule: Creating AISystem for world TCTD
[2020.07.04-19.34.27:370][369]LogAISub: UAISubsystem::UAISubsystem EnvQueryManager (000001B7A84CDA00), frame # 10369
[2020.07.04-19.34.27:370][369]LogAISub: UAISubsystem::UAISubsystem AIPerceptionSystem (000001B79D0B7100), frame # 10369
[2020.07.04-19.34.27:371][369]LogPlayLevel: PIE: World Init took: (0.001983s)
[2020.07.04-19.34.27:371][369]LogPlayLevel: PIE: Created PIE world by copying editor world from /Game/Scenes/TCTD.TCTD to /Game/Scenes/UEDPIE_0_TCTD.TCTD (0.010098s)
[2020.07.04-19.34.27:380][369]LogUObjectHash: Compacting FUObjectHashTables data took   0.76ms
[2020.07.04-19.34.27:382][369]LogAudioMixer: Display: Audio Mixer Platform Settings:
[2020.07.04-19.34.27:382][369]LogAudioMixer: Display: 	Sample Rate:						  48000
[2020.07.04-19.34.27:382][369]LogAudioMixer: Display: 	Callback Buffer Frame Size Requested: 1024
[2020.07.04-19.34.27:382][369]LogAudioMixer: Display: 	Callback Buffer Frame Size To Use:	  1024
[2020.07.04-19.34.27:382][369]LogAudioMixer: Display: 	Number of buffers to queue:			  2
[2020.07.04-19.34.27:382][369]LogAudioMixer: Display: 	Max Channels (voices):				  32
[2020.07.04-19.34.27:382][369]LogAudioMixer: Display: 	Number of Async Source Workers:		  0
[2020.07.04-19.34.27:382][369]LogAudio: Display: AudioDevice MaxSources: 32
[2020.07.04-19.34.27:383][369]LogAudio: Display: Using built-in audio occlusion.
[2020.07.04-19.34.27:383][369]LogAudioMixer: Display: Initializing audio mixer.
[2020.07.04-19.34.27:389][369]LogAudioMixer: Display: 0: FrontLeft
[2020.07.04-19.34.27:389][369]LogAudioMixer: Display: 1: FrontRight
[2020.07.04-19.34.27:428][369]LogAudioMixer: Display: Using Audio Device Headset Earphone (Razer Audio Controller - Chat)
[2020.07.04-19.34.27:428][369]LogAudioMixer: Display: Initializing Sound Submixes...
[2020.07.04-19.34.27:428][369]LogAudioMixer: Display: Creating Master Submix 'MasterSubmixDefault'
[2020.07.04-19.34.27:428][369]LogAudioMixer: Display: Creating Master Submix 'MasterReverbSubmixDefault'
[2020.07.04-19.34.27:429][369]LogAudioMixer: Display: Creating Master Submix 'MasterEQSubmixDefault'
[2020.07.04-19.34.27:453][369]LogInit: FAudioDevice initialized.
[2020.07.04-19.34.27:460][369]LogLoad: Game class is 'GameModeBase'
[2020.07.04-19.34.27:465][369]LogWorld: Bringing World /Game/Scenes/UEDPIE_0_TCTD.TCTD up for play (max tick rate 0) at 2020.07.04-15.34.27
[2020.07.04-19.34.27:465][369]LogWorld: Bringing up level for play took: 0.004607
[2020.07.04-19.34.27:465][369]LogOnline: OSS: Creating online subsystem instance for: :Context_2
[2020.07.04-19.34.27:468][369]PIE: Server logged in
[2020.07.04-19.34.27:469][369]PIE: Play in editor total start time 0.112 seconds.
[2020.07.04-19.34.28:117][445]LogActor: Warning: MyTurret_C /Game/Scenes/UEDPIE_0_TCTD.TCTD:PersistentLevel.MyTurret_C_0 has natively added scene component(s), but none of them were set as the actor's RootComponent - picking one arbitrarily
[2020.07.04-19.34.28:334][471]LogActor: Warning: MyTurret_C /Game/Scenes/UEDPIE_0_TCTD.TCTD:PersistentLevel.MyTurret_C_1 has natively added scene component(s), but none of them were set as the actor's RootComponent - picking one arbitrarily
[2020.07.04-19.34.28:751][521]LogActor: Warning: MyTurret_C /Game/Scenes/UEDPIE_0_TCTD.TCTD:PersistentLevel.MyTurret_C_2 has natively added scene component(s), but none of them were set as the actor's RootComponent - picking one arbitrarily
[2020.07.04-19.34.29:118][565]LogActor: Warning: MyTurret_C /Game/Scenes/UEDPIE_0_TCTD.TCTD:PersistentLevel.MyTurret_C_3 has natively added scene component(s), but none of them were set as the actor's RootComponent - picking one arbitrarily
[2020.07.04-19.34.32:346][951]LogActor: Warning: MyEnemy_Standard_C /Game/Scenes/UEDPIE_0_TCTD.TCTD:PersistentLevel.MyEnemy_Standard_C_0 has natively added scene component(s), but none of them were set as the actor's RootComponent - picking one arbitrarily
[2020.07.04-19.34.32:347][951]LogOutputDevice: Warning: 

Script Stack (1 frames):
Turret.OnBeginOverlap

[2020.07.04-19.34.32:744][951]LogStats: FPlatformStackWalk::StackWalkAndDump -  0.398 s
[2020.07.04-19.34.32:744][951]LogOutputDevice: Error: === Handled ensure: ===
[2020.07.04-19.34.32:745][951]LogOutputDevice: Error: 
[2020.07.04-19.34.32:745][951]LogOutputDevice: Error: Ensure condition failed: InvocationList[ CurFunctionIndex ] != InDelegate [File:F:\UE_4.25\Engine\Source\Runtime\Core\Public\UObject/ScriptDelegates.h] [Line: 556]
[2020.07.04-19.34.32:745][951]LogOutputDevice: Error: 
[2020.07.04-19.34.32:745][951]LogOutputDevice: Error: Stack: 
[2020.07.04-19.34.32:745][951]LogOutputDevice: Error: [Callstack] 0x00007ffea5bf5c79 UE4Editor-TCTD-2520.dll!<lambda_7a74eab938c883ad1b220dd941a3d4a1>::operator()() [F:\UE_4.25\Engine\Source\Runtime\Core\Public\UObject\ScriptDelegates.h:556]
[2020.07.04-19.34.32:745][951]LogOutputDevice: Error: [Callstack] 0x00007ffea5beaf21 UE4Editor-TCTD-2520.dll!TMulticastScriptDelegate<FWeakObjectPtr>::Add() [F:\UE_4.25\Engine\Source\Runtime\Core\Public\UObject\ScriptDelegates.h:327]
[2020.07.04-19.34.32:745][951]LogOutputDevice: Error: [Callstack] 0x00007ffea5bec17d UE4Editor-TCTD-2520.dll!ATurret::OnBeginOverlap() [F:\TCTD\TCTD\Source\TCTD\Turret.cpp:109]
[2020.07.04-19.34.32:745][951]LogOutputDevice: Error: [Callstack] 0x00007ffea5bee7ab UE4Editor-TCTD-2520.dll!ATurret::execOnBeginOverlap() [F:\TCTD\TCTD\Intermediate\Build\Win64\UE4Editor\Inc\TCTD\Turret.gen.cpp:51]
[2020.07.04-19.34.32:745][951]LogOutputDevice: Error: [Callstack] 0x00007ffeff400ac4 UE4Editor-CoreUObject.dll!UnknownFunction []
[2020.07.04-19.34.32:745][951]LogOutputDevice: Error: [Callstack] 0x00007ffeff674763 UE4Editor-CoreUObject.dll!UnknownFunction []
[2020.07.04-19.34.32:745][951]LogOutputDevice: Error: [Callstack] 0x00007ffeecd9a025 UE4Editor-Engine.dll!UnknownFunction []
[2020.07.04-19.34.32:745][951]LogOutputDevice: Error: [Callstack] 0x00007ffeecd40e7b UE4Editor-Engine.dll!UnknownFunction []
[2020.07.04-19.34.32:745][951]LogOutputDevice: Error: [Callstack] 0x00007ffeed17645b UE4Editor-Engine.dll!UnknownFunction []
[2020.07.04-19.34.32:745][951]LogOutputDevice: Error: [Callstack] 0x00007ffeed1b8773 UE4Editor-Engine.dll!UnknownFunction []
[2020.07.04-19.34.32:745][951]LogOutputDevice: Error: [Callstack] 0x00007ffeed1b88e1 UE4Editor-Engine.dll!UnknownFunction []
[2020.07.04-19.34.32:745][951]LogOutputDevice: Error: [Callstack] 0x00007ffeecdb5951 UE4Editor-Engine.dll!UnknownFunction []
[2020.07.04-19.34.32:745][951]LogOutputDevice: Error: [Callstack] 0x00007ffeecd7040e UE4Editor-Engine.dll!UnknownFunction []
[2020.07.04-19.34.32:745][951]LogOutputDevice: Error: [Callstack] 0x00007ffeecd964f2 UE4Editor-Engine.dll!UnknownFunction []
[2020.07.04-19.34.32:745][951]LogOutputDevice: Error: [Callstack] 0x00007ffeecd7c59c UE4Editor-Engine.dll!UnknownFunction []
[2020.07.04-19.34.32:745][951]LogOutputDevice: Error: [Callstack] 0x00007ffeecd9947a UE4Editor-Engine.dll!UnknownFunction []
[2020.07.04-19.34.32:745][951]LogOutputDevice: Error: [Callstack] 0x00007ffeed623128 UE4Editor-Engine.dll!UnknownFunction []
[2020.07.04-19.34.32:745][951]LogOutputDevice: Error: [Callstack] 0x00007ffeed623598 UE4Editor-Engine.dll!UnknownFunction []
[2020.07.04-19.34.32:745][951]LogOutputDevice: Error: [Callstack] 0x00007ffea5be9f49 UE4Editor-TCTD-2520.dll!ASpawner::SpawnEnemy() [F:\TCTD\TCTD\Source\TCTD\Spawner.cpp:43]
[2020.07.04-19.34.32:745][951]LogOutputDevice: Error: [Callstack] 0x00007ffeedeaef7b UE4Editor-Engine.dll!UnknownFunction []
[2020.07.04-19.34.32:745][951]LogOutputDevice: Error: [Callstack] 0x00007ffeedf08ce9 UE4Editor-Engine.dll!UnknownFunction []
[2020.07.04-19.34.32:745][951]LogOutputDevice: Error: [Callstack] 0x00007ffeed628214 UE4Editor-Engine.dll!UnknownFunction []
[2020.07.04-19.34.32:745][951]LogOutputDevice: Error: [Callstack] 0x00007ffed2b2a737 UE4Editor-UnrealEd.dll!UnknownFunction []
[2020.07.04-19.34.32:745][951]LogOutputDevice: Error: [Callstack] 0x00007ffed34000d6 UE4Editor-UnrealEd.dll!UnknownFunction []
[2020.07.04-19.34.32:745][951]LogOutputDevice: Error: [Callstack] 0x00007ff7f1397800 UE4Editor.exe!UnknownFunction []
[2020.07.04-19.34.32:745][951]LogOutputDevice: Error: [Callstack] 0x00007ff7f13aba7c UE4Editor.exe!UnknownFunction []
[2020.07.04-19.34.32:745][951]LogOutputDevice: Error: [Callstack] 0x00007ff7f13abb5a UE4Editor.exe!UnknownFunction []
[2020.07.04-19.34.32:745][951]LogOutputDevice: Error: [Callstack] 0x00007ff7f13be31d UE4Editor.exe!UnknownFunction []
[2020.07.04-19.34.32:745][951]LogOutputDevice: Error: [Callstack] 0x00007ff7f13c145a UE4Editor.exe!UnknownFunction []
[2020.07.04-19.34.32:745][951]LogOutputDevice: Error: [Callstack] 0x00007fff3f147bd4 KERNEL32.DLL!UnknownFunction []
[2020.07.04-19.34.32:745][951]LogOutputDevice: Error: [Callstack] 0x00007fff40dece51 ntdll.dll!UnknownFunction []
[2020.07.04-19.34.32:745][951]LogOutputDevice: Error: 
[2020.07.04-19.34.32:752][951]LogStats:                SubmitErrorReport -  0.000 s
[2020.07.04-19.34.34:237][951]LogStats:                    SendNewReport -  1.486 s
[2020.07.04-19.34.34:237][951]LogStats:             FDebug::EnsureFailed -  1.891 s
[2020.07.04-19.34.34:253][953]LogActor: Warning: MyProjectile_C /Game/Scenes/UEDPIE_0_TCTD.TCTD:PersistentLevel.MyProjectile_C_0 has natively added scene component(s), but none of them were set as the actor's RootComponent - picking one arbitrarily
[2020.07.04-19.34.34:620][986]LogActor: Warning: MyProjectile_C /Game/Scenes/UEDPIE_0_TCTD.TCTD:PersistentLevel.MyProjectile_C_1 has natively added scene component(s), but none of them were set as the actor's RootComponent - picking one arbitrarily
[2020.07.04-19.34.34:620][986]LogActor: Warning: MyProjectile_C /Game/Scenes/UEDPIE_0_TCTD.TCTD:PersistentLevel.MyProjectile_C_2 has natively added scene component(s), but none of them were set as the actor's RootComponent - picking one arbitrarily
[2020.07.04-19.34.34:839][ 11]LogActor: Warning: MyProjectile_C /Game/Scenes/UEDPIE_0_TCTD.TCTD:PersistentLevel.MyProjectile_C_3 has natively added scene component(s), but none of them were set as the actor's RootComponent - picking one arbitrarily
[2020.07.04-19.34.35:256][ 59]LogActor: Warning: MyProjectile_C /Game/Scenes/UEDPIE_0_TCTD.TCTD:PersistentLevel.MyProjectile_C_4 has natively added scene component(s), but none of them were set as the actor's RootComponent - picking one arbitrarily
[2020.07.04-19.34.35:616][101]LogActor: Warning: MyProjectile_C /Game/Scenes/UEDPIE_0_TCTD.TCTD:PersistentLevel.MyProjectile_C_5 has natively added scene component(s), but none of them were set as the actor's RootComponent - picking one arbitrarily
[2020.07.04-19.34.35:616][101]LogActor: Warning: MyProjectile_C /Game/Scenes/UEDPIE_0_TCTD.TCTD:PersistentLevel.MyProjectile_C_6 has natively added scene component(s), but none of them were set as the actor's RootComponent - picking one arbitrarily
[2020.07.04-19.34.35:834][127]LogActor: Warning: MyProjectile_C /Game/Scenes/UEDPIE_0_TCTD.TCTD:PersistentLevel.MyProjectile_C_7 has natively added scene component(s), but none of them were set as the actor's RootComponent - picking one arbitrarily
[2020.07.04-19.34.36:253][177]LogActor: Warning: MyProjectile_C /Game/Scenes/UEDPIE_0_TCTD.TCTD:PersistentLevel.MyProjectile_C_8 has natively added scene component(s), but none of them were set as the actor's RootComponent - picking one arbitrarily
[2020.07.04-19.34.36:622][221]LogActor: Warning: MyProjectile_C /Game/Scenes/UEDPIE_0_TCTD.TCTD:PersistentLevel.MyProjectile_C_9 has natively added scene component(s), but none of them were set as the actor's RootComponent - picking one arbitrarily
[2020.07.04-19.34.36:622][221]LogActor: Warning: MyProjectile_C /Game/Scenes/UEDPIE_0_TCTD.TCTD:PersistentLevel.MyProjectile_C_10 has natively added scene component(s), but none of them were set as the actor's RootComponent - picking one arbitrarily
[2020.07.04-19.34.36:865][247]LogActor: Warning: MyProjectile_C /Game/Scenes/UEDPIE_0_TCTD.TCTD:PersistentLevel.MyProjectile_C_11 has natively added scene component(s), but none of them were set as the actor's RootComponent - picking one arbitrarily
[2020.07.04-19.34.37:252][292]LogActor: Warning: MyProjectile_C /Game/Scenes/UEDPIE_0_TCTD.TCTD:PersistentLevel.MyProjectile_C_12 has natively added scene component(s), but none of them were set as the actor's RootComponent - picking one arbitrarily
[2020.07.04-19.34.38:843][477]LogActor: Warning: MyEnemy_Standard_C /Game/Scenes/UEDPIE_0_TCTD.TCTD:PersistentLevel.MyEnemy_Standard_C_1 has natively added scene component(s), but none of them were set as the actor's RootComponent - picking one arbitrarily
[2020.07.04-19.34.39:253][524]LogActor: Warning: MyProjectile_C /Game/Scenes/UEDPIE_0_TCTD.TCTD:PersistentLevel.MyProjectile_C_13 has natively added scene component(s), but none of them were set as the actor's RootComponent - picking one arbitrarily
[2020.07.04-19.34.39:620][566]LogActor: Warning: MyProjectile_C /Game/Scenes/UEDPIE_0_TCTD.TCTD:PersistentLevel.MyProjectile_C_14 has natively added scene component(s), but none of them were set as the actor's RootComponent - picking one arbitrarily
[2020.07.04-19.34.39:621][566]LogActor: Warning: MyProjectile_C /Game/Scenes/UEDPIE_0_TCTD.TCTD:PersistentLevel.MyProjectile_C_15 has natively added scene component(s), but none of them were set as the actor's RootComponent - picking one arbitrarily
[2020.07.04-19.34.39:838][591]LogActor: Warning: MyProjectile_C /Game/Scenes/UEDPIE_0_TCTD.TCTD:PersistentLevel.MyProjectile_C_16 has natively added scene component(s), but none of them were set as the actor's RootComponent - picking one arbitrarily
[2020.07.04-19.34.40:253][637]LogActor: Warning: MyProjectile_C /Game/Scenes/UEDPIE_0_TCTD.TCTD:PersistentLevel.MyProjectile_C_17 has natively added scene component(s), but none of them were set as the actor's RootComponent - picking one arbitrarily
[2020.07.04-19.34.40:623][679]LogActor: Warning: MyProjectile_C /Game/Scenes/UEDPIE_0_TCTD.TCTD:PersistentLevel.MyProjectile_C_18 has natively added scene component(s), but none of them were set as the actor's RootComponent - picking one arbitrarily
[2020.07.04-19.34.40:624][679]LogActor: Warning: MyProjectile_C /Game/Scenes/UEDPIE_0_TCTD.TCTD:PersistentLevel.MyProjectile_C_19 has natively added scene component(s), but none of them were set as the actor's RootComponent - picking one arbitrarily
[2020.07.04-19.34.40:838][704]LogActor: Warning: MyProjectile_C /Game/Scenes/UEDPIE_0_TCTD.TCTD:PersistentLevel.MyProjectile_C_20 has natively added scene component(s), but none of them were set as the actor's RootComponent - picking one arbitrarily
[2020.07.04-19.34.41:255][752]LogActor: Warning: MyProjectile_C /Game/Scenes/UEDPIE_0_TCTD.TCTD:PersistentLevel.MyProjectile_C_21 has natively added scene component(s), but none of them were set as the actor's RootComponent - picking one arbitrarily
[2020.07.04-19.34.41:616][793]LogActor: Warning: MyProjectile_C /Game/Scenes/UEDPIE_0_TCTD.TCTD:PersistentLevel.MyProjectile_C_22 has natively added scene component(s), but none of them were set as the actor's RootComponent - picking one arbitrarily
[2020.07.04-19.34.41:625][794]LogActor: Warning: MyProjectile_C /Game/Scenes/UEDPIE_0_TCTD.TCTD:PersistentLevel.MyProjectile_C_23 has natively added scene component(s), but none of them were set as the actor's RootComponent - picking one arbitrarily
[2020.07.04-19.34.41:842][819]LogActor: Warning: MyProjectile_C /Game/Scenes/UEDPIE_0_TCTD.TCTD:PersistentLevel.MyProjectile_C_24 has natively added scene component(s), but none of them were set as the actor's RootComponent - picking one arbitrarily
[2020.07.04-19.34.42:254][864]LogActor: Warning: MyProjectile_C /Game/Scenes/UEDPIE_0_TCTD.TCTD:PersistentLevel.MyProjectile_C_25 has natively added scene component(s), but none of them were set as the actor's RootComponent - picking one arbitrarily
[2020.07.04-19.34.43:847][ 32]LogActor: Warning: MyEnemy_Standard_C /Game/Scenes/UEDPIE_0_TCTD.TCTD:PersistentLevel.MyEnemy_Standard_C_2 has natively added scene component(s), but none of them were set as the actor's RootComponent - picking one arbitrarily
[2020.07.04-19.34.44:255][ 78]LogActor: Warning: MyProjectile_C /Game/Scenes/UEDPIE_0_TCTD.TCTD:PersistentLevel.MyProjectile_C_26 has natively added scene component(s), but none of them were set as the actor's RootComponent - picking one arbitrarily
[2020.07.04-19.34.44:622][119]LogActor: Warning: MyProjectile_C /Game/Scenes/UEDPIE_0_TCTD.TCTD:PersistentLevel.MyProjectile_C_27 has natively added scene component(s), but none of them were set as the actor's RootComponent - picking one arbitrarily
[2020.07.04-19.34.44:623][119]LogActor: Warning: MyProjectile_C /Game/Scenes/UEDPIE_0_TCTD.TCTD:PersistentLevel.MyProjectile_C_28 has natively added scene component(s), but none of them were set as the actor's RootComponent - picking one arbitrarily
[2020.07.04-19.34.44:841][144]LogActor: Warning: MyProjectile_C /Game/Scenes/UEDPIE_0_TCTD.TCTD:PersistentLevel.MyProjectile_C_29 has natively added scene component(s), but none of them were set as the actor's RootComponent - picking one arbitrarily
[2020.07.04-19.34.45:252][190]LogActor: Warning: MyProjectile_C /Game/Scenes/UEDPIE_0_TCTD.TCTD:PersistentLevel.MyProjectile_C_30 has natively added scene component(s), but none of them were set as the actor's RootComponent - picking one arbitrarily
[2020.07.04-19.34.45:622][232]LogActor: Warning: MyProjectile_C /Game/Scenes/UEDPIE_0_TCTD.TCTD:PersistentLevel.MyProjectile_C_31 has natively added scene component(s), but none of them were set as the actor's RootComponent - picking one arbitrarily
[2020.07.04-19.34.45:622][232]LogActor: Warning: MyProjectile_C /Game/Scenes/UEDPIE_0_TCTD.TCTD:PersistentLevel.MyProjectile_C_32 has natively added scene component(s), but none of them were set as the actor's RootComponent - picking one arbitrarily
[2020.07.04-19.34.45:841][257]LogActor: Warning: MyProjectile_C /Game/Scenes/UEDPIE_0_TCTD.TCTD:PersistentLevel.MyProjectile_C_33 has natively added scene component(s), but none of them were set as the actor's RootComponent - picking one arbitrarily
[2020.07.04-19.34.46:257][304]LogActor: Warning: MyProjectile_C /Game/Scenes/UEDPIE_0_TCTD.TCTD:PersistentLevel.MyProjectile_C_34 has natively added scene component(s), but none of them were set as the actor's RootComponent - picking one arbitrarily
[2020.07.04-19.34.46:618][344]LogActor: Warning: MyProjectile_C /Game/Scenes/UEDPIE_0_TCTD.TCTD:PersistentLevel.MyProjectile_C_35 has natively added scene component(s), but none of them were set as the actor's RootComponent - picking one arbitrarily
[2020.07.04-19.34.46:619][344]LogActor: Warning: MyProjectile_C /Game/Scenes/UEDPIE_0_TCTD.TCTD:PersistentLevel.MyProjectile_C_36 has natively added scene component(s), but none of them were set as the actor's RootComponent - picking one arbitrarily
[2020.07.04-19.34.46:841][369]LogActor: Warning: MyProjectile_C /Game/Scenes/UEDPIE_0_TCTD.TCTD:PersistentLevel.MyProjectile_C_37 has natively added scene component(s), but none of them were set as the actor's RootComponent - picking one arbitrarily
[2020.07.04-19.34.47:251][415]LogActor: Warning: MyProjectile_C /Game/Scenes/UEDPIE_0_TCTD.TCTD:PersistentLevel.MyProjectile_C_38 has natively added scene component(s), but none of them were set as the actor's RootComponent - picking one arbitrarily
[2020.07.04-19.34.48:851][585]LogActor: Warning: MyEnemy_Standard_C /Game/Scenes/UEDPIE_0_TCTD.TCTD:PersistentLevel.MyEnemy_Standard_C_3 has natively added scene component(s), but none of them were set as the actor's RootComponent - picking one arbitrarily
[2020.07.04-19.34.49:062][604]LogSlate: Updating window title bar state: overlay mode, drag disabled, window buttons hidden, title bar hidden
[2020.07.04-19.34.49:062][604]LogWorld: BeginTearingDown for /Game/Scenes/UEDPIE_0_TCTD
[2020.07.04-19.34.49:063][604]LogWorld: UWorld::CleanupWorld for TCTD, bSessionEnded=true, bCleanupResources=true
[2020.07.04-19.34.49:064][604]LogSlate: InvalidateAllWidgets triggered.  All widgets were invalidated
[2020.07.04-19.34.49:070][604]LogPlayLevel: Display: Shutting down PIE online subsystems
[2020.07.04-19.34.49:072][604]LogSlate: InvalidateAllWidgets triggered.  All widgets were invalidated
[2020.07.04-19.34.49:103][604]LogSlate: Updating window title bar state: overlay mode, drag disabled, window buttons hidden, title bar hidden
[2020.07.04-19.34.49:106][604]LogAISub: UAISubsystem::~UAISubsystem AIPerceptionSystem (000001B79D0B7100), frame # 12604
[2020.07.04-19.34.49:106][604]LogAISub: UAISubsystem::~UAISubsystem EnvQueryManager (000001B7A84CDA00), frame # 12604
[2020.07.04-19.34.49:108][604]LogUObjectHash: Compacting FUObjectHashTables data took   0.92ms
[2020.07.04-19.34.49:135][605]LogPlayLevel: Display: Destroying online subsystem :Context_2
[2020.07.04-19.34.50:092][698]Cmd: OBJ SAVEPACKAGE PACKAGE="/Game/Scenes/TCTD" FILE="../../../../TCTD/TCTD/Content/Scenes/TCTD.umap" SILENT=true AUTOSAVING=false KEEPDIRTY=false
[2020.07.04-19.34.50:103][698]LogUObjectHash: Compacting FUObjectHashTables data took   0.80ms
[2020.07.04-19.34.50:146][698]LogSavePackage: Moving '../../../../TCTD/TCTD/Saved/TCTD4B4D264A4777148BE60012ABCE053752.tmp' to '../../../../TCTD/TCTD/Content/Scenes/TCTD.umap'
[2020.07.04-19.34.50:172][698]Cmd: OBJ SAVEPACKAGE PACKAGE="/Game/Scenes/TCTD_BuiltData" FILE="../../../../TCTD/TCTD/Content/Scenes/TCTD_BuiltData.uasset" SILENT=true
[2020.07.04-19.34.50:186][698]LogSavePackage: Moving '../../../../TCTD/TCTD/Saved/TCTD_BuiltDataF99EC579409C9202E079FAAC720C64BB.tmp' to '../../../../TCTD/TCTD/Content/Scenes/TCTD_BuiltData.uasset'
[2020.07.04-19.34.50:203][698]AssetCheck: New page: Asset Save: multiple assets
[2020.07.04-19.34.50:204][698]LogContentValidation: Display: Validating World /Game/Scenes/TCTD.TCTD
[2020.07.04-19.34.50:204][698]LogContentValidation: Display: Validating MapBuildDataRegistry /Game/Scenes/TCTD_BuiltData.TCTD_BuiltData
